#
# There is insufficient memory for the Java Runtime Environment to continue.
# Native memory allocation (mmap) failed to map 65536 bytes for Failed to commit metaspace.
# Possible reasons:
#   The system is out of physical RAM or swap space
#   The process is running with CompressedOops enabled, and the Java Heap may be blocking the growth of the native heap
# Possible solutions:
#   Reduce memory load on the system
#   Increase physical memory or swap space
#   Check if swap backing store is full
#   Decrease Java heap size (-Xmx/-Xms)
#   Decrease number of Java threads
#   Decrease Java thread stack sizes (-Xss)
#   Set larger code cache with -XX:ReservedCodeCacheSize=
#   JVM is running with Unscaled Compressed Oops mode in which the Java heap is
#     placed in the first 4GB address space. The Java Heap base address is the
#     maximum limit for the native heap growth. Please use -XX:HeapBaseMinAddress
#     to set the Java Heap base and to place the Java Heap above 4GB virtual address.
# This output file may be truncated or incomplete.
#
#  Out of Memory Error (virtualSpaceNode.cpp:110), pid=12640, tid=15796
#
# JRE version: Java(TM) SE Runtime Environment (20.0.1+9) (build 20.0.1+9-29)
# Java VM: Java HotSpot(TM) 64-Bit Server VM (20.0.1+9-29, mixed mode, sharing, tiered, compressed oops, compressed class ptrs, g1 gc, windows-amd64)
# No core dump will be written. Minidumps are not enabled by default on client versions of Windows
#

---------------  S U M M A R Y ------------

Command Line: -Dfile.encoding=UTF-8 --module-path=C:\Users\rg097\Documents\NetBeansProjects\bank management system\build\classes bank.management.system.Login

Host: AMD Athlon Silver 3050U with Radeon Graphics   , 2 cores, 5G,  Windows 11 , 64 bit Build 26100 (10.0.26100.3912)
Time: Mon May  5 00:44:42 2025 India Standard Time elapsed time: 1.675318 seconds (0d 0h 0m 1s)

---------------  T H R E A D  ---------------

Current thread (0x000001983735c660):  JavaThread "main" [_thread_in_vm, id=15796, stack(0x0000001fb7d00000,0x0000001fb7e00000)]

Stack: [0x0000001fb7d00000,0x0000001fb7e00000]
Native frames: (J=compiled Java code, j=interpreted, Vv=VM code, C=native code)
V  [jvm.dll+0x6bb95a]
V  [jvm.dll+0x8485fa]
V  [jvm.dll+0x84a1f5]
V  [jvm.dll+0x84a8f3]
V  [jvm.dll+0x280b0f]
V  [jvm.dll+0x84453b]
V  [jvm.dll+0x65fd86]
V  [jvm.dll+0x1eb4e7]
V  [jvm.dll+0x6627a2]
V  [jvm.dll+0x66258e]
V  [jvm.dll+0x66079e]
V  [jvm.dll+0x26da71]
V  [jvm.dll+0x21bea7]
V  [jvm.dll+0x211780]
V  [jvm.dll+0x59c26c]
V  [jvm.dll+0x222d6a]
V  [jvm.dll+0x7c2cb4]
V  [jvm.dll+0x7c3dff]
V  [jvm.dll+0x7c43af]
V  [jvm.dll+0x7c4058]
V  [jvm.dll+0x46b919]
V  [jvm.dll+0x4401e6]
C  [fontmanager.dll+0x78798]

Java frames: (J=compiled Java code, j=interpreted, Vv=VM code)
j  sun.font.SunFontManager.initIDs()V+0 java.desktop@20.0.1
j  sun.font.SunFontManager$1.run()Ljava/lang/Void;+3 java.desktop@20.0.1
j  sun.font.SunFontManager$1.run()Ljava/lang/Object;+1 java.desktop@20.0.1
J 760 c1 java.security.AccessController.executePrivileged(Ljava/security/PrivilegedAction;Ljava/security/AccessControlContext;Ljava/lang/Class;)Ljava/lang/Object; java.base@20.0.1 (65 bytes) @ 0x000001983f533b2c [0x000001983f5339c0+0x000000000000016c]
j  java.security.AccessController.doPrivileged(Ljava/security/PrivilegedAction;)Ljava/lang/Object;+5 java.base@20.0.1
j  sun.font.SunFontManager.initStatic()V+7 java.desktop@20.0.1
j  sun.font.SunFontManager.<clinit>()V+47 java.desktop@20.0.1
v  ~StubRoutines::call_stub 0x000001984694100d
j  sun.awt.PlatformFont.<init>(Ljava/lang/String;I)V+4 java.desktop@20.0.1
j  sun.awt.windows.WFontPeer.<init>(Ljava/lang/String;I)V+3 java.desktop@20.0.1
j  sun.awt.windows.WToolkit.getFontPeer(Ljava/lang/String;I)Ljava/awt/peer/FontPeer;+48 java.desktop@20.0.1
j  java.awt.Font.getFontPeer()Ljava/awt/peer/FontPeer;+31 java.desktop@20.0.1
v  ~StubRoutines::call_stub 0x000001984694100d
j  sun.awt.windows.WComponentPeer._setFont(Ljava/awt/Font;)V+0 java.desktop@20.0.1
j  sun.awt.windows.WComponentPeer.setFont(Ljava/awt/Font;)V+7 java.desktop@20.0.1
j  sun.awt.windows.WWindowPeer.initialize()V+42 java.desktop@20.0.1
j  sun.awt.windows.WFramePeer.initialize()V+1 java.desktop@20.0.1
j  sun.awt.windows.WComponentPeer.<init>(Ljava/awt/Component;)V+83 java.desktop@20.0.1
j  sun.awt.windows.WCanvasPeer.<init>(Ljava/awt/Component;)V+2 java.desktop@20.0.1
j  sun.awt.windows.WPanelPeer.<init>(Ljava/awt/Component;)V+2 java.desktop@20.0.1
j  sun.awt.windows.WWindowPeer.<init>(Ljava/awt/Window;)V+2 java.desktop@20.0.1
j  sun.awt.windows.WFramePeer.<init>(Ljava/awt/Frame;)V+2 java.desktop@20.0.1
j  sun.awt.windows.WToolkit.createFrame(Ljava/awt/Frame;)Ljava/awt/peer/FramePeer;+5 java.desktop@20.0.1
j  java.awt.Frame.addNotify()V+20 java.desktop@20.0.1
j  java.awt.Window.show()V+8 java.desktop@20.0.1
j  java.awt.Component.show(Z)V+5 java.desktop@20.0.1
j  java.awt.Component.setVisible(Z)V+2 java.desktop@20.0.1
j  java.awt.Window.setVisible(Z)V+2 java.desktop@20.0.1
j  bank.management.system.Login.<init>()V+568
j  bank.management.system.Login.main([Ljava/lang/String;)V+4
v  ~StubRoutines::call_stub 0x000001984694100d

Compiled method (c1)    1742  760       3       java.security.AccessController::executePrivileged (65 bytes)
 total in heap  [0x000001983f533810,0x000001983f533de8] = 1496
 relocation     [0x000001983f533958,0x000001983f5339b8] = 96
 main code      [0x000001983f5339c0,0x000001983f533c70] = 688
 stub code      [0x000001983f533c70,0x000001983f533cc8] = 88
 metadata       [0x000001983f533cc8,0x000001983f533cd8] = 16
 scopes data    [0x000001983f533cd8,0x000001983f533d50] = 120
 scopes pcs     [0x000001983f533d50,0x000001983f533dd0] = 128
 dependencies   [0x000001983f533dd0,0x000001983f533dd8] = 8
 nul chk table  [0x000001983f533dd8,0x000001983f533de8] = 16

[Constant Pool (empty)]

[MachCode]
[Verified Entry Point]
  # {method} {0x0000000800471378} 'executePrivileged' '(Ljava/security/PrivilegedAction;Ljava/security/AccessControlContext;Ljava/lang/Class;)Ljava/lang/Object;' in 'java/security/AccessController'
  # parm0:    rdx:rdx   = 'java/security/PrivilegedAction'
  # parm1:    r8:r8     = 'java/security/AccessControlContext'
  # parm2:    r9:r9     = 'java/lang/Class'
  #           [sp+0x50]  (sp of caller)
  0x000001983f5339c0: 8984 2400 | 80ff ff55 | 4883 ec40 | 4181 7f20 | 0100 0000 

  0x000001983f5339d4: ;   {runtime_call StubRoutines (2)}
  0x000001983f5339d4: 7405 e8e5 | 4b45 074c | 8944 2430 

  0x000001983f5339e0: ;   {metadata(method data for {method} {0x0000000800471378} 'executePrivileged' '(Ljava/security/PrivilegedAction;Ljava/security/AccessControlContext;Ljava/lang/Class;)Ljava/lang/Object;' in 'java/security/AccessController')}
  0x000001983f5339e0: 48be c0ac | 9052 9801 | 0000 8bbe | cc00 0000 | 83c7 0289 | becc 0000 | 0081 e7fe | 0700 0083 
  0x000001983f533a00: ff00 0f84 | c001 0000 | 4983 f800 

  0x000001983f533a0c: ;   {metadata(method data for {method} {0x0000000800471378} 'executePrivileged' '(Ljava/security/PrivilegedAction;Ljava/security/AccessControlContext;Ljava/lang/Class;)Ljava/lang/Object;' in 'java/security/AccessController')}
  0x000001983f533a0c: 48be c0ac | 9052 9801 | 0000 48bf | 1001 0000 | 0000 0000 | 0f84 0a00 | 0000 48bf | 2001 0000 
  0x000001983f533a2c: 0000 0000 | 488b 1c3e | 488d 5b01 | 4889 1c3e | 4c89 4c24 | 2848 8954 | 2420 0f84 | 2000 0000 
  0x000001983f533a4c: ;   {metadata(method data for {method} {0x0000000800471378} 'executePrivileged' '(Ljava/security/PrivilegedAction;Ljava/security/AccessControlContext;Ljava/lang/Class;)Ljava/lang/Object;' in 'java/security/AccessController')}
  0x000001983f533a4c: 48be c0ac | 9052 9801 | 0000 4883 | 8630 0100 | 0001 498b | d066 0f1f 

  0x000001983f533a64: ;   {static_call}
  0x000001983f533a64: 4400 00e8 

  0x000001983f533a68: ; ImmutableOopMap {[32]=Oop [40]=Oop [48]=Oop }
                      ;*invokestatic ensureMaterializedForStackWalk {reexecute=0 rethrow=0 return_oop=0}
                      ; - java.security.AccessController::executePrivileged@5 (line 774)
  0x000001983f533a68: 4902 0000 

  0x000001983f533a6c: ;   {metadata(method data for {method} {0x0000000800471378} 'executePrivileged' '(Ljava/security/PrivilegedAction;Ljava/security/AccessControlContext;Ljava/lang/Class;)Ljava/lang/Object;' in 'java/security/AccessController')}
  0x000001983f533a6c: 48ba c0ac | 9052 9801 | 0000 ff82 | 4001 0000 | 488b 5424 | 2048 3b02 

  0x000001983f533a84: ;   {metadata(method data for {method} {0x0000000800471378} 'executePrivileged' '(Ljava/security/PrivilegedAction;Ljava/security/AccessControlContext;Ljava/lang/Class;)Ljava/lang/Object;' in 'java/security/AccessController')}
  0x000001983f533a84: 488b f248 | bfc0 ac90 | 5298 0100 | 008b 7608 | 49ba 0000 | 0000 0800 | 0000 4903 | f248 3bb7 
  0x000001983f533aa4: b001 0000 | 750d 4883 | 87b8 0100 | 0001 e960 | 0000 0048 | 3bb7 c001 | 0000 750d | 4883 87c8 
  0x000001983f533ac4: 0100 0001 | e94a 0000 | 0048 83bf | b001 0000 | 0075 1748 | 89b7 b001 | 0000 48c7 | 87b8 0100 
  0x000001983f533ae4: 0001 0000 | 00e9 2900 | 0000 4883 | bfc0 0100 | 0000 7517 | 4889 b7c0 | 0100 0048 | c787 c801 
  0x000001983f533b04: 0000 0100 | 0000 e908 | 0000 0048 | 8387 a001 | 0000 0166 | 0f1f 4400 | 0048 b8ff | ffff ffff 
  0x000001983f533b24: ;   {virtual_call}
  0x000001983f533b24: ffff ffe8 

  0x000001983f533b28: ; ImmutableOopMap {[40]=Oop [48]=Oop }
                      ;*invokeinterface run {reexecute=0 rethrow=0 return_oop=0}
                      ; - java.security.AccessController::executePrivileged@29 (line 778)
  0x000001983f533b28: b4d3 4607 

  0x000001983f533b2c: ;   {metadata(method data for {method} {0x0000000800471378} 'executePrivileged' '(Ljava/security/PrivilegedAction;Ljava/security/AccessControlContext;Ljava/lang/Class;)Ljava/lang/Object;' in 'java/security/AccessController')}
  0x000001983f533b2c: 48be c0ac | 9052 9801 | 0000 ff86 | d801 0000 | 4c8b 4c24 

  0x000001983f533b40: ;   {metadata(method data for {method} {0x0000000800471378} 'executePrivileged' '(Ljava/security/PrivilegedAction;Ljava/security/AccessControlContext;Ljava/lang/Class;)Ljava/lang/Object;' in 'java/security/AccessController')}
  0x000001983f533b40: 2848 bec0 | ac90 5298 | 0100 0048 | 8386 3802 

  0x000001983f533b50: ;   {metadata(method data for {method} {0x000000080003d7e0} 'reachabilityFence' '(Ljava/lang/Object;)V' in 'java/lang/ref/Reference')}
  0x000001983f533b50: 0000 0148 | bee0 f88d | 5298 0100 | 008b becc | 0000 0083 | c702 89be | cc00 0000 | 81e7 feff 
  0x000001983f533b70: 1f00 83ff | 000f 8473 

  0x000001983f533b78: ;   {metadata(method data for {method} {0x0000000800471378} 'executePrivileged' '(Ljava/security/PrivilegedAction;Ljava/security/AccessControlContext;Ljava/lang/Class;)Ljava/lang/Object;' in 'java/security/AccessController')}
  0x000001983f533b78: 0000 0048 | bec0 ac90 | 5298 0100 | 0048 8386 | 4802 0000 

  0x000001983f533b8c: ;   {metadata(method data for {method} {0x000000080003d7e0} 'reachabilityFence' '(Ljava/lang/Object;)V' in 'java/lang/ref/Reference')}
  0x000001983f533b8c: 0148 bee0 | f88d 5298 | 0100 008b | becc 0000 | 0083 c702 | 89be cc00 | 0000 81e7 | feff 1f00 
  0x000001983f533bac: 83ff 000f | 845a 0000 | 0048 83c4 

  0x000001983f533bb8: ;   {poll_return}
  0x000001983f533bb8: 405d 493b | a778 0300 | 000f 8766 | 0000 00c3 

  0x000001983f533bc8: ;   {metadata({method} {0x0000000800471378} 'executePrivileged' '(Ljava/security/PrivilegedAction;Ljava/security/AccessControlContext;Ljava/lang/Class;)Ljava/lang/Object;' in 'java/security/AccessController')}
  0x000001983f533bc8: 49ba 7013 | 4700 0800 | 0000 4c89 | 5424 0848 | c704 24ff 

  0x000001983f533bdc: ;   {runtime_call counter_overflow Runtime1 stub}
  0x000001983f533bdc: ffff ffe8 

  0x000001983f533be0: ; ImmutableOopMap {rdx=Oop r8=Oop r9=Oop [48]=Oop }
                      ;*synchronization entry
                      ; - java.security.AccessController::executePrivileged@-1 (line 773)
  0x000001983f533be0: 9c37 5307 | e91f feff 

  0x000001983f533be8: ;   {runtime_call throw_null_pointer_exception Runtime1 stub}
  0x000001983f533be8: ffe8 1207 

  0x000001983f533bec: ; ImmutableOopMap {rdx=Oop [40]=Oop [48]=Oop }
                      ;*invokeinterface run {reexecute=0 rethrow=0 return_oop=0}
                      ; - java.security.AccessController::executePrivileged@29 (line 778)
                      ;   {metadata({method} {0x000000080003d7e0} 'reachabilityFence' '(Ljava/lang/Object;)V' in 'java/lang/ref/Reference')}
  0x000001983f533bec: 4a07 49ba | d8d7 0300 | 0800 0000 | 4c89 5424 | 0848 c704 | 24ff ffff 

  0x000001983f533c04: ;   {runtime_call counter_overflow Runtime1 stub}
  0x000001983f533c04: ffe8 7637 

  0x000001983f533c08: ; ImmutableOopMap {rax=Oop r9=Oop }
                      ;*synchronization entry
                      ; - java.lang.ref.Reference::reachabilityFence@-1 (line 628)
                      ; - java.security.AccessController::executePrivileged@56 (line 783)
  0x000001983f533c08: 5307 e96c 

  0x000001983f533c0c: ;   {metadata({method} {0x000000080003d7e0} 'reachabilityFence' '(Ljava/lang/Object;)V' in 'java/lang/ref/Reference')}
  0x000001983f533c0c: ffff ff49 | bad8 d703 | 0008 0000 | 004c 8954 | 2408 48c7 | 0424 ffff 

  0x000001983f533c24: ;   {runtime_call counter_overflow Runtime1 stub}
  0x000001983f533c24: ffff e855 

  0x000001983f533c28: ; ImmutableOopMap {rax=Oop }
                      ;*synchronization entry
                      ; - java.lang.ref.Reference::reachabilityFence@-1 (line 628)
                      ; - java.security.AccessController::executePrivileged@60 (line 784)
  0x000001983f533c28: 3753 07eb 

  0x000001983f533c2c: ;   {internal_word}
  0x000001983f533c2c: 8849 baba | 3b53 3f98 | 0100 004d | 8997 9003 

  0x000001983f533c3c: ;   {runtime_call SafepointBlob}
  0x000001983f533c3c: 0000 e93d | 7147 0749 | 8b87 2804 | 0000 49c7 | 8728 0400 | 0000 0000 | 0049 c787 | 3004 0000 
  0x000001983f533c5c: 0000 0000 | 4883 c440 

  0x000001983f533c64: ;   {runtime_call unwind_exception Runtime1 stub}
  0x000001983f533c64: 5de9 9615 | 4a07 f4f4 | f4f4 f4f4 
[Stub Code]
  0x000001983f533c70: ;   {no_reloc}
  0x000001983f533c70: 0f1f 4400 

  0x000001983f533c74: ;   {static_stub}
  0x000001983f533c74: 0048 bb00 | 0000 0000 

  0x000001983f533c7c: ;   {runtime_call}
  0x000001983f533c7c: 0000 00e9 | fbff ffff 
[Exception Handler]
  0x000001983f533c84: ;   {runtime_call handle_exception_from_callee Runtime1 stub}
  0x000001983f533c84: e877 e849 

  0x000001983f533c88: ;   {external_word}
  0x000001983f533c88: 0748 b9b0 | 23b4 37fe | 7f00 0048 

  0x000001983f533c94: ;   {runtime_call}
  0x000001983f533c94: 83e4 f048 | b820 1680 | 37fe 7f00 | 00ff d0f4 
[Deopt Handler Code]
  0x000001983f533ca4: ;   {section_word}
  0x000001983f533ca4: 49ba a43c | 533f 9801 | 0000 4152 

  0x000001983f533cb0: ;   {runtime_call DeoptimizationBlob}
  0x000001983f533cb0: e96b 6347 

  0x000001983f533cb4: ;   {static_stub}
  0x000001983f533cb4: 0748 bb98 | 1147 0008 

  0x000001983f533cbc: ;   {runtime_call I2C/C2I adapters}
  0x000001983f533cbc: 0000 00e9 | 0f4e 4707 | f4f4 f4f4 
[/MachCode]


---------------  P R O C E S S  ---------------

Threads class SMR info:
_java_thread_list=0x000001985b84cd60, length=16, elements={
0x000001983735c660, 0x0000019852523a50, 0x00000198525252a0, 0x0000019852528a00,
0x000001985252b350, 0x000001985252bc90, 0x000001985252c5d0, 0x000001985252d240,
0x00000198525336c0, 0x00000198524ea2f0, 0x0000019856946cc0, 0x0000019856a1f0b0,
0x0000019856a1f820, 0x0000019856a1fd70, 0x000001985b84d020, 0x000001985699c8f0
}

Java Threads: ( => current thread )
=>0x000001983735c660 JavaThread "main" [_thread_in_vm, id=15796, stack(0x0000001fb7d00000,0x0000001fb7e00000)]
  0x0000019852523a50 JavaThread "Reference Handler" daemon [_thread_blocked, id=15868, stack(0x0000001fb8400000,0x0000001fb8500000)]
  0x00000198525252a0 JavaThread "Finalizer" daemon [_thread_blocked, id=16660, stack(0x0000001fb8500000,0x0000001fb8600000)]
  0x0000019852528a00 JavaThread "Signal Dispatcher" daemon [_thread_blocked, id=26496, stack(0x0000001fb8600000,0x0000001fb8700000)]
  0x000001985252b350 JavaThread "Attach Listener" daemon [_thread_blocked, id=17632, stack(0x0000001fb8700000,0x0000001fb8800000)]
  0x000001985252bc90 JavaThread "Service Thread" daemon [_thread_blocked, id=11368, stack(0x0000001fb8800000,0x0000001fb8900000)]
  0x000001985252c5d0 JavaThread "Monitor Deflation Thread" daemon [_thread_blocked, id=26240, stack(0x0000001fb8900000,0x0000001fb8a00000)]
  0x000001985252d240 JavaThread "C2 CompilerThread0" daemon [_thread_blocked, id=25444, stack(0x0000001fb8a00000,0x0000001fb8b00000)]
  0x00000198525336c0 JavaThread "C1 CompilerThread0" daemon [_thread_blocked, id=25220, stack(0x0000001fb8b00000,0x0000001fb8c00000)]
  0x00000198524ea2f0 JavaThread "Common-Cleaner" daemon [_thread_blocked, id=21280, stack(0x0000001fb8c00000,0x0000001fb8d00000)]
  0x0000019856946cc0 JavaThread "Notification Thread" daemon [_thread_blocked, id=5840, stack(0x0000001fb8d00000,0x0000001fb8e00000)]
  0x0000019856a1f0b0 JavaThread "Java2D Disposer" daemon [_thread_blocked, id=15052, stack(0x0000001fb8f00000,0x0000001fb9000000)]
  0x0000019856a1f820 JavaThread "AWT-Shutdown" [_thread_blocked, id=20924, stack(0x0000001fb9000000,0x0000001fb9100000)]
  0x0000019856a1fd70 JavaThread "AWT-Windows" daemon [_thread_in_native, id=23080, stack(0x0000001fb9100000,0x0000001fb9200000)]
  0x000001985b84d020 JavaThread "Image Fetcher 0" daemon [_thread_blocked, id=16240, stack(0x0000001fb9800000,0x0000001fb9900000)]
  0x000001985699c8f0 JavaThread "AWT-EventQueue-0" [_thread_blocked, id=8536, stack(0x0000001fb9a00000,0x0000001fb9b00000)]

Other Threads:
  0x00000198524fe430 VMThread "VM Thread" [stack: 0x0000001fb8300000,0x0000001fb8400000] [id=26324]
  0x0000019856941250 WatcherThread "VM Periodic Task Thread" [stack: 0x0000001fb8e00000,0x0000001fb8f00000] [id=16876]
  0x00000198373aa1a0 WorkerThread "GC Thread#0" [stack: 0x0000001fb7e00000,0x0000001fb7f00000] [id=4260]
  0x000001985b89f770 WorkerThread "GC Thread#1" [stack: 0x0000001fb9900000,0x0000001fb9a00000] [id=15176]
  0x00000198373b6d30 ConcurrentGCThread "G1 Main Marker" [stack: 0x0000001fb7f00000,0x0000001fb8000000] [id=26216]
  0x00000198373b7760 WorkerThread "G1 Conc#0" [stack: 0x0000001fb8000000,0x0000001fb8100000] [id=25012]
  0x000001983741aae0 ConcurrentGCThread "G1 Refine#0" [stack: 0x0000001fb8100000,0x0000001fb8200000] [id=26052]
  0x000001983741b580 ConcurrentGCThread "G1 Service" [stack: 0x0000001fb8200000,0x0000001fb8300000] [id=2988]

Threads with active compile tasks:

VM state: not at safepoint (normal execution)

VM Mutex/Monitor currently owned by a thread:  ([mutex/lock_event])
[0x00000198352180f0] Metaspace_lock - owner thread: 0x000001983735c660

Heap address: 0x00000000a1c00000, size: 1508 MB, Compressed Oops mode: 32-bit

CDS archive(s) mapped at: [0x0000000800000000-0x0000000800c60000-0x0000000800c60000), size 12976128, SharedBaseAddress: 0x0000000800000000, ArchiveRelocationMode: 0.
Compressed class space mapped at: 0x0000000801000000-0x0000000841000000, reserved size: 1073741824
Narrow klass base: 0x0000000800000000, Narrow klass shift: 0, Narrow klass range: 0x100000000

GC Precious Log:
 CardTable entry size: 512
 Card Set container configuration: InlinePtr #cards 5 size 8 Array Of Cards #cards 12 size 40 Howl #buckets 4 coarsen threshold 1843 Howl Bitmap #cards 512 size 80 coarsen threshold 460 Card regions per heap region 1 cards per card region 2048
 CPUs: 2 total, 2 available
 Memory: 6030M
 Large Page Support: Disabled
 NUMA Support: Disabled
 Compressed Oops: Enabled (32-bit)
 Heap Region Size: 1M
 Heap Min Capacity: 8M
 Heap Initial Capacity: 96M
 Heap Max Capacity: 1508M
 Pre-touch: Disabled
 Parallel Workers: 2
 Concurrent Workers: 1
 Concurrent Refinement Workers: 2
 Periodic GC: Disabled

Heap:
 garbage-first heap   total 98304K, used 3524K [0x00000000a1c00000, 0x0000000100000000)
  region size 1024K, 3 young (3072K), 1 survivors (1024K)
 Metaspace       used 6873K, committed 7104K, reserved 1114112K
  class space    used 781K, committed 896K, reserved 1048576K

Heap Regions: E=young(eden), S=young(survivor), O=old, HS=humongous(starts), HC=humongous(continues), CS=collection set, F=free, OA=open archive, CA=closed archive, TAMS=top-at-mark-start, PB=parsable bottom
|   0|0x00000000a1c00000, 0x00000000a1d00000, 0x00000000a1d00000|100%| O|  |TAMS 0x00000000a1c00000| PB 0x00000000a1c00000| Untracked 
|   1|0x00000000a1d00000, 0x00000000a1d71200, 0x00000000a1e00000| 44%| O|  |TAMS 0x00000000a1d00000| PB 0x00000000a1d00000| Untracked 
|   2|0x00000000a1e00000, 0x00000000a1e00000, 0x00000000a1f00000|  0%| F|  |TAMS 0x00000000a1e00000| PB 0x00000000a1e00000| Untracked 
|   3|0x00000000a1f00000, 0x00000000a1f00000, 0x00000000a2000000|  0%| F|  |TAMS 0x00000000a1f00000| PB 0x00000000a1f00000| Untracked 
|   4|0x00000000a2000000, 0x00000000a2000000, 0x00000000a2100000|  0%| F|  |TAMS 0x00000000a2000000| PB 0x00000000a2000000| Untracked 
|   5|0x00000000a2100000, 0x00000000a2100000, 0x00000000a2200000|  0%| F|  |TAMS 0x00000000a2100000| PB 0x00000000a2100000| Untracked 
|   6|0x00000000a2200000, 0x00000000a2200000, 0x00000000a2300000|  0%| F|  |TAMS 0x00000000a2200000| PB 0x00000000a2200000| Untracked 
|   7|0x00000000a2300000, 0x00000000a2300000, 0x00000000a2400000|  0%| F|  |TAMS 0x00000000a2300000| PB 0x00000000a2300000| Untracked 
|   8|0x00000000a2400000, 0x00000000a2400000, 0x00000000a2500000|  0%| F|  |TAMS 0x00000000a2400000| PB 0x00000000a2400000| Untracked 
|   9|0x00000000a2500000, 0x00000000a2500000, 0x00000000a2600000|  0%| F|  |TAMS 0x00000000a2500000| PB 0x00000000a2500000| Untracked 
|  10|0x00000000a2600000, 0x00000000a2600000, 0x00000000a2700000|  0%| F|  |TAMS 0x00000000a2600000| PB 0x00000000a2600000| Untracked 
|  11|0x00000000a2700000, 0x00000000a2700000, 0x00000000a2800000|  0%| F|  |TAMS 0x00000000a2700000| PB 0x00000000a2700000| Untracked 
|  12|0x00000000a2800000, 0x00000000a2800000, 0x00000000a2900000|  0%| F|  |TAMS 0x00000000a2800000| PB 0x00000000a2800000| Untracked 
|  13|0x00000000a2900000, 0x00000000a2900000, 0x00000000a2a00000|  0%| F|  |TAMS 0x00000000a2900000| PB 0x00000000a2900000| Untracked 
|  14|0x00000000a2a00000, 0x00000000a2a00000, 0x00000000a2b00000|  0%| F|  |TAMS 0x00000000a2a00000| PB 0x00000000a2a00000| Untracked 
|  15|0x00000000a2b00000, 0x00000000a2b00000, 0x00000000a2c00000|  0%| F|  |TAMS 0x00000000a2b00000| PB 0x00000000a2b00000| Untracked 
|  16|0x00000000a2c00000, 0x00000000a2c00000, 0x00000000a2d00000|  0%| F|  |TAMS 0x00000000a2c00000| PB 0x00000000a2c00000| Untracked 
|  17|0x00000000a2d00000, 0x00000000a2d00000, 0x00000000a2e00000|  0%| F|  |TAMS 0x00000000a2d00000| PB 0x00000000a2d00000| Untracked 
|  18|0x00000000a2e00000, 0x00000000a2e00000, 0x00000000a2f00000|  0%| F|  |TAMS 0x00000000a2e00000| PB 0x00000000a2e00000| Untracked 
|  19|0x00000000a2f00000, 0x00000000a2f00000, 0x00000000a3000000|  0%| F|  |TAMS 0x00000000a2f00000| PB 0x00000000a2f00000| Untracked 
|  20|0x00000000a3000000, 0x00000000a3000000, 0x00000000a3100000|  0%| F|  |TAMS 0x00000000a3000000| PB 0x00000000a3000000| Untracked 
|  21|0x00000000a3100000, 0x00000000a3100000, 0x00000000a3200000|  0%| F|  |TAMS 0x00000000a3100000| PB 0x00000000a3100000| Untracked 
|  22|0x00000000a3200000, 0x00000000a3200000, 0x00000000a3300000|  0%| F|  |TAMS 0x00000000a3200000| PB 0x00000000a3200000| Untracked 
|  23|0x00000000a3300000, 0x00000000a3300000, 0x00000000a3400000|  0%| F|  |TAMS 0x00000000a3300000| PB 0x00000000a3300000| Untracked 
|  24|0x00000000a3400000, 0x00000000a3400000, 0x00000000a3500000|  0%| F|  |TAMS 0x00000000a3400000| PB 0x00000000a3400000| Untracked 
|  25|0x00000000a3500000, 0x00000000a3500000, 0x00000000a3600000|  0%| F|  |TAMS 0x00000000a3500000| PB 0x00000000a3500000| Untracked 
|  26|0x00000000a3600000, 0x00000000a3600000, 0x00000000a3700000|  0%| F|  |TAMS 0x00000000a3600000| PB 0x00000000a3600000| Untracked 
|  27|0x00000000a3700000, 0x00000000a3700000, 0x00000000a3800000|  0%| F|  |TAMS 0x00000000a3700000| PB 0x00000000a3700000| Untracked 
|  28|0x00000000a3800000, 0x00000000a3800000, 0x00000000a3900000|  0%| F|  |TAMS 0x00000000a3800000| PB 0x00000000a3800000| Untracked 
|  29|0x00000000a3900000, 0x00000000a3900000, 0x00000000a3a00000|  0%| F|  |TAMS 0x00000000a3900000| PB 0x00000000a3900000| Untracked 
|  30|0x00000000a3a00000, 0x00000000a3a00000, 0x00000000a3b00000|  0%| F|  |TAMS 0x00000000a3a00000| PB 0x00000000a3a00000| Untracked 
|  31|0x00000000a3b00000, 0x00000000a3b00000, 0x00000000a3c00000|  0%| F|  |TAMS 0x00000000a3b00000| PB 0x00000000a3b00000| Untracked 
|  32|0x00000000a3c00000, 0x00000000a3c00000, 0x00000000a3d00000|  0%| F|  |TAMS 0x00000000a3c00000| PB 0x00000000a3c00000| Untracked 
|  33|0x00000000a3d00000, 0x00000000a3d00000, 0x00000000a3e00000|  0%| F|  |TAMS 0x00000000a3d00000| PB 0x00000000a3d00000| Untracked 
|  34|0x00000000a3e00000, 0x00000000a3e00000, 0x00000000a3f00000|  0%| F|  |TAMS 0x00000000a3e00000| PB 0x00000000a3e00000| Untracked 
|  35|0x00000000a3f00000, 0x00000000a3f00000, 0x00000000a4000000|  0%| F|  |TAMS 0x00000000a3f00000| PB 0x00000000a3f00000| Untracked 
|  36|0x00000000a4000000, 0x00000000a4000000, 0x00000000a4100000|  0%| F|  |TAMS 0x00000000a4000000| PB 0x00000000a4000000| Untracked 
|  37|0x00000000a4100000, 0x00000000a4100000, 0x00000000a4200000|  0%| F|  |TAMS 0x00000000a4100000| PB 0x00000000a4100000| Untracked 
|  38|0x00000000a4200000, 0x00000000a4200000, 0x00000000a4300000|  0%| F|  |TAMS 0x00000000a4200000| PB 0x00000000a4200000| Untracked 
|  39|0x00000000a4300000, 0x00000000a4300000, 0x00000000a4400000|  0%| F|  |TAMS 0x00000000a4300000| PB 0x00000000a4300000| Untracked 
|  40|0x00000000a4400000, 0x00000000a4400000, 0x00000000a4500000|  0%| F|  |TAMS 0x00000000a4400000| PB 0x00000000a4400000| Untracked 
|  41|0x00000000a4500000, 0x00000000a4500000, 0x00000000a4600000|  0%| F|  |TAMS 0x00000000a4500000| PB 0x00000000a4500000| Untracked 
|  42|0x00000000a4600000, 0x00000000a4600000, 0x00000000a4700000|  0%| F|  |TAMS 0x00000000a4600000| PB 0x00000000a4600000| Untracked 
|  43|0x00000000a4700000, 0x00000000a4700000, 0x00000000a4800000|  0%| F|  |TAMS 0x00000000a4700000| PB 0x00000000a4700000| Untracked 
|  44|0x00000000a4800000, 0x00000000a4800000, 0x00000000a4900000|  0%| F|  |TAMS 0x00000000a4800000| PB 0x00000000a4800000| Untracked 
|  45|0x00000000a4900000, 0x00000000a4900000, 0x00000000a4a00000|  0%| F|  |TAMS 0x00000000a4900000| PB 0x00000000a4900000| Untracked 
|  46|0x00000000a4a00000, 0x00000000a4a00000, 0x00000000a4b00000|  0%| F|  |TAMS 0x00000000a4a00000| PB 0x00000000a4a00000| Untracked 
|  47|0x00000000a4b00000, 0x00000000a4b00000, 0x00000000a4c00000|  0%| F|  |TAMS 0x00000000a4b00000| PB 0x00000000a4b00000| Untracked 
|  48|0x00000000a4c00000, 0x00000000a4c00000, 0x00000000a4d00000|  0%| F|  |TAMS 0x00000000a4c00000| PB 0x00000000a4c00000| Untracked 
|  49|0x00000000a4d00000, 0x00000000a4d00000, 0x00000000a4e00000|  0%| F|  |TAMS 0x00000000a4d00000| PB 0x00000000a4d00000| Untracked 
|  50|0x00000000a4e00000, 0x00000000a4e00000, 0x00000000a4f00000|  0%| F|  |TAMS 0x00000000a4e00000| PB 0x00000000a4e00000| Untracked 
|  51|0x00000000a4f00000, 0x00000000a4f00000, 0x00000000a5000000|  0%| F|  |TAMS 0x00000000a4f00000| PB 0x00000000a4f00000| Untracked 
|  52|0x00000000a5000000, 0x00000000a5000000, 0x00000000a5100000|  0%| F|  |TAMS 0x00000000a5000000| PB 0x00000000a5000000| Untracked 
|  53|0x00000000a5100000, 0x00000000a5100000, 0x00000000a5200000|  0%| F|  |TAMS 0x00000000a5100000| PB 0x00000000a5100000| Untracked 
|  54|0x00000000a5200000, 0x00000000a5200000, 0x00000000a5300000|  0%| F|  |TAMS 0x00000000a5200000| PB 0x00000000a5200000| Untracked 
|  55|0x00000000a5300000, 0x00000000a5300000, 0x00000000a5400000|  0%| F|  |TAMS 0x00000000a5300000| PB 0x00000000a5300000| Untracked 
|  56|0x00000000a5400000, 0x00000000a5400000, 0x00000000a5500000|  0%| F|  |TAMS 0x00000000a5400000| PB 0x00000000a5400000| Untracked 
|  57|0x00000000a5500000, 0x00000000a5500000, 0x00000000a5600000|  0%| F|  |TAMS 0x00000000a5500000| PB 0x00000000a5500000| Untracked 
|  58|0x00000000a5600000, 0x00000000a5600000, 0x00000000a5700000|  0%| F|  |TAMS 0x00000000a5600000| PB 0x00000000a5600000| Untracked 
|  59|0x00000000a5700000, 0x00000000a5700000, 0x00000000a5800000|  0%| F|  |TAMS 0x00000000a5700000| PB 0x00000000a5700000| Untracked 
|  60|0x00000000a5800000, 0x00000000a5800000, 0x00000000a5900000|  0%| F|  |TAMS 0x00000000a5800000| PB 0x00000000a5800000| Untracked 
|  61|0x00000000a5900000, 0x00000000a5900000, 0x00000000a5a00000|  0%| F|  |TAMS 0x00000000a5900000| PB 0x00000000a5900000| Untracked 
|  62|0x00000000a5a00000, 0x00000000a5a00000, 0x00000000a5b00000|  0%| F|  |TAMS 0x00000000a5a00000| PB 0x00000000a5a00000| Untracked 
|  63|0x00000000a5b00000, 0x00000000a5b00000, 0x00000000a5c00000|  0%| F|  |TAMS 0x00000000a5b00000| PB 0x00000000a5b00000| Untracked 
|  64|0x00000000a5c00000, 0x00000000a5c00000, 0x00000000a5d00000|  0%| F|  |TAMS 0x00000000a5c00000| PB 0x00000000a5c00000| Untracked 
|  65|0x00000000a5d00000, 0x00000000a5d00000, 0x00000000a5e00000|  0%| F|  |TAMS 0x00000000a5d00000| PB 0x00000000a5d00000| Untracked 
|  66|0x00000000a5e00000, 0x00000000a5e00000, 0x00000000a5f00000|  0%| F|  |TAMS 0x00000000a5e00000| PB 0x00000000a5e00000| Untracked 
|  67|0x00000000a5f00000, 0x00000000a5f00000, 0x00000000a6000000|  0%| F|  |TAMS 0x00000000a5f00000| PB 0x00000000a5f00000| Untracked 
|  68|0x00000000a6000000, 0x00000000a6000000, 0x00000000a6100000|  0%| F|  |TAMS 0x00000000a6000000| PB 0x00000000a6000000| Untracked 
|  69|0x00000000a6100000, 0x00000000a6100000, 0x00000000a6200000|  0%| F|  |TAMS 0x00000000a6100000| PB 0x00000000a6100000| Untracked 
|  70|0x00000000a6200000, 0x00000000a6200000, 0x00000000a6300000|  0%| F|  |TAMS 0x00000000a6200000| PB 0x00000000a6200000| Untracked 
|  71|0x00000000a6300000, 0x00000000a6300000, 0x00000000a6400000|  0%| F|  |TAMS 0x00000000a6300000| PB 0x00000000a6300000| Untracked 
|  72|0x00000000a6400000, 0x00000000a6400000, 0x00000000a6500000|  0%| F|  |TAMS 0x00000000a6400000| PB 0x00000000a6400000| Untracked 
|  73|0x00000000a6500000, 0x00000000a6500000, 0x00000000a6600000|  0%| F|  |TAMS 0x00000000a6500000| PB 0x00000000a6500000| Untracked 
|  74|0x00000000a6600000, 0x00000000a6600000, 0x00000000a6700000|  0%| F|  |TAMS 0x00000000a6600000| PB 0x00000000a6600000| Untracked 
|  75|0x00000000a6700000, 0x00000000a6700000, 0x00000000a6800000|  0%| F|  |TAMS 0x00000000a6700000| PB 0x00000000a6700000| Untracked 
|  76|0x00000000a6800000, 0x00000000a6800000, 0x00000000a6900000|  0%| F|  |TAMS 0x00000000a6800000| PB 0x00000000a6800000| Untracked 
|  77|0x00000000a6900000, 0x00000000a6900000, 0x00000000a6a00000|  0%| F|  |TAMS 0x00000000a6900000| PB 0x00000000a6900000| Untracked 
|  78|0x00000000a6a00000, 0x00000000a6a00000, 0x00000000a6b00000|  0%| F|  |TAMS 0x00000000a6a00000| PB 0x00000000a6a00000| Untracked 
|  79|0x00000000a6b00000, 0x00000000a6b00000, 0x00000000a6c00000|  0%| F|  |TAMS 0x00000000a6b00000| PB 0x00000000a6b00000| Untracked 
|  80|0x00000000a6c00000, 0x00000000a6c00000, 0x00000000a6d00000|  0%| F|  |TAMS 0x00000000a6c00000| PB 0x00000000a6c00000| Untracked 
|  81|0x00000000a6d00000, 0x00000000a6d00000, 0x00000000a6e00000|  0%| F|  |TAMS 0x00000000a6d00000| PB 0x00000000a6d00000| Untracked 
|  82|0x00000000a6e00000, 0x00000000a6e00000, 0x00000000a6f00000|  0%| F|  |TAMS 0x00000000a6e00000| PB 0x00000000a6e00000| Untracked 
|  83|0x00000000a6f00000, 0x00000000a6f00000, 0x00000000a7000000|  0%| F|  |TAMS 0x00000000a6f00000| PB 0x00000000a6f00000| Untracked 
|  84|0x00000000a7000000, 0x00000000a7000000, 0x00000000a7100000|  0%| F|  |TAMS 0x00000000a7000000| PB 0x00000000a7000000| Untracked 
|  85|0x00000000a7100000, 0x00000000a7100000, 0x00000000a7200000|  0%| F|  |TAMS 0x00000000a7100000| PB 0x00000000a7100000| Untracked 
|  86|0x00000000a7200000, 0x00000000a7200000, 0x00000000a7300000|  0%| F|  |TAMS 0x00000000a7200000| PB 0x00000000a7200000| Untracked 
|  87|0x00000000a7300000, 0x00000000a7300000, 0x00000000a7400000|  0%| F|  |TAMS 0x00000000a7300000| PB 0x00000000a7300000| Untracked 
|  88|0x00000000a7400000, 0x00000000a7400000, 0x00000000a7500000|  0%| F|  |TAMS 0x00000000a7400000| PB 0x00000000a7400000| Untracked 
|  89|0x00000000a7500000, 0x00000000a7600000, 0x00000000a7600000|100%| S|CS|TAMS 0x00000000a7500000| PB 0x00000000a7500000| Complete 
|  90|0x00000000a7600000, 0x00000000a7600000, 0x00000000a7700000|  0%| F|  |TAMS 0x00000000a7600000| PB 0x00000000a7600000| Untracked 
|  91|0x00000000a7700000, 0x00000000a7700000, 0x00000000a7800000|  0%| F|  |TAMS 0x00000000a7700000| PB 0x00000000a7700000| Untracked 
|  92|0x00000000a7800000, 0x00000000a7800000, 0x00000000a7900000|  0%| F|  |TAMS 0x00000000a7800000| PB 0x00000000a7800000| Untracked 
|  93|0x00000000a7900000, 0x00000000a7900000, 0x00000000a7a00000|  0%| F|  |TAMS 0x00000000a7900000| PB 0x00000000a7900000| Untracked 
|  94|0x00000000a7a00000, 0x00000000a7af2698, 0x00000000a7b00000| 94%| E|  |TAMS 0x00000000a7a00000| PB 0x00000000a7a00000| Complete 
|  95|0x00000000a7b00000, 0x00000000a7c00000, 0x00000000a7c00000|100%| E|CS|TAMS 0x00000000a7b00000| PB 0x00000000a7b00000| Complete 

Card table byte_map: [0x000001984e410000,0x000001984e710000] _byte_map_base: 0x000001984df02000

Marking Bits: (CMBitMap*) 0x00000198373aa7d0
 Bits: [0x000001984ea10000, 0x00000198501a0000)

Polling page: 0x0000019835350000

Metaspace:

Usage:
  Non-class:      5.95 MB used.
      Class:    781.73 KB used.
       Both:      6.71 MB used.

Virtual space:
  Non-class space:       64.00 MB reserved,       6.06 MB (  9%) committed,  1 nodes.
      Class space:        1.00 GB reserved,     896.00 KB ( <1%) committed,  1 nodes.
             Both:        1.06 GB reserved,       6.94 MB ( <1%) committed. 

Chunk freelists:
   Non-Class:  1022.00 KB
       Class:  3.12 MB
        Both:  4.12 MB

MaxMetaspaceSize: unlimited
CompressedClassSpaceSize: 1.00 GB
Initial GC threshold: 21.00 MB
Current GC threshold: 21.00 MB
CDS: on
MetaspaceReclaimPolicy: balanced
 - commit_granule_bytes: 65536.
 - commit_granule_words: 8192.
 - virtual_space_node_default_size: 8388608.
 - enlarge_chunks_in_place: 1.
 - new_chunks_are_fully_committed: 0.
 - uncommit_free_chunks: 1.
 - use_allocation_guard: 0.


Internal statistics:

num_allocs_failed_limit: 0.
num_arena_births: 128.
num_arena_deaths: 0.
num_vsnodes_births: 2.
num_vsnodes_deaths: 0.
num_space_committed: 111.
num_space_uncommitted: 0.
num_chunks_returned_to_freelist: 0.
num_chunks_taken_from_freelist: 154.
num_chunk_merges: 0.
num_chunk_splits: 93.
num_chunks_enlarged: 41.
num_inconsistent_stats: 0.

CodeHeap 'non-profiled nmethods': size=120064Kb used=251Kb max_used=251Kb free=119812Kb
 bounds [0x0000019846ed0000, 0x0000019847140000, 0x000001984e410000]
CodeHeap 'profiled nmethods': size=120000Kb used=1271Kb max_used=1271Kb free=118728Kb
 bounds [0x000001983f410000, 0x000001983f680000, 0x0000019846940000]
CodeHeap 'non-nmethods': size=5696Kb used=1581Kb max_used=1583Kb free=4114Kb
 bounds [0x0000019846940000, 0x0000019846bb0000, 0x0000019846ed0000]
 total_blobs=1427 nmethods=833 adapters=505
 compilation: enabled
              stopped_count=0, restarted_count=0
 full_count=0

Compilation events (20 events):
Event: 1.586 Thread 0x00000198525336c0 nmethod 823 0x000001983f54ac90 code [0x000001983f54ae20, 0x000001983f54af88]
Event: 1.602 Thread 0x000001985252d240 nmethod 814 0x0000019846f0bc10 code [0x0000019846f0bde0, 0x0000019846f0cc58]
Event: 1.602 Thread 0x000001985252d240  824       4       java.util.HashMap::put (13 bytes)
Event: 1.620 Thread 0x00000198525336c0  825       1       sun.java2d.loops.SurfaceType::getUniqueID (5 bytes)
Event: 1.620 Thread 0x00000198525336c0 nmethod 825 0x0000019846f0d090 code [0x0000019846f0d200, 0x0000019846f0d2c8]
Event: 1.620 Thread 0x00000198525336c0  826       1       sun.java2d.loops.CompositeType::getUniqueID (5 bytes)
Event: 1.620 Thread 0x00000198525336c0 nmethod 826 0x0000019846f0d390 code [0x0000019846f0d500, 0x0000019846f0d5c8]
Event: 1.621 Thread 0x00000198525336c0  827  s    3       sun.java2d.loops.GraphicsPrimitive::makeUniqueID (26 bytes)
Event: 1.621 Thread 0x00000198525336c0 nmethod 827 0x000001983f54b010 code [0x000001983f54b1a0, 0x000001983f54b3d0]
Event: 1.621 Thread 0x00000198525336c0  828       3       sun.java2d.loops.GraphicsPrimitive::<init> (75 bytes)
Event: 1.621 Thread 0x000001985252d240 nmethod 824 0x0000019846f0d690 code [0x0000019846f0d880, 0x0000019846f0e3d8]
Event: 1.621 Thread 0x00000198525336c0 nmethod 828 0x000001983f54b510 code [0x000001983f54b6e0, 0x000001983f54bc98]
Event: 1.632 Thread 0x00000198525336c0  829       3       java.lang.invoke.MethodHandleNatives::isCallerSensitive (29 bytes)
Event: 1.633 Thread 0x00000198525336c0 nmethod 829 0x000001983f54be90 code [0x000001983f54c060, 0x000001983f54c4b8]
Event: 1.633 Thread 0x00000198525336c0  830       3       java.lang.invoke.MethodHandleNatives::canBeCalledVirtual (49 bytes)
Event: 1.633 Thread 0x00000198525336c0 nmethod 830 0x000001983f54c610 code [0x000001983f54c800, 0x000001983f54ccc8]
Event: 1.633 Thread 0x00000198525336c0  833       3       jdk.internal.org.objectweb.asm.SymbolTable::addTypeInternal (85 bytes)
Event: 1.634 Thread 0x00000198525336c0 nmethod 833 0x000001983f54ce90 code [0x000001983f54d060, 0x000001983f54d690]
Event: 1.634 Thread 0x00000198525336c0  832       3       java.util.ArrayList$Itr::hasNext (20 bytes)
Event: 1.634 Thread 0x00000198525336c0 nmethod 832 0x000001983f54d890 code [0x000001983f54da20, 0x000001983f54db98]

GC Heap History (2 events):
Event: 1.424 GC heap before
{Heap before GC invocations=0 (full 0):
 garbage-first heap   total 98304K, used 6144K [0x00000000a1c00000, 0x0000000100000000)
  region size 1024K, 6 young (6144K), 0 survivors (0K)
 Metaspace       used 4658K, committed 4864K, reserved 1114112K
  class space    used 492K, committed 640K, reserved 1048576K
}
Event: 1.436 GC heap after
{Heap after GC invocations=1 (full 0):
 garbage-first heap   total 98304K, used 2500K [0x00000000a1c00000, 0x0000000100000000)
  region size 1024K, 1 young (1024K), 1 survivors (1024K)
 Metaspace       used 4658K, committed 4864K, reserved 1114112K
  class space    used 492K, committed 640K, reserved 1048576K
}

Dll operation events (10 events):
Event: 0.020 Loaded shared library C:\Program Files\Java\jdk-20\bin\java.dll
Event: 0.044 Loaded shared library C:\Program Files\Java\jdk-20\bin\jsvml.dll
Event: 0.386 Loaded shared library C:\Program Files\Java\jdk-20\bin\net.dll
Event: 0.393 Loaded shared library C:\Program Files\Java\jdk-20\bin\nio.dll
Event: 0.476 Loaded shared library C:\Program Files\Java\jdk-20\bin\zip.dll
Event: 0.512 Loaded shared library C:\Program Files\Java\jdk-20\bin\jimage.dll
Event: 0.619 Loaded shared library C:\Program Files\Java\jdk-20\bin\awt.dll
Event: 1.474 Loaded shared library C:\Program Files\Java\jdk-20\bin\javajpeg.dll
Event: 1.666 Loaded shared library C:\Program Files\Java\jdk-20\bin\freetype.dll
Event: 1.668 Loaded shared library C:\Program Files\Java\jdk-20\bin\fontmanager.dll

Deoptimization events (20 events):
Event: 1.555 Thread 0x000001983735c660 Uncommon trap: trap_request=0xffffffde fr.pc=0x0000019846f010b0 relative=0x0000000000000290
Event: 1.555 Thread 0x000001983735c660 Uncommon trap: reason=class_check action=maybe_recompile pc=0x0000019846f010b0 method=java.util.HashMap.getNode(Ljava/lang/Object;)Ljava/util/HashMap$Node; @ 63 c2
Event: 1.555 Thread 0x000001983735c660 DEOPT PACKING pc=0x0000019846f010b0 sp=0x0000001fb7dfec50
Event: 1.555 Thread 0x000001983735c660 DEOPT UNPACKING pc=0x00000198469a9d22 sp=0x0000001fb7dfebc8 mode 2
Event: 1.563 Thread 0x000001983735c660 Uncommon trap: trap_request=0xffffffde fr.pc=0x0000019846f09710 relative=0x00000000000002d0
Event: 1.563 Thread 0x000001983735c660 Uncommon trap: reason=class_check action=maybe_recompile pc=0x0000019846f09710 method=java.util.HashMap.getNode(Ljava/lang/Object;)Ljava/util/HashMap$Node; @ 128 c2
Event: 1.563 Thread 0x000001983735c660 DEOPT PACKING pc=0x0000019846f09710 sp=0x0000001fb7dfe900
Event: 1.563 Thread 0x000001983735c660 DEOPT UNPACKING pc=0x00000198469a9d22 sp=0x0000001fb7dfe808 mode 2
Event: 1.563 Thread 0x000001983735c660 Uncommon trap: trap_request=0xffffffde fr.pc=0x0000019846f09710 relative=0x00000000000002d0
Event: 1.563 Thread 0x000001983735c660 Uncommon trap: reason=class_check action=maybe_recompile pc=0x0000019846f09710 method=java.util.HashMap.getNode(Ljava/lang/Object;)Ljava/util/HashMap$Node; @ 128 c2
Event: 1.563 Thread 0x000001983735c660 DEOPT PACKING pc=0x0000019846f09710 sp=0x0000001fb7dfe900
Event: 1.563 Thread 0x000001983735c660 DEOPT UNPACKING pc=0x00000198469a9d22 sp=0x0000001fb7dfe808 mode 2
Event: 1.596 Thread 0x0000019856a1fd70 Uncommon trap: trap_request=0xffffff45 fr.pc=0x0000019846f04c4c relative=0x000000000000014c
Event: 1.596 Thread 0x0000019856a1fd70 Uncommon trap: reason=unstable_if action=reinterpret pc=0x0000019846f04c4c method=java.util.concurrent.locks.ReentrantLock$NonfairSync.initialTryLock()Z @ 10 c2
Event: 1.596 Thread 0x0000019856a1fd70 DEOPT PACKING pc=0x0000019846f04c4c sp=0x0000001fb91fdc40
Event: 1.597 Thread 0x0000019856a1fd70 DEOPT UNPACKING pc=0x00000198469a9d22 sp=0x0000001fb91fdb30 mode 2
Event: 1.597 Thread 0x0000019856a1fd70 Uncommon trap: trap_request=0xffffff45 fr.pc=0x0000019846efb9cc relative=0x00000000000000cc
Event: 1.597 Thread 0x0000019856a1fd70 Uncommon trap: reason=unstable_if action=reinterpret pc=0x0000019846efb9cc method=java.util.concurrent.locks.ReentrantLock$Sync.tryRelease(I)Z @ 26 c2
Event: 1.597 Thread 0x0000019856a1fd70 DEOPT PACKING pc=0x0000019846efb9cc sp=0x0000001fb91fdbf0
Event: 1.597 Thread 0x0000019856a1fd70 DEOPT UNPACKING pc=0x00000198469a9d22 sp=0x0000001fb91fdb90 mode 2

Classes loaded (20 events):
Event: 1.662 Loading class sun/font/FontManagerForSGE
Event: 1.662 Loading class sun/font/FontManager
Event: 1.662 Loading class sun/font/FontManager done
Event: 1.662 Loading class sun/font/FontManagerForSGE done
Event: 1.662 Loading class sun/font/SunFontManager done
Event: 1.663 Loading class sun/font/Font2DHandle
Event: 1.663 Loading class sun/font/Font2DHandle done
Event: 1.663 Loading class sun/font/SunFontManager$TTFilter
Event: 1.663 Loading class java/io/FilenameFilter
Event: 1.663 Loading class java/io/FilenameFilter done
Event: 1.663 Loading class sun/font/SunFontManager$TTFilter done
Event: 1.663 Loading class sun/font/SunFontManager$T1Filter
Event: 1.663 Loading class sun/font/SunFontManager$T1Filter done
Event: 1.663 Loading class sun/font/SunFontManager$1
Event: 1.663 Loading class sun/font/SunFontManager$1 done
Event: 1.663 Loading class sun/font/FontManagerNativeLibrary
Event: 1.663 Loading class sun/font/FontManagerNativeLibrary done
Event: 1.663 Loading class sun/font/FontManagerNativeLibrary$1
Event: 1.663 Loading class sun/font/FontManagerNativeLibrary$1 done
Event: 1.668 Loading class sun/font/TrueTypeFont

Classes unloaded (0 events):
No events

Classes redefined (0 events):
No events

Internal exceptions (14 events):
Event: 0.395 Thread 0x000001983735c660 Exception <a 'sun/nio/fs/WindowsException'{0x00000000a7a20878}> (0x00000000a7a20878) 
thrown [s\open\src\hotspot\share\prims\jni.cpp, line 519]
Event: 0.398 Thread 0x000001983735c660 Exception <a 'sun/nio/fs/WindowsException'{0x00000000a7a22da0}> (0x00000000a7a22da0) 
thrown [s\open\src\hotspot\share\prims\jni.cpp, line 519]
Event: 0.399 Thread 0x000001983735c660 Exception <a 'sun/nio/fs/WindowsException'{0x00000000a7a238a8}> (0x00000000a7a238a8) 
thrown [s\open\src\hotspot\share\prims\jni.cpp, line 519]
Event: 0.524 Thread 0x000001983735c660 Exception <a 'java/lang/ClassNotFoundException'{0x00000000a7ae8ca0}: sun/awt/resources/spi/awtProvider> (0x00000000a7ae8ca0) 
thrown [s\open\src\hotspot\share\classfile\systemDictionary.cpp, line 305]
Event: 0.692 Thread 0x000001983735c660 Exception <a 'java/io/FileNotFoundException'{0x00000000a7940128}> (0x00000000a7940128) 
thrown [s\open\src\hotspot\share\prims\jni.cpp, line 519]
Event: 0.705 Thread 0x000001983735c660 Exception <a 'java/io/FileNotFoundException'{0x00000000a796a308}> (0x00000000a796a308) 
thrown [s\open\src\hotspot\share\prims\jni.cpp, line 519]
Event: 1.060 Thread 0x000001983735c660 Exception <a 'java/lang/NoSuchMethodError'{0x00000000a7828950}: 'void java.lang.invoke.DirectMethodHandle$Holder.invokeSpecial(java.lang.Object, java.lang.Object, java.lang.Object)'> (0x00000000a7828950) 
thrown [s\open\src\hotspot\share\interpreter\linkResolver.cpp, line 773]
Event: 1.081 Thread 0x000001983735c660 Exception <a 'java/lang/NoSuchMethodError'{0x00000000a78532e8}: 'java.lang.Object java.lang.invoke.DirectMethodHandle$Holder.newInvokeSpecial(java.lang.Object, java.lang.Object, java.lang.Object, java.lang.Object, java.lang.Object)'> (0x00000000a78532e8) 
thrown [s\open\src\hotspot\share\interpreter\linkResolver.cpp, line 773]
Event: 1.095 Thread 0x000001983735c660 Exception <a 'java/lang/NoSuchMethodError'{0x00000000a7884110}: 'java.lang.Object java.lang.invoke.DirectMethodHandle$Holder.invokeStatic(java.lang.Object, int, java.lang.Object)'> (0x00000000a7884110) 
thrown [s\open\src\hotspot\share\interpreter\linkResolver.cpp, line 773]
Event: 1.146 Thread 0x000001983735c660 Exception <a 'java/lang/ClassNotFoundException'{0x00000000a773ffc0}: com/sun/swing/internal/plaf/metal/resources/spi/metalProvider> (0x00000000a773ffc0) 
thrown [s\open\src\hotspot\share\classfile\systemDictionary.cpp, line 305]
Event: 1.148 Thread 0x000001983735c660 Exception <a 'java/lang/ClassNotFoundException'{0x00000000a7743f70}: com/sun/swing/internal/plaf/basic/resources/spi/basicProvider> (0x00000000a7743f70) 
thrown [s\open\src\hotspot\share\classfile\systemDictionary.cpp, line 305]
Event: 1.170 Thread 0x000001983735c660 Exception <a 'java/lang/NoSuchMethodError'{0x00000000a7763318}: 'int java.lang.invoke.Invokers$Holder.invokeExact_MT(java.lang.Object, java.lang.Object)'> (0x00000000a7763318) 
thrown [s\open\src\hotspot\share\interpreter\linkResolver.cpp, line 773]
Event: 1.478 Thread 0x000001985b84d020 Exception <a 'java/lang/NoSuchMethodError'{0x00000000a7b35308}: 'java.lang.Object java.lang.invoke.DirectMethodHandle$Holder.newInvokeSpecial(java.lang.Object, java.lang.Object, java.lang.Object, int, int, int, int, int)'> (0x00000000a7b35308) 
thrown [s\open\src\hotspot\share\interpreter\linkResolver.cpp, line 773]
Event: 1.633 Thread 0x000001983735c660 Exception <a 'java/lang/NoSuchMethodError'{0x00000000a7ad7ad0}: 'void java.lang.invoke.DirectMethodHandle$Holder.invokeStaticInit(java.lang.Object)'> (0x00000000a7ad7ad0) 
thrown [s\open\src\hotspot\share\interpreter\linkResolver.cpp, line 773]

VM Operations (12 events):
Event: 0.415 Executing VM operation: HandshakeAllThreads
Event: 0.415 Executing VM operation: HandshakeAllThreads done
Event: 0.721 Executing VM operation: HandshakeAllThreads
Event: 0.721 Executing VM operation: HandshakeAllThreads done
Event: 1.397 Executing VM operation: HandshakeAllThreads
Event: 1.397 Executing VM operation: HandshakeAllThreads done
Event: 1.397 Executing VM operation: Cleanup
Event: 1.401 Executing VM operation: Cleanup done
Event: 1.424 Executing VM operation: G1CollectForAllocation
Event: 1.436 Executing VM operation: G1CollectForAllocation done
Event: 1.546 Executing VM operation: HandshakeAllThreads
Event: 1.546 Executing VM operation: HandshakeAllThreads done

Events (16 events):
Event: 0.044 Thread 0x000001983735c660 Thread added: 0x000001983735c660
Event: 0.070 Thread 0x0000019852523a50 Thread added: 0x0000019852523a50
Event: 0.071 Thread 0x00000198525252a0 Thread added: 0x00000198525252a0
Event: 0.071 Thread 0x0000019852528a00 Thread added: 0x0000019852528a00
Event: 0.071 Thread 0x000001985252b350 Thread added: 0x000001985252b350
Event: 0.072 Thread 0x000001985252bc90 Thread added: 0x000001985252bc90
Event: 0.072 Thread 0x000001985252c5d0 Thread added: 0x000001985252c5d0
Event: 0.072 Thread 0x000001985252d240 Thread added: 0x000001985252d240
Event: 0.075 Thread 0x00000198525336c0 Thread added: 0x00000198525336c0
Event: 0.304 Thread 0x00000198524ea2f0 Thread added: 0x00000198524ea2f0
Event: 0.460 Thread 0x0000019856946cc0 Thread added: 0x0000019856946cc0
Event: 0.839 Thread 0x0000019856a1f0b0 Thread added: 0x0000019856a1f0b0
Event: 0.845 Thread 0x0000019856a1f820 Thread added: 0x0000019856a1f820
Event: 0.848 Thread 0x0000019856a1fd70 Thread added: 0x0000019856a1fd70
Event: 1.284 Thread 0x000001985b84d020 Thread added: 0x000001985b84d020
Event: 1.597 Thread 0x000001985699c8f0 Thread added: 0x000001985699c8f0


Dynamic libraries:
0x00007ff605ba0000 - 0x00007ff605bb0000 	C:\Program Files\Java\jdk-20\bin\java.exe
0x00007ffea7800000 - 0x00007ffea7a66000 	C:\WINDOWS\SYSTEM32\ntdll.dll
0x00007ffea6e20000 - 0x00007ffea6ee9000 	C:\WINDOWS\System32\KERNEL32.DLL
0x00007ffea51f0000 - 0x00007ffea55bc000 	C:\WINDOWS\System32\KERNELBASE.dll
0x00007ffea50a0000 - 0x00007ffea51eb000 	C:\WINDOWS\System32\ucrtbase.dll
0x00007ffe94c30000 - 0x00007ffe94c49000 	C:\Program Files\Java\jdk-20\bin\jli.dll
0x00007ffea7700000 - 0x00007ffea77b2000 	C:\WINDOWS\System32\ADVAPI32.dll
0x00007ffea7230000 - 0x00007ffea72d9000 	C:\WINDOWS\System32\msvcrt.dll
0x00007ffea66d0000 - 0x00007ffea6776000 	C:\WINDOWS\System32\sechost.dll
0x00007ffea75e0000 - 0x00007ffea76f6000 	C:\WINDOWS\System32\RPCRT4.dll
0x00007ffea7410000 - 0x00007ffea75da000 	C:\WINDOWS\System32\USER32.dll
0x00007ffea5070000 - 0x00007ffea5097000 	C:\WINDOWS\System32\win32u.dll
0x00007ffea6b10000 - 0x00007ffea6b3b000 	C:\WINDOWS\System32\GDI32.dll
0x00007ffea4db0000 - 0x00007ffea4ee2000 	C:\WINDOWS\System32\gdi32full.dll
0x00007ffea4ae0000 - 0x00007ffea4b83000 	C:\WINDOWS\System32\msvcp_win.dll
0x00007ffe9f450000 - 0x00007ffe9f46b000 	C:\Program Files\Java\jdk-20\bin\VCRUNTIME140.dll
0x00007ffe8d530000 - 0x00007ffe8d7ca000 	C:\WINDOWS\WinSxS\amd64_microsoft.windows.common-controls_6595b64144ccf1df_6.0.26100.3912_none_3e07963ce335137e\COMCTL32.dll
0x00007ffe9e990000 - 0x00007ffe9e99b000 	C:\WINDOWS\SYSTEM32\VERSION.dll
0x00007ffea7060000 - 0x00007ffea7090000 	C:\WINDOWS\System32\IMM32.DLL
0x00007ffe9ba40000 - 0x00007ffe9ba4c000 	C:\Program Files\Java\jdk-20\bin\vcruntime140_1.dll
0x00007ffe923f0000 - 0x00007ffe9247e000 	C:\Program Files\Java\jdk-20\bin\msvcp140.dll
0x00007ffe371f0000 - 0x00007ffe37e87000 	C:\Program Files\Java\jdk-20\bin\server\jvm.dll
0x00007ffea1920000 - 0x00007ffea192a000 	C:\WINDOWS\SYSTEM32\WSOCK32.dll
0x00007ffea6cf0000 - 0x00007ffea6d64000 	C:\WINDOWS\System32\WS2_32.dll
0x00007ffe9e950000 - 0x00007ffe9e986000 	C:\WINDOWS\SYSTEM32\WINMM.dll
0x00007ffea3750000 - 0x00007ffea376a000 	C:\WINDOWS\SYSTEM32\kernel.appcore.dll
0x00007ffe98170000 - 0x00007ffe9817a000 	C:\Program Files\Java\jdk-20\bin\jimage.dll
0x00007ffe992e0000 - 0x00007ffe99521000 	C:\WINDOWS\SYSTEM32\DBGHELP.DLL
0x00007ffea6780000 - 0x00007ffea6b04000 	C:\WINDOWS\System32\combase.dll
0x00007ffea55c0000 - 0x00007ffea56a0000 	C:\WINDOWS\System32\OLEAUT32.dll
0x00007ffe89130000 - 0x00007ffe89169000 	C:\WINDOWS\SYSTEM32\dbgcore.DLL
0x00007ffea4b90000 - 0x00007ffea4c29000 	C:\WINDOWS\System32\bcryptPrimitives.dll
0x00007ffe98050000 - 0x00007ffe98076000 	C:\Program Files\Java\jdk-20\bin\java.dll
0x00007ffe93f00000 - 0x00007ffe93fd7000 	C:\Program Files\Java\jdk-20\bin\jsvml.dll
0x00007ffea5b10000 - 0x00007ffea623d000 	C:\WINDOWS\System32\SHELL32.dll
0x00007ffea4ef0000 - 0x00007ffea5064000 	C:\WINDOWS\System32\wintypes.dll
0x00007ffea2640000 - 0x00007ffea2e96000 	C:\WINDOWS\SYSTEM32\windows.storage.dll
0x00007ffea5830000 - 0x00007ffea591f000 	C:\WINDOWS\System32\SHCORE.dll
0x00007ffea7340000 - 0x00007ffea73a9000 	C:\WINDOWS\System32\shlwapi.dll
0x00007ffea4870000 - 0x00007ffea489f000 	C:\WINDOWS\SYSTEM32\profapi.dll
0x00007ffe955b0000 - 0x00007ffe955c3000 	C:\Program Files\Java\jdk-20\bin\net.dll
0x00007ffe9a290000 - 0x00007ffe9a3ae000 	C:\WINDOWS\SYSTEM32\WINHTTP.dll
0x00007ffea3cc0000 - 0x00007ffea3d2a000 	C:\WINDOWS\system32\mswsock.dll
0x00007ffe94cb0000 - 0x00007ffe94cc6000 	C:\Program Files\Java\jdk-20\bin\nio.dll
0x00007ffe94500000 - 0x00007ffe94518000 	C:\Program Files\Java\jdk-20\bin\zip.dll
0x00007ffe432a0000 - 0x00007ffe43431000 	C:\Program Files\Java\jdk-20\bin\awt.dll
0x00007ffea1a40000 - 0x00007ffea1ade000 	C:\WINDOWS\SYSTEM32\apphelp.dll
0x00007ffea1fa0000 - 0x00007ffea1fd6000 	C:\WINDOWS\system32\DWMAPI.DLL
0x00007ffea1c10000 - 0x00007ffea1cbf000 	C:\WINDOWS\system32\uxtheme.dll
0x00007ffe3e920000 - 0x00007ffe3ea2c000 	C:\WINDOWS\system32\opengl32.dll
0x00007ffe407e0000 - 0x00007ffe4080d000 	C:\WINDOWS\SYSTEM32\GLU32.dll
0x00007ffea1f50000 - 0x00007ffea1f97000 	C:\WINDOWS\SYSTEM32\dxcore.dll
0x00007ffea56c0000 - 0x00007ffea581f000 	C:\WINDOWS\System32\MSCTF.dll
0x00007ffea6b40000 - 0x00007ffea6cdf000 	C:\WINDOWS\System32\ole32.dll
0x00007ffe408f0000 - 0x00007ffe40aa5000 	C:\WINDOWS\system32\d3d9.dll
0x00007ffe9e9a0000 - 0x00007ffe9eb5b000 	C:\WINDOWS\System32\DriverStore\FileRepository\u0402605.inf_amd64_436c7d82eab5c303\B399655\aticfx64.dll
0x00007ffe935e0000 - 0x00007ffe93614000 	C:\WINDOWS\System32\DriverStore\FileRepository\u0402605.inf_amd64_436c7d82eab5c303\B399655\atiu9p64.dll
0x00007ffe34bc0000 - 0x00007ffe35907000 	C:\WINDOWS\System32\DriverStore\FileRepository\u0402605.inf_amd64_436c7d82eab5c303\B399655\atiumd64.dll
0x0000000073230000 - 0x0000000074143000 	C:\WINDOWS\System32\DriverStore\FileRepository\u0402605.inf_amd64_436c7d82eab5c303\B399655\atiumd6a.dll
0x00007ffea6240000 - 0x00007ffea66c6000 	C:\WINDOWS\System32\SETUPAPI.dll
0x00007ffea47e0000 - 0x00007ffea483e000 	C:\WINDOWS\SYSTEM32\POWRPROF.dll
0x00007ffea47c0000 - 0x00007ffea47d4000 	C:\WINDOWS\SYSTEM32\UMPDC.dll
0x00007ffe9c940000 - 0x00007ffe9c975000 	C:\WINDOWS\SYSTEM32\amdihk64.dll
0x00007ffea1d60000 - 0x00007ffea1dc0000 	C:\WINDOWS\SYSTEM32\directxdatabasehelper.dll
0x00007ffe94c00000 - 0x00007ffe94c2e000 	C:\Program Files\Java\jdk-20\bin\javajpeg.dll
0x00007ffe91fa0000 - 0x00007ffe92026000 	C:\Program Files\Java\jdk-20\bin\freetype.dll
0x00007ffe718e0000 - 0x00007ffe719a6000 	C:\Program Files\Java\jdk-20\bin\fontmanager.dll

dbghelp: loaded successfully - version: 4.0.5 - missing functions: none
symbol engine: initialized successfully - sym options: 0x614 - pdb path: .;C:\Program Files\Java\jdk-20\bin;C:\WINDOWS\SYSTEM32;C:\WINDOWS\WinSxS\amd64_microsoft.windows.common-controls_6595b64144ccf1df_6.0.26100.3912_none_3e07963ce335137e;C:\Program Files\Java\jdk-20\bin\server;C:\WINDOWS\System32\DriverStore\FileRepository\u0402605.inf_amd64_436c7d82eab5c303\B399655

VM Arguments:
jvm_args: -Dfile.encoding=UTF-8 --module-path=C:\Users\rg097\Documents\NetBeansProjects\bank management system\build\classes 
java_command: bank.management.system.Login
java_class_path (initial): D:\java\jcalendar-tz-1.3.3-4.jar;D:\mysql-connector-java-8.0.28.jar;C:\Users\rg097\Documents\NetBeansProjects\bank management system\build\classes
Launcher Type: SUN_STANDARD

[Global flags]
     intx CICompilerCount                          = 2                                         {product} {ergonomic}
     uint ConcGCThreads                            = 1                                         {product} {ergonomic}
     uint G1ConcRefinementThreads                  = 2                                         {product} {ergonomic}
   size_t G1HeapRegionSize                         = 1048576                                   {product} {ergonomic}
    uintx GCDrainStackTargetSize                   = 64                                        {product} {ergonomic}
   size_t InitialHeapSize                          = 100663296                                 {product} {ergonomic}
   size_t MarkStackSize                            = 4194304                                   {product} {ergonomic}
   size_t MaxHeapSize                              = 1581252608                                {product} {ergonomic}
   size_t MaxNewSize                               = 947912704                                 {product} {ergonomic}
   size_t MinHeapDeltaBytes                        = 1048576                                   {product} {ergonomic}
   size_t MinHeapSize                              = 8388608                                   {product} {ergonomic}
    uintx NonNMethodCodeHeapSize                   = 5826188                                {pd product} {ergonomic}
    uintx NonProfiledCodeHeapSize                  = 122916026                              {pd product} {ergonomic}
    uintx ProfiledCodeHeapSize                     = 122916026                              {pd product} {ergonomic}
    uintx ReservedCodeCacheSize                    = 251658240                              {pd product} {ergonomic}
     bool SegmentedCodeCache                       = true                                      {product} {ergonomic}
   size_t SoftMaxHeapSize                          = 1581252608                             {manageable} {ergonomic}
     bool UseCompressedClassPointers               = true                           {product lp64_product} {ergonomic}
     bool UseCompressedOops                        = true                           {product lp64_product} {ergonomic}
     bool UseG1GC                                  = true                                      {product} {ergonomic}
     bool UseLargePagesIndividualAllocation        = false                                  {pd product} {ergonomic}

Logging:
Log output configuration:
 #0: stdout all=warning uptime,level,tags foldmultilines=false
 #1: stderr all=off uptime,level,tags foldmultilines=false

Environment Variables:
PATH=C:\Program Files\Common Files\Oracle\Java\javapath;C:\WINDOWS\system32;C:\WINDOWS;C:\WINDOWS\System32\Wbem;C:\WINDOWS\System32\WindowsPowerShell\v1.0\;C:\WINDOWS\System32\OpenSSH\;C:\Program Files\dotnet\;C:\Program Files\Java\jdk-17\bin;C:\Program Files\MySQL\MySQL Shell 8.0\bin\;C:\Users\rg097\AppData\Local\Programs\Python\Launcher\;C:\Users\rg097\AppData\Local\Microsoft\WindowsApps;;C:\Users\rg097\AppData\Local\Programs\Microsoft VS Code\bin
USERNAME=rg097
OS=Windows_NT
PROCESSOR_IDENTIFIER=AMD64 Family 23 Model 24 Stepping 1, AuthenticAMD
TMP=C:\Users\rg097\AppData\Local\Temp
TEMP=C:\Users\rg097\AppData\Local\Temp




---------------  S Y S T E M  ---------------

OS:
 Windows 11 , 64 bit Build 26100 (10.0.26100.3912)
OS uptime: 2 days 7:29 hours

CPU: total 2 (initial active 2) (2 cores per cpu, 1 threads per core) family 23 model 24 stepping 1 microcode 0x810810d, cx8, cmov, fxsr, mmx, 3dnowpref, sse, sse2, sse3, ssse3, sse4a, sse4.1, sse4.2, popcnt, lzcnt, tsc, tscinvbit, avx, avx2, aes, clmul, bmi1, bmi2, adx, sha, fma, vzeroupper, clflush, clflushopt, rdtscp, f16c

Memory: 4k page, system-wide physical 6030M (470M free)
TotalPageFile size 21030M (AvailPageFile size 3M)
current process WorkingSet (physical memory assigned to process): 70M, peak: 70M
current process commit charge ("private bytes"): 189M, peak: 189M

vm_info: Java HotSpot(TM) 64-Bit Server VM (20.0.1+9-29) for windows-amd64 JRE (20.0.1+9-29), built on 2023-03-07T13:56:11Z by "mach5one" with MS VC++ 17.1 (VS2022)

END.
