#
# There is insufficient memory for the Java Runtime Environment to continue.
# Native memory allocation (mmap) failed to map 100663296 bytes for G1 virtual space
# Possible reasons:
#   The system is out of physical RAM or swap space
#   The process is running with CompressedOops enabled, and the Java Heap may be blocking the growth of the native heap
# Possible solutions:
#   Reduce memory load on the system
#   Increase physical memory or swap space
#   Check if swap backing store is full
#   Decrease Java heap size (-Xmx/-Xms)
#   Decrease number of Java threads
#   Decrease Java thread stack sizes (-Xss)
#   Set larger code cache with -XX:ReservedCodeCacheSize=
#   JVM is running with Unscaled Compressed Oops mode in which the Java heap is
#     placed in the first 4GB address space. The Java Heap base address is the
#     maximum limit for the native heap growth. Please use -XX:HeapBaseMinAddress
#     to set the Java Heap base and to place the Java Heap above 4GB virtual address.
# This output file may be truncated or incomplete.
#
#  Out of Memory Error (os_windows.cpp:3528), pid=18252, tid=21056
#
# JRE version:  (20.0.1+9) (build )
# Java VM: Java HotSpot(TM) 64-Bit Server VM (20.0.1+9-29, mixed mode, sharing, tiered, compressed oops, compressed class ptrs, g1 gc, windows-amd64)
# No core dump will be written. Minidumps are not enabled by default on client versions of Windows
#

---------------  S U M M A R Y ------------

Command Line: -Dfile.encoding=UTF-8 --module-path=C:\Users\rg097\Documents\NetBeansProjects\bank management system\build\classes bank.management.system.Login

Host: AMD Athlon Silver 3050U with Radeon Graphics   , 2 cores, 5G,  Windows 11 , 64 bit Build 26100 (10.0.26100.3912)
Time: Sun May  4 21:33:47 2025 India Standard Time elapsed time: 0.049167 seconds (0d 0h 0m 0s)

---------------  T H R E A D  ---------------

Current thread (0x000002a5da578760):  JavaThread "Unknown thread" [_thread_in_vm, id=21056, stack(0x000000bd59000000,0x000000bd59100000)]

Stack: [0x000000bd59000000,0x000000bd59100000]
Native frames: (J=compiled Java code, j=interpreted, Vv=VM code, C=native code)
V  [jvm.dll+0x6bb95a]
V  [jvm.dll+0x8485fa]
V  [jvm.dll+0x84a1f5]
V  [jvm.dll+0x84a8f3]
V  [jvm.dll+0x280b0f]
V  [jvm.dll+0x6b86e9]
V  [jvm.dll+0x6ad2da]
V  [jvm.dll+0x35adf5]
V  [jvm.dll+0x363016]
V  [jvm.dll+0x3b3b3e]
V  [jvm.dll+0x3b3dc5]
V  [jvm.dll+0x32b50a]
V  [jvm.dll+0x32c32b]
V  [jvm.dll+0x8112bf]
V  [jvm.dll+0x3c0d91]
V  [jvm.dll+0x7fcfe3]
V  [jvm.dll+0x44c76f]
V  [jvm.dll+0x44e0e1]
C  [jli.dll+0x5287]
C  [ucrtbase.dll+0x37b0]
C  [KERNEL32.DLL+0x2e8d7]
C  [ntdll.dll+0x9c5dc]


---------------  P R O C E S S  ---------------

Threads class SMR info:
_java_thread_list=0x00007ffe37d4a098, length=0, elements={
}

Java Threads: ( => current thread )

Other Threads:
  0x000002a5da5c8ab0 WorkerThread "GC Thread#0" [stack: 0x000000bd59100000,0x000000bd59200000] [id=3216]
  0x000002a5da5d56c0 ConcurrentGCThread "G1 Main Marker" [stack: 0x000000bd59200000,0x000000bd59300000] [id=15820]
  0x000002a5da5d60f0 WorkerThread "G1 Conc#0" [stack: 0x000000bd59300000,0x000000bd59400000] [id=4928]

[error occurred during error reporting (printing all threads), id 0xc0000005, EXCEPTION_ACCESS_VIOLATION (0xc0000005) at pc=0x00007ffe3752eb47]
VM state: not at safepoint (not fully initialized)

VM Mutex/Monitor currently owned by a thread:  ([mutex/lock_event])
[0x000002a5da576700] Heap_lock - owner thread: 0x000002a5da578760

Heap address: 0x00000000a1c00000, size: 1508 MB, Compressed Oops mode: 32-bit

CDS archive(s) mapped at: [0x0000000000000000-0x0000000000000000-0x0000000000000000), size 0, SharedBaseAddress: 0x0000000800000000, ArchiveRelocationMode: 0.
Narrow klass base: 0x0000000000000000, Narrow klass shift: 0, Narrow klass range: 0x0

GC Precious Log:
 CardTable entry size: 512
 Card Set container configuration: InlinePtr #cards 5 size 8 Array Of Cards #cards 12 size 40 Howl #buckets 4 coarsen threshold 1843 Howl Bitmap #cards 512 size 80 coarsen threshold 460 Card regions per heap region 1 cards per card region 2048

Heap:
 garbage-first heap   total 0K, used 0K [0x00000000a1c00000, 0x0000000100000000)
  region size 1024K, 0 young (0K), 0 survivors (0K)

[error occurred during error reporting (printing heap information), id 0xc0000005, EXCEPTION_ACCESS_VIOLATION (0xc0000005) at pc=0x00007ffe37903c59]
GC Heap History (0 events):
No events

Dll operation events (1 events):
Event: 0.025 Loaded shared library C:\Program Files\Java\jdk-20\bin\java.dll

Deoptimization events (0 events):
No events

Classes loaded (0 events):
No events

Classes unloaded (0 events):
No events

Classes redefined (0 events):
No events

Internal exceptions (0 events):
No events

VM Operations (0 events):
No events

Events (0 events):
No events


Dynamic libraries:
0x00007ff605ba0000 - 0x00007ff605bb0000 	C:\Program Files\Java\jdk-20\bin\java.exe
0x00007ffea7800000 - 0x00007ffea7a66000 	C:\WINDOWS\SYSTEM32\ntdll.dll
0x00007ffea6e20000 - 0x00007ffea6ee9000 	C:\WINDOWS\System32\KERNEL32.DLL
0x00007ffea51f0000 - 0x00007ffea55bc000 	C:\WINDOWS\System32\KERNELBASE.dll
0x00007ffea50a0000 - 0x00007ffea51eb000 	C:\WINDOWS\System32\ucrtbase.dll
0x00007ffe94c30000 - 0x00007ffe94c49000 	C:\Program Files\Java\jdk-20\bin\jli.dll
0x00007ffea7700000 - 0x00007ffea77b2000 	C:\WINDOWS\System32\ADVAPI32.dll
0x00007ffea7230000 - 0x00007ffea72d9000 	C:\WINDOWS\System32\msvcrt.dll
0x00007ffea66d0000 - 0x00007ffea6776000 	C:\WINDOWS\System32\sechost.dll
0x00007ffea75e0000 - 0x00007ffea76f6000 	C:\WINDOWS\System32\RPCRT4.dll
0x00007ffea7410000 - 0x00007ffea75da000 	C:\WINDOWS\System32\USER32.dll
0x00007ffea5070000 - 0x00007ffea5097000 	C:\WINDOWS\System32\win32u.dll
0x00007ffea6b10000 - 0x00007ffea6b3b000 	C:\WINDOWS\System32\GDI32.dll
0x00007ffea4db0000 - 0x00007ffea4ee2000 	C:\WINDOWS\System32\gdi32full.dll
0x00007ffea4ae0000 - 0x00007ffea4b83000 	C:\WINDOWS\System32\msvcp_win.dll
0x00007ffe9f450000 - 0x00007ffe9f46b000 	C:\Program Files\Java\jdk-20\bin\VCRUNTIME140.dll
0x00007ffe8d530000 - 0x00007ffe8d7ca000 	C:\WINDOWS\WinSxS\amd64_microsoft.windows.common-controls_6595b64144ccf1df_6.0.26100.3912_none_3e07963ce335137e\COMCTL32.dll
0x00007ffe9e990000 - 0x00007ffe9e99b000 	C:\WINDOWS\SYSTEM32\VERSION.dll
0x00007ffea7060000 - 0x00007ffea7090000 	C:\WINDOWS\System32\IMM32.DLL
0x00007ffe9ba40000 - 0x00007ffe9ba4c000 	C:\Program Files\Java\jdk-20\bin\vcruntime140_1.dll
0x00007ffe923f0000 - 0x00007ffe9247e000 	C:\Program Files\Java\jdk-20\bin\msvcp140.dll
0x00007ffe371f0000 - 0x00007ffe37e87000 	C:\Program Files\Java\jdk-20\bin\server\jvm.dll
0x00007ffea1920000 - 0x00007ffea192a000 	C:\WINDOWS\SYSTEM32\WSOCK32.dll
0x00007ffea6cf0000 - 0x00007ffea6d64000 	C:\WINDOWS\System32\WS2_32.dll
0x00007ffe9e950000 - 0x00007ffe9e986000 	C:\WINDOWS\SYSTEM32\WINMM.dll
0x00007ffea3750000 - 0x00007ffea376a000 	C:\WINDOWS\SYSTEM32\kernel.appcore.dll
0x00007ffe98170000 - 0x00007ffe9817a000 	C:\Program Files\Java\jdk-20\bin\jimage.dll
0x00007ffe992e0000 - 0x00007ffe99521000 	C:\WINDOWS\SYSTEM32\DBGHELP.DLL
0x00007ffea6780000 - 0x00007ffea6b04000 	C:\WINDOWS\System32\combase.dll
0x00007ffea55c0000 - 0x00007ffea56a0000 	C:\WINDOWS\System32\OLEAUT32.dll
0x00007ffe89130000 - 0x00007ffe89169000 	C:\WINDOWS\SYSTEM32\dbgcore.DLL
0x00007ffea4b90000 - 0x00007ffea4c29000 	C:\WINDOWS\System32\bcryptPrimitives.dll
0x00007ffe98050000 - 0x00007ffe98076000 	C:\Program Files\Java\jdk-20\bin\java.dll

dbghelp: loaded successfully - version: 4.0.5 - missing functions: none
symbol engine: initialized successfully - sym options: 0x614 - pdb path: .;C:\Program Files\Java\jdk-20\bin;C:\WINDOWS\SYSTEM32;C:\WINDOWS\WinSxS\amd64_microsoft.windows.common-controls_6595b64144ccf1df_6.0.26100.3912_none_3e07963ce335137e;C:\Program Files\Java\jdk-20\bin\server

VM Arguments:
jvm_args: -Dfile.encoding=UTF-8 --module-path=C:\Users\rg097\Documents\NetBeansProjects\bank management system\build\classes 
java_command: bank.management.system.Login
java_class_path (initial): D:\java\jcalendar-tz-1.3.3-4.jar;D:\mysql-connector-java-8.0.28.jar;C:\Users\rg097\Documents\NetBeansProjects\bank management system\build\classes
Launcher Type: SUN_STANDARD

[Global flags]
     intx CICompilerCount                          = 2                                         {product} {ergonomic}
     uint ConcGCThreads                            = 1                                         {product} {ergonomic}
     uint G1ConcRefinementThreads                  = 2                                         {product} {ergonomic}
   size_t G1HeapRegionSize                         = 1048576                                   {product} {ergonomic}
    uintx GCDrainStackTargetSize                   = 64                                        {product} {ergonomic}
   size_t InitialHeapSize                          = 100663296                                 {product} {ergonomic}
   size_t MarkStackSize                            = 4194304                                   {product} {ergonomic}
   size_t MaxHeapSize                              = 1581252608                                {product} {ergonomic}
   size_t MinHeapDeltaBytes                        = 1048576                                   {product} {ergonomic}
   size_t MinHeapSize                              = 8388608                                   {product} {ergonomic}
    uintx NonNMethodCodeHeapSize                   = 5826188                                {pd product} {ergonomic}
    uintx NonProfiledCodeHeapSize                  = 122916026                              {pd product} {ergonomic}
    uintx ProfiledCodeHeapSize                     = 122916026                              {pd product} {ergonomic}
    uintx ReservedCodeCacheSize                    = 251658240                              {pd product} {ergonomic}
     bool SegmentedCodeCache                       = true                                      {product} {ergonomic}
   size_t SoftMaxHeapSize                          = 1581252608                             {manageable} {ergonomic}
     bool UseCompressedClassPointers               = true                           {product lp64_product} {ergonomic}
     bool UseCompressedOops                        = true                           {product lp64_product} {ergonomic}
     bool UseG1GC                                  = true                                      {product} {ergonomic}
     bool UseLargePagesIndividualAllocation        = false                                  {pd product} {ergonomic}

Logging:
Log output configuration:
 #0: stdout all=warning uptime,level,tags foldmultilines=false
 #1: stderr all=off uptime,level,tags foldmultilines=false

Environment Variables:
PATH=C:\Program Files\Common Files\Oracle\Java\javapath;C:\WINDOWS\system32;C:\WINDOWS;C:\WINDOWS\System32\Wbem;C:\WINDOWS\System32\WindowsPowerShell\v1.0\;C:\WINDOWS\System32\OpenSSH\;C:\Program Files\dotnet\;C:\Program Files\Java\jdk-17\bin;C:\Program Files\MySQL\MySQL Shell 8.0\bin\;C:\Users\rg097\AppData\Local\Programs\Python\Launcher\;C:\Users\rg097\AppData\Local\Microsoft\WindowsApps;;C:\Users\rg097\AppData\Local\Programs\Microsoft VS Code\bin
USERNAME=rg097
OS=Windows_NT
PROCESSOR_IDENTIFIER=AMD64 Family 23 Model 24 Stepping 1, AuthenticAMD
TMP=C:\Users\rg097\AppData\Local\Temp
TEMP=C:\Users\rg097\AppData\Local\Temp




---------------  S Y S T E M  ---------------

OS:
 Windows 11 , 64 bit Build 26100 (10.0.26100.3912)
OS uptime: 2 days 4:18 hours

CPU: total 2 (initial active 2) (2 cores per cpu, 1 threads per core) family 23 model 24 stepping 1 microcode 0x810810d, cx8, cmov, fxsr, mmx, 3dnowpref, sse, sse2, sse3, ssse3, sse4a, sse4.1, sse4.2, popcnt, lzcnt, tsc, tscinvbit, avx, avx2, aes, clmul, bmi1, bmi2, adx, sha, fma, vzeroupper, clflush, clflushopt, rdtscp, f16c

Memory: 4k page, system-wide physical 6030M (840M free)
TotalPageFile size 21030M (AvailPageFile size 7M)
current process WorkingSet (physical memory assigned to process): 12M, peak: 12M
current process commit charge ("private bytes"): 47M, peak: 143M

vm_info: Java HotSpot(TM) 64-Bit Server VM (20.0.1+9-29) for windows-amd64 JRE (20.0.1+9-29), built on 2023-03-07T13:56:11Z by "mach5one" with MS VC++ 17.1 (VS2022)

END.
