#
# There is insufficient memory for the Java Runtime Environment to continue.
# Native memory allocation (malloc) failed to allocate 53608 bytes for Chunk::new
# Possible reasons:
#   The system is out of physical RAM or swap space
#   The process is running with CompressedOops enabled, and the Java Heap may be blocking the growth of the native heap
# Possible solutions:
#   Reduce memory load on the system
#   Increase physical memory or swap space
#   Check if swap backing store is full
#   Decrease Java heap size (-Xmx/-Xms)
#   Decrease number of Java threads
#   Decrease Java thread stack sizes (-Xss)
#   Set larger code cache with -XX:ReservedCodeCacheSize=
#   JVM is running with Unscaled Compressed Oops mode in which the Java heap is
#     placed in the first 4GB address space. The Java Heap base address is the
#     maximum limit for the native heap growth. Please use -XX:HeapBaseMinAddress
#     to set the Java Heap base and to place the Java Heap above 4GB virtual address.
# This output file may be truncated or incomplete.
#
#  Out of Memory Error (arena.cpp:184), pid=10276, tid=14044
#
# JRE version: Java(TM) SE Runtime Environment (20.0.1+9) (build 20.0.1+9-29)
# Java VM: Java HotSpot(TM) 64-Bit Server VM (20.0.1+9-29, mixed mode, sharing, tiered, compressed oops, compressed class ptrs, g1 gc, windows-amd64)
# No core dump will be written. Minidumps are not enabled by default on client versions of Windows
#

---------------  S U M M A R Y ------------

Command Line: -Dfile.encoding=UTF-8 --module-path=C:\Users\rg097\Documents\NetBeansProjects\bank management system\build\classes bank.management.system.Login

Host: AMD Athlon Silver 3050U with Radeon Graphics   , 2 cores, 5G,  Windows 11 , 64 bit Build 26100 (10.0.26100.3912)
Time: Mon May  5 00:36:12 2025 India Standard Time elapsed time: 4.562137 seconds (0d 0h 0m 4s)

---------------  T H R E A D  ---------------

Current thread (0x000001d9ff1fd270):  JavaThread "C2 CompilerThread0" daemon [_thread_in_native, id=14044, stack(0x0000000a98200000,0x0000000a98300000)]


Current CompileTask:
C2:   4562 1265   !   4       sun.font.TrueTypeFont::getTableBuffer (208 bytes)

Stack: [0x0000000a98200000,0x0000000a98300000]
Native frames: (J=compiled Java code, j=interpreted, Vv=VM code, C=native code)
V  [jvm.dll+0x6bb95a]
V  [jvm.dll+0x8485fa]
V  [jvm.dll+0x84a1f5]
V  [jvm.dll+0x84a8f3]
V  [jvm.dll+0x280b0f]
V  [jvm.dll+0xc2b11]
V  [jvm.dll+0xc2e35]
V  [jvm.dll+0x147d91]
V  [jvm.dll+0x14731c]
V  [jvm.dll+0x6c0f40]
V  [jvm.dll+0x24b62a]
V  [jvm.dll+0x24a651]
V  [jvm.dll+0x1ce491]
V  [jvm.dll+0x259e1b]
V  [jvm.dll+0x2584f0]
V  [jvm.dll+0x3f2895]
V  [jvm.dll+0x7f4b56]
V  [jvm.dll+0x6ba5cb]
C  [ucrtbase.dll+0x37b0]
C  [KERNEL32.DLL+0x2e8d7]
C  [ntdll.dll+0x9c5dc]


---------------  P R O C E S S  ---------------

Threads class SMR info:
_java_thread_list=0x000001d99550f400, length=16, elements={
0x000001d9ff1f3a80, 0x000001d9ff1f52d0, 0x000001d9ff1f8a30, 0x000001d9ff1fb380,
0x000001d9ff1fbcc0, 0x000001d9ff1fc600, 0x000001d9ff1fd270, 0x000001d9ff2275f0,
0x000001d9ff1babc0, 0x000001d9ff4f5d60, 0x000001d9ff5a5480, 0x000001d9ff5a5ea0,
0x000001d9ff6c8070, 0x000001d9ff774af0, 0x000001d995475010, 0x000001d9f502c660
}

Java Threads: ( => current thread )
  0x000001d9ff1f3a80 JavaThread "Reference Handler" daemon [_thread_blocked, id=24900, stack(0x0000000a97c00000,0x0000000a97d00000)]
  0x000001d9ff1f52d0 JavaThread "Finalizer" daemon [_thread_blocked, id=25756, stack(0x0000000a97d00000,0x0000000a97e00000)]
  0x000001d9ff1f8a30 JavaThread "Signal Dispatcher" daemon [_thread_blocked, id=24628, stack(0x0000000a97e00000,0x0000000a97f00000)]
  0x000001d9ff1fb380 JavaThread "Attach Listener" daemon [_thread_blocked, id=18040, stack(0x0000000a97f00000,0x0000000a98000000)]
  0x000001d9ff1fbcc0 JavaThread "Service Thread" daemon [_thread_blocked, id=14688, stack(0x0000000a98000000,0x0000000a98100000)]
  0x000001d9ff1fc600 JavaThread "Monitor Deflation Thread" daemon [_thread_blocked, id=4516, stack(0x0000000a98100000,0x0000000a98200000)]
=>0x000001d9ff1fd270 JavaThread "C2 CompilerThread0" daemon [_thread_in_native, id=14044, stack(0x0000000a98200000,0x0000000a98300000)]
  0x000001d9ff2275f0 JavaThread "C1 CompilerThread0" daemon [_thread_blocked, id=21568, stack(0x0000000a98300000,0x0000000a98400000)]
  0x000001d9ff1babc0 JavaThread "Common-Cleaner" daemon [_thread_blocked, id=1600, stack(0x0000000a98400000,0x0000000a98500000)]
  0x000001d9ff4f5d60 JavaThread "Notification Thread" daemon [_thread_blocked, id=12032, stack(0x0000000a98500000,0x0000000a98600000)]
  0x000001d9ff5a5480 JavaThread "Java2D Disposer" daemon [_thread_blocked, id=24136, stack(0x0000000a98700000,0x0000000a98800000)]
  0x000001d9ff5a5ea0 JavaThread "AWT-Shutdown" [_thread_blocked, id=23036, stack(0x0000000a98800000,0x0000000a98900000)]
  0x000001d9ff6c8070 JavaThread "AWT-Windows" daemon [_thread_in_native, id=25776, stack(0x0000000a98900000,0x0000000a98a00000)]
  0x000001d9ff774af0 JavaThread "Image Fetcher 0" daemon [_thread_blocked, id=15320, stack(0x0000000a98c00000,0x0000000a98d00000)]
  0x000001d995475010 JavaThread "AWT-EventQueue-0" [_thread_in_native, id=19116, stack(0x0000000a98e00000,0x0000000a98f00000)]
  0x000001d9f502c660 JavaThread "DestroyJavaVM" [_thread_blocked, id=15072, stack(0x0000000a97500000,0x0000000a97600000)]

Other Threads:
  0x000001d9ff1ce460 VMThread "VM Thread" [stack: 0x0000000a97b00000,0x0000000a97c00000] [id=25552]
  0x000001d9ff4f62b0 WatcherThread "VM Periodic Task Thread" [stack: 0x0000000a98600000,0x0000000a98700000] [id=1448]
  0x000001d9f507a1a0 WorkerThread "GC Thread#0" [stack: 0x0000000a97600000,0x0000000a97700000] [id=4060]
  0x000001d99546da30 WorkerThread "GC Thread#1" [stack: 0x0000000a98d00000,0x0000000a98e00000] [id=21576]
  0x000001d9f5086d30 ConcurrentGCThread "G1 Main Marker" [stack: 0x0000000a97700000,0x0000000a97800000] [id=11636]
  0x000001d9f5087760 WorkerThread "G1 Conc#0" [stack: 0x0000000a97800000,0x0000000a97900000] [id=23356]
  0x000001d9f50e7720 ConcurrentGCThread "G1 Refine#0" [stack: 0x0000000a97900000,0x0000000a97a00000] [id=4220]
  0x000001d9f50e9030 ConcurrentGCThread "G1 Service" [stack: 0x0000000a97a00000,0x0000000a97b00000] [id=4232]

Threads with active compile tasks:
C2 CompilerThread0     4618 1265   !   4       sun.font.TrueTypeFont::getTableBuffer (208 bytes)

VM state: not at safepoint (normal execution)

VM Mutex/Monitor currently owned by a thread: None

Heap address: 0x00000000a1c00000, size: 1508 MB, Compressed Oops mode: 32-bit

CDS archive(s) mapped at: [0x0000000800000000-0x0000000800c60000-0x0000000800c60000), size 12976128, SharedBaseAddress: 0x0000000800000000, ArchiveRelocationMode: 0.
Compressed class space mapped at: 0x0000000801000000-0x0000000841000000, reserved size: 1073741824
Narrow klass base: 0x0000000800000000, Narrow klass shift: 0, Narrow klass range: 0x100000000

GC Precious Log:
 CardTable entry size: 512
 Card Set container configuration: InlinePtr #cards 5 size 8 Array Of Cards #cards 12 size 40 Howl #buckets 4 coarsen threshold 1843 Howl Bitmap #cards 512 size 80 coarsen threshold 460 Card regions per heap region 1 cards per card region 2048
 CPUs: 2 total, 2 available
 Memory: 6030M
 Large Page Support: Disabled
 NUMA Support: Disabled
 Compressed Oops: Enabled (32-bit)
 Heap Region Size: 1M
 Heap Min Capacity: 8M
 Heap Initial Capacity: 96M
 Heap Max Capacity: 1508M
 Pre-touch: Disabled
 Parallel Workers: 2
 Concurrent Workers: 1
 Concurrent Refinement Workers: 2
 Periodic GC: Disabled

Heap:
 garbage-first heap   total 98304K, used 13201K [0x00000000a1c00000, 0x0000000100000000)
  region size 1024K, 9 young (9216K), 1 survivors (1024K)
 Metaspace       used 8114K, committed 8384K, reserved 1114112K
  class space    used 885K, committed 1024K, reserved 1048576K

Heap Regions: E=young(eden), S=young(survivor), O=old, HS=humongous(starts), HC=humongous(continues), CS=collection set, F=free, OA=open archive, CA=closed archive, TAMS=top-at-mark-start, PB=parsable bottom
|   0|0x00000000a1c00000, 0x00000000a1d00000, 0x00000000a1d00000|100%| O|  |TAMS 0x00000000a1c00000| PB 0x00000000a1c00000| Untracked 
|   1|0x00000000a1d00000, 0x00000000a1e00000, 0x00000000a1e00000|100%| O|  |TAMS 0x00000000a1d00000| PB 0x00000000a1d00000| Untracked 
|   2|0x00000000a1e00000, 0x00000000a1f00000, 0x00000000a1f00000|100%|HS|  |TAMS 0x00000000a1e00000| PB 0x00000000a1e00000| Complete 
|   3|0x00000000a1f00000, 0x00000000a2000000, 0x00000000a2000000|100%|HC|  |TAMS 0x00000000a1f00000| PB 0x00000000a1f00000| Complete 
|   4|0x00000000a2000000, 0x00000000a20e4600, 0x00000000a2100000| 89%| O|  |TAMS 0x00000000a2000000| PB 0x00000000a2000000| Untracked 
|   5|0x00000000a2100000, 0x00000000a2100000, 0x00000000a2200000|  0%| F|  |TAMS 0x00000000a2100000| PB 0x00000000a2100000| Untracked 
|   6|0x00000000a2200000, 0x00000000a2200000, 0x00000000a2300000|  0%| F|  |TAMS 0x00000000a2200000| PB 0x00000000a2200000| Untracked 
|   7|0x00000000a2300000, 0x00000000a2300000, 0x00000000a2400000|  0%| F|  |TAMS 0x00000000a2300000| PB 0x00000000a2300000| Untracked 
|   8|0x00000000a2400000, 0x00000000a2400000, 0x00000000a2500000|  0%| F|  |TAMS 0x00000000a2400000| PB 0x00000000a2400000| Untracked 
|   9|0x00000000a2500000, 0x00000000a2500000, 0x00000000a2600000|  0%| F|  |TAMS 0x00000000a2500000| PB 0x00000000a2500000| Untracked 
|  10|0x00000000a2600000, 0x00000000a2600000, 0x00000000a2700000|  0%| F|  |TAMS 0x00000000a2600000| PB 0x00000000a2600000| Untracked 
|  11|0x00000000a2700000, 0x00000000a2700000, 0x00000000a2800000|  0%| F|  |TAMS 0x00000000a2700000| PB 0x00000000a2700000| Untracked 
|  12|0x00000000a2800000, 0x00000000a2800000, 0x00000000a2900000|  0%| F|  |TAMS 0x00000000a2800000| PB 0x00000000a2800000| Untracked 
|  13|0x00000000a2900000, 0x00000000a2900000, 0x00000000a2a00000|  0%| F|  |TAMS 0x00000000a2900000| PB 0x00000000a2900000| Untracked 
|  14|0x00000000a2a00000, 0x00000000a2a00000, 0x00000000a2b00000|  0%| F|  |TAMS 0x00000000a2a00000| PB 0x00000000a2a00000| Untracked 
|  15|0x00000000a2b00000, 0x00000000a2b00000, 0x00000000a2c00000|  0%| F|  |TAMS 0x00000000a2b00000| PB 0x00000000a2b00000| Untracked 
|  16|0x00000000a2c00000, 0x00000000a2c00000, 0x00000000a2d00000|  0%| F|  |TAMS 0x00000000a2c00000| PB 0x00000000a2c00000| Untracked 
|  17|0x00000000a2d00000, 0x00000000a2d00000, 0x00000000a2e00000|  0%| F|  |TAMS 0x00000000a2d00000| PB 0x00000000a2d00000| Untracked 
|  18|0x00000000a2e00000, 0x00000000a2e00000, 0x00000000a2f00000|  0%| F|  |TAMS 0x00000000a2e00000| PB 0x00000000a2e00000| Untracked 
|  19|0x00000000a2f00000, 0x00000000a2f00000, 0x00000000a3000000|  0%| F|  |TAMS 0x00000000a2f00000| PB 0x00000000a2f00000| Untracked 
|  20|0x00000000a3000000, 0x00000000a3000000, 0x00000000a3100000|  0%| F|  |TAMS 0x00000000a3000000| PB 0x00000000a3000000| Untracked 
|  21|0x00000000a3100000, 0x00000000a3100000, 0x00000000a3200000|  0%| F|  |TAMS 0x00000000a3100000| PB 0x00000000a3100000| Untracked 
|  22|0x00000000a3200000, 0x00000000a3200000, 0x00000000a3300000|  0%| F|  |TAMS 0x00000000a3200000| PB 0x00000000a3200000| Untracked 
|  23|0x00000000a3300000, 0x00000000a3300000, 0x00000000a3400000|  0%| F|  |TAMS 0x00000000a3300000| PB 0x00000000a3300000| Untracked 
|  24|0x00000000a3400000, 0x00000000a3400000, 0x00000000a3500000|  0%| F|  |TAMS 0x00000000a3400000| PB 0x00000000a3400000| Untracked 
|  25|0x00000000a3500000, 0x00000000a3500000, 0x00000000a3600000|  0%| F|  |TAMS 0x00000000a3500000| PB 0x00000000a3500000| Untracked 
|  26|0x00000000a3600000, 0x00000000a3600000, 0x00000000a3700000|  0%| F|  |TAMS 0x00000000a3600000| PB 0x00000000a3600000| Untracked 
|  27|0x00000000a3700000, 0x00000000a3700000, 0x00000000a3800000|  0%| F|  |TAMS 0x00000000a3700000| PB 0x00000000a3700000| Untracked 
|  28|0x00000000a3800000, 0x00000000a3800000, 0x00000000a3900000|  0%| F|  |TAMS 0x00000000a3800000| PB 0x00000000a3800000| Untracked 
|  29|0x00000000a3900000, 0x00000000a3900000, 0x00000000a3a00000|  0%| F|  |TAMS 0x00000000a3900000| PB 0x00000000a3900000| Untracked 
|  30|0x00000000a3a00000, 0x00000000a3a00000, 0x00000000a3b00000|  0%| F|  |TAMS 0x00000000a3a00000| PB 0x00000000a3a00000| Untracked 
|  31|0x00000000a3b00000, 0x00000000a3b00000, 0x00000000a3c00000|  0%| F|  |TAMS 0x00000000a3b00000| PB 0x00000000a3b00000| Untracked 
|  32|0x00000000a3c00000, 0x00000000a3c00000, 0x00000000a3d00000|  0%| F|  |TAMS 0x00000000a3c00000| PB 0x00000000a3c00000| Untracked 
|  33|0x00000000a3d00000, 0x00000000a3d00000, 0x00000000a3e00000|  0%| F|  |TAMS 0x00000000a3d00000| PB 0x00000000a3d00000| Untracked 
|  34|0x00000000a3e00000, 0x00000000a3e00000, 0x00000000a3f00000|  0%| F|  |TAMS 0x00000000a3e00000| PB 0x00000000a3e00000| Untracked 
|  35|0x00000000a3f00000, 0x00000000a3f00000, 0x00000000a4000000|  0%| F|  |TAMS 0x00000000a3f00000| PB 0x00000000a3f00000| Untracked 
|  36|0x00000000a4000000, 0x00000000a4000000, 0x00000000a4100000|  0%| F|  |TAMS 0x00000000a4000000| PB 0x00000000a4000000| Untracked 
|  37|0x00000000a4100000, 0x00000000a4100000, 0x00000000a4200000|  0%| F|  |TAMS 0x00000000a4100000| PB 0x00000000a4100000| Untracked 
|  38|0x00000000a4200000, 0x00000000a4200000, 0x00000000a4300000|  0%| F|  |TAMS 0x00000000a4200000| PB 0x00000000a4200000| Untracked 
|  39|0x00000000a4300000, 0x00000000a4300000, 0x00000000a4400000|  0%| F|  |TAMS 0x00000000a4300000| PB 0x00000000a4300000| Untracked 
|  40|0x00000000a4400000, 0x00000000a4400000, 0x00000000a4500000|  0%| F|  |TAMS 0x00000000a4400000| PB 0x00000000a4400000| Untracked 
|  41|0x00000000a4500000, 0x00000000a4500000, 0x00000000a4600000|  0%| F|  |TAMS 0x00000000a4500000| PB 0x00000000a4500000| Untracked 
|  42|0x00000000a4600000, 0x00000000a4600000, 0x00000000a4700000|  0%| F|  |TAMS 0x00000000a4600000| PB 0x00000000a4600000| Untracked 
|  43|0x00000000a4700000, 0x00000000a4700000, 0x00000000a4800000|  0%| F|  |TAMS 0x00000000a4700000| PB 0x00000000a4700000| Untracked 
|  44|0x00000000a4800000, 0x00000000a4800000, 0x00000000a4900000|  0%| F|  |TAMS 0x00000000a4800000| PB 0x00000000a4800000| Untracked 
|  45|0x00000000a4900000, 0x00000000a4900000, 0x00000000a4a00000|  0%| F|  |TAMS 0x00000000a4900000| PB 0x00000000a4900000| Untracked 
|  46|0x00000000a4a00000, 0x00000000a4a00000, 0x00000000a4b00000|  0%| F|  |TAMS 0x00000000a4a00000| PB 0x00000000a4a00000| Untracked 
|  47|0x00000000a4b00000, 0x00000000a4b00000, 0x00000000a4c00000|  0%| F|  |TAMS 0x00000000a4b00000| PB 0x00000000a4b00000| Untracked 
|  48|0x00000000a4c00000, 0x00000000a4c00000, 0x00000000a4d00000|  0%| F|  |TAMS 0x00000000a4c00000| PB 0x00000000a4c00000| Untracked 
|  49|0x00000000a4d00000, 0x00000000a4d00000, 0x00000000a4e00000|  0%| F|  |TAMS 0x00000000a4d00000| PB 0x00000000a4d00000| Untracked 
|  50|0x00000000a4e00000, 0x00000000a4e00000, 0x00000000a4f00000|  0%| F|  |TAMS 0x00000000a4e00000| PB 0x00000000a4e00000| Untracked 
|  51|0x00000000a4f00000, 0x00000000a4f00000, 0x00000000a5000000|  0%| F|  |TAMS 0x00000000a4f00000| PB 0x00000000a4f00000| Untracked 
|  52|0x00000000a5000000, 0x00000000a5000000, 0x00000000a5100000|  0%| F|  |TAMS 0x00000000a5000000| PB 0x00000000a5000000| Untracked 
|  53|0x00000000a5100000, 0x00000000a5100000, 0x00000000a5200000|  0%| F|  |TAMS 0x00000000a5100000| PB 0x00000000a5100000| Untracked 
|  54|0x00000000a5200000, 0x00000000a5200000, 0x00000000a5300000|  0%| F|  |TAMS 0x00000000a5200000| PB 0x00000000a5200000| Untracked 
|  55|0x00000000a5300000, 0x00000000a5300000, 0x00000000a5400000|  0%| F|  |TAMS 0x00000000a5300000| PB 0x00000000a5300000| Untracked 
|  56|0x00000000a5400000, 0x00000000a5400000, 0x00000000a5500000|  0%| F|  |TAMS 0x00000000a5400000| PB 0x00000000a5400000| Untracked 
|  57|0x00000000a5500000, 0x00000000a5500000, 0x00000000a5600000|  0%| F|  |TAMS 0x00000000a5500000| PB 0x00000000a5500000| Untracked 
|  58|0x00000000a5600000, 0x00000000a5600000, 0x00000000a5700000|  0%| F|  |TAMS 0x00000000a5600000| PB 0x00000000a5600000| Untracked 
|  59|0x00000000a5700000, 0x00000000a5700000, 0x00000000a5800000|  0%| F|  |TAMS 0x00000000a5700000| PB 0x00000000a5700000| Untracked 
|  60|0x00000000a5800000, 0x00000000a5800000, 0x00000000a5900000|  0%| F|  |TAMS 0x00000000a5800000| PB 0x00000000a5800000| Untracked 
|  61|0x00000000a5900000, 0x00000000a5900000, 0x00000000a5a00000|  0%| F|  |TAMS 0x00000000a5900000| PB 0x00000000a5900000| Untracked 
|  62|0x00000000a5a00000, 0x00000000a5a00000, 0x00000000a5b00000|  0%| F|  |TAMS 0x00000000a5a00000| PB 0x00000000a5a00000| Untracked 
|  63|0x00000000a5b00000, 0x00000000a5b00000, 0x00000000a5c00000|  0%| F|  |TAMS 0x00000000a5b00000| PB 0x00000000a5b00000| Untracked 
|  64|0x00000000a5c00000, 0x00000000a5c00000, 0x00000000a5d00000|  0%| F|  |TAMS 0x00000000a5c00000| PB 0x00000000a5c00000| Untracked 
|  65|0x00000000a5d00000, 0x00000000a5d00000, 0x00000000a5e00000|  0%| F|  |TAMS 0x00000000a5d00000| PB 0x00000000a5d00000| Untracked 
|  66|0x00000000a5e00000, 0x00000000a5e00000, 0x00000000a5f00000|  0%| F|  |TAMS 0x00000000a5e00000| PB 0x00000000a5e00000| Untracked 
|  67|0x00000000a5f00000, 0x00000000a5f00000, 0x00000000a6000000|  0%| F|  |TAMS 0x00000000a5f00000| PB 0x00000000a5f00000| Untracked 
|  68|0x00000000a6000000, 0x00000000a6000000, 0x00000000a6100000|  0%| F|  |TAMS 0x00000000a6000000| PB 0x00000000a6000000| Untracked 
|  69|0x00000000a6100000, 0x00000000a6100000, 0x00000000a6200000|  0%| F|  |TAMS 0x00000000a6100000| PB 0x00000000a6100000| Untracked 
|  70|0x00000000a6200000, 0x00000000a6200000, 0x00000000a6300000|  0%| F|  |TAMS 0x00000000a6200000| PB 0x00000000a6200000| Untracked 
|  71|0x00000000a6300000, 0x00000000a6300000, 0x00000000a6400000|  0%| F|  |TAMS 0x00000000a6300000| PB 0x00000000a6300000| Untracked 
|  72|0x00000000a6400000, 0x00000000a6400000, 0x00000000a6500000|  0%| F|  |TAMS 0x00000000a6400000| PB 0x00000000a6400000| Untracked 
|  73|0x00000000a6500000, 0x00000000a6500000, 0x00000000a6600000|  0%| F|  |TAMS 0x00000000a6500000| PB 0x00000000a6500000| Untracked 
|  74|0x00000000a6600000, 0x00000000a6600000, 0x00000000a6700000|  0%| F|  |TAMS 0x00000000a6600000| PB 0x00000000a6600000| Untracked 
|  75|0x00000000a6700000, 0x00000000a6700000, 0x00000000a6800000|  0%| F|  |TAMS 0x00000000a6700000| PB 0x00000000a6700000| Untracked 
|  76|0x00000000a6800000, 0x00000000a6800000, 0x00000000a6900000|  0%| F|  |TAMS 0x00000000a6800000| PB 0x00000000a6800000| Untracked 
|  77|0x00000000a6900000, 0x00000000a6900000, 0x00000000a6a00000|  0%| F|  |TAMS 0x00000000a6900000| PB 0x00000000a6900000| Untracked 
|  78|0x00000000a6a00000, 0x00000000a6a00000, 0x00000000a6b00000|  0%| F|  |TAMS 0x00000000a6a00000| PB 0x00000000a6a00000| Untracked 
|  79|0x00000000a6b00000, 0x00000000a6b00000, 0x00000000a6c00000|  0%| F|  |TAMS 0x00000000a6b00000| PB 0x00000000a6b00000| Untracked 
|  80|0x00000000a6c00000, 0x00000000a6c00000, 0x00000000a6d00000|  0%| F|  |TAMS 0x00000000a6c00000| PB 0x00000000a6c00000| Untracked 
|  81|0x00000000a6d00000, 0x00000000a6d00000, 0x00000000a6e00000|  0%| F|  |TAMS 0x00000000a6d00000| PB 0x00000000a6d00000| Untracked 
|  82|0x00000000a6e00000, 0x00000000a6e00000, 0x00000000a6f00000|  0%| F|  |TAMS 0x00000000a6e00000| PB 0x00000000a6e00000| Untracked 
|  83|0x00000000a6f00000, 0x00000000a6f00000, 0x00000000a7000000|  0%| F|  |TAMS 0x00000000a6f00000| PB 0x00000000a6f00000| Untracked 
|  84|0x00000000a7000000, 0x00000000a7000000, 0x00000000a7100000|  0%| F|  |TAMS 0x00000000a7000000| PB 0x00000000a7000000| Untracked 
|  85|0x00000000a7100000, 0x00000000a7100000, 0x00000000a7200000|  0%| F|  |TAMS 0x00000000a7100000| PB 0x00000000a7100000| Untracked 
|  86|0x00000000a7200000, 0x00000000a7200000, 0x00000000a7300000|  0%| F|  |TAMS 0x00000000a7200000| PB 0x00000000a7200000| Untracked 
|  87|0x00000000a7300000, 0x00000000a73233a8, 0x00000000a7400000| 13%| E|  |TAMS 0x00000000a7300000| PB 0x00000000a7300000| Complete 
|  88|0x00000000a7400000, 0x00000000a7500000, 0x00000000a7500000|100%| E|CS|TAMS 0x00000000a7400000| PB 0x00000000a7400000| Complete 
|  89|0x00000000a7500000, 0x00000000a7600000, 0x00000000a7600000|100%| E|CS|TAMS 0x00000000a7500000| PB 0x00000000a7500000| Complete 
|  90|0x00000000a7600000, 0x00000000a7700000, 0x00000000a7700000|100%| E|CS|TAMS 0x00000000a7600000| PB 0x00000000a7600000| Complete 
|  91|0x00000000a7700000, 0x00000000a7800000, 0x00000000a7800000|100%| S|CS|TAMS 0x00000000a7700000| PB 0x00000000a7700000| Complete 
|  92|0x00000000a7800000, 0x00000000a7900000, 0x00000000a7900000|100%| E|CS|TAMS 0x00000000a7800000| PB 0x00000000a7800000| Complete 
|  93|0x00000000a7900000, 0x00000000a7a00000, 0x00000000a7a00000|100%| E|CS|TAMS 0x00000000a7900000| PB 0x00000000a7900000| Complete 
|  94|0x00000000a7a00000, 0x00000000a7b00000, 0x00000000a7b00000|100%| E|CS|TAMS 0x00000000a7a00000| PB 0x00000000a7a00000| Complete 
|  95|0x00000000a7b00000, 0x00000000a7c00000, 0x00000000a7c00000|100%| E|CS|TAMS 0x00000000a7b00000| PB 0x00000000a7b00000| Complete 

Card table byte_map: [0x000001d9fd0e0000,0x000001d9fd3e0000] _byte_map_base: 0x000001d9fcbd2000

Marking Bits: (CMBitMap*) 0x000001d9f507a7d0
 Bits: [0x000001d9fd6e0000, 0x000001d9fee70000)

Polling page: 0x000001d9f46f0000

Metaspace:

Usage:
  Non-class:      7.06 MB used.
      Class:    885.16 KB used.
       Both:      7.92 MB used.

Virtual space:
  Non-class space:       64.00 MB reserved,       7.19 MB ( 11%) committed,  1 nodes.
      Class space:        1.00 GB reserved,       1.00 MB ( <1%) committed,  1 nodes.
             Both:        1.06 GB reserved,       8.19 MB ( <1%) committed. 

Chunk freelists:
   Non-Class:  489.00 KB
       Class:  3.04 MB
        Both:  3.52 MB

MaxMetaspaceSize: unlimited
CompressedClassSpaceSize: 1.00 GB
Initial GC threshold: 21.00 MB
Current GC threshold: 21.00 MB
CDS: on
MetaspaceReclaimPolicy: balanced
 - commit_granule_bytes: 65536.
 - commit_granule_words: 8192.
 - virtual_space_node_default_size: 8388608.
 - enlarge_chunks_in_place: 1.
 - new_chunks_are_fully_committed: 0.
 - uncommit_free_chunks: 1.
 - use_allocation_guard: 0.


Internal statistics:

num_allocs_failed_limit: 0.
num_arena_births: 152.
num_arena_deaths: 0.
num_vsnodes_births: 2.
num_vsnodes_deaths: 0.
num_space_committed: 131.
num_space_uncommitted: 0.
num_chunks_returned_to_freelist: 0.
num_chunks_taken_from_freelist: 196.
num_chunk_merges: 0.
num_chunk_splits: 112.
num_chunks_enlarged: 42.
num_inconsistent_stats: 0.

CodeHeap 'non-profiled nmethods': size=120064Kb used=346Kb max_used=346Kb free=119717Kb
 bounds [0x000001d987ac0000, 0x000001d987d30000, 0x000001d98f000000]
CodeHeap 'profiled nmethods': size=120000Kb used=2157Kb max_used=2157Kb free=117842Kb
 bounds [0x000001d980000000, 0x000001d980270000, 0x000001d987530000]
CodeHeap 'non-nmethods': size=5696Kb used=1646Kb max_used=1646Kb free=4050Kb
 bounds [0x000001d987530000, 0x000001d9877a0000, 0x000001d987ac0000]
 total_blobs=1893 nmethods=1268 adapters=534
 compilation: enabled
              stopped_count=0, restarted_count=0
 full_count=0

Compilation events (20 events):
Event: 4.281 Thread 0x000001d9ff2275f0 1262       3       java.util.HashMap::prepareArray (38 bytes)
Event: 4.281 Thread 0x000001d9ff1fd270 nmethod 1259 0x000001d987b16210 code [0x000001d987b16380, 0x000001d987b16420]
Event: 4.281 Thread 0x000001d9ff1fd270 1260       4       java.nio.Buffer::remaining (20 bytes)
Event: 4.281 Thread 0x000001d9ff2275f0 nmethod 1262 0x000001d980214d10 code [0x000001d980214f00, 0x000001d980215508]
Event: 4.282 Thread 0x000001d9ff1fd270 nmethod 1260 0x000001d987b16510 code [0x000001d987b16680, 0x000001d987b16718]
Event: 4.282 Thread 0x000001d9ff1fd270 1261       4       sun.nio.cs.UnicodeDecoder::decode (24 bytes)
Event: 4.283 Thread 0x000001d9ff1fd270 nmethod 1261 0x000001d987b16810 code [0x000001d987b16980, 0x000001d987b16a30]
Event: 4.283 Thread 0x000001d9ff2275f0 1263   !   3       sun.nio.cs.UnicodeDecoder::decodeLoop (304 bytes)
Event: 4.285 Thread 0x000001d9ff2275f0 nmethod 1263 0x000001d980215710 code [0x000001d980215a80, 0x000001d980217488]
Event: 4.285 Thread 0x000001d9ff2275f0 1264       3       java.util.HashSet::toArray (16 bytes)
Event: 4.285 Thread 0x000001d9ff2275f0 nmethod 1264 0x000001d980217c90 code [0x000001d980217e40, 0x000001d980218050]
Event: 4.286 Thread 0x000001d9ff1fd270 1265   !   4       sun.font.TrueTypeFont::getTableBuffer (208 bytes)
Event: 4.289 Thread 0x000001d9ff2275f0 1266       3       java.lang.StringUTF16::newBytesFor (61 bytes)
Event: 4.291 Thread 0x000001d9ff2275f0 nmethod 1266 0x000001d980218110 code [0x000001d980218360, 0x000001d980218b68]
Event: 4.473 Thread 0x000001d9ff2275f0 1270   !   3       sun.font.TrueTypeFont::getAllFullNames (30 bytes)
Event: 4.537 Thread 0x000001d9ff2275f0 nmethod 1270 0x000001d980218e90 code [0x000001d9802190a0, 0x000001d980219978]
Event: 4.537 Thread 0x000001d9ff2275f0 1272  s    3       sun.font.FontFamily::addLocaleNames (45 bytes)
Event: 4.537 Thread 0x000001d9ff2275f0 nmethod 1272 0x000001d980219c10 code [0x000001d980219e20, 0x000001d98021a6b0]
Event: 4.538 Thread 0x000001d9ff2275f0 1271   !   3       sun.font.TrueTypeFont::getAllFamilyNames (30 bytes)
Event: 4.538 Thread 0x000001d9ff2275f0 nmethod 1271 0x000001d98021a990 code [0x000001d98021aba0, 0x000001d98021b478]

GC Heap History (4 events):
Event: 1.907 GC heap before
{Heap before GC invocations=0 (full 0):
 garbage-first heap   total 98304K, used 6144K [0x00000000a1c00000, 0x0000000100000000)
  region size 1024K, 6 young (6144K), 0 survivors (0K)
 Metaspace       used 4641K, committed 4864K, reserved 1114112K
  class space    used 488K, committed 640K, reserved 1048576K
}
Event: 1.994 GC heap after
{Heap after GC invocations=1 (full 0):
 garbage-first heap   total 98304K, used 2432K [0x00000000a1c00000, 0x0000000100000000)
  region size 1024K, 1 young (1024K), 1 survivors (1024K)
 Metaspace       used 4641K, committed 4864K, reserved 1114112K
  class space    used 488K, committed 640K, reserved 1048576K
}
Event: 3.484 GC heap before
{Heap before GC invocations=1 (full 0):
 garbage-first heap   total 98304K, used 7552K [0x00000000a1c00000, 0x0000000100000000)
  region size 1024K, 5 young (5120K), 1 survivors (1024K)
 Metaspace       used 7982K, committed 8256K, reserved 1114112K
  class space    used 884K, committed 1024K, reserved 1048576K
}
Event: 3.496 GC heap after
{Heap after GC invocations=2 (full 0):
 garbage-first heap   total 98304K, used 6033K [0x00000000a1c00000, 0x0000000100000000)
  region size 1024K, 1 young (1024K), 1 survivors (1024K)
 Metaspace       used 7982K, committed 8256K, reserved 1114112K
  class space    used 884K, committed 1024K, reserved 1048576K
}

Dll operation events (10 events):
Event: 0.033 Loaded shared library C:\Program Files\Java\jdk-20\bin\java.dll
Event: 0.147 Loaded shared library C:\Program Files\Java\jdk-20\bin\jsvml.dll
Event: 0.488 Loaded shared library C:\Program Files\Java\jdk-20\bin\net.dll
Event: 0.497 Loaded shared library C:\Program Files\Java\jdk-20\bin\nio.dll
Event: 0.594 Loaded shared library C:\Program Files\Java\jdk-20\bin\zip.dll
Event: 0.640 Loaded shared library C:\Program Files\Java\jdk-20\bin\jimage.dll
Event: 0.752 Loaded shared library C:\Program Files\Java\jdk-20\bin\awt.dll
Event: 2.012 Loaded shared library C:\Program Files\Java\jdk-20\bin\javajpeg.dll
Event: 2.485 Loaded shared library C:\Program Files\Java\jdk-20\bin\freetype.dll
Event: 2.493 Loaded shared library C:\Program Files\Java\jdk-20\bin\fontmanager.dll

Deoptimization events (20 events):
Event: 2.393 Thread 0x000001d9ff6c8070 Uncommon trap: trap_request=0xffffff45 fr.pc=0x000001d987af6224 relative=0x0000000000000104
Event: 2.393 Thread 0x000001d9ff6c8070 Uncommon trap: reason=unstable_if action=reinterpret pc=0x000001d987af6224 method=java.util.concurrent.locks.ReentrantLock$Sync.tryRelease(I)Z @ 26 c2
Event: 2.393 Thread 0x000001d9ff6c8070 DEOPT PACKING pc=0x000001d987af6224 sp=0x0000000a989fd7e0
Event: 2.393 Thread 0x000001d9ff6c8070 DEOPT UNPACKING pc=0x000001d987599d22 sp=0x0000000a989fd6c0 mode 2
Event: 2.577 Thread 0x000001d9f502c660 Uncommon trap: trap_request=0xffffff45 fr.pc=0x000001d987af0ed4 relative=0x00000000000001d4
Event: 2.577 Thread 0x000001d9f502c660 Uncommon trap: reason=unstable_if action=reinterpret pc=0x000001d987af0ed4 method=java.lang.StringUTF16.compress([CI[BII)I @ 20 c2
Event: 2.577 Thread 0x000001d9f502c660 DEOPT PACKING pc=0x000001d987af0ed4 sp=0x0000000a975fda60
Event: 2.578 Thread 0x000001d9f502c660 DEOPT UNPACKING pc=0x000001d987599d22 sp=0x0000000a975fd9d0 mode 2
Event: 2.612 Thread 0x000001d9f502c660 DEOPT PACKING pc=0x000001d98001d5d7 sp=0x0000000a975fdbb0
Event: 2.612 Thread 0x000001d9f502c660 DEOPT UNPACKING pc=0x000001d98759a4c2 sp=0x0000000a975fcfd0 mode 0
Event: 3.045 Thread 0x000001d995475010 DEOPT PACKING pc=0x000001d98001d5d7 sp=0x0000000a98efd040
Event: 3.045 Thread 0x000001d995475010 DEOPT UNPACKING pc=0x000001d98759a4c2 sp=0x0000000a98efc460 mode 0
Event: 4.235 Thread 0x000001d995475010 Uncommon trap: trap_request=0xffffff45 fr.pc=0x000001d987acb12c relative=0x00000000000001ac
Event: 4.235 Thread 0x000001d995475010 Uncommon trap: reason=unstable_if action=reinterpret pc=0x000001d987acb12c method=java.lang.String.isLatin1()Z @ 10 c2
Event: 4.235 Thread 0x000001d995475010 DEOPT PACKING pc=0x000001d987acb12c sp=0x0000000a98efd4b0
Event: 4.235 Thread 0x000001d995475010 DEOPT UNPACKING pc=0x000001d987599d22 sp=0x0000000a98efd3e0 mode 2
Event: 4.280 Thread 0x000001d995475010 Uncommon trap: trap_request=0xffffff45 fr.pc=0x000001d987b14d64 relative=0x00000000000003c4
Event: 4.280 Thread 0x000001d995475010 Uncommon trap: reason=unstable_if action=reinterpret pc=0x000001d987b14d64 method=java.lang.Character.isSurrogate(C)Z @ 3 c2
Event: 4.280 Thread 0x000001d995475010 DEOPT PACKING pc=0x000001d987b14d64 sp=0x0000000a98efd1a0
Event: 4.280 Thread 0x000001d995475010 DEOPT UNPACKING pc=0x000001d987599d22 sp=0x0000000a98efd0b8 mode 2

Classes loaded (20 events):
Event: 2.925 Loading class javax/swing/event/ChangeEvent
Event: 2.925 Loading class javax/swing/event/ChangeEvent done
Event: 2.925 Loading class java/applet/Applet
Event: 2.926 Loading class java/awt/Panel
Event: 2.926 Loading class java/awt/Panel done
Event: 2.926 Loading class java/applet/Applet done
Event: 2.926 Loading class sun/font/SunFontManager$FamilyDescription
Event: 2.927 Loading class sun/font/SunFontManager$FamilyDescription done
Event: 2.961 Loading class java/security/PrivilegedActionException
Event: 2.962 Loading class java/security/PrivilegedActionException done
Event: 2.963 Loading class java/awt/FontFormatException
Event: 2.963 Loading class java/awt/FontFormatException done
Event: 2.972 Loading class sun/font/SunFontManager$3
Event: 2.972 Loading class sun/font/SunFontManager$3 done
Event: 3.052 Loading class sun/font/SunFontManager$8
Event: 3.052 Loading class sun/font/SunFontManager$8 done
Event: 3.054 Loading class sun/font/SunFontManager$9
Event: 3.054 Loading class sun/font/SunFontManager$9 done
Event: 4.240 Loading class java/lang/foreign/MemorySegment
Event: 4.242 Loading class java/lang/foreign/MemorySegment done

Classes unloaded (0 events):
No events

Classes redefined (0 events):
No events

Internal exceptions (20 events):
Event: 2.964 Thread 0x000001d995475010 Exception <a 'java/io/FileNotFoundException'{0x00000000a79c4e00}> (0x00000000a79c4e00) 
thrown [s\open\src\hotspot\share\prims\jni.cpp, line 519]
Event: 2.964 Thread 0x000001d995475010 Exception <a 'java/io/FileNotFoundException'{0x00000000a79c67f0}> (0x00000000a79c67f0) 
thrown [s\open\src\hotspot\share\prims\jni.cpp, line 519]
Event: 2.965 Thread 0x000001d995475010 Exception <a 'java/io/FileNotFoundException'{0x00000000a79c8440}> (0x00000000a79c8440) 
thrown [s\open\src\hotspot\share\prims\jni.cpp, line 519]
Event: 2.965 Thread 0x000001d995475010 Exception <a 'java/io/FileNotFoundException'{0x00000000a79c9e08}> (0x00000000a79c9e08) 
thrown [s\open\src\hotspot\share\prims\jni.cpp, line 519]
Event: 2.965 Thread 0x000001d995475010 Exception <a 'java/io/FileNotFoundException'{0x00000000a79cbae0}> (0x00000000a79cbae0) 
thrown [s\open\src\hotspot\share\prims\jni.cpp, line 519]
Event: 2.965 Thread 0x000001d995475010 Exception <a 'java/io/FileNotFoundException'{0x00000000a79cd508}> (0x00000000a79cd508) 
thrown [s\open\src\hotspot\share\prims\jni.cpp, line 519]
Event: 2.968 Thread 0x000001d995475010 Exception <a 'java/io/FileNotFoundException'{0x00000000a79d0cd8}> (0x00000000a79d0cd8) 
thrown [s\open\src\hotspot\share\prims\jni.cpp, line 519]
Event: 2.968 Thread 0x000001d995475010 Exception <a 'java/io/FileNotFoundException'{0x00000000a79d2710}> (0x00000000a79d2710) 
thrown [s\open\src\hotspot\share\prims\jni.cpp, line 519]
Event: 2.969 Thread 0x000001d995475010 Exception <a 'java/io/FileNotFoundException'{0x00000000a79d43c8}> (0x00000000a79d43c8) 
thrown [s\open\src\hotspot\share\prims\jni.cpp, line 519]
Event: 2.982 Thread 0x000001d995475010 Exception <a 'java/io/FileNotFoundException'{0x00000000a79eb870}> (0x00000000a79eb870) 
thrown [s\open\src\hotspot\share\prims\jni.cpp, line 519]
Event: 2.982 Thread 0x000001d995475010 Exception <a 'java/io/FileNotFoundException'{0x00000000a79ed500}> (0x00000000a79ed500) 
thrown [s\open\src\hotspot\share\prims\jni.cpp, line 519]
Event: 2.983 Thread 0x000001d995475010 Exception <a 'java/io/FileNotFoundException'{0x00000000a79eeef8}> (0x00000000a79eeef8) 
thrown [s\open\src\hotspot\share\prims\jni.cpp, line 519]
Event: 2.983 Thread 0x000001d995475010 Exception <a 'java/io/FileNotFoundException'{0x00000000a79f0b28}> (0x00000000a79f0b28) 
thrown [s\open\src\hotspot\share\prims\jni.cpp, line 519]
Event: 2.983 Thread 0x000001d995475010 Exception <a 'java/io/FileNotFoundException'{0x00000000a79f24e0}> (0x00000000a79f24e0) 
thrown [s\open\src\hotspot\share\prims\jni.cpp, line 519]
Event: 2.983 Thread 0x000001d995475010 Exception <a 'java/io/FileNotFoundException'{0x00000000a79f3ea8}> (0x00000000a79f3ea8) 
thrown [s\open\src\hotspot\share\prims\jni.cpp, line 519]
Event: 2.983 Thread 0x000001d995475010 Exception <a 'java/io/FileNotFoundException'{0x00000000a79f5c10}> (0x00000000a79f5c10) 
thrown [s\open\src\hotspot\share\prims\jni.cpp, line 519]
Event: 2.986 Thread 0x000001d995475010 Exception <a 'java/io/FileNotFoundException'{0x00000000a79f94c8}> (0x00000000a79f94c8) 
thrown [s\open\src\hotspot\share\prims\jni.cpp, line 519]
Event: 2.991 Thread 0x000001d995475010 Exception <a 'java/io/FileNotFoundException'{0x00000000a79fca48}> (0x00000000a79fca48) 
thrown [s\open\src\hotspot\share\prims\jni.cpp, line 519]
Event: 2.991 Thread 0x000001d995475010 Exception <a 'java/io/FileNotFoundException'{0x00000000a79fe6c8}> (0x00000000a79fe6c8) 
thrown [s\open\src\hotspot\share\prims\jni.cpp, line 519]
Event: 2.991 Thread 0x000001d995475010 Exception <a 'java/io/FileNotFoundException'{0x00000000a7800388}> (0x00000000a7800388) 
thrown [s\open\src\hotspot\share\prims\jni.cpp, line 519]

VM Operations (18 events):
Event: 0.520 Executing VM operation: HandshakeAllThreads
Event: 0.520 Executing VM operation: HandshakeAllThreads done
Event: 0.929 Executing VM operation: HandshakeAllThreads
Event: 0.929 Executing VM operation: HandshakeAllThreads done
Event: 1.874 Executing VM operation: HandshakeAllThreads
Event: 1.874 Executing VM operation: HandshakeAllThreads done
Event: 1.874 Executing VM operation: Cleanup
Event: 1.874 Executing VM operation: Cleanup done
Event: 1.907 Executing VM operation: G1CollectForAllocation
Event: 1.994 Executing VM operation: G1CollectForAllocation done
Event: 2.173 Executing VM operation: HandshakeAllThreads
Event: 2.173 Executing VM operation: HandshakeAllThreads done
Event: 3.187 Executing VM operation: Cleanup
Event: 3.187 Executing VM operation: Cleanup done
Event: 3.484 Executing VM operation: G1CollectForAllocation
Event: 3.496 Executing VM operation: G1CollectForAllocation done
Event: 4.505 Executing VM operation: Cleanup
Event: 4.551 Executing VM operation: Cleanup done

Events (18 events):
Event: 0.147 Thread 0x000001d9f502c660 Thread added: 0x000001d9f502c660
Event: 0.305 Thread 0x000001d9ff1f3a80 Thread added: 0x000001d9ff1f3a80
Event: 0.310 Thread 0x000001d9ff1f52d0 Thread added: 0x000001d9ff1f52d0
Event: 0.320 Thread 0x000001d9ff1f8a30 Thread added: 0x000001d9ff1f8a30
Event: 0.321 Thread 0x000001d9ff1fb380 Thread added: 0x000001d9ff1fb380
Event: 0.321 Thread 0x000001d9ff1fbcc0 Thread added: 0x000001d9ff1fbcc0
Event: 0.321 Thread 0x000001d9ff1fc600 Thread added: 0x000001d9ff1fc600
Event: 0.321 Thread 0x000001d9ff1fd270 Thread added: 0x000001d9ff1fd270
Event: 0.339 Thread 0x000001d9ff2275f0 Thread added: 0x000001d9ff2275f0
Event: 0.440 Thread 0x000001d9ff1babc0 Thread added: 0x000001d9ff1babc0
Event: 0.575 Thread 0x000001d9ff4f5d60 Thread added: 0x000001d9ff4f5d60
Event: 1.132 Thread 0x000001d9ff5a5480 Thread added: 0x000001d9ff5a5480
Event: 1.140 Thread 0x000001d9ff5a5ea0 Thread added: 0x000001d9ff5a5ea0
Event: 1.147 Thread 0x000001d9ff6c8070 Thread added: 0x000001d9ff6c8070
Event: 1.717 Thread 0x000001d9ff774af0 Thread added: 0x000001d9ff774af0
Event: 2.393 Thread 0x000001d995475010 Thread added: 0x000001d995475010
Event: 2.822 Thread 0x000001d9f502c660 Thread exited: 0x000001d9f502c660
Event: 2.822 Thread 0x000001d9f502c660 Thread added: 0x000001d9f502c660


Dynamic libraries:
0x00007ff605ba0000 - 0x00007ff605bb0000 	C:\Program Files\Java\jdk-20\bin\java.exe
0x00007ffea7800000 - 0x00007ffea7a66000 	C:\WINDOWS\SYSTEM32\ntdll.dll
0x00007ffea6e20000 - 0x00007ffea6ee9000 	C:\WINDOWS\System32\KERNEL32.DLL
0x00007ffea51f0000 - 0x00007ffea55bc000 	C:\WINDOWS\System32\KERNELBASE.dll
0x00007ffea50a0000 - 0x00007ffea51eb000 	C:\WINDOWS\System32\ucrtbase.dll
0x00007ffe94c30000 - 0x00007ffe94c49000 	C:\Program Files\Java\jdk-20\bin\jli.dll
0x00007ffea7700000 - 0x00007ffea77b2000 	C:\WINDOWS\System32\ADVAPI32.dll
0x00007ffea7230000 - 0x00007ffea72d9000 	C:\WINDOWS\System32\msvcrt.dll
0x00007ffea66d0000 - 0x00007ffea6776000 	C:\WINDOWS\System32\sechost.dll
0x00007ffea75e0000 - 0x00007ffea76f6000 	C:\WINDOWS\System32\RPCRT4.dll
0x00007ffea7410000 - 0x00007ffea75da000 	C:\WINDOWS\System32\USER32.dll
0x00007ffea5070000 - 0x00007ffea5097000 	C:\WINDOWS\System32\win32u.dll
0x00007ffea6b10000 - 0x00007ffea6b3b000 	C:\WINDOWS\System32\GDI32.dll
0x00007ffea4db0000 - 0x00007ffea4ee2000 	C:\WINDOWS\System32\gdi32full.dll
0x00007ffea4ae0000 - 0x00007ffea4b83000 	C:\WINDOWS\System32\msvcp_win.dll
0x00007ffe9f450000 - 0x00007ffe9f46b000 	C:\Program Files\Java\jdk-20\bin\VCRUNTIME140.dll
0x00007ffe8d530000 - 0x00007ffe8d7ca000 	C:\WINDOWS\WinSxS\amd64_microsoft.windows.common-controls_6595b64144ccf1df_6.0.26100.3912_none_3e07963ce335137e\COMCTL32.dll
0x00007ffe9e990000 - 0x00007ffe9e99b000 	C:\WINDOWS\SYSTEM32\VERSION.dll
0x00007ffea7060000 - 0x00007ffea7090000 	C:\WINDOWS\System32\IMM32.DLL
0x00007ffe9ba40000 - 0x00007ffe9ba4c000 	C:\Program Files\Java\jdk-20\bin\vcruntime140_1.dll
0x00007ffe923f0000 - 0x00007ffe9247e000 	C:\Program Files\Java\jdk-20\bin\msvcp140.dll
0x00007ffe371f0000 - 0x00007ffe37e87000 	C:\Program Files\Java\jdk-20\bin\server\jvm.dll
0x00007ffea1920000 - 0x00007ffea192a000 	C:\WINDOWS\SYSTEM32\WSOCK32.dll
0x00007ffea6cf0000 - 0x00007ffea6d64000 	C:\WINDOWS\System32\WS2_32.dll
0x00007ffe9e950000 - 0x00007ffe9e986000 	C:\WINDOWS\SYSTEM32\WINMM.dll
0x00007ffea3750000 - 0x00007ffea376a000 	C:\WINDOWS\SYSTEM32\kernel.appcore.dll
0x00007ffe98170000 - 0x00007ffe9817a000 	C:\Program Files\Java\jdk-20\bin\jimage.dll
0x00007ffe992e0000 - 0x00007ffe99521000 	C:\WINDOWS\SYSTEM32\DBGHELP.DLL
0x00007ffea6780000 - 0x00007ffea6b04000 	C:\WINDOWS\System32\combase.dll
0x00007ffea55c0000 - 0x00007ffea56a0000 	C:\WINDOWS\System32\OLEAUT32.dll
0x00007ffe89130000 - 0x00007ffe89169000 	C:\WINDOWS\SYSTEM32\dbgcore.DLL
0x00007ffea4b90000 - 0x00007ffea4c29000 	C:\WINDOWS\System32\bcryptPrimitives.dll
0x00007ffe98050000 - 0x00007ffe98076000 	C:\Program Files\Java\jdk-20\bin\java.dll
0x00007ffe93f00000 - 0x00007ffe93fd7000 	C:\Program Files\Java\jdk-20\bin\jsvml.dll
0x00007ffea5b10000 - 0x00007ffea623d000 	C:\WINDOWS\System32\SHELL32.dll
0x00007ffea4ef0000 - 0x00007ffea5064000 	C:\WINDOWS\System32\wintypes.dll
0x00007ffea2640000 - 0x00007ffea2e96000 	C:\WINDOWS\SYSTEM32\windows.storage.dll
0x00007ffea5830000 - 0x00007ffea591f000 	C:\WINDOWS\System32\SHCORE.dll
0x00007ffea7340000 - 0x00007ffea73a9000 	C:\WINDOWS\System32\shlwapi.dll
0x00007ffea4870000 - 0x00007ffea489f000 	C:\WINDOWS\SYSTEM32\profapi.dll
0x00007ffe955b0000 - 0x00007ffe955c3000 	C:\Program Files\Java\jdk-20\bin\net.dll
0x00007ffe9a290000 - 0x00007ffe9a3ae000 	C:\WINDOWS\SYSTEM32\WINHTTP.dll
0x00007ffea3cc0000 - 0x00007ffea3d2a000 	C:\WINDOWS\system32\mswsock.dll
0x00007ffe94cb0000 - 0x00007ffe94cc6000 	C:\Program Files\Java\jdk-20\bin\nio.dll
0x00007ffe94500000 - 0x00007ffe94518000 	C:\Program Files\Java\jdk-20\bin\zip.dll
0x00007ffe432a0000 - 0x00007ffe43431000 	C:\Program Files\Java\jdk-20\bin\awt.dll
0x00007ffea1a40000 - 0x00007ffea1ade000 	C:\WINDOWS\SYSTEM32\apphelp.dll
0x00007ffea1fa0000 - 0x00007ffea1fd6000 	C:\WINDOWS\system32\DWMAPI.DLL
0x00007ffea1c10000 - 0x00007ffea1cbf000 	C:\WINDOWS\system32\uxtheme.dll
0x00007ffe3e920000 - 0x00007ffe3ea2c000 	C:\WINDOWS\system32\opengl32.dll
0x00007ffe407e0000 - 0x00007ffe4080d000 	C:\WINDOWS\SYSTEM32\GLU32.dll
0x00007ffea1f50000 - 0x00007ffea1f97000 	C:\WINDOWS\SYSTEM32\dxcore.dll
0x00007ffea56c0000 - 0x00007ffea581f000 	C:\WINDOWS\System32\MSCTF.dll
0x00007ffea6b40000 - 0x00007ffea6cdf000 	C:\WINDOWS\System32\ole32.dll
0x00007ffe408f0000 - 0x00007ffe40aa5000 	C:\WINDOWS\system32\d3d9.dll
0x00007ffe9e9a0000 - 0x00007ffe9eb5b000 	C:\WINDOWS\System32\DriverStore\FileRepository\u0402605.inf_amd64_436c7d82eab5c303\B399655\aticfx64.dll
0x00007ffe935e0000 - 0x00007ffe93614000 	C:\WINDOWS\System32\DriverStore\FileRepository\u0402605.inf_amd64_436c7d82eab5c303\B399655\atiu9p64.dll
0x00007ffe34bc0000 - 0x00007ffe35907000 	C:\WINDOWS\System32\DriverStore\FileRepository\u0402605.inf_amd64_436c7d82eab5c303\B399655\atiumd64.dll
0x0000000073230000 - 0x0000000074143000 	C:\WINDOWS\System32\DriverStore\FileRepository\u0402605.inf_amd64_436c7d82eab5c303\B399655\atiumd6a.dll
0x00007ffea6240000 - 0x00007ffea66c6000 	C:\WINDOWS\System32\SETUPAPI.dll
0x00007ffea47e0000 - 0x00007ffea483e000 	C:\WINDOWS\SYSTEM32\POWRPROF.dll
0x00007ffea47c0000 - 0x00007ffea47d4000 	C:\WINDOWS\SYSTEM32\UMPDC.dll
0x00007ffe9c940000 - 0x00007ffe9c975000 	C:\WINDOWS\SYSTEM32\amdihk64.dll
0x00007ffea1d60000 - 0x00007ffea1dc0000 	C:\WINDOWS\SYSTEM32\directxdatabasehelper.dll
0x00007ffe94c00000 - 0x00007ffe94c2e000 	C:\Program Files\Java\jdk-20\bin\javajpeg.dll
0x00007ffe91fa0000 - 0x00007ffe92026000 	C:\Program Files\Java\jdk-20\bin\freetype.dll
0x00007ffe718e0000 - 0x00007ffe719a6000 	C:\Program Files\Java\jdk-20\bin\fontmanager.dll
0x00007ffea6d70000 - 0x00007ffea6e18000 	C:\WINDOWS\System32\clbcatq.dll
0x00007ffea00d0000 - 0x00007ffea030a000 	C:\WINDOWS\SYSTEM32\WindowsCodecs.dll
0x00007ffe77e90000 - 0x00007ffe77eea000 	C:\WINDOWS\system32\dataexchange.dll
0x00007ffe9c500000 - 0x00007ffe9c73c000 	C:\WINDOWS\system32\twinapi.appcore.dll
0x00007ffe96830000 - 0x00007ffe9697d000 	C:\WINDOWS\SYSTEM32\textinputframework.dll

dbghelp: loaded successfully - version: 4.0.5 - missing functions: none
symbol engine: initialized successfully - sym options: 0x614 - pdb path: .;C:\Program Files\Java\jdk-20\bin;C:\WINDOWS\SYSTEM32;C:\WINDOWS\WinSxS\amd64_microsoft.windows.common-controls_6595b64144ccf1df_6.0.26100.3912_none_3e07963ce335137e;C:\Program Files\Java\jdk-20\bin\server;C:\WINDOWS\System32\DriverStore\FileRepository\u0402605.inf_amd64_436c7d82eab5c303\B399655

VM Arguments:
jvm_args: -Dfile.encoding=UTF-8 --module-path=C:\Users\rg097\Documents\NetBeansProjects\bank management system\build\classes 
java_command: bank.management.system.Login
java_class_path (initial): D:\java\jcalendar-tz-1.3.3-4.jar;D:\mysql-connector-java-8.0.28.jar;C:\Users\rg097\Documents\NetBeansProjects\bank management system\build\classes
Launcher Type: SUN_STANDARD

[Global flags]
     intx CICompilerCount                          = 2                                         {product} {ergonomic}
     uint ConcGCThreads                            = 1                                         {product} {ergonomic}
     uint G1ConcRefinementThreads                  = 2                                         {product} {ergonomic}
   size_t G1HeapRegionSize                         = 1048576                                   {product} {ergonomic}
    uintx GCDrainStackTargetSize                   = 64                                        {product} {ergonomic}
   size_t InitialHeapSize                          = 100663296                                 {product} {ergonomic}
   size_t MarkStackSize                            = 4194304                                   {product} {ergonomic}
   size_t MaxHeapSize                              = 1581252608                                {product} {ergonomic}
   size_t MaxNewSize                               = 947912704                                 {product} {ergonomic}
   size_t MinHeapDeltaBytes                        = 1048576                                   {product} {ergonomic}
   size_t MinHeapSize                              = 8388608                                   {product} {ergonomic}
    uintx NonNMethodCodeHeapSize                   = 5826188                                {pd product} {ergonomic}
    uintx NonProfiledCodeHeapSize                  = 122916026                              {pd product} {ergonomic}
    uintx ProfiledCodeHeapSize                     = 122916026                              {pd product} {ergonomic}
    uintx ReservedCodeCacheSize                    = 251658240                              {pd product} {ergonomic}
     bool SegmentedCodeCache                       = true                                      {product} {ergonomic}
   size_t SoftMaxHeapSize                          = 1581252608                             {manageable} {ergonomic}
     bool UseCompressedClassPointers               = true                           {product lp64_product} {ergonomic}
     bool UseCompressedOops                        = true                           {product lp64_product} {ergonomic}
     bool UseG1GC                                  = true                                      {product} {ergonomic}
     bool UseLargePagesIndividualAllocation        = false                                  {pd product} {ergonomic}

Logging:
Log output configuration:
 #0: stdout all=warning uptime,level,tags foldmultilines=false
 #1: stderr all=off uptime,level,tags foldmultilines=false

Environment Variables:
PATH=C:\Program Files\Common Files\Oracle\Java\javapath;C:\WINDOWS\system32;C:\WINDOWS;C:\WINDOWS\System32\Wbem;C:\WINDOWS\System32\WindowsPowerShell\v1.0\;C:\WINDOWS\System32\OpenSSH\;C:\Program Files\dotnet\;C:\Program Files\Java\jdk-17\bin;C:\Program Files\MySQL\MySQL Shell 8.0\bin\;C:\Users\rg097\AppData\Local\Programs\Python\Launcher\;C:\Users\rg097\AppData\Local\Microsoft\WindowsApps;;C:\Users\rg097\AppData\Local\Programs\Microsoft VS Code\bin
USERNAME=rg097
OS=Windows_NT
PROCESSOR_IDENTIFIER=AMD64 Family 23 Model 24 Stepping 1, AuthenticAMD
TMP=C:\Users\rg097\AppData\Local\Temp
TEMP=C:\Users\rg097\AppData\Local\Temp




---------------  S Y S T E M  ---------------

OS:
 Windows 11 , 64 bit Build 26100 (10.0.26100.3912)
OS uptime: 2 days 7:21 hours

CPU: total 2 (initial active 2) (2 cores per cpu, 1 threads per core) family 23 model 24 stepping 1 microcode 0x810810d, cx8, cmov, fxsr, mmx, 3dnowpref, sse, sse2, sse3, ssse3, sse4a, sse4.1, sse4.2, popcnt, lzcnt, tsc, tscinvbit, avx, avx2, aes, clmul, bmi1, bmi2, adx, sha, fma, vzeroupper, clflush, clflushopt, rdtscp, f16c

Memory: 4k page, system-wide physical 6030M (343M free)
TotalPageFile size 21030M (AvailPageFile size 4M)
current process WorkingSet (physical memory assigned to process): 83M, peak: 83M
current process commit charge ("private bytes"): 196M, peak: 196M

vm_info: Java HotSpot(TM) 64-Bit Server VM (20.0.1+9-29) for windows-amd64 JRE (20.0.1+9-29), built on 2023-03-07T13:56:11Z by "mach5one" with MS VC++ 17.1 (VS2022)

END.
