#
# There is insufficient memory for the Java Runtime Environment to continue.
# Native memory allocation (mmap) failed to map 65536 bytes for Failed to commit metaspace.
# Possible reasons:
#   The system is out of physical RAM or swap space
#   The process is running with CompressedOops enabled, and the Java Heap may be blocking the growth of the native heap
# Possible solutions:
#   Reduce memory load on the system
#   Increase physical memory or swap space
#   Check if swap backing store is full
#   Decrease Java heap size (-Xmx/-Xms)
#   Decrease number of Java threads
#   Decrease Java thread stack sizes (-Xss)
#   Set larger code cache with -XX:ReservedCodeCacheSize=
#   JVM is running with Unscaled Compressed Oops mode in which the Java heap is
#     placed in the first 4GB address space. The Java Heap base address is the
#     maximum limit for the native heap growth. Please use -XX:HeapBaseMinAddress
#     to set the Java Heap base and to place the Java Heap above 4GB virtual address.
# This output file may be truncated or incomplete.
#
#  Out of Memory Error (virtualSpaceNode.cpp:110), pid=9804, tid=4724
#
# JRE version: Java(TM) SE Runtime Environment (20.0.1+9) (build 20.0.1+9-29)
# Java VM: Java HotSpot(TM) 64-Bit Server VM (20.0.1+9-29, mixed mode, sharing, tiered, compressed oops, compressed class ptrs, g1 gc, windows-amd64)
# No core dump will be written. Minidumps are not enabled by default on client versions of Windows
#

---------------  S U M M A R Y ------------

Command Line: -Dfile.encoding=UTF-8 --module-path=C:\Users\rg097\Documents\NetBeansProjects\bank management system\build\classes bank.management.system.Login

Host: AMD Athlon Silver 3050U with Radeon Graphics   , 2 cores, 5G,  Windows 11 , 64 bit Build 26100 (10.0.26100.3912)
Time: Mon May  5 00:45:00 2025 India Standard Time elapsed time: 2.400715 seconds (0d 0h 0m 2s)

---------------  T H R E A D  ---------------

Current thread (0x000001dde2394ed0):  JavaThread "AWT-EventQueue-0" [_thread_in_vm, id=4724, stack(0x0000000c75400000,0x0000000c75500000)]

Stack: [0x0000000c75400000,0x0000000c75500000]
Native frames: (J=compiled Java code, j=interpreted, Vv=VM code, C=native code)
V  [jvm.dll+0x6bb95a]
V  [jvm.dll+0x8485fa]
V  [jvm.dll+0x84a1f5]
V  [jvm.dll+0x84a8f3]
V  [jvm.dll+0x280b0f]
V  [jvm.dll+0x84453b]
V  [jvm.dll+0x65fd86]
V  [jvm.dll+0x65fdea]
V  [jvm.dll+0x6626c3]
V  [jvm.dll+0x66258e]
V  [jvm.dll+0x66079e]
V  [jvm.dll+0x27df7c]
V  [jvm.dll+0x7107ed]
V  [jvm.dll+0x7112ef]
V  [jvm.dll+0x3c8207]
V  [jvm.dll+0x3c72a7]
V  [jvm.dll+0x3c7248]
V  [jvm.dll+0x5c1d39]
V  [jvm.dll+0x5c0c14]
V  [jvm.dll+0x3dc020]
V  [jvm.dll+0x3db65f]
C  0x000001ddd163e775

Java frames: (J=compiled Java code, j=interpreted, Vv=VM code)
j  sun.font.StandardGlyphVector.getDefaultStrike()Lsun/font/StandardGlyphVector$GlyphStrike;+30 java.desktop@20.0.1
j  sun.font.StandardGlyphVector.getGlyphStrike(I)Lsun/font/StandardGlyphVector$GlyphStrike;+8 java.desktop@20.0.1
j  sun.font.StandardGlyphVector.initPositions()V+151 java.desktop@20.0.1
j  sun.font.StandardGlyphVector.getGlyphsPixelBounds(Ljava/awt/font/FontRenderContext;FFII)Ljava/awt/Rectangle;+1 java.desktop@20.0.1
j  sun.font.StandardGlyphVector.getGlyphPixelBounds(ILjava/awt/font/FontRenderContext;FF)Ljava/awt/Rectangle;+7 java.desktop@20.0.1
j  sun.swing.SwingUtilities2$LSBCacheEntry.getLeftSideBearing(C)I+72 java.desktop@20.0.1
j  sun.swing.SwingUtilities2.getLeftSideBearing(Ljavax/swing/JComponent;Ljava/awt/FontMetrics;C)I+161 java.desktop@20.0.1
j  sun.swing.SwingUtilities2.getLeftSideBearing(Ljavax/swing/JComponent;Ljava/awt/FontMetrics;Ljava/lang/String;)I+20 java.desktop@20.0.1
j  javax.swing.SwingUtilities.layoutCompoundLabelImpl(Ljavax/swing/JComponent;Ljava/awt/FontMetrics;Ljava/lang/String;Ljavax/swing/Icon;IIIILjava/awt/Rectangle;Ljava/awt/Rectangle;Ljava/awt/Rectangle;I)Ljava/lang/String;+206 java.desktop@20.0.1
j  javax.swing.SwingUtilities.layoutCompoundLabel(Ljavax/swing/JComponent;Ljava/awt/FontMetrics;Ljava/lang/String;Ljavax/swing/Icon;IIIILjava/awt/Rectangle;Ljava/awt/Rectangle;Ljava/awt/Rectangle;I)Ljava/lang/String;+159 java.desktop@20.0.1
j  javax.swing.plaf.basic.BasicLabelUI.layoutCL(Ljavax/swing/JLabel;Ljava/awt/FontMetrics;Ljava/lang/String;Ljavax/swing/Icon;Ljava/awt/Rectangle;Ljava/awt/Rectangle;Ljava/awt/Rectangle;)Ljava/lang/String;+31 java.desktop@20.0.1
j  javax.swing.plaf.basic.BasicLabelUI.layout(Ljavax/swing/JLabel;Ljava/awt/FontMetrics;II)Ljava/lang/String;+180 java.desktop@20.0.1
j  javax.swing.plaf.basic.BasicLabelUI.paint(Ljava/awt/Graphics;Ljavax/swing/JComponent;)V+61 java.desktop@20.0.1
j  javax.swing.plaf.ComponentUI.update(Ljava/awt/Graphics;Ljavax/swing/JComponent;)V+32 java.desktop@20.0.1
j  javax.swing.JComponent.paintComponent(Ljava/awt/Graphics;)V+26 java.desktop@20.0.1
j  javax.swing.JComponent.paint(Ljava/awt/Graphics;)V+286 java.desktop@20.0.1
j  javax.swing.JComponent.paintChildren(Ljava/awt/Graphics;)V+516 java.desktop@20.0.1
j  javax.swing.JComponent.paint(Ljava/awt/Graphics;)V+318 java.desktop@20.0.1
j  javax.swing.JComponent.paintChildren(Ljava/awt/Graphics;)V+516 java.desktop@20.0.1
j  javax.swing.JComponent.paint(Ljava/awt/Graphics;)V+318 java.desktop@20.0.1
j  javax.swing.JLayeredPane.paint(Ljava/awt/Graphics;)V+73 java.desktop@20.0.1
j  javax.swing.JComponent.paintChildren(Ljava/awt/Graphics;)V+516 java.desktop@20.0.1
j  javax.swing.JComponent.paintToOffscreen(Ljava/awt/Graphics;IIIIII)V+72 java.desktop@20.0.1
j  javax.swing.RepaintManager$PaintManager.paintDoubleBufferedImpl(Ljavax/swing/JComponent;Ljava/awt/Image;Ljava/awt/Graphics;IIII)V+163 java.desktop@20.0.1
j  javax.swing.RepaintManager$PaintManager.paintDoubleBuffered(Ljavax/swing/JComponent;Ljava/awt/Image;Ljava/awt/Graphics;IIII)V+46 java.desktop@20.0.1
j  javax.swing.RepaintManager$PaintManager.paint(Ljavax/swing/JComponent;Ljavax/swing/JComponent;Ljava/awt/Graphics;IIII)Z+128 java.desktop@20.0.1
j  javax.swing.RepaintManager.paint(Ljavax/swing/JComponent;Ljavax/swing/JComponent;Ljava/awt/Graphics;IIII)V+52 java.desktop@20.0.1
j  javax.swing.JComponent.paint(Ljava/awt/Graphics;)V+221 java.desktop@20.0.1
j  java.awt.GraphicsCallback$PaintCallback.run(Ljava/awt/Component;Ljava/awt/Graphics;)V+2 java.desktop@20.0.1
j  sun.awt.SunGraphicsCallback.runOneComponent(Ljava/awt/Component;Ljava/awt/Rectangle;Ljava/awt/Graphics;Ljava/awt/Shape;I)V+130 java.desktop@20.0.1
j  sun.awt.SunGraphicsCallback.runComponents([Ljava/awt/Component;Ljava/awt/Graphics;I)V+157 java.desktop@20.0.1
j  java.awt.Container.paint(Ljava/awt/Graphics;)V+58 java.desktop@20.0.1
j  java.awt.Window.paint(Ljava/awt/Graphics;)V+68 java.desktop@20.0.1
j  javax.swing.RepaintManager$4.run()Ljava/lang/Void;+142 java.desktop@20.0.1
j  javax.swing.RepaintManager$4.run()Ljava/lang/Object;+1 java.desktop@20.0.1
J 772 c1 java.security.AccessController.doPrivileged(Ljava/security/PrivilegedAction;Ljava/security/AccessControlContext;)Ljava/lang/Object; java.base@20.0.1 (17 bytes) @ 0x000001ddca204744 [0x000001ddca204560+0x00000000000001e4]
j  java.security.ProtectionDomain$JavaSecurityAccessImpl.doIntersectionPrivilege(Ljava/security/PrivilegedAction;Ljava/security/AccessControlContext;Ljava/security/AccessControlContext;)Ljava/lang/Object;+18 java.base@20.0.1
j  javax.swing.RepaintManager.paintDirtyRegions(Ljava/util/Map;)V+154 java.desktop@20.0.1
j  javax.swing.RepaintManager.paintDirtyRegions()V+46 java.desktop@20.0.1
j  javax.swing.RepaintManager.prePaintDirtyRegions()V+73 java.desktop@20.0.1
j  javax.swing.RepaintManager$ProcessingRunnable.run()V+37 java.desktop@20.0.1
j  java.awt.event.InvocationEvent.dispatch()V+47 java.desktop@20.0.1
j  java.awt.EventQueue.dispatchEventImpl(Ljava/awt/AWTEvent;Ljava/lang/Object;)V+21 java.desktop@20.0.1
j  java.awt.EventQueue$4.run()Ljava/lang/Void;+32 java.desktop@20.0.1
j  java.awt.EventQueue$4.run()Ljava/lang/Object;+1 java.desktop@20.0.1
J 772 c1 java.security.AccessController.doPrivileged(Ljava/security/PrivilegedAction;Ljava/security/AccessControlContext;)Ljava/lang/Object; java.base@20.0.1 (17 bytes) @ 0x000001ddca204744 [0x000001ddca204560+0x00000000000001e4]
j  java.security.ProtectionDomain$JavaSecurityAccessImpl.doIntersectionPrivilege(Ljava/security/PrivilegedAction;Ljava/security/AccessControlContext;Ljava/security/AccessControlContext;)Ljava/lang/Object;+18 java.base@20.0.1
j  java.awt.EventQueue.dispatchEvent(Ljava/awt/AWTEvent;)V+46 java.desktop@20.0.1
j  java.awt.EventDispatchThread.pumpOneEventForFilters(I)V+81 java.desktop@20.0.1
j  java.awt.EventDispatchThread.pumpEventsForFilter(ILjava/awt/Conditional;Ljava/awt/EventFilter;)V+35 java.desktop@20.0.1
j  java.awt.EventDispatchThread.pumpEventsForHierarchy(ILjava/awt/Conditional;Ljava/awt/Component;)V+11 java.desktop@20.0.1
j  java.awt.EventDispatchThread.pumpEvents(ILjava/awt/Conditional;)V+4 java.desktop@20.0.1
j  java.awt.EventDispatchThread.pumpEvents(Ljava/awt/Conditional;)V+3 java.desktop@20.0.1
j  java.awt.EventDispatchThread.run()V+9 java.desktop@20.0.1
v  ~StubRoutines::call_stub 0x000001ddd161100d

Compiled method (c1)    2462  772       3       java.security.AccessController::doPrivileged (17 bytes)
 total in heap  [0x000001ddca204390,0x000001ddca204ab0] = 1824
 relocation     [0x000001ddca2044d8,0x000001ddca204560] = 136
 main code      [0x000001ddca204560,0x000001ddca2048a8] = 840
 stub code      [0x000001ddca2048a8,0x000001ddca204920] = 120
 metadata       [0x000001ddca204920,0x000001ddca204938] = 24
 scopes data    [0x000001ddca204938,0x000001ddca2049e8] = 176
 scopes pcs     [0x000001ddca2049e8,0x000001ddca204a98] = 176
 dependencies   [0x000001ddca204a98,0x000001ddca204aa0] = 8
 nul chk table  [0x000001ddca204aa0,0x000001ddca204ab0] = 16

[Constant Pool (empty)]

[MachCode]
[Verified Entry Point]
  # {method} {0x00000008004710f0} 'doPrivileged' '(Ljava/security/PrivilegedAction;Ljava/security/AccessControlContext;)Ljava/lang/Object;' in 'java/security/AccessController'
  # parm0:    rdx:rdx   = 'java/security/PrivilegedAction'
  # parm1:    r8:r8     = 'java/security/AccessControlContext'
  #           [sp+0x80]  (sp of caller)
  0x000001ddca204560: 8984 2400 | 80ff ff55 | 4883 ec70 | 4181 7f20 | 0100 0000 

  0x000001ddca204574: ;   {runtime_call StubRoutines (2)}
  0x000001ddca204574: 7405 e865 

  0x000001ddca204578: ;   {metadata(method data for {method} {0x00000008004710f0} 'doPrivileged' '(Ljava/security/PrivilegedAction;Ljava/security/AccessControlContext;)Ljava/lang/Object;' in 'java/security/AccessController')}
  0x000001ddca204578: 4145 0748 | bec0 d212 | dedd 0100 | 008b becc | 0000 0083 | c702 89be | cc00 0000 | 81e7 fe07 
  0x000001ddca204598: 0000 83ff | 000f 843d | 0200 004c | 8944 2440 | 4889 5424 

  0x000001ddca2045ac: ;   {metadata(method data for {method} {0x00000008004710f0} 'doPrivileged' '(Ljava/security/PrivilegedAction;Ljava/security/AccessControlContext;)Ljava/lang/Object;' in 'java/security/AccessController')}
  0x000001ddca2045ac: 4848 bec0 | d212 dedd | 0100 0048 | 8386 1001 

  0x000001ddca2045bc: ;   {static_call}
  0x000001ddca2045bc: 0000 01e8 

  0x000001ddca2045c0: ; ImmutableOopMap {[64]=Oop [72]=Oop }
                      ;*invokestatic getCallerClass {reexecute=0 rethrow=0 return_oop=0}
                      ; - java.security.AccessController::doPrivileged@0 (line 398)
  0x000001ddca2045c0: fcee 9c07 

  0x000001ddca2045c4: ;   {metadata(method data for {method} {0x00000008004710f0} 'doPrivileged' '(Ljava/security/PrivilegedAction;Ljava/security/AccessControlContext;)Ljava/lang/Object;' in 'java/security/AccessController')}
  0x000001ddca2045c4: 48ba c0d2 | 12de dd01 | 0000 4883 | 8220 0100 | 0001 488b | 5424 404c | 8bc0 4889 | 4424 500f 
  0x000001ddca2045e4: ;   {static_call}
  0x000001ddca2045e4: 1f40 00e8 

  0x000001ddca2045e8: ; ImmutableOopMap {[72]=Oop [80]=Oop }
                      ;*invokestatic checkContext {reexecute=0 rethrow=0 return_oop=0}
                      ; - java.security.AccessController::doPrivileged@6 (line 399)
  0x000001ddca2045e8: b4fa ffff | 4889 4424 

  0x000001ddca2045f0: ;   {metadata(method data for {method} {0x00000008004710f0} 'doPrivileged' '(Ljava/security/PrivilegedAction;Ljava/security/AccessControlContext;)Ljava/lang/Object;' in 'java/security/AccessController')}
  0x000001ddca2045f0: 5848 bac0 | d212 dedd | 0100 0048 | 8382 3001 

  0x000001ddca204600: ;   {metadata(method data for {method} {0x0000000800471378} 'executePrivileged' '(Ljava/security/PrivilegedAction;Ljava/security/AccessControlContext;Ljava/lang/Class;)Ljava/lang/Object;' in 'java/security/AccessController')}
  0x000001ddca204600: 0000 0148 | ba40 add0 | dddd 0100 | 008b b2cc | 0000 0083 | c602 89b2 | cc00 0000 | 81e6 feff 
  0x000001ddca204620: 1f00 83fe | 000f 84d6 | 0100 0048 

  0x000001ddca20462c: ;   {metadata(method data for {method} {0x0000000800471378} 'executePrivileged' '(Ljava/security/PrivilegedAction;Ljava/security/AccessControlContext;Ljava/lang/Class;)Ljava/lang/Object;' in 'java/security/AccessController')}
  0x000001ddca20462c: 83f8 0048 | ba40 add0 | dddd 0100 | 0048 be10 | 0100 0000 | 0000 000f | 840a 0000 | 0048 be20 
  0x000001ddca20464c: 0100 0000 | 0000 0048 | 8b3c 3248 | 8d7f 0148 | 893c 320f | 841f 0000 

  0x000001ddca204664: ;   {metadata(method data for {method} {0x0000000800471378} 'executePrivileged' '(Ljava/security/PrivilegedAction;Ljava/security/AccessControlContext;Ljava/lang/Class;)Ljava/lang/Object;' in 'java/security/AccessController')}
  0x000001ddca204664: 0048 ba40 | add0 dddd | 0100 0048 | 8382 3001 | 0000 0148 | 8bd0 0f1f 

  0x000001ddca20467c: ;   {static_call}
  0x000001ddca20467c: 4400 00e8 

  0x000001ddca204680: ; ImmutableOopMap {[72]=Oop [80]=Oop [88]=Oop }
                      ;*invokestatic ensureMaterializedForStackWalk {reexecute=0 rethrow=0 return_oop=0}
                      ; - java.security.AccessController::executePrivileged@5 (line 774)
                      ; - java.security.AccessController::doPrivileged@13 (line 400)
  0x000001ddca204680: bc33 9d07 

  0x000001ddca204684: ;   {metadata(method data for {method} {0x0000000800471378} 'executePrivileged' '(Ljava/security/PrivilegedAction;Ljava/security/AccessControlContext;Ljava/lang/Class;)Ljava/lang/Object;' in 'java/security/AccessController')}
  0x000001ddca204684: 48ba 40ad | d0dd dd01 | 0000 ff82 | 4001 0000 | 488b 5424 | 4848 3b02 

  0x000001ddca20469c: ;   {metadata(method data for {method} {0x0000000800471378} 'executePrivileged' '(Ljava/security/PrivilegedAction;Ljava/security/AccessControlContext;Ljava/lang/Class;)Ljava/lang/Object;' in 'java/security/AccessController')}
  0x000001ddca20469c: 488b f248 | bf40 add0 | dddd 0100 | 008b 7608 | 49ba 0000 | 0000 0800 | 0000 4903 | f248 3bb7 
  0x000001ddca2046bc: b001 0000 | 750d 4883 | 87b8 0100 | 0001 e960 | 0000 0048 | 3bb7 c001 | 0000 750d | 4883 87c8 
  0x000001ddca2046dc: 0100 0001 | e94a 0000 | 0048 83bf | b001 0000 | 0075 1748 | 89b7 b001 | 0000 48c7 | 87b8 0100 
  0x000001ddca2046fc: 0001 0000 | 00e9 2900 | 0000 4883 | bfc0 0100 | 0000 7517 | 4889 b7c0 | 0100 0048 | c787 c801 
  0x000001ddca20471c: 0000 0100 | 0000 e908 | 0000 0048 | 8387 a001 | 0000 0166 | 0f1f 4400 | 0048 b880 | ae62 e2dd 
  0x000001ddca20473c: ;   {virtual_call}
  0x000001ddca20473c: 0100 00e8 

  0x000001ddca204740: ; ImmutableOopMap {[80]=Oop [88]=Oop }
                      ;*invokeinterface run {reexecute=0 rethrow=0 return_oop=0}
                      ; - java.security.AccessController::executePrivileged@29 (line 778)
                      ; - java.security.AccessController::doPrivileged@13 (line 400)
  0x000001ddca204740: ccc2 5307 

  0x000001ddca204744: ;   {metadata(method data for {method} {0x0000000800471378} 'executePrivileged' '(Ljava/security/PrivilegedAction;Ljava/security/AccessControlContext;Ljava/lang/Class;)Ljava/lang/Object;' in 'java/security/AccessController')}
  0x000001ddca204744: 48be 40ad | d0dd dd01 | 0000 ff86 | d801 0000 | 488b 7424 

  0x000001ddca204758: ;   {metadata(method data for {method} {0x0000000800471378} 'executePrivileged' '(Ljava/security/PrivilegedAction;Ljava/security/AccessControlContext;Ljava/lang/Class;)Ljava/lang/Object;' in 'java/security/AccessController')}
  0x000001ddca204758: 5048 bf40 | add0 dddd | 0100 0048 | 8387 3802 

  0x000001ddca204768: ;   {metadata(method data for {method} {0x000000080003d7e0} 'reachabilityFence' '(Ljava/lang/Object;)V' in 'java/lang/ref/Reference')}
  0x000001ddca204768: 0000 0148 | bf80 f2cd | dddd 0100 | 008b 9fcc | 0000 0083 | c302 899f | cc00 0000 | 81e3 feff 
  0x000001ddca204788: 1f00 83fb | 000f 8494 

  0x000001ddca204790: ;   {metadata(method data for {method} {0x0000000800471378} 'executePrivileged' '(Ljava/security/PrivilegedAction;Ljava/security/AccessControlContext;Ljava/lang/Class;)Ljava/lang/Object;' in 'java/security/AccessController')}
  0x000001ddca204790: 0000 0048 | be40 add0 | dddd 0100 | 0048 8386 | 4802 0000 

  0x000001ddca2047a4: ;   {metadata(method data for {method} {0x000000080003d7e0} 'reachabilityFence' '(Ljava/lang/Object;)V' in 'java/lang/ref/Reference')}
  0x000001ddca2047a4: 0148 be80 | f2cd dddd | 0100 008b | becc 0000 | 0083 c702 | 89be cc00 | 0000 81e7 | feff 1f00 
  0x000001ddca2047c4: 83ff 000f | 847b 0000 | 0048 83c4 

  0x000001ddca2047d0: ;   {poll_return}
  0x000001ddca2047d0: 705d 493b | a778 0300 | 000f 878a | 0000 00c3 

  0x000001ddca2047e0: ;   {metadata({method} {0x00000008004710f0} 'doPrivileged' '(Ljava/security/PrivilegedAction;Ljava/security/AccessControlContext;)Ljava/lang/Object;' in 'java/security/AccessController')}
  0x000001ddca2047e0: 49ba e810 | 4700 0800 | 0000 4c89 | 5424 0848 | c704 24ff 

  0x000001ddca2047f4: ;   {runtime_call counter_overflow Runtime1 stub}
  0x000001ddca2047f4: ffff ffe8 

  0x000001ddca2047f8: ; ImmutableOopMap {rdx=Oop r8=Oop }
                      ;*synchronization entry
                      ; - java.security.AccessController::doPrivileged@-1 (line 398)
  0x000001ddca2047f8: 8412 5307 | e9a2 fdff 

  0x000001ddca204800: ;   {metadata({method} {0x0000000800471378} 'executePrivileged' '(Ljava/security/PrivilegedAction;Ljava/security/AccessControlContext;Ljava/lang/Class;)Ljava/lang/Object;' in 'java/security/AccessController')}
  0x000001ddca204800: ff49 ba70 | 1347 0008 | 0000 004c | 8954 2408 | 48c7 0424 | ffff ffff 

  0x000001ddca204818: ;   {runtime_call counter_overflow Runtime1 stub}
  0x000001ddca204818: e863 1253 

  0x000001ddca20481c: ; ImmutableOopMap {rax=Oop [72]=Oop [80]=Oop [88]=Oop }
                      ;*synchronization entry
                      ; - java.security.AccessController::executePrivileged@-1 (line 773)
                      ; - java.security.AccessController::doPrivileged@13 (line 400)
  0x000001ddca20481c: 07e9 09fe 

  0x000001ddca204820: ;   {runtime_call throw_null_pointer_exception Runtime1 stub}
  0x000001ddca204820: ffff e8d9 

  0x000001ddca204824: ; ImmutableOopMap {rdx=Oop [80]=Oop [88]=Oop }
                      ;*invokeinterface run {reexecute=0 rethrow=0 return_oop=0}
                      ; - java.security.AccessController::executePrivileged@29 (line 778)
                      ; - java.security.AccessController::doPrivileged@13 (line 400)
                      ;   {metadata({method} {0x000000080003d7e0} 'reachabilityFence' '(Ljava/lang/Object;)V' in 'java/lang/ref/Reference')}
  0x000001ddca204824: f549 0749 | bad8 d703 | 0008 0000 | 004c 8954 | 2408 48c7 | 0424 ffff 

  0x000001ddca20483c: ;   {runtime_call counter_overflow Runtime1 stub}
  0x000001ddca20483c: ffff e83d 

  0x000001ddca204840: ; ImmutableOopMap {rax=Oop rsi=Oop }
                      ;*synchronization entry
                      ; - java.lang.ref.Reference::reachabilityFence@-1 (line 628)
                      ; - java.security.AccessController::executePrivileged@56 (line 783)
                      ; - java.security.AccessController::doPrivileged@13 (line 400)
  0x000001ddca204840: 1253 07e9 | 4bff ffff 

  0x000001ddca204848: ;   {metadata({method} {0x000000080003d7e0} 'reachabilityFence' '(Ljava/lang/Object;)V' in 'java/lang/ref/Reference')}
  0x000001ddca204848: 49ba d8d7 | 0300 0800 | 0000 4c89 | 5424 0848 | c704 24ff 

  0x000001ddca20485c: ;   {runtime_call counter_overflow Runtime1 stub}
  0x000001ddca20485c: ffff ffe8 

  0x000001ddca204860: ; ImmutableOopMap {rax=Oop }
                      ;*synchronization entry
                      ; - java.lang.ref.Reference::reachabilityFence@-1 (line 628)
                      ; - java.security.AccessController::executePrivileged@60 (line 784)
                      ; - java.security.AccessController::doPrivileged@13 (line 400)
  0x000001ddca204860: 1c12 5307 | e964 ffff 

  0x000001ddca204868: ;   {internal_word}
  0x000001ddca204868: ff49 bad2 | 4720 cadd | 0100 004d | 8997 9003 

  0x000001ddca204878: ;   {runtime_call SafepointBlob}
  0x000001ddca204878: 0000 e901 | 6547 0749 | 8b87 2804 | 0000 49c7 | 8728 0400 | 0000 0000 | 0049 c787 | 3004 0000 
  0x000001ddca204898: 0000 0000 | 4883 c470 

  0x000001ddca2048a0: ;   {runtime_call unwind_exception Runtime1 stub}
  0x000001ddca2048a0: 5de9 5a04 | 4a07 f4f4 
[Stub Code]
  0x000001ddca2048a8: ;   {no_reloc}
  0x000001ddca2048a8: 0f1f 4400 

  0x000001ddca2048ac: ;   {static_stub}
  0x000001ddca2048ac: 0048 bb00 | 0000 0000 

  0x000001ddca2048b4: ;   {runtime_call}
  0x000001ddca2048b4: 0000 00e9 | fbff ffff 
[Exception Handler]
  0x000001ddca2048bc: ;   {runtime_call handle_exception_from_callee Runtime1 stub}
  0x000001ddca2048bc: e8bf 4453 

  0x000001ddca2048c0: ;   {external_word}
  0x000001ddca2048c0: 0748 b9b0 | 23b4 37fe | 7f00 0048 

  0x000001ddca2048cc: ;   {runtime_call}
  0x000001ddca2048cc: 83e4 f048 | b820 1680 | 37fe 7f00 | 00ff d0f4 
[Deopt Handler Code]
  0x000001ddca2048dc: ;   {section_word}
  0x000001ddca2048dc: 49ba dc48 | 20ca dd01 | 0000 4152 

  0x000001ddca2048e8: ;   {runtime_call DeoptimizationBlob}
  0x000001ddca2048e8: e933 5747 

  0x000001ddca2048ec: ;   {static_stub}
  0x000001ddca2048ec: 0748 bb00 | 0000 0000 

  0x000001ddca2048f4: ;   {runtime_call}
  0x000001ddca2048f4: 0000 00e9 | fbff ffff 

  0x000001ddca2048fc: ;   {static_stub}
  0x000001ddca2048fc: 48bb 0000 | 0000 0000 

  0x000001ddca204904: ;   {runtime_call}
  0x000001ddca204904: 0000 e9fb 

  0x000001ddca204908: ;   {static_stub}
  0x000001ddca204908: ffff ff48 | bb98 1147 | 0008 0000 

  0x000001ddca204914: ;   {runtime_call I2C/C2I adapters}
  0x000001ddca204914: 00e9 b941 | 4707 f4f4 | f4f4 f4f4 
[/MachCode]


---------------  P R O C E S S  ---------------

Threads class SMR info:
_java_thread_list=0x000001dde269a1a0, length=16, elements={
0x000001dddd914220, 0x000001dddd914d60, 0x000001dddd9158a0, 0x000001dddd91a200,
0x000001dddd91ab40, 0x000001dddd91bc20, 0x000001dddd91c9c0, 0x000001dddd9434f0,
0x000001dddd8dfb40, 0x000001dde1dca0a0, 0x000001dde1f7cad0, 0x000001dde1f7fae0,
0x000001dde1f83b00, 0x000001dde2396960, 0x000001dde2394ed0, 0x000001dde2395970
}

Java Threads: ( => current thread )
  0x000001dddd914220 JavaThread "Reference Handler" daemon [_thread_blocked, id=4508, stack(0x0000000c73e00000,0x0000000c73f00000)]
  0x000001dddd914d60 JavaThread "Finalizer" daemon [_thread_blocked, id=26396, stack(0x0000000c73f00000,0x0000000c74000000)]
  0x000001dddd9158a0 JavaThread "Signal Dispatcher" daemon [_thread_blocked, id=6084, stack(0x0000000c74000000,0x0000000c74100000)]
  0x000001dddd91a200 JavaThread "Attach Listener" daemon [_thread_blocked, id=25944, stack(0x0000000c74100000,0x0000000c74200000)]
  0x000001dddd91ab40 JavaThread "Service Thread" daemon [_thread_blocked, id=3304, stack(0x0000000c74200000,0x0000000c74300000)]
  0x000001dddd91bc20 JavaThread "Monitor Deflation Thread" daemon [_thread_blocked, id=20204, stack(0x0000000c74300000,0x0000000c74400000)]
  0x000001dddd91c9c0 JavaThread "C2 CompilerThread0" daemon [_thread_in_native, id=23380, stack(0x0000000c74400000,0x0000000c74500000)]
  0x000001dddd9434f0 JavaThread "C1 CompilerThread0" daemon [_thread_blocked, id=12692, stack(0x0000000c74500000,0x0000000c74600000)]
  0x000001dddd8dfb40 JavaThread "Common-Cleaner" daemon [_thread_blocked, id=26388, stack(0x0000000c74600000,0x0000000c74700000)]
  0x000001dde1dca0a0 JavaThread "Notification Thread" daemon [_thread_blocked, id=22792, stack(0x0000000c74700000,0x0000000c74800000)]
  0x000001dde1f7cad0 JavaThread "Java2D Disposer" daemon [_thread_blocked, id=22220, stack(0x0000000c74900000,0x0000000c74a00000)]
  0x000001dde1f7fae0 JavaThread "AWT-Shutdown" [_thread_blocked, id=24792, stack(0x0000000c74a00000,0x0000000c74b00000)]
  0x000001dde1f83b00 JavaThread "AWT-Windows" daemon [_thread_in_native, id=23588, stack(0x0000000c74b00000,0x0000000c74c00000)]
  0x000001dde2396960 JavaThread "Image Fetcher 0" daemon [_thread_blocked, id=26332, stack(0x0000000c75100000,0x0000000c75200000)]
=>0x000001dde2394ed0 JavaThread "AWT-EventQueue-0" [_thread_in_vm, id=4724, stack(0x0000000c75400000,0x0000000c75500000)]
  0x000001dde2395970 JavaThread "DestroyJavaVM" [_thread_blocked, id=10268, stack(0x0000000c73700000,0x0000000c73800000)]

Other Threads:
  0x000001dddd8f2c20 VMThread "VM Thread" [stack: 0x0000000c73d00000,0x0000000c73e00000] [id=22452]
  0x000001dde1db3b40 WatcherThread "VM Periodic Task Thread" [stack: 0x0000000c74800000,0x0000000c74900000] [id=21548]
  0x000001ddc1fa8bf0 WorkerThread "GC Thread#0" [stack: 0x0000000c73800000,0x0000000c73900000] [id=5768]
  0x000001dde25a63b0 WorkerThread "GC Thread#1" [stack: 0x0000000c75300000,0x0000000c75400000] [id=1856]
  0x000001ddc1fd3750 ConcurrentGCThread "G1 Main Marker" [stack: 0x0000000c73900000,0x0000000c73a00000] [id=12916]
  0x000001ddc1fd4920 WorkerThread "G1 Conc#0" [stack: 0x0000000c73a00000,0x0000000c73b00000] [id=25736]
  0x000001dddd7b10b0 ConcurrentGCThread "G1 Refine#0" [stack: 0x0000000c73b00000,0x0000000c73c00000] [id=4060]
  0x000001dddd7b1b50 ConcurrentGCThread "G1 Service" [stack: 0x0000000c73c00000,0x0000000c73d00000] [id=19932]

Threads with active compile tasks:
C2 CompilerThread0     2487 1258   !   4       sun.font.TrueTypeFont::getTableBuffer (208 bytes)

VM state: not at safepoint (normal execution)

VM Mutex/Monitor currently owned by a thread:  ([mutex/lock_event])
[0x000001ddc1f53860] Metaspace_lock - owner thread: 0x000001dde2394ed0

Heap address: 0x00000000a1c00000, size: 1508 MB, Compressed Oops mode: 32-bit

CDS archive(s) mapped at: [0x0000000800000000-0x0000000800c60000-0x0000000800c60000), size 12976128, SharedBaseAddress: 0x0000000800000000, ArchiveRelocationMode: 0.
Compressed class space mapped at: 0x0000000801000000-0x0000000841000000, reserved size: 1073741824
Narrow klass base: 0x0000000800000000, Narrow klass shift: 0, Narrow klass range: 0x100000000

GC Precious Log:
 CardTable entry size: 512
 Card Set container configuration: InlinePtr #cards 5 size 8 Array Of Cards #cards 12 size 40 Howl #buckets 4 coarsen threshold 1843 Howl Bitmap #cards 512 size 80 coarsen threshold 460 Card regions per heap region 1 cards per card region 2048
 CPUs: 2 total, 2 available
 Memory: 6030M
 Large Page Support: Disabled
 NUMA Support: Disabled
 Compressed Oops: Enabled (32-bit)
 Heap Region Size: 1M
 Heap Min Capacity: 8M
 Heap Initial Capacity: 96M
 Heap Max Capacity: 1508M
 Pre-touch: Disabled
 Parallel Workers: 2
 Concurrent Workers: 1
 Concurrent Refinement Workers: 2
 Periodic GC: Disabled

Heap:
 garbage-first heap   total 98304K, used 13438K [0x00000000a1c00000, 0x0000000100000000)
  region size 1024K, 9 young (9216K), 1 survivors (1024K)
 Metaspace       used 8310K, committed 8512K, reserved 1114112K
  class space    used 915K, committed 1024K, reserved 1048576K

Heap Regions: E=young(eden), S=young(survivor), O=old, HS=humongous(starts), HC=humongous(continues), CS=collection set, F=free, OA=open archive, CA=closed archive, TAMS=top-at-mark-start, PB=parsable bottom
|   0|0x00000000a1c00000, 0x00000000a1d00000, 0x00000000a1d00000|100%| O|  |TAMS 0x00000000a1c00000| PB 0x00000000a1c00000| Untracked 
|   1|0x00000000a1d00000, 0x00000000a1e00000, 0x00000000a1e00000|100%| O|  |TAMS 0x00000000a1d00000| PB 0x00000000a1d00000| Untracked 
|   2|0x00000000a1e00000, 0x00000000a1f00000, 0x00000000a1f00000|100%|HS|  |TAMS 0x00000000a1e00000| PB 0x00000000a1e00000| Complete 
|   3|0x00000000a1f00000, 0x00000000a2000000, 0x00000000a2000000|100%|HC|  |TAMS 0x00000000a1f00000| PB 0x00000000a1f00000| Complete 
|   4|0x00000000a2000000, 0x00000000a2100000, 0x00000000a2100000|100%| O|  |TAMS 0x00000000a2000000| PB 0x00000000a2000000| Untracked 
|   5|0x00000000a2100000, 0x00000000a211fa00, 0x00000000a2200000| 12%| O|  |TAMS 0x00000000a2100000| PB 0x00000000a2100000| Untracked 
|   6|0x00000000a2200000, 0x00000000a2200000, 0x00000000a2300000|  0%| F|  |TAMS 0x00000000a2200000| PB 0x00000000a2200000| Untracked 
|   7|0x00000000a2300000, 0x00000000a2300000, 0x00000000a2400000|  0%| F|  |TAMS 0x00000000a2300000| PB 0x00000000a2300000| Untracked 
|   8|0x00000000a2400000, 0x00000000a2400000, 0x00000000a2500000|  0%| F|  |TAMS 0x00000000a2400000| PB 0x00000000a2400000| Untracked 
|   9|0x00000000a2500000, 0x00000000a2500000, 0x00000000a2600000|  0%| F|  |TAMS 0x00000000a2500000| PB 0x00000000a2500000| Untracked 
|  10|0x00000000a2600000, 0x00000000a2600000, 0x00000000a2700000|  0%| F|  |TAMS 0x00000000a2600000| PB 0x00000000a2600000| Untracked 
|  11|0x00000000a2700000, 0x00000000a2700000, 0x00000000a2800000|  0%| F|  |TAMS 0x00000000a2700000| PB 0x00000000a2700000| Untracked 
|  12|0x00000000a2800000, 0x00000000a2800000, 0x00000000a2900000|  0%| F|  |TAMS 0x00000000a2800000| PB 0x00000000a2800000| Untracked 
|  13|0x00000000a2900000, 0x00000000a2900000, 0x00000000a2a00000|  0%| F|  |TAMS 0x00000000a2900000| PB 0x00000000a2900000| Untracked 
|  14|0x00000000a2a00000, 0x00000000a2a00000, 0x00000000a2b00000|  0%| F|  |TAMS 0x00000000a2a00000| PB 0x00000000a2a00000| Untracked 
|  15|0x00000000a2b00000, 0x00000000a2b00000, 0x00000000a2c00000|  0%| F|  |TAMS 0x00000000a2b00000| PB 0x00000000a2b00000| Untracked 
|  16|0x00000000a2c00000, 0x00000000a2c00000, 0x00000000a2d00000|  0%| F|  |TAMS 0x00000000a2c00000| PB 0x00000000a2c00000| Untracked 
|  17|0x00000000a2d00000, 0x00000000a2d00000, 0x00000000a2e00000|  0%| F|  |TAMS 0x00000000a2d00000| PB 0x00000000a2d00000| Untracked 
|  18|0x00000000a2e00000, 0x00000000a2e00000, 0x00000000a2f00000|  0%| F|  |TAMS 0x00000000a2e00000| PB 0x00000000a2e00000| Untracked 
|  19|0x00000000a2f00000, 0x00000000a2f00000, 0x00000000a3000000|  0%| F|  |TAMS 0x00000000a2f00000| PB 0x00000000a2f00000| Untracked 
|  20|0x00000000a3000000, 0x00000000a3000000, 0x00000000a3100000|  0%| F|  |TAMS 0x00000000a3000000| PB 0x00000000a3000000| Untracked 
|  21|0x00000000a3100000, 0x00000000a3100000, 0x00000000a3200000|  0%| F|  |TAMS 0x00000000a3100000| PB 0x00000000a3100000| Untracked 
|  22|0x00000000a3200000, 0x00000000a3200000, 0x00000000a3300000|  0%| F|  |TAMS 0x00000000a3200000| PB 0x00000000a3200000| Untracked 
|  23|0x00000000a3300000, 0x00000000a3300000, 0x00000000a3400000|  0%| F|  |TAMS 0x00000000a3300000| PB 0x00000000a3300000| Untracked 
|  24|0x00000000a3400000, 0x00000000a3400000, 0x00000000a3500000|  0%| F|  |TAMS 0x00000000a3400000| PB 0x00000000a3400000| Untracked 
|  25|0x00000000a3500000, 0x00000000a3500000, 0x00000000a3600000|  0%| F|  |TAMS 0x00000000a3500000| PB 0x00000000a3500000| Untracked 
|  26|0x00000000a3600000, 0x00000000a3600000, 0x00000000a3700000|  0%| F|  |TAMS 0x00000000a3600000| PB 0x00000000a3600000| Untracked 
|  27|0x00000000a3700000, 0x00000000a3700000, 0x00000000a3800000|  0%| F|  |TAMS 0x00000000a3700000| PB 0x00000000a3700000| Untracked 
|  28|0x00000000a3800000, 0x00000000a3800000, 0x00000000a3900000|  0%| F|  |TAMS 0x00000000a3800000| PB 0x00000000a3800000| Untracked 
|  29|0x00000000a3900000, 0x00000000a3900000, 0x00000000a3a00000|  0%| F|  |TAMS 0x00000000a3900000| PB 0x00000000a3900000| Untracked 
|  30|0x00000000a3a00000, 0x00000000a3a00000, 0x00000000a3b00000|  0%| F|  |TAMS 0x00000000a3a00000| PB 0x00000000a3a00000| Untracked 
|  31|0x00000000a3b00000, 0x00000000a3b00000, 0x00000000a3c00000|  0%| F|  |TAMS 0x00000000a3b00000| PB 0x00000000a3b00000| Untracked 
|  32|0x00000000a3c00000, 0x00000000a3c00000, 0x00000000a3d00000|  0%| F|  |TAMS 0x00000000a3c00000| PB 0x00000000a3c00000| Untracked 
|  33|0x00000000a3d00000, 0x00000000a3d00000, 0x00000000a3e00000|  0%| F|  |TAMS 0x00000000a3d00000| PB 0x00000000a3d00000| Untracked 
|  34|0x00000000a3e00000, 0x00000000a3e00000, 0x00000000a3f00000|  0%| F|  |TAMS 0x00000000a3e00000| PB 0x00000000a3e00000| Untracked 
|  35|0x00000000a3f00000, 0x00000000a3f00000, 0x00000000a4000000|  0%| F|  |TAMS 0x00000000a3f00000| PB 0x00000000a3f00000| Untracked 
|  36|0x00000000a4000000, 0x00000000a4000000, 0x00000000a4100000|  0%| F|  |TAMS 0x00000000a4000000| PB 0x00000000a4000000| Untracked 
|  37|0x00000000a4100000, 0x00000000a4100000, 0x00000000a4200000|  0%| F|  |TAMS 0x00000000a4100000| PB 0x00000000a4100000| Untracked 
|  38|0x00000000a4200000, 0x00000000a4200000, 0x00000000a4300000|  0%| F|  |TAMS 0x00000000a4200000| PB 0x00000000a4200000| Untracked 
|  39|0x00000000a4300000, 0x00000000a4300000, 0x00000000a4400000|  0%| F|  |TAMS 0x00000000a4300000| PB 0x00000000a4300000| Untracked 
|  40|0x00000000a4400000, 0x00000000a4400000, 0x00000000a4500000|  0%| F|  |TAMS 0x00000000a4400000| PB 0x00000000a4400000| Untracked 
|  41|0x00000000a4500000, 0x00000000a4500000, 0x00000000a4600000|  0%| F|  |TAMS 0x00000000a4500000| PB 0x00000000a4500000| Untracked 
|  42|0x00000000a4600000, 0x00000000a4600000, 0x00000000a4700000|  0%| F|  |TAMS 0x00000000a4600000| PB 0x00000000a4600000| Untracked 
|  43|0x00000000a4700000, 0x00000000a4700000, 0x00000000a4800000|  0%| F|  |TAMS 0x00000000a4700000| PB 0x00000000a4700000| Untracked 
|  44|0x00000000a4800000, 0x00000000a4800000, 0x00000000a4900000|  0%| F|  |TAMS 0x00000000a4800000| PB 0x00000000a4800000| Untracked 
|  45|0x00000000a4900000, 0x00000000a4900000, 0x00000000a4a00000|  0%| F|  |TAMS 0x00000000a4900000| PB 0x00000000a4900000| Untracked 
|  46|0x00000000a4a00000, 0x00000000a4a00000, 0x00000000a4b00000|  0%| F|  |TAMS 0x00000000a4a00000| PB 0x00000000a4a00000| Untracked 
|  47|0x00000000a4b00000, 0x00000000a4b00000, 0x00000000a4c00000|  0%| F|  |TAMS 0x00000000a4b00000| PB 0x00000000a4b00000| Untracked 
|  48|0x00000000a4c00000, 0x00000000a4c00000, 0x00000000a4d00000|  0%| F|  |TAMS 0x00000000a4c00000| PB 0x00000000a4c00000| Untracked 
|  49|0x00000000a4d00000, 0x00000000a4d00000, 0x00000000a4e00000|  0%| F|  |TAMS 0x00000000a4d00000| PB 0x00000000a4d00000| Untracked 
|  50|0x00000000a4e00000, 0x00000000a4e00000, 0x00000000a4f00000|  0%| F|  |TAMS 0x00000000a4e00000| PB 0x00000000a4e00000| Untracked 
|  51|0x00000000a4f00000, 0x00000000a4f00000, 0x00000000a5000000|  0%| F|  |TAMS 0x00000000a4f00000| PB 0x00000000a4f00000| Untracked 
|  52|0x00000000a5000000, 0x00000000a5000000, 0x00000000a5100000|  0%| F|  |TAMS 0x00000000a5000000| PB 0x00000000a5000000| Untracked 
|  53|0x00000000a5100000, 0x00000000a5100000, 0x00000000a5200000|  0%| F|  |TAMS 0x00000000a5100000| PB 0x00000000a5100000| Untracked 
|  54|0x00000000a5200000, 0x00000000a5200000, 0x00000000a5300000|  0%| F|  |TAMS 0x00000000a5200000| PB 0x00000000a5200000| Untracked 
|  55|0x00000000a5300000, 0x00000000a5300000, 0x00000000a5400000|  0%| F|  |TAMS 0x00000000a5300000| PB 0x00000000a5300000| Untracked 
|  56|0x00000000a5400000, 0x00000000a5400000, 0x00000000a5500000|  0%| F|  |TAMS 0x00000000a5400000| PB 0x00000000a5400000| Untracked 
|  57|0x00000000a5500000, 0x00000000a5500000, 0x00000000a5600000|  0%| F|  |TAMS 0x00000000a5500000| PB 0x00000000a5500000| Untracked 
|  58|0x00000000a5600000, 0x00000000a5600000, 0x00000000a5700000|  0%| F|  |TAMS 0x00000000a5600000| PB 0x00000000a5600000| Untracked 
|  59|0x00000000a5700000, 0x00000000a5700000, 0x00000000a5800000|  0%| F|  |TAMS 0x00000000a5700000| PB 0x00000000a5700000| Untracked 
|  60|0x00000000a5800000, 0x00000000a5800000, 0x00000000a5900000|  0%| F|  |TAMS 0x00000000a5800000| PB 0x00000000a5800000| Untracked 
|  61|0x00000000a5900000, 0x00000000a5900000, 0x00000000a5a00000|  0%| F|  |TAMS 0x00000000a5900000| PB 0x00000000a5900000| Untracked 
|  62|0x00000000a5a00000, 0x00000000a5a00000, 0x00000000a5b00000|  0%| F|  |TAMS 0x00000000a5a00000| PB 0x00000000a5a00000| Untracked 
|  63|0x00000000a5b00000, 0x00000000a5b00000, 0x00000000a5c00000|  0%| F|  |TAMS 0x00000000a5b00000| PB 0x00000000a5b00000| Untracked 
|  64|0x00000000a5c00000, 0x00000000a5c00000, 0x00000000a5d00000|  0%| F|  |TAMS 0x00000000a5c00000| PB 0x00000000a5c00000| Untracked 
|  65|0x00000000a5d00000, 0x00000000a5d00000, 0x00000000a5e00000|  0%| F|  |TAMS 0x00000000a5d00000| PB 0x00000000a5d00000| Untracked 
|  66|0x00000000a5e00000, 0x00000000a5e00000, 0x00000000a5f00000|  0%| F|  |TAMS 0x00000000a5e00000| PB 0x00000000a5e00000| Untracked 
|  67|0x00000000a5f00000, 0x00000000a5f00000, 0x00000000a6000000|  0%| F|  |TAMS 0x00000000a5f00000| PB 0x00000000a5f00000| Untracked 
|  68|0x00000000a6000000, 0x00000000a6000000, 0x00000000a6100000|  0%| F|  |TAMS 0x00000000a6000000| PB 0x00000000a6000000| Untracked 
|  69|0x00000000a6100000, 0x00000000a6100000, 0x00000000a6200000|  0%| F|  |TAMS 0x00000000a6100000| PB 0x00000000a6100000| Untracked 
|  70|0x00000000a6200000, 0x00000000a6200000, 0x00000000a6300000|  0%| F|  |TAMS 0x00000000a6200000| PB 0x00000000a6200000| Untracked 
|  71|0x00000000a6300000, 0x00000000a6300000, 0x00000000a6400000|  0%| F|  |TAMS 0x00000000a6300000| PB 0x00000000a6300000| Untracked 
|  72|0x00000000a6400000, 0x00000000a6400000, 0x00000000a6500000|  0%| F|  |TAMS 0x00000000a6400000| PB 0x00000000a6400000| Untracked 
|  73|0x00000000a6500000, 0x00000000a6500000, 0x00000000a6600000|  0%| F|  |TAMS 0x00000000a6500000| PB 0x00000000a6500000| Untracked 
|  74|0x00000000a6600000, 0x00000000a6600000, 0x00000000a6700000|  0%| F|  |TAMS 0x00000000a6600000| PB 0x00000000a6600000| Untracked 
|  75|0x00000000a6700000, 0x00000000a6700000, 0x00000000a6800000|  0%| F|  |TAMS 0x00000000a6700000| PB 0x00000000a6700000| Untracked 
|  76|0x00000000a6800000, 0x00000000a6800000, 0x00000000a6900000|  0%| F|  |TAMS 0x00000000a6800000| PB 0x00000000a6800000| Untracked 
|  77|0x00000000a6900000, 0x00000000a6900000, 0x00000000a6a00000|  0%| F|  |TAMS 0x00000000a6900000| PB 0x00000000a6900000| Untracked 
|  78|0x00000000a6a00000, 0x00000000a6a00000, 0x00000000a6b00000|  0%| F|  |TAMS 0x00000000a6a00000| PB 0x00000000a6a00000| Untracked 
|  79|0x00000000a6b00000, 0x00000000a6b00000, 0x00000000a6c00000|  0%| F|  |TAMS 0x00000000a6b00000| PB 0x00000000a6b00000| Untracked 
|  80|0x00000000a6c00000, 0x00000000a6c00000, 0x00000000a6d00000|  0%| F|  |TAMS 0x00000000a6c00000| PB 0x00000000a6c00000| Untracked 
|  81|0x00000000a6d00000, 0x00000000a6d00000, 0x00000000a6e00000|  0%| F|  |TAMS 0x00000000a6d00000| PB 0x00000000a6d00000| Untracked 
|  82|0x00000000a6e00000, 0x00000000a6e00000, 0x00000000a6f00000|  0%| F|  |TAMS 0x00000000a6e00000| PB 0x00000000a6e00000| Untracked 
|  83|0x00000000a6f00000, 0x00000000a6f00000, 0x00000000a7000000|  0%| F|  |TAMS 0x00000000a6f00000| PB 0x00000000a6f00000| Untracked 
|  84|0x00000000a7000000, 0x00000000a7000000, 0x00000000a7100000|  0%| F|  |TAMS 0x00000000a7000000| PB 0x00000000a7000000| Untracked 
|  85|0x00000000a7100000, 0x00000000a7100000, 0x00000000a7200000|  0%| F|  |TAMS 0x00000000a7100000| PB 0x00000000a7100000| Untracked 
|  86|0x00000000a7200000, 0x00000000a7200000, 0x00000000a7300000|  0%| F|  |TAMS 0x00000000a7200000| PB 0x00000000a7200000| Untracked 
|  87|0x00000000a7300000, 0x00000000a73721f0, 0x00000000a7400000| 44%| E|  |TAMS 0x00000000a7300000| PB 0x00000000a7300000| Complete 
|  88|0x00000000a7400000, 0x00000000a7500000, 0x00000000a7500000|100%| E|CS|TAMS 0x00000000a7400000| PB 0x00000000a7400000| Complete 
|  89|0x00000000a7500000, 0x00000000a7600000, 0x00000000a7600000|100%| E|CS|TAMS 0x00000000a7500000| PB 0x00000000a7500000| Complete 
|  90|0x00000000a7600000, 0x00000000a7700000, 0x00000000a7700000|100%| E|CS|TAMS 0x00000000a7600000| PB 0x00000000a7600000| Complete 
|  91|0x00000000a7700000, 0x00000000a7800000, 0x00000000a7800000|100%| S|CS|TAMS 0x00000000a7700000| PB 0x00000000a7700000| Complete 
|  92|0x00000000a7800000, 0x00000000a7900000, 0x00000000a7900000|100%| E|CS|TAMS 0x00000000a7800000| PB 0x00000000a7800000| Complete 
|  93|0x00000000a7900000, 0x00000000a7a00000, 0x00000000a7a00000|100%| E|CS|TAMS 0x00000000a7900000| PB 0x00000000a7900000| Complete 
|  94|0x00000000a7a00000, 0x00000000a7b00000, 0x00000000a7b00000|100%| E|CS|TAMS 0x00000000a7a00000| PB 0x00000000a7a00000| Complete 
|  95|0x00000000a7b00000, 0x00000000a7c00000, 0x00000000a7c00000|100%| E|CS|TAMS 0x00000000a7b00000| PB 0x00000000a7b00000| Complete 

Card table byte_map: [0x000001ddd97e0000,0x000001ddd9ae0000] _byte_map_base: 0x000001ddd92d2000

Marking Bits: (CMBitMap*) 0x000001ddc1fa9220
 Bits: [0x000001ddd9de0000, 0x000001dddb570000)

Polling page: 0x000001ddc2020000

Metaspace:

Usage:
  Non-class:      7.22 MB used.
      Class:    915.07 KB used.
       Both:      8.12 MB used.

Virtual space:
  Non-class space:       64.00 MB reserved,       7.31 MB ( 11%) committed,  1 nodes.
      Class space:        1.00 GB reserved,       1.00 MB ( <1%) committed,  1 nodes.
             Both:        1.06 GB reserved,       8.31 MB ( <1%) committed. 

Chunk freelists:
   Non-Class:  487.00 KB
       Class:  3.04 MB
        Both:  3.52 MB

MaxMetaspaceSize: unlimited
CompressedClassSpaceSize: 1.00 GB
Initial GC threshold: 21.00 MB
Current GC threshold: 21.00 MB
CDS: on
MetaspaceReclaimPolicy: balanced
 - commit_granule_bytes: 65536.
 - commit_granule_words: 8192.
 - virtual_space_node_default_size: 8388608.
 - enlarge_chunks_in_place: 1.
 - new_chunks_are_fully_committed: 0.
 - uncommit_free_chunks: 1.
 - use_allocation_guard: 0.


Internal statistics:

num_allocs_failed_limit: 0.
num_arena_births: 152.
num_arena_deaths: 0.
num_vsnodes_births: 2.
num_vsnodes_deaths: 0.
num_space_committed: 133.
num_space_uncommitted: 0.
num_chunks_returned_to_freelist: 0.
num_chunks_taken_from_freelist: 191.
num_chunk_merges: 0.
num_chunk_splits: 111.
num_chunks_enlarged: 42.
num_inconsistent_stats: 0.

CodeHeap 'non-profiled nmethods': size=120064Kb used=347Kb max_used=347Kb free=119716Kb
 bounds [0x000001ddd1ba0000, 0x000001ddd1e10000, 0x000001ddd90e0000]
CodeHeap 'profiled nmethods': size=120000Kb used=2135Kb max_used=2135Kb free=117864Kb
 bounds [0x000001ddca0e0000, 0x000001ddca350000, 0x000001ddd1610000]
CodeHeap 'non-nmethods': size=5696Kb used=1631Kb max_used=1647Kb free=4065Kb
 bounds [0x000001ddd1610000, 0x000001ddd1880000, 0x000001ddd1ba0000]
 total_blobs=1901 nmethods=1265 adapters=547
 compilation: enabled
              stopped_count=0, restarted_count=0
 full_count=0

Compilation events (20 events):
Event: 2.246 Thread 0x000001dddd9434f0 nmethod 1256 0x000001ddca2f0490 code [0x000001ddca2f0640, 0x000001ddca2f0850]
Event: 2.252 Thread 0x000001dddd9434f0 1257       3       java.lang.StringUTF16::newBytesFor (61 bytes)
Event: 2.252 Thread 0x000001dddd9434f0 nmethod 1257 0x000001ddca2f0910 code [0x000001ddca2f0b60, 0x000001ddca2f1368]
Event: 2.266 Thread 0x000001dddd91c9c0 1258   !   4       sun.font.TrueTypeFont::getTableBuffer (208 bytes)
Event: 2.318 Thread 0x000001dddd9434f0 1261   !   3       sun.font.TrueTypeFont::getAllFullNames (30 bytes)
Event: 2.385 Thread 0x000001dddd9434f0 nmethod 1261 0x000001ddca2f1690 code [0x000001ddca2f18a0, 0x000001ddca2f2178]
Event: 2.385 Thread 0x000001dddd9434f0 1263  s    3       sun.font.FontFamily::addLocaleNames (45 bytes)
Event: 2.386 Thread 0x000001dddd9434f0 nmethod 1263 0x000001ddca2f2410 code [0x000001ddca2f2620, 0x000001ddca2f2eb0]
Event: 2.386 Thread 0x000001dddd9434f0 1262   !   3       sun.font.TrueTypeFont::getAllFamilyNames (30 bytes)
Event: 2.387 Thread 0x000001dddd9434f0 nmethod 1262 0x000001ddca2f3190 code [0x000001ddca2f33a0, 0x000001ddca2f3c78]
Event: 2.388 Thread 0x000001dddd9434f0 1264       1       javax.swing.text.GapVector::getGapStart (5 bytes)
Event: 2.388 Thread 0x000001dddd9434f0 nmethod 1264 0x000001ddd1bf6410 code [0x000001ddd1bf6580, 0x000001ddd1bf6648]
Event: 2.388 Thread 0x000001dddd9434f0 1265       1       javax.swing.text.GapVector::getGapEnd (5 bytes)
Event: 2.388 Thread 0x000001dddd9434f0 nmethod 1265 0x000001ddd1bf6710 code [0x000001ddd1bf6880, 0x000001ddd1bf6948]
Event: 2.390 Thread 0x000001dddd9434f0 1266       3       java.lang.StringConcatHelper::initialCoder (14 bytes)
Event: 2.391 Thread 0x000001dddd9434f0 nmethod 1266 0x000001ddca2f3f10 code [0x000001ddca2f40a0, 0x000001ddca2f41b8]
Event: 2.391 Thread 0x000001dddd9434f0 1267       3       java.lang.StringConcatHelper::simpleConcat (94 bytes)
Event: 2.393 Thread 0x000001dddd9434f0 nmethod 1267 0x000001ddca2f4210 code [0x000001ddca2f4520, 0x000001ddca2f57e8]
Event: 2.394 Thread 0x000001dddd9434f0 1268       1       java.nio.DirectByteBuffer::isReadOnly (2 bytes)
Event: 2.394 Thread 0x000001dddd9434f0 nmethod 1268 0x000001ddd1bf6a10 code [0x000001ddd1bf6b80, 0x000001ddd1bf6c48]

GC Heap History (4 events):
Event: 0.906 GC heap before
{Heap before GC invocations=0 (full 0):
 garbage-first heap   total 98304K, used 6144K [0x00000000a1c00000, 0x0000000100000000)
  region size 1024K, 6 young (6144K), 0 survivors (0K)
 Metaspace       used 4661K, committed 4864K, reserved 1114112K
  class space    used 492K, committed 640K, reserved 1048576K
}
Event: 0.915 GC heap after
{Heap after GC invocations=1 (full 0):
 garbage-first heap   total 98304K, used 2336K [0x00000000a1c00000, 0x0000000100000000)
  region size 1024K, 1 young (1024K), 1 survivors (1024K)
 Metaspace       used 4661K, committed 4864K, reserved 1114112K
  class space    used 492K, committed 640K, reserved 1048576K
}
Event: 1.781 GC heap before
{Heap before GC invocations=1 (full 0):
 garbage-first heap   total 98304K, used 8480K [0x00000000a1c00000, 0x0000000100000000)
  region size 1024K, 5 young (5120K), 1 survivors (1024K)
 Metaspace       used 8118K, committed 8384K, reserved 1114112K
  class space    used 912K, committed 1024K, reserved 1048576K
}
Event: 1.787 GC heap after
{Heap after GC invocations=2 (full 0):
 garbage-first heap   total 98304K, used 6270K [0x00000000a1c00000, 0x0000000100000000)
  region size 1024K, 1 young (1024K), 1 survivors (1024K)
 Metaspace       used 8118K, committed 8384K, reserved 1114112K
  class space    used 912K, committed 1024K, reserved 1048576K
}

Dll operation events (10 events):
Event: 0.018 Loaded shared library C:\Program Files\Java\jdk-20\bin\java.dll
Event: 0.036 Loaded shared library C:\Program Files\Java\jdk-20\bin\jsvml.dll
Event: 0.155 Loaded shared library C:\Program Files\Java\jdk-20\bin\net.dll
Event: 0.159 Loaded shared library C:\Program Files\Java\jdk-20\bin\nio.dll
Event: 0.235 Loaded shared library C:\Program Files\Java\jdk-20\bin\zip.dll
Event: 0.266 Loaded shared library C:\Program Files\Java\jdk-20\bin\jimage.dll
Event: 0.305 Loaded shared library C:\Program Files\Java\jdk-20\bin\awt.dll
Event: 0.957 Loaded shared library C:\Program Files\Java\jdk-20\bin\javajpeg.dll
Event: 1.114 Loaded shared library C:\Program Files\Java\jdk-20\bin\freetype.dll
Event: 1.116 Loaded shared library C:\Program Files\Java\jdk-20\bin\fontmanager.dll

Deoptimization events (20 events):
Event: 1.075 Thread 0x000001dde1f83b00 Uncommon trap: trap_request=0xffffff45 fr.pc=0x000001ddd1bcb944 relative=0x0000000000000144
Event: 1.075 Thread 0x000001dde1f83b00 Uncommon trap: reason=unstable_if action=reinterpret pc=0x000001ddd1bcb944 method=java.util.concurrent.locks.ReentrantLock$NonfairSync.initialTryLock()Z @ 10 c2
Event: 1.075 Thread 0x000001dde1f83b00 DEOPT PACKING pc=0x000001ddd1bcb944 sp=0x0000000c74bfd600
Event: 1.075 Thread 0x000001dde1f83b00 DEOPT UNPACKING pc=0x000001ddd1679d22 sp=0x0000000c74bfd5a8 mode 2
Event: 1.076 Thread 0x000001dde1f83b00 Uncommon trap: trap_request=0xffffff45 fr.pc=0x000001ddd1bcbc4c relative=0x00000000000000cc
Event: 1.076 Thread 0x000001dde1f83b00 Uncommon trap: reason=unstable_if action=reinterpret pc=0x000001ddd1bcbc4c method=java.util.concurrent.locks.ReentrantLock$Sync.tryRelease(I)Z @ 26 c2
Event: 1.076 Thread 0x000001dde1f83b00 DEOPT PACKING pc=0x000001ddd1bcbc4c sp=0x0000000c74bfd600
Event: 1.076 Thread 0x000001dde1f83b00 DEOPT UNPACKING pc=0x000001ddd1679d22 sp=0x0000000c74bfd5a0 mode 2
Event: 1.151 Thread 0x000001ddc1f58920 Uncommon trap: trap_request=0xffffff45 fr.pc=0x000001ddd1bd0854 relative=0x00000000000001d4
Event: 1.151 Thread 0x000001ddc1f58920 Uncommon trap: reason=unstable_if action=reinterpret pc=0x000001ddd1bd0854 method=java.lang.StringUTF16.compress([CI[BII)I @ 20 c2
Event: 1.151 Thread 0x000001ddc1f58920 DEOPT PACKING pc=0x000001ddd1bd0854 sp=0x0000000c737fd960
Event: 1.151 Thread 0x000001ddc1f58920 DEOPT UNPACKING pc=0x000001ddd1679d22 sp=0x0000000c737fd8d0 mode 2
Event: 2.169 Thread 0x000001dde2394ed0 Uncommon trap: trap_request=0xffffff45 fr.pc=0x000001ddd1bab020 relative=0x00000000000000a0
Event: 2.169 Thread 0x000001dde2394ed0 Uncommon trap: reason=unstable_if action=reinterpret pc=0x000001ddd1bab020 method=java.lang.String.isLatin1()Z @ 10 c2
Event: 2.169 Thread 0x000001dde2394ed0 DEOPT PACKING pc=0x000001ddd1bab020 sp=0x0000000c754fceb0
Event: 2.169 Thread 0x000001dde2394ed0 DEOPT UNPACKING pc=0x000001ddd1679d22 sp=0x0000000c754fcde0 mode 2
Event: 2.241 Thread 0x000001dde2394ed0 Uncommon trap: trap_request=0xffffff45 fr.pc=0x000001ddd1bf4664 relative=0x00000000000003c4
Event: 2.241 Thread 0x000001dde2394ed0 Uncommon trap: reason=unstable_if action=reinterpret pc=0x000001ddd1bf4664 method=java.lang.Character.isSurrogate(C)Z @ 3 c2
Event: 2.241 Thread 0x000001dde2394ed0 DEOPT PACKING pc=0x000001ddd1bf4664 sp=0x0000000c754fcba0
Event: 2.241 Thread 0x000001dde2394ed0 DEOPT UNPACKING pc=0x000001ddd1679d22 sp=0x0000000c754fcab8 mode 2

Classes loaded (20 events):
Event: 1.524 Loading class jdk/internal/foreign/MemorySessionImpl
Event: 1.525 Loading class java/lang/foreign/SegmentScope
Event: 1.525 Loading class java/lang/foreign/SegmentScope done
Event: 1.525 Loading class java/lang/foreign/SegmentAllocator
Event: 1.525 Loading class java/lang/foreign/SegmentAllocator done
Event: 1.525 Loading class jdk/internal/foreign/MemorySessionImpl done
Event: 1.552 Loading class sun/font/SunFontManager$8
Event: 1.552 Loading class sun/font/SunFontManager$8 done
Event: 1.553 Loading class sun/font/SunFontManager$9
Event: 1.553 Loading class sun/font/SunFontManager$9 done
Event: 2.178 Loading class java/lang/foreign/MemorySegment
Event: 2.179 Loading class java/lang/foreign/MemorySegment done
Event: 2.395 Loading class sun/font/StandardGlyphVector
Event: 2.396 Loading class java/awt/font/GlyphVector
Event: 2.396 Loading class java/awt/font/GlyphVector done
Event: 2.396 Loading class sun/font/StandardGlyphVector done
Event: 2.397 Loading class sun/font/FontSubstitution
Event: 2.397 Loading class sun/font/FontSubstitution done
Event: 2.397 Loading class sun/font/StandardGlyphVector$GlyphStrike
Event: 2.397 Loading class sun/font/StandardGlyphVector$GlyphStrike done

Classes unloaded (0 events):
No events

Classes redefined (0 events):
No events

Internal exceptions (20 events):
Event: 1.472 Thread 0x000001dde2394ed0 Exception <a 'java/io/FileNotFoundException'{0x00000000a79dd500}> (0x00000000a79dd500) 
thrown [s\open\src\hotspot\share\prims\jni.cpp, line 519]
Event: 1.473 Thread 0x000001dde2394ed0 Exception <a 'java/io/FileNotFoundException'{0x00000000a79df190}> (0x00000000a79df190) 
thrown [s\open\src\hotspot\share\prims\jni.cpp, line 519]
Event: 1.473 Thread 0x000001dde2394ed0 Exception <a 'java/io/FileNotFoundException'{0x00000000a79e0b48}> (0x00000000a79e0b48) 
thrown [s\open\src\hotspot\share\prims\jni.cpp, line 519]
Event: 1.478 Thread 0x000001dde2394ed0 Exception <a 'java/io/FileNotFoundException'{0x00000000a79e27a0}> (0x00000000a79e27a0) 
thrown [s\open\src\hotspot\share\prims\jni.cpp, line 519]
Event: 1.479 Thread 0x000001dde2394ed0 Exception <a 'java/io/FileNotFoundException'{0x00000000a79e4228}> (0x00000000a79e4228) 
thrown [s\open\src\hotspot\share\prims\jni.cpp, line 519]
Event: 1.482 Thread 0x000001dde2394ed0 Exception <a 'java/io/FileNotFoundException'{0x00000000a79e5c50}> (0x00000000a79e5c50) 
thrown [s\open\src\hotspot\share\prims\jni.cpp, line 519]
Event: 1.485 Thread 0x000001dde2394ed0 Exception <a 'java/io/FileNotFoundException'{0x00000000a79e9428}> (0x00000000a79e9428) 
thrown [s\open\src\hotspot\share\prims\jni.cpp, line 519]
Event: 1.486 Thread 0x000001dde2394ed0 Exception <a 'java/io/FileNotFoundException'{0x00000000a79eb0a8}> (0x00000000a79eb0a8) 
thrown [s\open\src\hotspot\share\prims\jni.cpp, line 519]
Event: 1.486 Thread 0x000001dde2394ed0 Exception <a 'java/io/FileNotFoundException'{0x00000000a79eca70}> (0x00000000a79eca70) 
thrown [s\open\src\hotspot\share\prims\jni.cpp, line 519]
Event: 1.495 Thread 0x000001dde2394ed0 Exception <a 'java/io/FileNotFoundException'{0x00000000a7804848}> (0x00000000a7804848) 
thrown [s\open\src\hotspot\share\prims\jni.cpp, line 519]
Event: 1.495 Thread 0x000001dde2394ed0 Exception <a 'java/io/FileNotFoundException'{0x00000000a7806508}> (0x00000000a7806508) 
thrown [s\open\src\hotspot\share\prims\jni.cpp, line 519]
Event: 1.495 Thread 0x000001dde2394ed0 Exception <a 'java/io/FileNotFoundException'{0x00000000a7807f00}> (0x00000000a7807f00) 
thrown [s\open\src\hotspot\share\prims\jni.cpp, line 519]
Event: 1.498 Thread 0x000001dde2394ed0 Exception <a 'java/io/FileNotFoundException'{0x00000000a7809b30}> (0x00000000a7809b30) 
thrown [s\open\src\hotspot\share\prims\jni.cpp, line 519]
Event: 1.499 Thread 0x000001dde2394ed0 Exception <a 'java/io/FileNotFoundException'{0x00000000a780b4e8}> (0x00000000a780b4e8) 
thrown [s\open\src\hotspot\share\prims\jni.cpp, line 519]
Event: 1.499 Thread 0x000001dde2394ed0 Exception <a 'java/io/FileNotFoundException'{0x00000000a780ceb0}> (0x00000000a780ceb0) 
thrown [s\open\src\hotspot\share\prims\jni.cpp, line 519]
Event: 1.499 Thread 0x000001dde2394ed0 Exception <a 'java/io/FileNotFoundException'{0x00000000a780eb48}> (0x00000000a780eb48) 
thrown [s\open\src\hotspot\share\prims\jni.cpp, line 519]
Event: 1.502 Thread 0x000001dde2394ed0 Exception <a 'java/io/FileNotFoundException'{0x00000000a78123f0}> (0x00000000a78123f0) 
thrown [s\open\src\hotspot\share\prims\jni.cpp, line 519]
Event: 1.505 Thread 0x000001dde2394ed0 Exception <a 'java/io/FileNotFoundException'{0x00000000a7815970}> (0x00000000a7815970) 
thrown [s\open\src\hotspot\share\prims\jni.cpp, line 519]
Event: 1.505 Thread 0x000001dde2394ed0 Exception <a 'java/io/FileNotFoundException'{0x00000000a7817648}> (0x00000000a7817648) 
thrown [s\open\src\hotspot\share\prims\jni.cpp, line 519]
Event: 1.505 Thread 0x000001dde2394ed0 Exception <a 'java/io/FileNotFoundException'{0x00000000a7819010}> (0x00000000a7819010) 
thrown [s\open\src\hotspot\share\prims\jni.cpp, line 519]

VM Operations (12 events):
Event: 0.168 Executing VM operation: HandshakeAllThreads
Event: 0.168 Executing VM operation: HandshakeAllThreads done
Event: 0.359 Executing VM operation: HandshakeAllThreads
Event: 0.359 Executing VM operation: HandshakeAllThreads done
Event: 0.897 Executing VM operation: HandshakeAllThreads
Event: 0.897 Executing VM operation: HandshakeAllThreads done
Event: 0.905 Executing VM operation: G1CollectForAllocation
Event: 0.915 Executing VM operation: G1CollectForAllocation done
Event: 1.023 Executing VM operation: HandshakeAllThreads
Event: 1.023 Executing VM operation: HandshakeAllThreads done
Event: 1.781 Executing VM operation: G1CollectForAllocation
Event: 1.787 Executing VM operation: G1CollectForAllocation done

Events (18 events):
Event: 0.036 Thread 0x000001ddc1f58920 Thread added: 0x000001ddc1f58920
Event: 0.063 Thread 0x000001dddd914220 Thread added: 0x000001dddd914220
Event: 0.063 Thread 0x000001dddd914d60 Thread added: 0x000001dddd914d60
Event: 0.065 Thread 0x000001dddd9158a0 Thread added: 0x000001dddd9158a0
Event: 0.065 Thread 0x000001dddd91a200 Thread added: 0x000001dddd91a200
Event: 0.065 Thread 0x000001dddd91ab40 Thread added: 0x000001dddd91ab40
Event: 0.065 Thread 0x000001dddd91bc20 Thread added: 0x000001dddd91bc20
Event: 0.065 Thread 0x000001dddd91c9c0 Thread added: 0x000001dddd91c9c0
Event: 0.066 Thread 0x000001dddd9434f0 Thread added: 0x000001dddd9434f0
Event: 0.120 Thread 0x000001dddd8dfb40 Thread added: 0x000001dddd8dfb40
Event: 0.203 Thread 0x000001dde1dca0a0 Thread added: 0x000001dde1dca0a0
Event: 0.424 Thread 0x000001dde1f7cad0 Thread added: 0x000001dde1f7cad0
Event: 0.428 Thread 0x000001dde1f7fae0 Thread added: 0x000001dde1f7fae0
Event: 0.433 Thread 0x000001dde1f83b00 Thread added: 0x000001dde1f83b00
Event: 0.761 Thread 0x000001dde2396960 Thread added: 0x000001dde2396960
Event: 1.076 Thread 0x000001dde2394ed0 Thread added: 0x000001dde2394ed0
Event: 1.331 Thread 0x000001ddc1f58920 Thread exited: 0x000001ddc1f58920
Event: 1.331 Thread 0x000001dde2395970 Thread added: 0x000001dde2395970


Dynamic libraries:
0x00007ff605ba0000 - 0x00007ff605bb0000 	C:\Program Files\Java\jdk-20\bin\java.exe
0x00007ffea7800000 - 0x00007ffea7a66000 	C:\WINDOWS\SYSTEM32\ntdll.dll
0x00007ffea6e20000 - 0x00007ffea6ee9000 	C:\WINDOWS\System32\KERNEL32.DLL
0x00007ffea51f0000 - 0x00007ffea55bc000 	C:\WINDOWS\System32\KERNELBASE.dll
0x00007ffea50a0000 - 0x00007ffea51eb000 	C:\WINDOWS\System32\ucrtbase.dll
0x00007ffe94c30000 - 0x00007ffe94c49000 	C:\Program Files\Java\jdk-20\bin\jli.dll
0x00007ffe9f450000 - 0x00007ffe9f46b000 	C:\Program Files\Java\jdk-20\bin\VCRUNTIME140.dll
0x00007ffea7700000 - 0x00007ffea77b2000 	C:\WINDOWS\System32\ADVAPI32.dll
0x00007ffea7230000 - 0x00007ffea72d9000 	C:\WINDOWS\System32\msvcrt.dll
0x00007ffea66d0000 - 0x00007ffea6776000 	C:\WINDOWS\System32\sechost.dll
0x00007ffea75e0000 - 0x00007ffea76f6000 	C:\WINDOWS\System32\RPCRT4.dll
0x00007ffea7410000 - 0x00007ffea75da000 	C:\WINDOWS\System32\USER32.dll
0x00007ffea5070000 - 0x00007ffea5097000 	C:\WINDOWS\System32\win32u.dll
0x00007ffea6b10000 - 0x00007ffea6b3b000 	C:\WINDOWS\System32\GDI32.dll
0x00007ffea4db0000 - 0x00007ffea4ee2000 	C:\WINDOWS\System32\gdi32full.dll
0x00007ffe8d530000 - 0x00007ffe8d7ca000 	C:\WINDOWS\WinSxS\amd64_microsoft.windows.common-controls_6595b64144ccf1df_6.0.26100.3912_none_3e07963ce335137e\COMCTL32.dll
0x00007ffea4ae0000 - 0x00007ffea4b83000 	C:\WINDOWS\System32\msvcp_win.dll
0x00007ffe9e990000 - 0x00007ffe9e99b000 	C:\WINDOWS\SYSTEM32\VERSION.dll
0x00007ffea7060000 - 0x00007ffea7090000 	C:\WINDOWS\System32\IMM32.DLL
0x00007ffe9ba40000 - 0x00007ffe9ba4c000 	C:\Program Files\Java\jdk-20\bin\vcruntime140_1.dll
0x00007ffe923f0000 - 0x00007ffe9247e000 	C:\Program Files\Java\jdk-20\bin\msvcp140.dll
0x00007ffe371f0000 - 0x00007ffe37e87000 	C:\Program Files\Java\jdk-20\bin\server\jvm.dll
0x00007ffea1920000 - 0x00007ffea192a000 	C:\WINDOWS\SYSTEM32\WSOCK32.dll
0x00007ffea6cf0000 - 0x00007ffea6d64000 	C:\WINDOWS\System32\WS2_32.dll
0x00007ffe9e950000 - 0x00007ffe9e986000 	C:\WINDOWS\SYSTEM32\WINMM.dll
0x00007ffea3750000 - 0x00007ffea376a000 	C:\WINDOWS\SYSTEM32\kernel.appcore.dll
0x00007ffe98170000 - 0x00007ffe9817a000 	C:\Program Files\Java\jdk-20\bin\jimage.dll
0x00007ffe992e0000 - 0x00007ffe99521000 	C:\WINDOWS\SYSTEM32\DBGHELP.DLL
0x00007ffea6780000 - 0x00007ffea6b04000 	C:\WINDOWS\System32\combase.dll
0x00007ffea55c0000 - 0x00007ffea56a0000 	C:\WINDOWS\System32\OLEAUT32.dll
0x00007ffe89130000 - 0x00007ffe89169000 	C:\WINDOWS\SYSTEM32\dbgcore.DLL
0x00007ffea4b90000 - 0x00007ffea4c29000 	C:\WINDOWS\System32\bcryptPrimitives.dll
0x00007ffe98050000 - 0x00007ffe98076000 	C:\Program Files\Java\jdk-20\bin\java.dll
0x00007ffe93f00000 - 0x00007ffe93fd7000 	C:\Program Files\Java\jdk-20\bin\jsvml.dll
0x00007ffea5b10000 - 0x00007ffea623d000 	C:\WINDOWS\System32\SHELL32.dll
0x00007ffea4ef0000 - 0x00007ffea5064000 	C:\WINDOWS\System32\wintypes.dll
0x00007ffea2640000 - 0x00007ffea2e96000 	C:\WINDOWS\SYSTEM32\windows.storage.dll
0x00007ffea5830000 - 0x00007ffea591f000 	C:\WINDOWS\System32\SHCORE.dll
0x00007ffea7340000 - 0x00007ffea73a9000 	C:\WINDOWS\System32\shlwapi.dll
0x00007ffea4870000 - 0x00007ffea489f000 	C:\WINDOWS\SYSTEM32\profapi.dll
0x00007ffe955b0000 - 0x00007ffe955c3000 	C:\Program Files\Java\jdk-20\bin\net.dll
0x00007ffe9a290000 - 0x00007ffe9a3ae000 	C:\WINDOWS\SYSTEM32\WINHTTP.dll
0x00007ffea3cc0000 - 0x00007ffea3d2a000 	C:\WINDOWS\system32\mswsock.dll
0x00007ffe94cb0000 - 0x00007ffe94cc6000 	C:\Program Files\Java\jdk-20\bin\nio.dll
0x00007ffe94500000 - 0x00007ffe94518000 	C:\Program Files\Java\jdk-20\bin\zip.dll
0x00007ffe432a0000 - 0x00007ffe43431000 	C:\Program Files\Java\jdk-20\bin\awt.dll
0x00007ffea1a40000 - 0x00007ffea1ade000 	C:\WINDOWS\SYSTEM32\apphelp.dll
0x00007ffea1fa0000 - 0x00007ffea1fd6000 	C:\WINDOWS\system32\DWMAPI.DLL
0x00007ffea1c10000 - 0x00007ffea1cbf000 	C:\WINDOWS\system32\uxtheme.dll
0x00007ffe3e920000 - 0x00007ffe3ea2c000 	C:\WINDOWS\system32\opengl32.dll
0x00007ffe407e0000 - 0x00007ffe4080d000 	C:\WINDOWS\SYSTEM32\GLU32.dll
0x00007ffea1f50000 - 0x00007ffea1f97000 	C:\WINDOWS\SYSTEM32\dxcore.dll
0x00007ffea56c0000 - 0x00007ffea581f000 	C:\WINDOWS\System32\MSCTF.dll
0x00007ffea6b40000 - 0x00007ffea6cdf000 	C:\WINDOWS\System32\ole32.dll
0x00007ffe408f0000 - 0x00007ffe40aa5000 	C:\WINDOWS\system32\d3d9.dll
0x00007ffe9e9a0000 - 0x00007ffe9eb5b000 	C:\WINDOWS\System32\DriverStore\FileRepository\u0402605.inf_amd64_436c7d82eab5c303\B399655\aticfx64.dll
0x00007ffe935e0000 - 0x00007ffe93614000 	C:\WINDOWS\System32\DriverStore\FileRepository\u0402605.inf_amd64_436c7d82eab5c303\B399655\atiu9p64.dll
0x00007ffe34bc0000 - 0x00007ffe35907000 	C:\WINDOWS\System32\DriverStore\FileRepository\u0402605.inf_amd64_436c7d82eab5c303\B399655\atiumd64.dll
0x0000000073230000 - 0x0000000074143000 	C:\WINDOWS\System32\DriverStore\FileRepository\u0402605.inf_amd64_436c7d82eab5c303\B399655\atiumd6a.dll
0x00007ffea6240000 - 0x00007ffea66c6000 	C:\WINDOWS\System32\SETUPAPI.dll
0x00007ffea47e0000 - 0x00007ffea483e000 	C:\WINDOWS\SYSTEM32\POWRPROF.dll
0x00007ffea47c0000 - 0x00007ffea47d4000 	C:\WINDOWS\SYSTEM32\UMPDC.dll
0x00007ffe9c940000 - 0x00007ffe9c975000 	C:\WINDOWS\SYSTEM32\amdihk64.dll
0x00007ffea1d60000 - 0x00007ffea1dc0000 	C:\WINDOWS\SYSTEM32\directxdatabasehelper.dll
0x00007ffe94c00000 - 0x00007ffe94c2e000 	C:\Program Files\Java\jdk-20\bin\javajpeg.dll
0x00007ffe91fa0000 - 0x00007ffe92026000 	C:\Program Files\Java\jdk-20\bin\freetype.dll
0x00007ffe718e0000 - 0x00007ffe719a6000 	C:\Program Files\Java\jdk-20\bin\fontmanager.dll
0x00007ffea6d70000 - 0x00007ffea6e18000 	C:\WINDOWS\System32\clbcatq.dll
0x00007ffea00d0000 - 0x00007ffea030a000 	C:\WINDOWS\SYSTEM32\WindowsCodecs.dll
0x00007ffe77e90000 - 0x00007ffe77eea000 	C:\WINDOWS\system32\dataexchange.dll
0x00007ffe9c500000 - 0x00007ffe9c73c000 	C:\WINDOWS\system32\twinapi.appcore.dll
0x00007ffe96830000 - 0x00007ffe9697d000 	C:\WINDOWS\SYSTEM32\textinputframework.dll

dbghelp: loaded successfully - version: 4.0.5 - missing functions: none
symbol engine: initialized successfully - sym options: 0x614 - pdb path: .;C:\Program Files\Java\jdk-20\bin;C:\WINDOWS\SYSTEM32;C:\WINDOWS\WinSxS\amd64_microsoft.windows.common-controls_6595b64144ccf1df_6.0.26100.3912_none_3e07963ce335137e;C:\Program Files\Java\jdk-20\bin\server;C:\WINDOWS\System32\DriverStore\FileRepository\u0402605.inf_amd64_436c7d82eab5c303\B399655

VM Arguments:
jvm_args: -Dfile.encoding=UTF-8 --module-path=C:\Users\rg097\Documents\NetBeansProjects\bank management system\build\classes 
java_command: bank.management.system.Login
java_class_path (initial): D:\java\jcalendar-tz-1.3.3-4.jar;D:\mysql-connector-java-8.0.28.jar;C:\Users\rg097\Documents\NetBeansProjects\bank management system\build\classes
Launcher Type: SUN_STANDARD

[Global flags]
     intx CICompilerCount                          = 2                                         {product} {ergonomic}
     uint ConcGCThreads                            = 1                                         {product} {ergonomic}
     uint G1ConcRefinementThreads                  = 2                                         {product} {ergonomic}
   size_t G1HeapRegionSize                         = 1048576                                   {product} {ergonomic}
    uintx GCDrainStackTargetSize                   = 64                                        {product} {ergonomic}
   size_t InitialHeapSize                          = 100663296                                 {product} {ergonomic}
   size_t MarkStackSize                            = 4194304                                   {product} {ergonomic}
   size_t MaxHeapSize                              = 1581252608                                {product} {ergonomic}
   size_t MaxNewSize                               = 947912704                                 {product} {ergonomic}
   size_t MinHeapDeltaBytes                        = 1048576                                   {product} {ergonomic}
   size_t MinHeapSize                              = 8388608                                   {product} {ergonomic}
    uintx NonNMethodCodeHeapSize                   = 5826188                                {pd product} {ergonomic}
    uintx NonProfiledCodeHeapSize                  = 122916026                              {pd product} {ergonomic}
    uintx ProfiledCodeHeapSize                     = 122916026                              {pd product} {ergonomic}
    uintx ReservedCodeCacheSize                    = 251658240                              {pd product} {ergonomic}
     bool SegmentedCodeCache                       = true                                      {product} {ergonomic}
   size_t SoftMaxHeapSize                          = 1581252608                             {manageable} {ergonomic}
     bool UseCompressedClassPointers               = true                           {product lp64_product} {ergonomic}
     bool UseCompressedOops                        = true                           {product lp64_product} {ergonomic}
     bool UseG1GC                                  = true                                      {product} {ergonomic}
     bool UseLargePagesIndividualAllocation        = false                                  {pd product} {ergonomic}

Logging:
Log output configuration:
 #0: stdout all=warning uptime,level,tags foldmultilines=false
 #1: stderr all=off uptime,level,tags foldmultilines=false

Environment Variables:
PATH=C:\Program Files\Common Files\Oracle\Java\javapath;C:\WINDOWS\system32;C:\WINDOWS;C:\WINDOWS\System32\Wbem;C:\WINDOWS\System32\WindowsPowerShell\v1.0\;C:\WINDOWS\System32\OpenSSH\;C:\Program Files\dotnet\;C:\Program Files\Java\jdk-17\bin;C:\Program Files\MySQL\MySQL Shell 8.0\bin\;C:\Users\rg097\AppData\Local\Programs\Python\Launcher\;C:\Users\rg097\AppData\Local\Microsoft\WindowsApps;;C:\Users\rg097\AppData\Local\Programs\Microsoft VS Code\bin
USERNAME=rg097
OS=Windows_NT
PROCESSOR_IDENTIFIER=AMD64 Family 23 Model 24 Stepping 1, AuthenticAMD
TMP=C:\Users\rg097\AppData\Local\Temp
TEMP=C:\Users\rg097\AppData\Local\Temp




---------------  S Y S T E M  ---------------

OS:
 Windows 11 , 64 bit Build 26100 (10.0.26100.3912)
OS uptime: 2 days 7:29 hours

CPU: total 2 (initial active 2) (2 cores per cpu, 1 threads per core) family 23 model 24 stepping 1 microcode 0x810810d, cx8, cmov, fxsr, mmx, 3dnowpref, sse, sse2, sse3, ssse3, sse4a, sse4.1, sse4.2, popcnt, lzcnt, tsc, tscinvbit, avx, avx2, aes, clmul, bmi1, bmi2, adx, sha, fma, vzeroupper, clflush, clflushopt, rdtscp, f16c

Memory: 4k page, system-wide physical 6030M (464M free)
TotalPageFile size 21030M (AvailPageFile size 0M)
current process WorkingSet (physical memory assigned to process): 85M, peak: 85M
current process commit charge ("private bytes"): 196M, peak: 197M

vm_info: Java HotSpot(TM) 64-Bit Server VM (20.0.1+9-29) for windows-amd64 JRE (20.0.1+9-29), built on 2023-03-07T13:56:11Z by "mach5one" with MS VC++ 17.1 (VS2022)

END.
