#
# There is insufficient memory for the Java Runtime Environment to continue.
# Native memory allocation (malloc) failed to allocate 735216 bytes for Chunk::new
# Possible reasons:
#   The system is out of physical RAM or swap space
#   The process is running with CompressedOops enabled, and the Java Heap may be blocking the growth of the native heap
# Possible solutions:
#   Reduce memory load on the system
#   Increase physical memory or swap space
#   Check if swap backing store is full
#   Decrease Java heap size (-Xmx/-Xms)
#   Decrease number of Java threads
#   Decrease Java thread stack sizes (-Xss)
#   Set larger code cache with -XX:ReservedCodeCacheSize=
#   JVM is running with Unscaled Compressed Oops mode in which the Java heap is
#     placed in the first 4GB address space. The Java Heap base address is the
#     maximum limit for the native heap growth. Please use -XX:HeapBaseMinAddress
#     to set the Java Heap base and to place the Java Heap above 4GB virtual address.
# This output file may be truncated or incomplete.
#
#  Out of Memory Error (arena.cpp:184), pid=26068, tid=22356
#
# JRE version: Java(TM) SE Runtime Environment (20.0.1+9) (build 20.0.1+9-29)
# Java VM: Java HotSpot(TM) 64-Bit Server VM (20.0.1+9-29, mixed mode, sharing, tiered, compressed oops, compressed class ptrs, g1 gc, windows-amd64)
# No core dump will be written. Minidumps are not enabled by default on client versions of Windows
#

---------------  S U M M A R Y ------------

Command Line: -Dfile.encoding=UTF-8 --module-path=C:\Users\rg097\Documents\NetBeansProjects\bank management system\build\classes bank.management.system.Login

Host: AMD Athlon Silver 3050U with Radeon Graphics   , 2 cores, 5G,  Windows 11 , 64 bit Build 26100 (10.0.26100.3912)
Time: Mon May  5 00:45:41 2025 India Standard Time elapsed time: 2.439712 seconds (0d 0h 0m 2s)

---------------  T H R E A D  ---------------

Current thread (0x000001881d21e360):  JavaThread "C2 CompilerThread0" daemon [_thread_in_native, id=22356, stack(0x0000003df4000000,0x0000003df4100000)]


Current CompileTask:
C2:   2439 1242   !   4       sun.font.TrueTypeFont::getTableBuffer (208 bytes)

Stack: [0x0000003df4000000,0x0000003df4100000]
Native frames: (J=compiled Java code, j=interpreted, Vv=VM code, C=native code)
V  [jvm.dll+0x6bb95a]
V  [jvm.dll+0x8485fa]
V  [jvm.dll+0x84a1f5]
V  [jvm.dll+0x84a8f3]
V  [jvm.dll+0x280b0f]
V  [jvm.dll+0xc2b11]
V  [jvm.dll+0xc2e35]
V  [jvm.dll+0x3bb142]
V  [jvm.dll+0x3857f5]
V  [jvm.dll+0x384c6a]
V  [jvm.dll+0x24b259]
V  [jvm.dll+0x24a651]
V  [jvm.dll+0x1ce491]
V  [jvm.dll+0x259e1b]
V  [jvm.dll+0x2584f0]
V  [jvm.dll+0x3f2895]
V  [jvm.dll+0x7f4b56]
V  [jvm.dll+0x6ba5cb]
C  [ucrtbase.dll+0x37b0]
C  [KERNEL32.DLL+0x2e8d7]
C  [ntdll.dll+0x9c5dc]


---------------  P R O C E S S  ---------------

Threads class SMR info:
_java_thread_list=0x0000018821eac3c0, length=17, elements={
0x000001881d213420, 0x000001881d213f60, 0x000001881d216ee0, 0x000001881d21b940,
0x000001881d21c280, 0x000001881d21cbc0, 0x000001881d21e360, 0x000001881d2274b0,
0x000001881d1dce40, 0x0000018821572a60, 0x00000188215b1f30, 0x00000188215b2480,
0x0000018821762060, 0x0000018821da1f00, 0x0000018821e6d650, 0x0000018821f4f240,
0x0000018821f509c0
}

Java Threads: ( => current thread )
  0x000001881d213420 JavaThread "Reference Handler" daemon [_thread_blocked, id=26256, stack(0x0000003df3a00000,0x0000003df3b00000)]
  0x000001881d213f60 JavaThread "Finalizer" daemon [_thread_blocked, id=25820, stack(0x0000003df3b00000,0x0000003df3c00000)]
  0x000001881d216ee0 JavaThread "Signal Dispatcher" daemon [_thread_blocked, id=25336, stack(0x0000003df3c00000,0x0000003df3d00000)]
  0x000001881d21b940 JavaThread "Attach Listener" daemon [_thread_blocked, id=9316, stack(0x0000003df3d00000,0x0000003df3e00000)]
  0x000001881d21c280 JavaThread "Service Thread" daemon [_thread_blocked, id=19956, stack(0x0000003df3e00000,0x0000003df3f00000)]
  0x000001881d21cbc0 JavaThread "Monitor Deflation Thread" daemon [_thread_blocked, id=11444, stack(0x0000003df3f00000,0x0000003df4000000)]
=>0x000001881d21e360 JavaThread "C2 CompilerThread0" daemon [_thread_in_native, id=22356, stack(0x0000003df4000000,0x0000003df4100000)]
  0x000001881d2274b0 JavaThread "C1 CompilerThread0" daemon [_thread_blocked, id=2432, stack(0x0000003df4100000,0x0000003df4200000)]
  0x000001881d1dce40 JavaThread "Common-Cleaner" daemon [_thread_blocked, id=12148, stack(0x0000003df4200000,0x0000003df4300000)]
  0x0000018821572a60 JavaThread "Notification Thread" daemon [_thread_blocked, id=668, stack(0x0000003df4300000,0x0000003df4400000)]
  0x00000188215b1f30 JavaThread "Java2D Disposer" daemon [_thread_blocked, id=21368, stack(0x0000003df4500000,0x0000003df4600000)]
  0x00000188215b2480 JavaThread "AWT-Shutdown" [_thread_blocked, id=11372, stack(0x0000003df4600000,0x0000003df4700000)]
  0x0000018821762060 JavaThread "AWT-Windows" daemon [_thread_in_native, id=4820, stack(0x0000003df4700000,0x0000003df4800000)]
  0x0000018821da1f00 JavaThread "Image Fetcher 0" daemon [_thread_blocked, id=14572, stack(0x0000003df4e00000,0x0000003df4f00000)]
  0x0000018821e6d650 JavaThread "AWT-EventQueue-0" [_thread_in_vm, id=10276, stack(0x0000003df5000000,0x0000003df5100000)]
  0x0000018821f4f240 JavaThread "D3D Screen Updater" daemon [_thread_blocked, id=13744, stack(0x0000003df5200000,0x0000003df5300000)]
  0x0000018821f509c0 JavaThread "DestroyJavaVM" [_thread_blocked, id=21588, stack(0x0000003df3300000,0x0000003df3400000)]

Other Threads:
  0x000001881d1f0f20 VMThread "VM Thread" [stack: 0x0000003df3900000,0x0000003df3a00000] [id=3048]
  0x0000018821578760 WatcherThread "VM Periodic Task Thread" [stack: 0x0000003df4400000,0x0000003df4500000] [id=9624]
  0x00000188018a8bd0 WorkerThread "GC Thread#0" [stack: 0x0000003df3400000,0x0000003df3500000] [id=4588]
  0x0000018821e48e70 WorkerThread "GC Thread#1" [stack: 0x0000003df4f00000,0x0000003df5000000] [id=12108]
  0x00000188018b57e0 ConcurrentGCThread "G1 Main Marker" [stack: 0x0000003df3500000,0x0000003df3600000] [id=18680]
  0x00000188018b6210 WorkerThread "G1 Conc#0" [stack: 0x0000003df3600000,0x0000003df3700000] [id=23848]
  0x00000188019161d0 ConcurrentGCThread "G1 Refine#0" [stack: 0x0000003df3700000,0x0000003df3800000] [id=13888]
  0x0000018801916c70 ConcurrentGCThread "G1 Service" [stack: 0x0000003df3800000,0x0000003df3900000] [id=4168]

Threads with active compile tasks:
C2 CompilerThread0     2516 1242   !   4       sun.font.TrueTypeFont::getTableBuffer (208 bytes)

VM state: not at safepoint (normal execution)

VM Mutex/Monitor currently owned by a thread:  ([mutex/lock_event])
[0x0000018801853050] Metaspace_lock - owner thread: 0x0000018821e6d650

Heap address: 0x00000000a1c00000, size: 1508 MB, Compressed Oops mode: 32-bit

CDS archive(s) mapped at: [0x0000000800000000-0x0000000800c60000-0x0000000800c60000), size 12976128, SharedBaseAddress: 0x0000000800000000, ArchiveRelocationMode: 0.
Compressed class space mapped at: 0x0000000801000000-0x0000000841000000, reserved size: 1073741824
Narrow klass base: 0x0000000800000000, Narrow klass shift: 0, Narrow klass range: 0x100000000

GC Precious Log:
 CardTable entry size: 512
 Card Set container configuration: InlinePtr #cards 5 size 8 Array Of Cards #cards 12 size 40 Howl #buckets 4 coarsen threshold 1843 Howl Bitmap #cards 512 size 80 coarsen threshold 460 Card regions per heap region 1 cards per card region 2048
 CPUs: 2 total, 2 available
 Memory: 6030M
 Large Page Support: Disabled
 NUMA Support: Disabled
 Compressed Oops: Enabled (32-bit)
 Heap Region Size: 1M
 Heap Min Capacity: 8M
 Heap Initial Capacity: 96M
 Heap Max Capacity: 1508M
 Pre-touch: Disabled
 Parallel Workers: 2
 Concurrent Workers: 1
 Concurrent Refinement Workers: 2
 Periodic GC: Disabled

Heap:
 garbage-first heap   total 98304K, used 13199K [0x00000000a1c00000, 0x0000000100000000)
  region size 1024K, 9 young (9216K), 1 survivors (1024K)
 Metaspace       used 8311K, committed 8512K, reserved 1114112K
  class space    used 915K, committed 1024K, reserved 1048576K

Heap Regions: E=young(eden), S=young(survivor), O=old, HS=humongous(starts), HC=humongous(continues), CS=collection set, F=free, OA=open archive, CA=closed archive, TAMS=top-at-mark-start, PB=parsable bottom
|   0|0x00000000a1c00000, 0x00000000a1d00000, 0x00000000a1d00000|100%| O|  |TAMS 0x00000000a1c00000| PB 0x00000000a1c00000| Untracked 
|   1|0x00000000a1d00000, 0x00000000a1e00000, 0x00000000a1e00000|100%| O|  |TAMS 0x00000000a1d00000| PB 0x00000000a1d00000| Untracked 
|   2|0x00000000a1e00000, 0x00000000a1ee3c00, 0x00000000a1f00000| 88%| O|  |TAMS 0x00000000a1e00000| PB 0x00000000a1e00000| Untracked 
|   3|0x00000000a1f00000, 0x00000000a2000000, 0x00000000a2000000|100%|HS|  |TAMS 0x00000000a1f00000| PB 0x00000000a1f00000| Complete 
|   4|0x00000000a2000000, 0x00000000a2100000, 0x00000000a2100000|100%|HC|  |TAMS 0x00000000a2000000| PB 0x00000000a2000000| Complete 
|   5|0x00000000a2100000, 0x00000000a2100000, 0x00000000a2200000|  0%| F|  |TAMS 0x00000000a2100000| PB 0x00000000a2100000| Untracked 
|   6|0x00000000a2200000, 0x00000000a2200000, 0x00000000a2300000|  0%| F|  |TAMS 0x00000000a2200000| PB 0x00000000a2200000| Untracked 
|   7|0x00000000a2300000, 0x00000000a2300000, 0x00000000a2400000|  0%| F|  |TAMS 0x00000000a2300000| PB 0x00000000a2300000| Untracked 
|   8|0x00000000a2400000, 0x00000000a2400000, 0x00000000a2500000|  0%| F|  |TAMS 0x00000000a2400000| PB 0x00000000a2400000| Untracked 
|   9|0x00000000a2500000, 0x00000000a2500000, 0x00000000a2600000|  0%| F|  |TAMS 0x00000000a2500000| PB 0x00000000a2500000| Untracked 
|  10|0x00000000a2600000, 0x00000000a2600000, 0x00000000a2700000|  0%| F|  |TAMS 0x00000000a2600000| PB 0x00000000a2600000| Untracked 
|  11|0x00000000a2700000, 0x00000000a2700000, 0x00000000a2800000|  0%| F|  |TAMS 0x00000000a2700000| PB 0x00000000a2700000| Untracked 
|  12|0x00000000a2800000, 0x00000000a2800000, 0x00000000a2900000|  0%| F|  |TAMS 0x00000000a2800000| PB 0x00000000a2800000| Untracked 
|  13|0x00000000a2900000, 0x00000000a2900000, 0x00000000a2a00000|  0%| F|  |TAMS 0x00000000a2900000| PB 0x00000000a2900000| Untracked 
|  14|0x00000000a2a00000, 0x00000000a2a00000, 0x00000000a2b00000|  0%| F|  |TAMS 0x00000000a2a00000| PB 0x00000000a2a00000| Untracked 
|  15|0x00000000a2b00000, 0x00000000a2b00000, 0x00000000a2c00000|  0%| F|  |TAMS 0x00000000a2b00000| PB 0x00000000a2b00000| Untracked 
|  16|0x00000000a2c00000, 0x00000000a2c00000, 0x00000000a2d00000|  0%| F|  |TAMS 0x00000000a2c00000| PB 0x00000000a2c00000| Untracked 
|  17|0x00000000a2d00000, 0x00000000a2d00000, 0x00000000a2e00000|  0%| F|  |TAMS 0x00000000a2d00000| PB 0x00000000a2d00000| Untracked 
|  18|0x00000000a2e00000, 0x00000000a2e00000, 0x00000000a2f00000|  0%| F|  |TAMS 0x00000000a2e00000| PB 0x00000000a2e00000| Untracked 
|  19|0x00000000a2f00000, 0x00000000a2f00000, 0x00000000a3000000|  0%| F|  |TAMS 0x00000000a2f00000| PB 0x00000000a2f00000| Untracked 
|  20|0x00000000a3000000, 0x00000000a3000000, 0x00000000a3100000|  0%| F|  |TAMS 0x00000000a3000000| PB 0x00000000a3000000| Untracked 
|  21|0x00000000a3100000, 0x00000000a3100000, 0x00000000a3200000|  0%| F|  |TAMS 0x00000000a3100000| PB 0x00000000a3100000| Untracked 
|  22|0x00000000a3200000, 0x00000000a3200000, 0x00000000a3300000|  0%| F|  |TAMS 0x00000000a3200000| PB 0x00000000a3200000| Untracked 
|  23|0x00000000a3300000, 0x00000000a3300000, 0x00000000a3400000|  0%| F|  |TAMS 0x00000000a3300000| PB 0x00000000a3300000| Untracked 
|  24|0x00000000a3400000, 0x00000000a3400000, 0x00000000a3500000|  0%| F|  |TAMS 0x00000000a3400000| PB 0x00000000a3400000| Untracked 
|  25|0x00000000a3500000, 0x00000000a3500000, 0x00000000a3600000|  0%| F|  |TAMS 0x00000000a3500000| PB 0x00000000a3500000| Untracked 
|  26|0x00000000a3600000, 0x00000000a3600000, 0x00000000a3700000|  0%| F|  |TAMS 0x00000000a3600000| PB 0x00000000a3600000| Untracked 
|  27|0x00000000a3700000, 0x00000000a3700000, 0x00000000a3800000|  0%| F|  |TAMS 0x00000000a3700000| PB 0x00000000a3700000| Untracked 
|  28|0x00000000a3800000, 0x00000000a3800000, 0x00000000a3900000|  0%| F|  |TAMS 0x00000000a3800000| PB 0x00000000a3800000| Untracked 
|  29|0x00000000a3900000, 0x00000000a3900000, 0x00000000a3a00000|  0%| F|  |TAMS 0x00000000a3900000| PB 0x00000000a3900000| Untracked 
|  30|0x00000000a3a00000, 0x00000000a3a00000, 0x00000000a3b00000|  0%| F|  |TAMS 0x00000000a3a00000| PB 0x00000000a3a00000| Untracked 
|  31|0x00000000a3b00000, 0x00000000a3b00000, 0x00000000a3c00000|  0%| F|  |TAMS 0x00000000a3b00000| PB 0x00000000a3b00000| Untracked 
|  32|0x00000000a3c00000, 0x00000000a3c00000, 0x00000000a3d00000|  0%| F|  |TAMS 0x00000000a3c00000| PB 0x00000000a3c00000| Untracked 
|  33|0x00000000a3d00000, 0x00000000a3d00000, 0x00000000a3e00000|  0%| F|  |TAMS 0x00000000a3d00000| PB 0x00000000a3d00000| Untracked 
|  34|0x00000000a3e00000, 0x00000000a3e00000, 0x00000000a3f00000|  0%| F|  |TAMS 0x00000000a3e00000| PB 0x00000000a3e00000| Untracked 
|  35|0x00000000a3f00000, 0x00000000a3f00000, 0x00000000a4000000|  0%| F|  |TAMS 0x00000000a3f00000| PB 0x00000000a3f00000| Untracked 
|  36|0x00000000a4000000, 0x00000000a4000000, 0x00000000a4100000|  0%| F|  |TAMS 0x00000000a4000000| PB 0x00000000a4000000| Untracked 
|  37|0x00000000a4100000, 0x00000000a4100000, 0x00000000a4200000|  0%| F|  |TAMS 0x00000000a4100000| PB 0x00000000a4100000| Untracked 
|  38|0x00000000a4200000, 0x00000000a4200000, 0x00000000a4300000|  0%| F|  |TAMS 0x00000000a4200000| PB 0x00000000a4200000| Untracked 
|  39|0x00000000a4300000, 0x00000000a4300000, 0x00000000a4400000|  0%| F|  |TAMS 0x00000000a4300000| PB 0x00000000a4300000| Untracked 
|  40|0x00000000a4400000, 0x00000000a4400000, 0x00000000a4500000|  0%| F|  |TAMS 0x00000000a4400000| PB 0x00000000a4400000| Untracked 
|  41|0x00000000a4500000, 0x00000000a4500000, 0x00000000a4600000|  0%| F|  |TAMS 0x00000000a4500000| PB 0x00000000a4500000| Untracked 
|  42|0x00000000a4600000, 0x00000000a4600000, 0x00000000a4700000|  0%| F|  |TAMS 0x00000000a4600000| PB 0x00000000a4600000| Untracked 
|  43|0x00000000a4700000, 0x00000000a4700000, 0x00000000a4800000|  0%| F|  |TAMS 0x00000000a4700000| PB 0x00000000a4700000| Untracked 
|  44|0x00000000a4800000, 0x00000000a4800000, 0x00000000a4900000|  0%| F|  |TAMS 0x00000000a4800000| PB 0x00000000a4800000| Untracked 
|  45|0x00000000a4900000, 0x00000000a4900000, 0x00000000a4a00000|  0%| F|  |TAMS 0x00000000a4900000| PB 0x00000000a4900000| Untracked 
|  46|0x00000000a4a00000, 0x00000000a4a00000, 0x00000000a4b00000|  0%| F|  |TAMS 0x00000000a4a00000| PB 0x00000000a4a00000| Untracked 
|  47|0x00000000a4b00000, 0x00000000a4b00000, 0x00000000a4c00000|  0%| F|  |TAMS 0x00000000a4b00000| PB 0x00000000a4b00000| Untracked 
|  48|0x00000000a4c00000, 0x00000000a4c00000, 0x00000000a4d00000|  0%| F|  |TAMS 0x00000000a4c00000| PB 0x00000000a4c00000| Untracked 
|  49|0x00000000a4d00000, 0x00000000a4d00000, 0x00000000a4e00000|  0%| F|  |TAMS 0x00000000a4d00000| PB 0x00000000a4d00000| Untracked 
|  50|0x00000000a4e00000, 0x00000000a4e00000, 0x00000000a4f00000|  0%| F|  |TAMS 0x00000000a4e00000| PB 0x00000000a4e00000| Untracked 
|  51|0x00000000a4f00000, 0x00000000a4f00000, 0x00000000a5000000|  0%| F|  |TAMS 0x00000000a4f00000| PB 0x00000000a4f00000| Untracked 
|  52|0x00000000a5000000, 0x00000000a5000000, 0x00000000a5100000|  0%| F|  |TAMS 0x00000000a5000000| PB 0x00000000a5000000| Untracked 
|  53|0x00000000a5100000, 0x00000000a5100000, 0x00000000a5200000|  0%| F|  |TAMS 0x00000000a5100000| PB 0x00000000a5100000| Untracked 
|  54|0x00000000a5200000, 0x00000000a5200000, 0x00000000a5300000|  0%| F|  |TAMS 0x00000000a5200000| PB 0x00000000a5200000| Untracked 
|  55|0x00000000a5300000, 0x00000000a5300000, 0x00000000a5400000|  0%| F|  |TAMS 0x00000000a5300000| PB 0x00000000a5300000| Untracked 
|  56|0x00000000a5400000, 0x00000000a5400000, 0x00000000a5500000|  0%| F|  |TAMS 0x00000000a5400000| PB 0x00000000a5400000| Untracked 
|  57|0x00000000a5500000, 0x00000000a5500000, 0x00000000a5600000|  0%| F|  |TAMS 0x00000000a5500000| PB 0x00000000a5500000| Untracked 
|  58|0x00000000a5600000, 0x00000000a5600000, 0x00000000a5700000|  0%| F|  |TAMS 0x00000000a5600000| PB 0x00000000a5600000| Untracked 
|  59|0x00000000a5700000, 0x00000000a5700000, 0x00000000a5800000|  0%| F|  |TAMS 0x00000000a5700000| PB 0x00000000a5700000| Untracked 
|  60|0x00000000a5800000, 0x00000000a5800000, 0x00000000a5900000|  0%| F|  |TAMS 0x00000000a5800000| PB 0x00000000a5800000| Untracked 
|  61|0x00000000a5900000, 0x00000000a5900000, 0x00000000a5a00000|  0%| F|  |TAMS 0x00000000a5900000| PB 0x00000000a5900000| Untracked 
|  62|0x00000000a5a00000, 0x00000000a5a00000, 0x00000000a5b00000|  0%| F|  |TAMS 0x00000000a5a00000| PB 0x00000000a5a00000| Untracked 
|  63|0x00000000a5b00000, 0x00000000a5b00000, 0x00000000a5c00000|  0%| F|  |TAMS 0x00000000a5b00000| PB 0x00000000a5b00000| Untracked 
|  64|0x00000000a5c00000, 0x00000000a5c00000, 0x00000000a5d00000|  0%| F|  |TAMS 0x00000000a5c00000| PB 0x00000000a5c00000| Untracked 
|  65|0x00000000a5d00000, 0x00000000a5d00000, 0x00000000a5e00000|  0%| F|  |TAMS 0x00000000a5d00000| PB 0x00000000a5d00000| Untracked 
|  66|0x00000000a5e00000, 0x00000000a5e00000, 0x00000000a5f00000|  0%| F|  |TAMS 0x00000000a5e00000| PB 0x00000000a5e00000| Untracked 
|  67|0x00000000a5f00000, 0x00000000a5f00000, 0x00000000a6000000|  0%| F|  |TAMS 0x00000000a5f00000| PB 0x00000000a5f00000| Untracked 
|  68|0x00000000a6000000, 0x00000000a6000000, 0x00000000a6100000|  0%| F|  |TAMS 0x00000000a6000000| PB 0x00000000a6000000| Untracked 
|  69|0x00000000a6100000, 0x00000000a6100000, 0x00000000a6200000|  0%| F|  |TAMS 0x00000000a6100000| PB 0x00000000a6100000| Untracked 
|  70|0x00000000a6200000, 0x00000000a6200000, 0x00000000a6300000|  0%| F|  |TAMS 0x00000000a6200000| PB 0x00000000a6200000| Untracked 
|  71|0x00000000a6300000, 0x00000000a6300000, 0x00000000a6400000|  0%| F|  |TAMS 0x00000000a6300000| PB 0x00000000a6300000| Untracked 
|  72|0x00000000a6400000, 0x00000000a6400000, 0x00000000a6500000|  0%| F|  |TAMS 0x00000000a6400000| PB 0x00000000a6400000| Untracked 
|  73|0x00000000a6500000, 0x00000000a6500000, 0x00000000a6600000|  0%| F|  |TAMS 0x00000000a6500000| PB 0x00000000a6500000| Untracked 
|  74|0x00000000a6600000, 0x00000000a6600000, 0x00000000a6700000|  0%| F|  |TAMS 0x00000000a6600000| PB 0x00000000a6600000| Untracked 
|  75|0x00000000a6700000, 0x00000000a6700000, 0x00000000a6800000|  0%| F|  |TAMS 0x00000000a6700000| PB 0x00000000a6700000| Untracked 
|  76|0x00000000a6800000, 0x00000000a6800000, 0x00000000a6900000|  0%| F|  |TAMS 0x00000000a6800000| PB 0x00000000a6800000| Untracked 
|  77|0x00000000a6900000, 0x00000000a6900000, 0x00000000a6a00000|  0%| F|  |TAMS 0x00000000a6900000| PB 0x00000000a6900000| Untracked 
|  78|0x00000000a6a00000, 0x00000000a6a00000, 0x00000000a6b00000|  0%| F|  |TAMS 0x00000000a6a00000| PB 0x00000000a6a00000| Untracked 
|  79|0x00000000a6b00000, 0x00000000a6b00000, 0x00000000a6c00000|  0%| F|  |TAMS 0x00000000a6b00000| PB 0x00000000a6b00000| Untracked 
|  80|0x00000000a6c00000, 0x00000000a6c00000, 0x00000000a6d00000|  0%| F|  |TAMS 0x00000000a6c00000| PB 0x00000000a6c00000| Untracked 
|  81|0x00000000a6d00000, 0x00000000a6d00000, 0x00000000a6e00000|  0%| F|  |TAMS 0x00000000a6d00000| PB 0x00000000a6d00000| Untracked 
|  82|0x00000000a6e00000, 0x00000000a6e00000, 0x00000000a6f00000|  0%| F|  |TAMS 0x00000000a6e00000| PB 0x00000000a6e00000| Untracked 
|  83|0x00000000a6f00000, 0x00000000a6f00000, 0x00000000a7000000|  0%| F|  |TAMS 0x00000000a6f00000| PB 0x00000000a6f00000| Untracked 
|  84|0x00000000a7000000, 0x00000000a7000000, 0x00000000a7100000|  0%| F|  |TAMS 0x00000000a7000000| PB 0x00000000a7000000| Untracked 
|  85|0x00000000a7100000, 0x00000000a7100000, 0x00000000a7200000|  0%| F|  |TAMS 0x00000000a7100000| PB 0x00000000a7100000| Untracked 
|  86|0x00000000a7200000, 0x00000000a7200000, 0x00000000a7300000|  0%| F|  |TAMS 0x00000000a7200000| PB 0x00000000a7200000| Untracked 
|  87|0x00000000a7300000, 0x00000000a7366d00, 0x00000000a7400000| 40%| E|  |TAMS 0x00000000a7300000| PB 0x00000000a7300000| Complete 
|  88|0x00000000a7400000, 0x00000000a7500000, 0x00000000a7500000|100%| E|CS|TAMS 0x00000000a7400000| PB 0x00000000a7400000| Complete 
|  89|0x00000000a7500000, 0x00000000a7600000, 0x00000000a7600000|100%| E|CS|TAMS 0x00000000a7500000| PB 0x00000000a7500000| Complete 
|  90|0x00000000a7600000, 0x00000000a7700000, 0x00000000a7700000|100%| E|CS|TAMS 0x00000000a7600000| PB 0x00000000a7600000| Complete 
|  91|0x00000000a7700000, 0x00000000a7800000, 0x00000000a7800000|100%| S|CS|TAMS 0x00000000a7700000| PB 0x00000000a7700000| Complete 
|  92|0x00000000a7800000, 0x00000000a7900000, 0x00000000a7900000|100%| E|CS|TAMS 0x00000000a7800000| PB 0x00000000a7800000| Complete 
|  93|0x00000000a7900000, 0x00000000a7a00000, 0x00000000a7a00000|100%| E|CS|TAMS 0x00000000a7900000| PB 0x00000000a7900000| Complete 
|  94|0x00000000a7a00000, 0x00000000a7b00000, 0x00000000a7b00000|100%| E|CS|TAMS 0x00000000a7a00000| PB 0x00000000a7a00000| Complete 
|  95|0x00000000a7b00000, 0x00000000a7c00000, 0x00000000a7c00000|100%| E|CS|TAMS 0x00000000a7b00000| PB 0x00000000a7b00000| Complete 

Card table byte_map: [0x0000018819100000,0x0000018819400000] _byte_map_base: 0x0000018818bf2000

Marking Bits: (CMBitMap*) 0x00000188018a9200
 Bits: [0x0000018819700000, 0x000001881ae90000)

Polling page: 0x0000018800060000

Metaspace:

Usage:
  Non-class:      7.22 MB used.
      Class:    915.21 KB used.
       Both:      8.12 MB used.

Virtual space:
  Non-class space:       64.00 MB reserved,       7.31 MB ( 11%) committed,  1 nodes.
      Class space:        1.00 GB reserved,       1.00 MB ( <1%) committed,  1 nodes.
             Both:        1.06 GB reserved,       8.31 MB ( <1%) committed. 

Chunk freelists:
   Non-Class:  487.00 KB
       Class:  3.04 MB
        Both:  3.52 MB

MaxMetaspaceSize: unlimited
CompressedClassSpaceSize: 1.00 GB
Initial GC threshold: 21.00 MB
Current GC threshold: 21.00 MB
CDS: on
MetaspaceReclaimPolicy: balanced
 - commit_granule_bytes: 65536.
 - commit_granule_words: 8192.
 - virtual_space_node_default_size: 8388608.
 - enlarge_chunks_in_place: 1.
 - new_chunks_are_fully_committed: 0.
 - uncommit_free_chunks: 1.
 - use_allocation_guard: 0.


Internal statistics:

num_allocs_failed_limit: 0.
num_arena_births: 152.
num_arena_deaths: 0.
num_vsnodes_births: 2.
num_vsnodes_deaths: 0.
num_space_committed: 133.
num_space_uncommitted: 0.
num_chunks_returned_to_freelist: 0.
num_chunks_taken_from_freelist: 191.
num_chunk_merges: 0.
num_chunk_splits: 111.
num_chunks_enlarged: 42.
num_inconsistent_stats: 0.

CodeHeap 'non-profiled nmethods': size=120064Kb used=342Kb max_used=342Kb free=119721Kb
 bounds [0x00000188114c0000, 0x0000018811730000, 0x0000018818a00000]
CodeHeap 'profiled nmethods': size=120000Kb used=2160Kb max_used=2160Kb free=117839Kb
 bounds [0x0000018809a00000, 0x0000018809c70000, 0x0000018810f30000]
CodeHeap 'non-nmethods': size=5696Kb used=1635Kb max_used=1648Kb free=4060Kb
 bounds [0x0000018810f30000, 0x00000188111a0000, 0x00000188114c0000]
 total_blobs=1909 nmethods=1270 adapters=550
 compilation: enabled
              stopped_count=0, restarted_count=0
 full_count=0

Compilation events (20 events):
Event: 2.419 Thread 0x000001881d2274b0 1248       1       javax.swing.text.GapVector::getGapStart (5 bytes)
Event: 2.419 Thread 0x000001881d2274b0 nmethod 1248 0x0000018811513410 code [0x0000018811513580, 0x0000018811513648]
Event: 2.419 Thread 0x000001881d2274b0 1249       1       javax.swing.text.GapVector::getGapEnd (5 bytes)
Event: 2.419 Thread 0x000001881d2274b0 nmethod 1249 0x0000018811513710 code [0x0000018811513880, 0x0000018811513948]
Event: 2.419 Thread 0x000001881d2274b0 1250       3       java.awt.geom.AffineTransform::equals (26 bytes)
Event: 2.420 Thread 0x000001881d2274b0 nmethod 1250 0x0000018809c15a90 code [0x0000018809c15c40, 0x0000018809c15fd0]
Event: 2.423 Thread 0x000001881d2274b0 1252       3       sun.java2d.pipe.RenderBuffer::putInt (26 bytes)
Event: 2.423 Thread 0x000001881d2274b0 nmethod 1252 0x0000018809c16110 code [0x0000018809c162a0, 0x0000018809c16440]
Event: 2.424 Thread 0x000001881d2274b0 1253       3       java.lang.StringConcatHelper::initialCoder (14 bytes)
Event: 2.424 Thread 0x000001881d2274b0 nmethod 1253 0x0000018809c16510 code [0x0000018809c166a0, 0x0000018809c167b8]
Event: 2.424 Thread 0x000001881d2274b0 1254       3       java.lang.StringConcatHelper::simpleConcat (94 bytes)
Event: 2.426 Thread 0x000001881d2274b0 nmethod 1254 0x0000018809c16810 code [0x0000018809c16b20, 0x0000018809c17de8]
Event: 2.427 Thread 0x000001881d2274b0 1255       1       java.nio.DirectByteBuffer::isReadOnly (2 bytes)
Event: 2.427 Thread 0x000001881d2274b0 nmethod 1255 0x0000018811513e10 code [0x0000018811513f80, 0x0000018811514048]
Event: 2.433 Thread 0x000001881d2274b0 1256       1       sun.java2d.loops.GraphicsPrimitive::getUniqueID (5 bytes)
Event: 2.433 Thread 0x000001881d2274b0 nmethod 1256 0x0000018811514110 code [0x0000018811514280, 0x0000018811514348]
Event: 2.433 Thread 0x000001881d2274b0 1257       3       java.lang.Integer::compare (20 bytes)
Event: 2.433 Thread 0x000001881d2274b0 nmethod 1257 0x0000018809c18490 code [0x0000018809c18620, 0x0000018809c18800]
Event: 2.433 Thread 0x000001881d2274b0 1258       3       sun.java2d.loops.GraphicsPrimitiveMgr$1::compare (13 bytes)
Event: 2.433 Thread 0x000001881d2274b0 nmethod 1258 0x0000018809c18890 code [0x0000018809c18a60, 0x0000018809c18f58]

GC Heap History (4 events):
Event: 0.925 GC heap before
{Heap before GC invocations=0 (full 0):
 garbage-first heap   total 98304K, used 6144K [0x00000000a1c00000, 0x0000000100000000)
  region size 1024K, 6 young (6144K), 0 survivors (0K)
 Metaspace       used 4663K, committed 4864K, reserved 1114112K
  class space    used 493K, committed 640K, reserved 1048576K
}
Event: 0.941 GC heap after
{Heap after GC invocations=1 (full 0):
 garbage-first heap   total 98304K, used 2432K [0x00000000a1c00000, 0x0000000100000000)
  region size 1024K, 1 young (1024K), 1 survivors (1024K)
 Metaspace       used 4663K, committed 4864K, reserved 1114112K
  class space    used 493K, committed 640K, reserved 1048576K
}
Event: 1.743 GC heap before
{Heap before GC invocations=1 (full 0):
 garbage-first heap   total 98304K, used 5504K [0x00000000a1c00000, 0x0000000100000000)
  region size 1024K, 5 young (5120K), 1 survivors (1024K)
 Metaspace       used 8059K, committed 8320K, reserved 1114112K
  class space    used 904K, committed 1024K, reserved 1048576K
}
Event: 1.748 GC heap after
{Heap after GC invocations=2 (full 0):
 garbage-first heap   total 98304K, used 3983K [0x00000000a1c00000, 0x0000000100000000)
  region size 1024K, 1 young (1024K), 1 survivors (1024K)
 Metaspace       used 8059K, committed 8320K, reserved 1114112K
  class space    used 904K, committed 1024K, reserved 1048576K
}

Dll operation events (10 events):
Event: 0.028 Loaded shared library C:\Program Files\Java\jdk-20\bin\java.dll
Event: 0.044 Loaded shared library C:\Program Files\Java\jdk-20\bin\jsvml.dll
Event: 0.173 Loaded shared library C:\Program Files\Java\jdk-20\bin\net.dll
Event: 0.177 Loaded shared library C:\Program Files\Java\jdk-20\bin\nio.dll
Event: 0.235 Loaded shared library C:\Program Files\Java\jdk-20\bin\zip.dll
Event: 0.297 Loaded shared library C:\Program Files\Java\jdk-20\bin\jimage.dll
Event: 0.373 Loaded shared library C:\Program Files\Java\jdk-20\bin\awt.dll
Event: 0.975 Loaded shared library C:\Program Files\Java\jdk-20\bin\javajpeg.dll
Event: 1.131 Loaded shared library C:\Program Files\Java\jdk-20\bin\freetype.dll
Event: 1.133 Loaded shared library C:\Program Files\Java\jdk-20\bin\fontmanager.dll

Deoptimization events (20 events):
Event: 1.095 Thread 0x0000018821762060 Uncommon trap: trap_request=0xffffff45 fr.pc=0x00000188114f554c relative=0x000000000000014c
Event: 1.095 Thread 0x0000018821762060 Uncommon trap: reason=unstable_if action=reinterpret pc=0x00000188114f554c method=java.util.concurrent.locks.ReentrantLock$NonfairSync.initialTryLock()Z @ 10 c2
Event: 1.095 Thread 0x0000018821762060 DEOPT PACKING pc=0x00000188114f554c sp=0x0000003df47fdd30
Event: 1.096 Thread 0x0000018821762060 DEOPT UNPACKING pc=0x0000018810f99d22 sp=0x0000003df47fdc20 mode 2
Event: 1.096 Thread 0x0000018821762060 Uncommon trap: trap_request=0xffffff45 fr.pc=0x00000188114ebecc relative=0x00000000000000cc
Event: 1.096 Thread 0x0000018821762060 Uncommon trap: reason=unstable_if action=reinterpret pc=0x00000188114ebecc method=java.util.concurrent.locks.ReentrantLock$Sync.tryRelease(I)Z @ 26 c2
Event: 1.096 Thread 0x0000018821762060 DEOPT PACKING pc=0x00000188114ebecc sp=0x0000003df47fdce0
Event: 1.096 Thread 0x0000018821762060 DEOPT UNPACKING pc=0x0000018810f99d22 sp=0x0000003df47fdc80 mode 2
Event: 1.171 Thread 0x0000018801858620 Uncommon trap: trap_request=0xffffff45 fr.pc=0x00000188114f0ad4 relative=0x00000000000001d4
Event: 1.171 Thread 0x0000018801858620 Uncommon trap: reason=unstable_if action=reinterpret pc=0x00000188114f0ad4 method=java.lang.StringUTF16.compress([CI[BII)I @ 20 c2
Event: 1.171 Thread 0x0000018801858620 DEOPT PACKING pc=0x00000188114f0ad4 sp=0x0000003df33fdf80
Event: 1.172 Thread 0x0000018801858620 DEOPT UNPACKING pc=0x0000018810f99d22 sp=0x0000003df33fdef0 mode 2
Event: 2.152 Thread 0x0000018821e6d650 Uncommon trap: trap_request=0xffffff45 fr.pc=0x00000188114cb020 relative=0x00000000000000a0
Event: 2.152 Thread 0x0000018821e6d650 Uncommon trap: reason=unstable_if action=reinterpret pc=0x00000188114cb020 method=java.lang.String.isLatin1()Z @ 10 c2
Event: 2.152 Thread 0x0000018821e6d650 DEOPT PACKING pc=0x00000188114cb020 sp=0x0000003df50fd240
Event: 2.152 Thread 0x0000018821e6d650 DEOPT UNPACKING pc=0x0000018810f99d22 sp=0x0000003df50fd170 mode 2
Event: 2.263 Thread 0x0000018821e6d650 Uncommon trap: trap_request=0xffffff45 fr.pc=0x0000018811511964 relative=0x00000000000003c4
Event: 2.263 Thread 0x0000018821e6d650 Uncommon trap: reason=unstable_if action=reinterpret pc=0x0000018811511964 method=java.lang.Character.isSurrogate(C)Z @ 3 c2
Event: 2.263 Thread 0x0000018821e6d650 DEOPT PACKING pc=0x0000018811511964 sp=0x0000003df50fcf30
Event: 2.263 Thread 0x0000018821e6d650 DEOPT UNPACKING pc=0x0000018810f99d22 sp=0x0000003df50fce48 mode 2

Classes loaded (20 events):
Event: 2.162 Loading class java/lang/foreign/MemorySegment
Event: 2.163 Loading class java/lang/foreign/MemorySegment done
Event: 2.428 Loading class sun/font/StandardGlyphVector
Event: 2.430 Loading class java/awt/font/GlyphVector
Event: 2.430 Loading class java/awt/font/GlyphVector done
Event: 2.430 Loading class sun/font/StandardGlyphVector done
Event: 2.430 Loading class sun/font/FontSubstitution
Event: 2.430 Loading class sun/font/FontSubstitution done
Event: 2.430 Loading class sun/font/StandardGlyphVector$GlyphStrike
Event: 2.431 Loading class sun/font/StandardGlyphVector$GlyphStrike done
Event: 2.431 Loading class sun/awt/image/BufImgSurfaceManager
Event: 2.431 Loading class sun/awt/image/BufImgSurfaceManager done
Event: 2.431 Loading class sun/awt/image/BufImgSurfaceData
Event: 2.432 Loading class sun/awt/image/BufImgSurfaceData done
Event: 2.432 Loading class sun/awt/image/BufImgSurfaceData$ICMColorData
Event: 2.432 Loading class sun/awt/image/BufImgSurfaceData$ICMColorData done
Event: 2.432 Loading class sun/java2d/loops/RenderLoops
Event: 2.432 Loading class sun/java2d/loops/RenderLoops done
Event: 2.432 Loading class sun/java2d/loops/GraphicsPrimitiveMgr$PrimitiveSpec
Event: 2.432 Loading class sun/java2d/loops/GraphicsPrimitiveMgr$PrimitiveSpec done

Classes unloaded (0 events):
No events

Classes redefined (0 events):
No events

Internal exceptions (20 events):
Event: 1.396 Thread 0x0000018821e6d650 Exception <a 'java/io/FileNotFoundException'{0x00000000a79af3f0}> (0x00000000a79af3f0) 
thrown [s\open\src\hotspot\share\prims\jni.cpp, line 519]
Event: 1.397 Thread 0x0000018821e6d650 Exception <a 'java/io/FileNotFoundException'{0x00000000a79b0de0}> (0x00000000a79b0de0) 
thrown [s\open\src\hotspot\share\prims\jni.cpp, line 519]
Event: 1.397 Thread 0x0000018821e6d650 Exception <a 'java/io/FileNotFoundException'{0x00000000a79b2a18}> (0x00000000a79b2a18) 
thrown [s\open\src\hotspot\share\prims\jni.cpp, line 519]
Event: 1.397 Thread 0x0000018821e6d650 Exception <a 'java/io/FileNotFoundException'{0x00000000a79b43e0}> (0x00000000a79b43e0) 
thrown [s\open\src\hotspot\share\prims\jni.cpp, line 519]
Event: 1.397 Thread 0x0000018821e6d650 Exception <a 'java/io/FileNotFoundException'{0x00000000a79b6160}> (0x00000000a79b6160) 
thrown [s\open\src\hotspot\share\prims\jni.cpp, line 519]
Event: 1.397 Thread 0x0000018821e6d650 Exception <a 'java/io/FileNotFoundException'{0x00000000a79b7b88}> (0x00000000a79b7b88) 
thrown [s\open\src\hotspot\share\prims\jni.cpp, line 519]
Event: 1.401 Thread 0x0000018821e6d650 Exception <a 'java/io/FileNotFoundException'{0x00000000a79bb358}> (0x00000000a79bb358) 
thrown [s\open\src\hotspot\share\prims\jni.cpp, line 519]
Event: 1.401 Thread 0x0000018821e6d650 Exception <a 'java/io/FileNotFoundException'{0x00000000a79bcd90}> (0x00000000a79bcd90) 
thrown [s\open\src\hotspot\share\prims\jni.cpp, line 519]
Event: 1.401 Thread 0x0000018821e6d650 Exception <a 'java/io/FileNotFoundException'{0x00000000a79be758}> (0x00000000a79be758) 
thrown [s\open\src\hotspot\share\prims\jni.cpp, line 519]
Event: 1.412 Thread 0x0000018821e6d650 Exception <a 'java/io/FileNotFoundException'{0x00000000a79d5e10}> (0x00000000a79d5e10) 
thrown [s\open\src\hotspot\share\prims\jni.cpp, line 519]
Event: 1.413 Thread 0x0000018821e6d650 Exception <a 'java/io/FileNotFoundException'{0x00000000a79d7850}> (0x00000000a79d7850) 
thrown [s\open\src\hotspot\share\prims\jni.cpp, line 519]
Event: 1.413 Thread 0x0000018821e6d650 Exception <a 'java/io/FileNotFoundException'{0x00000000a79d9248}> (0x00000000a79d9248) 
thrown [s\open\src\hotspot\share\prims\jni.cpp, line 519]
Event: 1.413 Thread 0x0000018821e6d650 Exception <a 'java/io/FileNotFoundException'{0x00000000a79daec8}> (0x00000000a79daec8) 
thrown [s\open\src\hotspot\share\prims\jni.cpp, line 519]
Event: 1.413 Thread 0x0000018821e6d650 Exception <a 'java/io/FileNotFoundException'{0x00000000a79dc880}> (0x00000000a79dc880) 
thrown [s\open\src\hotspot\share\prims\jni.cpp, line 519]
Event: 1.413 Thread 0x0000018821e6d650 Exception <a 'java/io/FileNotFoundException'{0x00000000a79de498}> (0x00000000a79de498) 
thrown [s\open\src\hotspot\share\prims\jni.cpp, line 519]
Event: 1.413 Thread 0x0000018821e6d650 Exception <a 'java/io/FileNotFoundException'{0x00000000a79dfee0}> (0x00000000a79dfee0) 
thrown [s\open\src\hotspot\share\prims\jni.cpp, line 519]
Event: 1.415 Thread 0x0000018821e6d650 Exception <a 'java/io/FileNotFoundException'{0x00000000a79e3798}> (0x00000000a79e3798) 
thrown [s\open\src\hotspot\share\prims\jni.cpp, line 519]
Event: 1.419 Thread 0x0000018821e6d650 Exception <a 'java/io/FileNotFoundException'{0x00000000a79e5f78}> (0x00000000a79e5f78) 
thrown [s\open\src\hotspot\share\prims\jni.cpp, line 519]
Event: 1.419 Thread 0x0000018821e6d650 Exception <a 'java/io/FileNotFoundException'{0x00000000a79e89d0}> (0x00000000a79e89d0) 
thrown [s\open\src\hotspot\share\prims\jni.cpp, line 519]
Event: 1.419 Thread 0x0000018821e6d650 Exception <a 'java/io/FileNotFoundException'{0x00000000a79ea398}> (0x00000000a79ea398) 
thrown [s\open\src\hotspot\share\prims\jni.cpp, line 519]

VM Operations (12 events):
Event: 0.185 Executing VM operation: HandshakeAllThreads
Event: 0.185 Executing VM operation: HandshakeAllThreads done
Event: 0.430 Executing VM operation: HandshakeAllThreads
Event: 0.430 Executing VM operation: HandshakeAllThreads done
Event: 0.897 Executing VM operation: HandshakeAllThreads
Event: 0.897 Executing VM operation: HandshakeAllThreads done
Event: 0.925 Executing VM operation: G1CollectForAllocation
Event: 0.941 Executing VM operation: G1CollectForAllocation done
Event: 1.044 Executing VM operation: HandshakeAllThreads
Event: 1.044 Executing VM operation: HandshakeAllThreads done
Event: 1.742 Executing VM operation: G1CollectForAllocation
Event: 1.749 Executing VM operation: G1CollectForAllocation done

Events (19 events):
Event: 0.045 Thread 0x0000018801858620 Thread added: 0x0000018801858620
Event: 0.070 Thread 0x000001881d213420 Thread added: 0x000001881d213420
Event: 0.070 Thread 0x000001881d213f60 Thread added: 0x000001881d213f60
Event: 0.071 Thread 0x000001881d216ee0 Thread added: 0x000001881d216ee0
Event: 0.071 Thread 0x000001881d21b940 Thread added: 0x000001881d21b940
Event: 0.071 Thread 0x000001881d21c280 Thread added: 0x000001881d21c280
Event: 0.071 Thread 0x000001881d21cbc0 Thread added: 0x000001881d21cbc0
Event: 0.072 Thread 0x000001881d21e360 Thread added: 0x000001881d21e360
Event: 0.072 Thread 0x000001881d2274b0 Thread added: 0x000001881d2274b0
Event: 0.124 Thread 0x000001881d1dce40 Thread added: 0x000001881d1dce40
Event: 0.227 Thread 0x0000018821572a60 Thread added: 0x0000018821572a60
Event: 0.495 Thread 0x00000188215b1f30 Thread added: 0x00000188215b1f30
Event: 0.500 Thread 0x00000188215b2480 Thread added: 0x00000188215b2480
Event: 0.503 Thread 0x0000018821762060 Thread added: 0x0000018821762060
Event: 0.808 Thread 0x0000018821da1f00 Thread added: 0x0000018821da1f00
Event: 1.096 Thread 0x0000018821e6d650 Thread added: 0x0000018821e6d650
Event: 1.314 Thread 0x0000018821f4f240 Thread added: 0x0000018821f4f240
Event: 1.323 Thread 0x0000018801858620 Thread exited: 0x0000018801858620
Event: 1.323 Thread 0x0000018821f509c0 Thread added: 0x0000018821f509c0


Dynamic libraries:
0x00007ff605ba0000 - 0x00007ff605bb0000 	C:\Program Files\Java\jdk-20\bin\java.exe
0x00007ffea7800000 - 0x00007ffea7a66000 	C:\WINDOWS\SYSTEM32\ntdll.dll
0x00007ffea6e20000 - 0x00007ffea6ee9000 	C:\WINDOWS\System32\KERNEL32.DLL
0x00007ffea51f0000 - 0x00007ffea55bc000 	C:\WINDOWS\System32\KERNELBASE.dll
0x00007ffea50a0000 - 0x00007ffea51eb000 	C:\WINDOWS\System32\ucrtbase.dll
0x00007ffe94c30000 - 0x00007ffe94c49000 	C:\Program Files\Java\jdk-20\bin\jli.dll
0x00007ffea7700000 - 0x00007ffea77b2000 	C:\WINDOWS\System32\ADVAPI32.dll
0x00007ffea7230000 - 0x00007ffea72d9000 	C:\WINDOWS\System32\msvcrt.dll
0x00007ffea66d0000 - 0x00007ffea6776000 	C:\WINDOWS\System32\sechost.dll
0x00007ffea75e0000 - 0x00007ffea76f6000 	C:\WINDOWS\System32\RPCRT4.dll
0x00007ffea7410000 - 0x00007ffea75da000 	C:\WINDOWS\System32\USER32.dll
0x00007ffea5070000 - 0x00007ffea5097000 	C:\WINDOWS\System32\win32u.dll
0x00007ffea6b10000 - 0x00007ffea6b3b000 	C:\WINDOWS\System32\GDI32.dll
0x00007ffea4db0000 - 0x00007ffea4ee2000 	C:\WINDOWS\System32\gdi32full.dll
0x00007ffea4ae0000 - 0x00007ffea4b83000 	C:\WINDOWS\System32\msvcp_win.dll
0x00007ffe9f450000 - 0x00007ffe9f46b000 	C:\Program Files\Java\jdk-20\bin\VCRUNTIME140.dll
0x00007ffe8d530000 - 0x00007ffe8d7ca000 	C:\WINDOWS\WinSxS\amd64_microsoft.windows.common-controls_6595b64144ccf1df_6.0.26100.3912_none_3e07963ce335137e\COMCTL32.dll
0x00007ffe9e990000 - 0x00007ffe9e99b000 	C:\WINDOWS\SYSTEM32\VERSION.dll
0x00007ffea7060000 - 0x00007ffea7090000 	C:\WINDOWS\System32\IMM32.DLL
0x00007ffe9ba40000 - 0x00007ffe9ba4c000 	C:\Program Files\Java\jdk-20\bin\vcruntime140_1.dll
0x00007ffe923f0000 - 0x00007ffe9247e000 	C:\Program Files\Java\jdk-20\bin\msvcp140.dll
0x00007ffe371f0000 - 0x00007ffe37e87000 	C:\Program Files\Java\jdk-20\bin\server\jvm.dll
0x00007ffea1920000 - 0x00007ffea192a000 	C:\WINDOWS\SYSTEM32\WSOCK32.dll
0x00007ffea6cf0000 - 0x00007ffea6d64000 	C:\WINDOWS\System32\WS2_32.dll
0x00007ffe9e950000 - 0x00007ffe9e986000 	C:\WINDOWS\SYSTEM32\WINMM.dll
0x00007ffea3750000 - 0x00007ffea376a000 	C:\WINDOWS\SYSTEM32\kernel.appcore.dll
0x00007ffe98170000 - 0x00007ffe9817a000 	C:\Program Files\Java\jdk-20\bin\jimage.dll
0x00007ffe992e0000 - 0x00007ffe99521000 	C:\WINDOWS\SYSTEM32\DBGHELP.DLL
0x00007ffea6780000 - 0x00007ffea6b04000 	C:\WINDOWS\System32\combase.dll
0x00007ffea55c0000 - 0x00007ffea56a0000 	C:\WINDOWS\System32\OLEAUT32.dll
0x00007ffe89130000 - 0x00007ffe89169000 	C:\WINDOWS\SYSTEM32\dbgcore.DLL
0x00007ffea4b90000 - 0x00007ffea4c29000 	C:\WINDOWS\System32\bcryptPrimitives.dll
0x00007ffe98050000 - 0x00007ffe98076000 	C:\Program Files\Java\jdk-20\bin\java.dll
0x00007ffe93f00000 - 0x00007ffe93fd7000 	C:\Program Files\Java\jdk-20\bin\jsvml.dll
0x00007ffea5b10000 - 0x00007ffea623d000 	C:\WINDOWS\System32\SHELL32.dll
0x00007ffea4ef0000 - 0x00007ffea5064000 	C:\WINDOWS\System32\wintypes.dll
0x00007ffea2640000 - 0x00007ffea2e96000 	C:\WINDOWS\SYSTEM32\windows.storage.dll
0x00007ffea5830000 - 0x00007ffea591f000 	C:\WINDOWS\System32\SHCORE.dll
0x00007ffea7340000 - 0x00007ffea73a9000 	C:\WINDOWS\System32\shlwapi.dll
0x00007ffea4870000 - 0x00007ffea489f000 	C:\WINDOWS\SYSTEM32\profapi.dll
0x00007ffe955b0000 - 0x00007ffe955c3000 	C:\Program Files\Java\jdk-20\bin\net.dll
0x00007ffe9a290000 - 0x00007ffe9a3ae000 	C:\WINDOWS\SYSTEM32\WINHTTP.dll
0x00007ffea3cc0000 - 0x00007ffea3d2a000 	C:\WINDOWS\system32\mswsock.dll
0x00007ffe94cb0000 - 0x00007ffe94cc6000 	C:\Program Files\Java\jdk-20\bin\nio.dll
0x00007ffe94500000 - 0x00007ffe94518000 	C:\Program Files\Java\jdk-20\bin\zip.dll
0x00007ffe432a0000 - 0x00007ffe43431000 	C:\Program Files\Java\jdk-20\bin\awt.dll
0x00007ffea1a40000 - 0x00007ffea1ade000 	C:\WINDOWS\SYSTEM32\apphelp.dll
0x00007ffea1fa0000 - 0x00007ffea1fd6000 	C:\WINDOWS\system32\DWMAPI.DLL
0x00007ffea1c10000 - 0x00007ffea1cbf000 	C:\WINDOWS\system32\uxtheme.dll
0x00007ffe3e920000 - 0x00007ffe3ea2c000 	C:\WINDOWS\system32\opengl32.dll
0x00007ffe407e0000 - 0x00007ffe4080d000 	C:\WINDOWS\SYSTEM32\GLU32.dll
0x00007ffea1f50000 - 0x00007ffea1f97000 	C:\WINDOWS\SYSTEM32\dxcore.dll
0x00007ffea56c0000 - 0x00007ffea581f000 	C:\WINDOWS\System32\MSCTF.dll
0x00007ffea6b40000 - 0x00007ffea6cdf000 	C:\WINDOWS\System32\ole32.dll
0x00007ffe408f0000 - 0x00007ffe40aa5000 	C:\WINDOWS\system32\d3d9.dll
0x00007ffe9e9a0000 - 0x00007ffe9eb5b000 	C:\WINDOWS\System32\DriverStore\FileRepository\u0402605.inf_amd64_436c7d82eab5c303\B399655\aticfx64.dll
0x00007ffe935e0000 - 0x00007ffe93614000 	C:\WINDOWS\System32\DriverStore\FileRepository\u0402605.inf_amd64_436c7d82eab5c303\B399655\atiu9p64.dll
0x00007ffe34bc0000 - 0x00007ffe35907000 	C:\WINDOWS\System32\DriverStore\FileRepository\u0402605.inf_amd64_436c7d82eab5c303\B399655\atiumd64.dll
0x0000000073230000 - 0x0000000074143000 	C:\WINDOWS\System32\DriverStore\FileRepository\u0402605.inf_amd64_436c7d82eab5c303\B399655\atiumd6a.dll
0x00007ffea6240000 - 0x00007ffea66c6000 	C:\WINDOWS\System32\SETUPAPI.dll
0x00007ffea47e0000 - 0x00007ffea483e000 	C:\WINDOWS\SYSTEM32\POWRPROF.dll
0x00007ffea47c0000 - 0x00007ffea47d4000 	C:\WINDOWS\SYSTEM32\UMPDC.dll
0x00007ffe9c940000 - 0x00007ffe9c975000 	C:\WINDOWS\SYSTEM32\amdihk64.dll
0x00007ffea1d60000 - 0x00007ffea1dc0000 	C:\WINDOWS\SYSTEM32\directxdatabasehelper.dll
0x00007ffe94c00000 - 0x00007ffe94c2e000 	C:\Program Files\Java\jdk-20\bin\javajpeg.dll
0x00007ffe91fa0000 - 0x00007ffe92026000 	C:\Program Files\Java\jdk-20\bin\freetype.dll
0x00007ffe718e0000 - 0x00007ffe719a6000 	C:\Program Files\Java\jdk-20\bin\fontmanager.dll
0x00007ffea6d70000 - 0x00007ffea6e18000 	C:\WINDOWS\System32\clbcatq.dll
0x00007ffea00d0000 - 0x00007ffea030a000 	C:\WINDOWS\SYSTEM32\WindowsCodecs.dll
0x00007ffe77e90000 - 0x00007ffe77eea000 	C:\WINDOWS\system32\dataexchange.dll
0x00007ffe9c500000 - 0x00007ffe9c73c000 	C:\WINDOWS\system32\twinapi.appcore.dll
0x00007ffe96830000 - 0x00007ffe9697d000 	C:\WINDOWS\SYSTEM32\textinputframework.dll

dbghelp: loaded successfully - version: 4.0.5 - missing functions: none
symbol engine: initialized successfully - sym options: 0x614 - pdb path: .;C:\Program Files\Java\jdk-20\bin;C:\WINDOWS\SYSTEM32;C:\WINDOWS\WinSxS\amd64_microsoft.windows.common-controls_6595b64144ccf1df_6.0.26100.3912_none_3e07963ce335137e;C:\Program Files\Java\jdk-20\bin\server;C:\WINDOWS\System32\DriverStore\FileRepository\u0402605.inf_amd64_436c7d82eab5c303\B399655

VM Arguments:
jvm_args: -Dfile.encoding=UTF-8 --module-path=C:\Users\rg097\Documents\NetBeansProjects\bank management system\build\classes 
java_command: bank.management.system.Login
java_class_path (initial): D:\java\jcalendar-tz-1.3.3-4.jar;D:\mysql-connector-java-8.0.28.jar;C:\Users\rg097\Documents\NetBeansProjects\bank management system\build\classes
Launcher Type: SUN_STANDARD

[Global flags]
     intx CICompilerCount                          = 2                                         {product} {ergonomic}
     uint ConcGCThreads                            = 1                                         {product} {ergonomic}
     uint G1ConcRefinementThreads                  = 2                                         {product} {ergonomic}
   size_t G1HeapRegionSize                         = 1048576                                   {product} {ergonomic}
    uintx GCDrainStackTargetSize                   = 64                                        {product} {ergonomic}
   size_t InitialHeapSize                          = 100663296                                 {product} {ergonomic}
   size_t MarkStackSize                            = 4194304                                   {product} {ergonomic}
   size_t MaxHeapSize                              = 1581252608                                {product} {ergonomic}
   size_t MaxNewSize                               = 947912704                                 {product} {ergonomic}
   size_t MinHeapDeltaBytes                        = 1048576                                   {product} {ergonomic}
   size_t MinHeapSize                              = 8388608                                   {product} {ergonomic}
    uintx NonNMethodCodeHeapSize                   = 5826188                                {pd product} {ergonomic}
    uintx NonProfiledCodeHeapSize                  = 122916026                              {pd product} {ergonomic}
    uintx ProfiledCodeHeapSize                     = 122916026                              {pd product} {ergonomic}
    uintx ReservedCodeCacheSize                    = 251658240                              {pd product} {ergonomic}
     bool SegmentedCodeCache                       = true                                      {product} {ergonomic}
   size_t SoftMaxHeapSize                          = 1581252608                             {manageable} {ergonomic}
     bool UseCompressedClassPointers               = true                           {product lp64_product} {ergonomic}
     bool UseCompressedOops                        = true                           {product lp64_product} {ergonomic}
     bool UseG1GC                                  = true                                      {product} {ergonomic}
     bool UseLargePagesIndividualAllocation        = false                                  {pd product} {ergonomic}

Logging:
Log output configuration:
 #0: stdout all=warning uptime,level,tags foldmultilines=false
 #1: stderr all=off uptime,level,tags foldmultilines=false

Environment Variables:
PATH=C:\Program Files\Common Files\Oracle\Java\javapath;C:\WINDOWS\system32;C:\WINDOWS;C:\WINDOWS\System32\Wbem;C:\WINDOWS\System32\WindowsPowerShell\v1.0\;C:\WINDOWS\System32\OpenSSH\;C:\Program Files\dotnet\;C:\Program Files\Java\jdk-17\bin;C:\Program Files\MySQL\MySQL Shell 8.0\bin\;C:\Users\rg097\AppData\Local\Programs\Python\Launcher\;C:\Users\rg097\AppData\Local\Microsoft\WindowsApps;;C:\Users\rg097\AppData\Local\Programs\Microsoft VS Code\bin
USERNAME=rg097
OS=Windows_NT
PROCESSOR_IDENTIFIER=AMD64 Family 23 Model 24 Stepping 1, AuthenticAMD
TMP=C:\Users\rg097\AppData\Local\Temp
TEMP=C:\Users\rg097\AppData\Local\Temp




---------------  S Y S T E M  ---------------

OS:
 Windows 11 , 64 bit Build 26100 (10.0.26100.3912)
OS uptime: 2 days 7:30 hours

CPU: total 2 (initial active 2) (2 cores per cpu, 1 threads per core) family 23 model 24 stepping 1 microcode 0x810810d, cx8, cmov, fxsr, mmx, 3dnowpref, sse, sse2, sse3, ssse3, sse4a, sse4.1, sse4.2, popcnt, lzcnt, tsc, tscinvbit, avx, avx2, aes, clmul, bmi1, bmi2, adx, sha, fma, vzeroupper, clflush, clflushopt, rdtscp, f16c

Memory: 4k page, system-wide physical 6030M (467M free)
TotalPageFile size 21030M (AvailPageFile size 0M)
current process WorkingSet (physical memory assigned to process): 89M, peak: 89M
current process commit charge ("private bytes"): 205M, peak: 207M

vm_info: Java HotSpot(TM) 64-Bit Server VM (20.0.1+9-29) for windows-amd64 JRE (20.0.1+9-29), built on 2023-03-07T13:56:11Z by "mach5one" with MS VC++ 17.1 (VS2022)

END.
