#
# There is insufficient memory for the Java Runtime Environment to continue.
# Native memory allocation (mmap) failed to map 65536 bytes for Failed to commit metaspace.
# Possible reasons:
#   The system is out of physical RAM or swap space
#   The process is running with CompressedOops enabled, and the Java Heap may be blocking the growth of the native heap
# Possible solutions:
#   Reduce memory load on the system
#   Increase physical memory or swap space
#   Check if swap backing store is full
#   Decrease Java heap size (-Xmx/-Xms)
#   Decrease number of Java threads
#   Decrease Java thread stack sizes (-Xss)
#   Set larger code cache with -XX:ReservedCodeCacheSize=
#   JVM is running with Unscaled Compressed Oops mode in which the Java heap is
#     placed in the first 4GB address space. The Java Heap base address is the
#     maximum limit for the native heap growth. Please use -XX:HeapBaseMinAddress
#     to set the Java Heap base and to place the Java Heap above 4GB virtual address.
# This output file may be truncated or incomplete.
#
#  Out of Memory Error (virtualSpaceNode.cpp:110), pid=12856, tid=17420
#
# JRE version: Java(TM) SE Runtime Environment (20.0.1+9) (build 20.0.1+9-29)
# Java VM: Java HotSpot(TM) 64-Bit Server VM (20.0.1+9-29, mixed mode, sharing, tiered, compressed oops, compressed class ptrs, g1 gc, windows-amd64)
# No core dump will be written. Minidumps are not enabled by default on client versions of Windows
#

---------------  S U M M A R Y ------------

Command Line: -Dfile.encoding=UTF-8 --module-path=C:\Users\rg097\Documents\NetBeansProjects\bank management system\build\classes bank.management.system.Transaction

Host: AMD Athlon Silver 3050U with Radeon Graphics   , 2 cores, 5G,  Windows 11 , 64 bit Build 26100 (10.0.26100.3912)
Time: Sun May  4 20:58:56 2025 India Standard Time elapsed time: 0.145977 seconds (0d 0h 0m 0s)

---------------  T H R E A D  ---------------

Current thread (0x0000021186208430):  JavaThread "main" [_thread_in_vm, id=17420, stack(0x0000002976b00000,0x0000002976c00000)]

Stack: [0x0000002976b00000,0x0000002976c00000]
Native frames: (J=compiled Java code, j=interpreted, Vv=VM code, C=native code)
V  [jvm.dll+0x6bb95a]
V  [jvm.dll+0x8485fa]
V  [jvm.dll+0x84a1f5]
V  [jvm.dll+0x84a8f3]
V  [jvm.dll+0x280b0f]
V  [jvm.dll+0x84453b]
V  [jvm.dll+0x65fd86]
V  [jvm.dll+0x1eb4e7]
V  [jvm.dll+0x6627a2]
V  [jvm.dll+0x66258e]
V  [jvm.dll+0x66079e]
V  [jvm.dll+0x26da26]
V  [jvm.dll+0x21bea7]
V  [jvm.dll+0x211780]
V  [jvm.dll+0x59c26c]
V  [jvm.dll+0x7c3802]
V  [jvm.dll+0x7c376a]
V  [jvm.dll+0x46cb9d]
V  [jvm.dll+0x47f4c6]
C  [java.dll+0x1657]

Java frames: (J=compiled Java code, j=interpreted, Vv=VM code)
j  java.lang.ClassLoader.defineClass0(Ljava/lang/ClassLoader;Ljava/lang/Class;Ljava/lang/String;[BIILjava/security/ProtectionDomain;ZILjava/lang/Object;)Ljava/lang/Class;+0 java.base@20.0.1
j  java.lang.System$2.defineClass(Ljava/lang/ClassLoader;Ljava/lang/Class;Ljava/lang/String;[BLjava/security/ProtectionDomain;ZILjava/lang/Object;)Ljava/lang/Class;+17 java.base@20.0.1
j  java.lang.invoke.MethodHandles$Lookup$ClassDefiner.defineClass(ZLjava/lang/Object;)Ljava/lang/Class;+54 java.base@20.0.1
j  java.lang.invoke.InvokerBytecodeGenerator.loadMethod([B)Ljava/lang/invoke/MemberName;+19 java.base@20.0.1
j  java.lang.invoke.InvokerBytecodeGenerator.generateCustomizedCode(Ljava/lang/invoke/LambdaForm;Ljava/lang/invoke/MethodType;)Ljava/lang/invoke/MemberName;+30 java.base@20.0.1
j  java.lang.invoke.LambdaForm.compileToBytecode()V+69 java.base@20.0.1
j  java.lang.invoke.LambdaForm.prepare()V+21 java.base@20.0.1
j  java.lang.invoke.MethodHandle.<init>(Ljava/lang/invoke/MethodType;Ljava/lang/invoke/LambdaForm;)V+33 java.base@20.0.1
j  java.lang.invoke.BoundMethodHandle.<init>(Ljava/lang/invoke/MethodType;Ljava/lang/invoke/LambdaForm;)V+3 java.base@20.0.1
j  java.lang.invoke.BoundMethodHandle$Species_L.<init>(Ljava/lang/invoke/MethodType;Ljava/lang/invoke/LambdaForm;Ljava/lang/Object;)V+3 java.base@20.0.1
j  java.lang.invoke.BoundMethodHandle$Species_L.copyWith(Ljava/lang/invoke/MethodType;Ljava/lang/invoke/LambdaForm;)Ljava/lang/invoke/BoundMethodHandle;+10 java.base@20.0.1
j  java.lang.invoke.MethodHandles.dropArgumentsTrusted(Ljava/lang/invoke/MethodHandle;I[Ljava/lang/Class;)Ljava/lang/invoke/MethodHandle;+103 java.base@20.0.1
j  java.lang.invoke.MethodHandles.dropArguments(Ljava/lang/invoke/MethodHandle;I[Ljava/lang/Class;)Ljava/lang/invoke/MethodHandle;+9 java.base@20.0.1
j  jdk.internal.reflect.MethodHandleAccessorFactory.makeSpecializedTarget(Ljava/lang/invoke/MethodHandle;ZZ)Ljava/lang/invoke/MethodHandle;+86 java.base@20.0.1
j  jdk.internal.reflect.MethodHandleAccessorFactory.getDirectMethod(Ljava/lang/reflect/Method;Z)Ljava/lang/invoke/MethodHandle;+79 java.base@20.0.1
j  jdk.internal.reflect.MethodHandleAccessorFactory.newMethodAccessor(Ljava/lang/reflect/Method;Z)Ljdk/internal/reflect/MethodAccessorImpl;+41 java.base@20.0.1
j  jdk.internal.reflect.ReflectionFactory.newMethodAccessor(Ljava/lang/reflect/Method;Z)Ljdk/internal/reflect/MethodAccessor;+28 java.base@20.0.1
j  java.lang.reflect.Method.acquireMethodAccessor()Ljdk/internal/reflect/MethodAccessor;+38 java.base@20.0.1
j  java.lang.reflect.Method.invoke(Ljava/lang/Object;[Ljava/lang/Object;)Ljava/lang/Object;+75 java.base@20.0.1
j  java.lang.Class.getEnumConstantsShared()[Ljava/lang/Object;+49 java.base@20.0.1
j  java.lang.System$2.getEnumConstantsShared(Ljava/lang/Class;)[Ljava/lang/Enum;+1 java.base@20.0.1
j  java.util.EnumMap.getKeyUniverse(Ljava/lang/Class;)[Ljava/lang/Enum;+4 java.base@20.0.1
j  java.util.EnumMap.<init>(Ljava/lang/Class;)V+16 java.base@20.0.1
j  java.util.stream.StreamOpFlag.set(Ljava/util/stream/StreamOpFlag$Type;)Ljava/util/stream/StreamOpFlag$MaskBuilder;+10 java.base@20.0.1
j  java.util.stream.StreamOpFlag.<clinit>()V+11 java.base@20.0.1
v  ~StubRoutines::call_stub 0x000002119587100d
j  java.util.stream.StreamSupport.stream(Ljava/util/Spliterator;Z)Ljava/util/stream/Stream;+11 java.base@20.0.1
j  java.util.Collection.stream()Ljava/util/stream/Stream;+7 java.base@20.0.1
j  jdk.internal.module.DefaultRoots.compute(Ljava/lang/module/ModuleFinder;Ljava/lang/module/ModuleFinder;)Ljava/util/Set;+6 java.base@20.0.1
j  jdk.internal.module.ModuleBootstrap.boot2()Ljava/lang/ModuleLayer;+727 java.base@20.0.1
j  jdk.internal.module.ModuleBootstrap.boot()Ljava/lang/ModuleLayer;+64 java.base@20.0.1
j  java.lang.System.initPhase2(ZZ)I+0 java.base@20.0.1
v  ~StubRoutines::call_stub 0x000002119587100d

---------------  P R O C E S S  ---------------

Threads class SMR info:
_java_thread_list=0x00000211a1b5a400, length=9, elements={
0x0000021186208430, 0x00000211a1b62060, 0x00000211a1b638b0, 0x00000211a1b658a0,
0x00000211a1b6bbe0, 0x00000211a1b6e530, 0x00000211a1b6ee70, 0x00000211a1b6fe40,
0x00000211a1b74910
}

Java Threads: ( => current thread )
=>0x0000021186208430 JavaThread "main" [_thread_in_vm, id=17420, stack(0x0000002976b00000,0x0000002976c00000)]
  0x00000211a1b62060 JavaThread "Reference Handler" daemon [_thread_blocked, id=6368, stack(0x0000002977200000,0x0000002977300000)]
  0x00000211a1b638b0 JavaThread "Finalizer" daemon [_thread_blocked, id=9196, stack(0x0000002977300000,0x0000002977400000)]
  0x00000211a1b658a0 JavaThread "Signal Dispatcher" daemon [_thread_blocked, id=9816, stack(0x0000002977400000,0x0000002977500000)]
  0x00000211a1b6bbe0 JavaThread "Attach Listener" daemon [_thread_blocked, id=10988, stack(0x0000002977500000,0x0000002977600000)]
  0x00000211a1b6e530 JavaThread "Service Thread" daemon [_thread_blocked, id=22824, stack(0x0000002977600000,0x0000002977700000)]
  0x00000211a1b6ee70 JavaThread "Monitor Deflation Thread" daemon [_thread_blocked, id=8972, stack(0x0000002977700000,0x0000002977800000)]
  0x00000211a1b6fe40 JavaThread "C2 CompilerThread0" daemon [_thread_blocked, id=9812, stack(0x0000002977800000,0x0000002977900000)]
  0x00000211a1b74910 JavaThread "C1 CompilerThread0" daemon [_thread_blocked, id=21192, stack(0x0000002977900000,0x0000002977a00000)]

Other Threads:
  0x00000211a1b40380 VMThread "VM Thread" [stack: 0x0000002977100000,0x0000002977200000] [id=5616]
  0x00000211862589e0 WorkerThread "GC Thread#0" [stack: 0x0000002976c00000,0x0000002976d00000] [id=19044]
  0x0000021186266580 ConcurrentGCThread "G1 Main Marker" [stack: 0x0000002976d00000,0x0000002976e00000] [id=10940]
  0x0000021186267e20 WorkerThread "G1 Conc#0" [stack: 0x0000002976e00000,0x0000002976f00000] [id=9460]
  0x00000211862c7de0 ConcurrentGCThread "G1 Refine#0" [stack: 0x0000002976f00000,0x0000002977000000] [id=2752]
  0x00000211862c96f0 ConcurrentGCThread "G1 Service" [stack: 0x0000002977000000,0x0000002977100000] [id=13492]

Threads with active compile tasks:

VM state: not at safepoint (normal execution)

VM Mutex/Monitor currently owned by a thread:  ([mutex/lock_event])
[0x00000211862042a0] Metaspace_lock - owner thread: 0x0000021186208430

Heap address: 0x00000000a1c00000, size: 1508 MB, Compressed Oops mode: 32-bit

CDS archive(s) mapped at: [0x0000000800000000-0x0000000800c60000-0x0000000800c60000), size 12976128, SharedBaseAddress: 0x0000000800000000, ArchiveRelocationMode: 0.
Compressed class space mapped at: 0x0000000801000000-0x0000000841000000, reserved size: 1073741824
Narrow klass base: 0x0000000800000000, Narrow klass shift: 0, Narrow klass range: 0x100000000

GC Precious Log:
 CardTable entry size: 512
 Card Set container configuration: InlinePtr #cards 5 size 8 Array Of Cards #cards 12 size 40 Howl #buckets 4 coarsen threshold 1843 Howl Bitmap #cards 512 size 80 coarsen threshold 460 Card regions per heap region 1 cards per card region 2048
 CPUs: 2 total, 2 available
 Memory: 6030M
 Large Page Support: Disabled
 NUMA Support: Disabled
 Compressed Oops: Enabled (32-bit)
 Heap Region Size: 1M
 Heap Min Capacity: 8M
 Heap Initial Capacity: 96M
 Heap Max Capacity: 1508M
 Pre-touch: Disabled
 Parallel Workers: 2
 Concurrent Workers: 1
 Concurrent Refinement Workers: 2
 Periodic GC: Disabled

Heap:
 garbage-first heap   total 98304K, used 0K [0x00000000a1c00000, 0x0000000100000000)
  region size 1024K, 1 young (1024K), 0 survivors (0K)
 Metaspace       used 129K, committed 192K, reserved 1114112K
  class space    used 4K, committed 64K, reserved 1048576K

Heap Regions: E=young(eden), S=young(survivor), O=old, HS=humongous(starts), HC=humongous(continues), CS=collection set, F=free, OA=open archive, CA=closed archive, TAMS=top-at-mark-start, PB=parsable bottom
|   0|0x00000000a1c00000, 0x00000000a1c00000, 0x00000000a1d00000|  0%| F|  |TAMS 0x00000000a1c00000| PB 0x00000000a1c00000| Untracked 
|   1|0x00000000a1d00000, 0x00000000a1d00000, 0x00000000a1e00000|  0%| F|  |TAMS 0x00000000a1d00000| PB 0x00000000a1d00000| Untracked 
|   2|0x00000000a1e00000, 0x00000000a1e00000, 0x00000000a1f00000|  0%| F|  |TAMS 0x00000000a1e00000| PB 0x00000000a1e00000| Untracked 
|   3|0x00000000a1f00000, 0x00000000a1f00000, 0x00000000a2000000|  0%| F|  |TAMS 0x00000000a1f00000| PB 0x00000000a1f00000| Untracked 
|   4|0x00000000a2000000, 0x00000000a2000000, 0x00000000a2100000|  0%| F|  |TAMS 0x00000000a2000000| PB 0x00000000a2000000| Untracked 
|   5|0x00000000a2100000, 0x00000000a2100000, 0x00000000a2200000|  0%| F|  |TAMS 0x00000000a2100000| PB 0x00000000a2100000| Untracked 
|   6|0x00000000a2200000, 0x00000000a2200000, 0x00000000a2300000|  0%| F|  |TAMS 0x00000000a2200000| PB 0x00000000a2200000| Untracked 
|   7|0x00000000a2300000, 0x00000000a2300000, 0x00000000a2400000|  0%| F|  |TAMS 0x00000000a2300000| PB 0x00000000a2300000| Untracked 
|   8|0x00000000a2400000, 0x00000000a2400000, 0x00000000a2500000|  0%| F|  |TAMS 0x00000000a2400000| PB 0x00000000a2400000| Untracked 
|   9|0x00000000a2500000, 0x00000000a2500000, 0x00000000a2600000|  0%| F|  |TAMS 0x00000000a2500000| PB 0x00000000a2500000| Untracked 
|  10|0x00000000a2600000, 0x00000000a2600000, 0x00000000a2700000|  0%| F|  |TAMS 0x00000000a2600000| PB 0x00000000a2600000| Untracked 
|  11|0x00000000a2700000, 0x00000000a2700000, 0x00000000a2800000|  0%| F|  |TAMS 0x00000000a2700000| PB 0x00000000a2700000| Untracked 
|  12|0x00000000a2800000, 0x00000000a2800000, 0x00000000a2900000|  0%| F|  |TAMS 0x00000000a2800000| PB 0x00000000a2800000| Untracked 
|  13|0x00000000a2900000, 0x00000000a2900000, 0x00000000a2a00000|  0%| F|  |TAMS 0x00000000a2900000| PB 0x00000000a2900000| Untracked 
|  14|0x00000000a2a00000, 0x00000000a2a00000, 0x00000000a2b00000|  0%| F|  |TAMS 0x00000000a2a00000| PB 0x00000000a2a00000| Untracked 
|  15|0x00000000a2b00000, 0x00000000a2b00000, 0x00000000a2c00000|  0%| F|  |TAMS 0x00000000a2b00000| PB 0x00000000a2b00000| Untracked 
|  16|0x00000000a2c00000, 0x00000000a2c00000, 0x00000000a2d00000|  0%| F|  |TAMS 0x00000000a2c00000| PB 0x00000000a2c00000| Untracked 
|  17|0x00000000a2d00000, 0x00000000a2d00000, 0x00000000a2e00000|  0%| F|  |TAMS 0x00000000a2d00000| PB 0x00000000a2d00000| Untracked 
|  18|0x00000000a2e00000, 0x00000000a2e00000, 0x00000000a2f00000|  0%| F|  |TAMS 0x00000000a2e00000| PB 0x00000000a2e00000| Untracked 
|  19|0x00000000a2f00000, 0x00000000a2f00000, 0x00000000a3000000|  0%| F|  |TAMS 0x00000000a2f00000| PB 0x00000000a2f00000| Untracked 
|  20|0x00000000a3000000, 0x00000000a3000000, 0x00000000a3100000|  0%| F|  |TAMS 0x00000000a3000000| PB 0x00000000a3000000| Untracked 
|  21|0x00000000a3100000, 0x00000000a3100000, 0x00000000a3200000|  0%| F|  |TAMS 0x00000000a3100000| PB 0x00000000a3100000| Untracked 
|  22|0x00000000a3200000, 0x00000000a3200000, 0x00000000a3300000|  0%| F|  |TAMS 0x00000000a3200000| PB 0x00000000a3200000| Untracked 
|  23|0x00000000a3300000, 0x00000000a3300000, 0x00000000a3400000|  0%| F|  |TAMS 0x00000000a3300000| PB 0x00000000a3300000| Untracked 
|  24|0x00000000a3400000, 0x00000000a3400000, 0x00000000a3500000|  0%| F|  |TAMS 0x00000000a3400000| PB 0x00000000a3400000| Untracked 
|  25|0x00000000a3500000, 0x00000000a3500000, 0x00000000a3600000|  0%| F|  |TAMS 0x00000000a3500000| PB 0x00000000a3500000| Untracked 
|  26|0x00000000a3600000, 0x00000000a3600000, 0x00000000a3700000|  0%| F|  |TAMS 0x00000000a3600000| PB 0x00000000a3600000| Untracked 
|  27|0x00000000a3700000, 0x00000000a3700000, 0x00000000a3800000|  0%| F|  |TAMS 0x00000000a3700000| PB 0x00000000a3700000| Untracked 
|  28|0x00000000a3800000, 0x00000000a3800000, 0x00000000a3900000|  0%| F|  |TAMS 0x00000000a3800000| PB 0x00000000a3800000| Untracked 
|  29|0x00000000a3900000, 0x00000000a3900000, 0x00000000a3a00000|  0%| F|  |TAMS 0x00000000a3900000| PB 0x00000000a3900000| Untracked 
|  30|0x00000000a3a00000, 0x00000000a3a00000, 0x00000000a3b00000|  0%| F|  |TAMS 0x00000000a3a00000| PB 0x00000000a3a00000| Untracked 
|  31|0x00000000a3b00000, 0x00000000a3b00000, 0x00000000a3c00000|  0%| F|  |TAMS 0x00000000a3b00000| PB 0x00000000a3b00000| Untracked 
|  32|0x00000000a3c00000, 0x00000000a3c00000, 0x00000000a3d00000|  0%| F|  |TAMS 0x00000000a3c00000| PB 0x00000000a3c00000| Untracked 
|  33|0x00000000a3d00000, 0x00000000a3d00000, 0x00000000a3e00000|  0%| F|  |TAMS 0x00000000a3d00000| PB 0x00000000a3d00000| Untracked 
|  34|0x00000000a3e00000, 0x00000000a3e00000, 0x00000000a3f00000|  0%| F|  |TAMS 0x00000000a3e00000| PB 0x00000000a3e00000| Untracked 
|  35|0x00000000a3f00000, 0x00000000a3f00000, 0x00000000a4000000|  0%| F|  |TAMS 0x00000000a3f00000| PB 0x00000000a3f00000| Untracked 
|  36|0x00000000a4000000, 0x00000000a4000000, 0x00000000a4100000|  0%| F|  |TAMS 0x00000000a4000000| PB 0x00000000a4000000| Untracked 
|  37|0x00000000a4100000, 0x00000000a4100000, 0x00000000a4200000|  0%| F|  |TAMS 0x00000000a4100000| PB 0x00000000a4100000| Untracked 
|  38|0x00000000a4200000, 0x00000000a4200000, 0x00000000a4300000|  0%| F|  |TAMS 0x00000000a4200000| PB 0x00000000a4200000| Untracked 
|  39|0x00000000a4300000, 0x00000000a4300000, 0x00000000a4400000|  0%| F|  |TAMS 0x00000000a4300000| PB 0x00000000a4300000| Untracked 
|  40|0x00000000a4400000, 0x00000000a4400000, 0x00000000a4500000|  0%| F|  |TAMS 0x00000000a4400000| PB 0x00000000a4400000| Untracked 
|  41|0x00000000a4500000, 0x00000000a4500000, 0x00000000a4600000|  0%| F|  |TAMS 0x00000000a4500000| PB 0x00000000a4500000| Untracked 
|  42|0x00000000a4600000, 0x00000000a4600000, 0x00000000a4700000|  0%| F|  |TAMS 0x00000000a4600000| PB 0x00000000a4600000| Untracked 
|  43|0x00000000a4700000, 0x00000000a4700000, 0x00000000a4800000|  0%| F|  |TAMS 0x00000000a4700000| PB 0x00000000a4700000| Untracked 
|  44|0x00000000a4800000, 0x00000000a4800000, 0x00000000a4900000|  0%| F|  |TAMS 0x00000000a4800000| PB 0x00000000a4800000| Untracked 
|  45|0x00000000a4900000, 0x00000000a4900000, 0x00000000a4a00000|  0%| F|  |TAMS 0x00000000a4900000| PB 0x00000000a4900000| Untracked 
|  46|0x00000000a4a00000, 0x00000000a4a00000, 0x00000000a4b00000|  0%| F|  |TAMS 0x00000000a4a00000| PB 0x00000000a4a00000| Untracked 
|  47|0x00000000a4b00000, 0x00000000a4b00000, 0x00000000a4c00000|  0%| F|  |TAMS 0x00000000a4b00000| PB 0x00000000a4b00000| Untracked 
|  48|0x00000000a4c00000, 0x00000000a4c00000, 0x00000000a4d00000|  0%| F|  |TAMS 0x00000000a4c00000| PB 0x00000000a4c00000| Untracked 
|  49|0x00000000a4d00000, 0x00000000a4d00000, 0x00000000a4e00000|  0%| F|  |TAMS 0x00000000a4d00000| PB 0x00000000a4d00000| Untracked 
|  50|0x00000000a4e00000, 0x00000000a4e00000, 0x00000000a4f00000|  0%| F|  |TAMS 0x00000000a4e00000| PB 0x00000000a4e00000| Untracked 
|  51|0x00000000a4f00000, 0x00000000a4f00000, 0x00000000a5000000|  0%| F|  |TAMS 0x00000000a4f00000| PB 0x00000000a4f00000| Untracked 
|  52|0x00000000a5000000, 0x00000000a5000000, 0x00000000a5100000|  0%| F|  |TAMS 0x00000000a5000000| PB 0x00000000a5000000| Untracked 
|  53|0x00000000a5100000, 0x00000000a5100000, 0x00000000a5200000|  0%| F|  |TAMS 0x00000000a5100000| PB 0x00000000a5100000| Untracked 
|  54|0x00000000a5200000, 0x00000000a5200000, 0x00000000a5300000|  0%| F|  |TAMS 0x00000000a5200000| PB 0x00000000a5200000| Untracked 
|  55|0x00000000a5300000, 0x00000000a5300000, 0x00000000a5400000|  0%| F|  |TAMS 0x00000000a5300000| PB 0x00000000a5300000| Untracked 
|  56|0x00000000a5400000, 0x00000000a5400000, 0x00000000a5500000|  0%| F|  |TAMS 0x00000000a5400000| PB 0x00000000a5400000| Untracked 
|  57|0x00000000a5500000, 0x00000000a5500000, 0x00000000a5600000|  0%| F|  |TAMS 0x00000000a5500000| PB 0x00000000a5500000| Untracked 
|  58|0x00000000a5600000, 0x00000000a5600000, 0x00000000a5700000|  0%| F|  |TAMS 0x00000000a5600000| PB 0x00000000a5600000| Untracked 
|  59|0x00000000a5700000, 0x00000000a5700000, 0x00000000a5800000|  0%| F|  |TAMS 0x00000000a5700000| PB 0x00000000a5700000| Untracked 
|  60|0x00000000a5800000, 0x00000000a5800000, 0x00000000a5900000|  0%| F|  |TAMS 0x00000000a5800000| PB 0x00000000a5800000| Untracked 
|  61|0x00000000a5900000, 0x00000000a5900000, 0x00000000a5a00000|  0%| F|  |TAMS 0x00000000a5900000| PB 0x00000000a5900000| Untracked 
|  62|0x00000000a5a00000, 0x00000000a5a00000, 0x00000000a5b00000|  0%| F|  |TAMS 0x00000000a5a00000| PB 0x00000000a5a00000| Untracked 
|  63|0x00000000a5b00000, 0x00000000a5b00000, 0x00000000a5c00000|  0%| F|  |TAMS 0x00000000a5b00000| PB 0x00000000a5b00000| Untracked 
|  64|0x00000000a5c00000, 0x00000000a5c00000, 0x00000000a5d00000|  0%| F|  |TAMS 0x00000000a5c00000| PB 0x00000000a5c00000| Untracked 
|  65|0x00000000a5d00000, 0x00000000a5d00000, 0x00000000a5e00000|  0%| F|  |TAMS 0x00000000a5d00000| PB 0x00000000a5d00000| Untracked 
|  66|0x00000000a5e00000, 0x00000000a5e00000, 0x00000000a5f00000|  0%| F|  |TAMS 0x00000000a5e00000| PB 0x00000000a5e00000| Untracked 
|  67|0x00000000a5f00000, 0x00000000a5f00000, 0x00000000a6000000|  0%| F|  |TAMS 0x00000000a5f00000| PB 0x00000000a5f00000| Untracked 
|  68|0x00000000a6000000, 0x00000000a6000000, 0x00000000a6100000|  0%| F|  |TAMS 0x00000000a6000000| PB 0x00000000a6000000| Untracked 
|  69|0x00000000a6100000, 0x00000000a6100000, 0x00000000a6200000|  0%| F|  |TAMS 0x00000000a6100000| PB 0x00000000a6100000| Untracked 
|  70|0x00000000a6200000, 0x00000000a6200000, 0x00000000a6300000|  0%| F|  |TAMS 0x00000000a6200000| PB 0x00000000a6200000| Untracked 
|  71|0x00000000a6300000, 0x00000000a6300000, 0x00000000a6400000|  0%| F|  |TAMS 0x00000000a6300000| PB 0x00000000a6300000| Untracked 
|  72|0x00000000a6400000, 0x00000000a6400000, 0x00000000a6500000|  0%| F|  |TAMS 0x00000000a6400000| PB 0x00000000a6400000| Untracked 
|  73|0x00000000a6500000, 0x00000000a6500000, 0x00000000a6600000|  0%| F|  |TAMS 0x00000000a6500000| PB 0x00000000a6500000| Untracked 
|  74|0x00000000a6600000, 0x00000000a6600000, 0x00000000a6700000|  0%| F|  |TAMS 0x00000000a6600000| PB 0x00000000a6600000| Untracked 
|  75|0x00000000a6700000, 0x00000000a6700000, 0x00000000a6800000|  0%| F|  |TAMS 0x00000000a6700000| PB 0x00000000a6700000| Untracked 
|  76|0x00000000a6800000, 0x00000000a6800000, 0x00000000a6900000|  0%| F|  |TAMS 0x00000000a6800000| PB 0x00000000a6800000| Untracked 
|  77|0x00000000a6900000, 0x00000000a6900000, 0x00000000a6a00000|  0%| F|  |TAMS 0x00000000a6900000| PB 0x00000000a6900000| Untracked 
|  78|0x00000000a6a00000, 0x00000000a6a00000, 0x00000000a6b00000|  0%| F|  |TAMS 0x00000000a6a00000| PB 0x00000000a6a00000| Untracked 
|  79|0x00000000a6b00000, 0x00000000a6b00000, 0x00000000a6c00000|  0%| F|  |TAMS 0x00000000a6b00000| PB 0x00000000a6b00000| Untracked 
|  80|0x00000000a6c00000, 0x00000000a6c00000, 0x00000000a6d00000|  0%| F|  |TAMS 0x00000000a6c00000| PB 0x00000000a6c00000| Untracked 
|  81|0x00000000a6d00000, 0x00000000a6d00000, 0x00000000a6e00000|  0%| F|  |TAMS 0x00000000a6d00000| PB 0x00000000a6d00000| Untracked 
|  82|0x00000000a6e00000, 0x00000000a6e00000, 0x00000000a6f00000|  0%| F|  |TAMS 0x00000000a6e00000| PB 0x00000000a6e00000| Untracked 
|  83|0x00000000a6f00000, 0x00000000a6f00000, 0x00000000a7000000|  0%| F|  |TAMS 0x00000000a6f00000| PB 0x00000000a6f00000| Untracked 
|  84|0x00000000a7000000, 0x00000000a7000000, 0x00000000a7100000|  0%| F|  |TAMS 0x00000000a7000000| PB 0x00000000a7000000| Untracked 
|  85|0x00000000a7100000, 0x00000000a7100000, 0x00000000a7200000|  0%| F|  |TAMS 0x00000000a7100000| PB 0x00000000a7100000| Untracked 
|  86|0x00000000a7200000, 0x00000000a7200000, 0x00000000a7300000|  0%| F|  |TAMS 0x00000000a7200000| PB 0x00000000a7200000| Untracked 
|  87|0x00000000a7300000, 0x00000000a7300000, 0x00000000a7400000|  0%| F|  |TAMS 0x00000000a7300000| PB 0x00000000a7300000| Untracked 
|  88|0x00000000a7400000, 0x00000000a7400000, 0x00000000a7500000|  0%| F|  |TAMS 0x00000000a7400000| PB 0x00000000a7400000| Untracked 
|  89|0x00000000a7500000, 0x00000000a7500000, 0x00000000a7600000|  0%| F|  |TAMS 0x00000000a7500000| PB 0x00000000a7500000| Untracked 
|  90|0x00000000a7600000, 0x00000000a7600000, 0x00000000a7700000|  0%| F|  |TAMS 0x00000000a7600000| PB 0x00000000a7600000| Untracked 
|  91|0x00000000a7700000, 0x00000000a7700000, 0x00000000a7800000|  0%| F|  |TAMS 0x00000000a7700000| PB 0x00000000a7700000| Untracked 
|  92|0x00000000a7800000, 0x00000000a7800000, 0x00000000a7900000|  0%| F|  |TAMS 0x00000000a7800000| PB 0x00000000a7800000| Untracked 
|  93|0x00000000a7900000, 0x00000000a7900000, 0x00000000a7a00000|  0%| F|  |TAMS 0x00000000a7900000| PB 0x00000000a7900000| Untracked 
|  94|0x00000000a7a00000, 0x00000000a7a00000, 0x00000000a7b00000|  0%| F|  |TAMS 0x00000000a7a00000| PB 0x00000000a7a00000| Untracked 
|  95|0x00000000a7b00000, 0x00000000a7bf5dc8, 0x00000000a7c00000| 96%| E|  |TAMS 0x00000000a7b00000| PB 0x00000000a7b00000| Complete 

Card table byte_map: [0x000002119da40000,0x000002119dd40000] _byte_map_base: 0x000002119d532000

Marking Bits: (CMBitMap*) 0x0000021186259010
 Bits: [0x000002119e040000, 0x000002119f7d0000)

Polling page: 0x00000211847b0000

Metaspace:

Usage:
  Non-class:    125.16 KB used.
      Class:      4.77 KB used.
       Both:    129.93 KB used.

Virtual space:
  Non-class space:       64.00 MB reserved,     128.00 KB ( <1%) committed,  1 nodes.
      Class space:        1.00 GB reserved,      64.00 KB ( <1%) committed,  1 nodes.
             Both:        1.06 GB reserved,     192.00 KB ( <1%) committed. 

Chunk freelists:
   Non-Class:  4.00 MB
       Class:  3.75 MB
        Both:  7.75 MB

MaxMetaspaceSize: unlimited
CompressedClassSpaceSize: 1.00 GB
Initial GC threshold: 21.00 MB
Current GC threshold: 21.00 MB
CDS: on
MetaspaceReclaimPolicy: balanced
 - commit_granule_bytes: 65536.
 - commit_granule_words: 8192.
 - virtual_space_node_default_size: 8388608.
 - enlarge_chunks_in_place: 1.
 - new_chunks_are_fully_committed: 0.
 - uncommit_free_chunks: 1.
 - use_allocation_guard: 0.


Internal statistics:

num_allocs_failed_limit: 0.
num_arena_births: 4.
num_arena_deaths: 0.
num_vsnodes_births: 2.
num_vsnodes_deaths: 0.
num_space_committed: 3.
num_space_uncommitted: 0.
num_chunks_returned_to_freelist: 0.
num_chunks_taken_from_freelist: 3.
num_chunk_merges: 0.
num_chunk_splits: 2.
num_chunks_enlarged: 0.
num_inconsistent_stats: 0.

CodeHeap 'non-profiled nmethods': size=120064Kb used=10Kb max_used=10Kb free=120053Kb
 bounds [0x0000021195e00000, 0x0000021196070000, 0x000002119d340000]
CodeHeap 'profiled nmethods': size=120000Kb used=58Kb max_used=58Kb free=119941Kb
 bounds [0x000002118e340000, 0x000002118e5b0000, 0x0000021195870000]
CodeHeap 'non-nmethods': size=5696Kb used=1299Kb max_used=1299Kb free=4397Kb
 bounds [0x0000021195870000, 0x0000021195ae0000, 0x0000021195e00000]
 total_blobs=406 nmethods=48 adapters=269
 compilation: enabled
              stopped_count=0, restarted_count=0
 full_count=0

Compilation events (20 events):
Event: 0.115 Thread 0x00000211a1b74910   32       3       java.lang.String::isEmpty (14 bytes)
Event: 0.115 Thread 0x00000211a1b74910 nmethod 32 0x000002118e349310 code [0x000002118e3494a0, 0x000002118e349618]
Event: 0.116 Thread 0x00000211a1b74910   33       3       java.lang.StringLatin1::indexOfChar (33 bytes)
Event: 0.116 Thread 0x00000211a1b74910 nmethod 33 0x000002118e349710 code [0x000002118e3498a0, 0x000002118e349ad8]
Event: 0.121 Thread 0x00000211a1b74910   34       3       java.util.concurrent.ConcurrentHashMap::tabAt (22 bytes)
Event: 0.121 Thread 0x00000211a1b74910 nmethod 34 0x000002118e349c10 code [0x000002118e349da0, 0x000002118e34a090]
Event: 0.122 Thread 0x00000211a1b74910   36       3       java.util.concurrent.ConcurrentHashMap::spread (10 bytes)
Event: 0.122 Thread 0x00000211a1b74910 nmethod 36 0x000002118e34a190 code [0x000002118e34a320, 0x000002118e34a418]
Event: 0.122 Thread 0x00000211a1b74910   37       3       java.util.ImmutableCollections$SetN$SetNIterator::next (90 bytes)
Event: 0.123 Thread 0x00000211a1b74910 nmethod 37 0x000002118e34a490 code [0x000002118e34a640, 0x000002118e34a950]
Event: 0.128 Thread 0x00000211a1b74910   38       3       java.lang.StringLatin1::canEncode (13 bytes)
Event: 0.128 Thread 0x00000211a1b74910 nmethod 38 0x000002118e34aa90 code [0x000002118e34ac20, 0x000002118e34ad70]
Event: 0.131 Thread 0x00000211a1b74910   41   !   3       java.util.concurrent.ConcurrentHashMap::putVal (432 bytes)
Event: 0.134 Thread 0x00000211a1b74910 nmethod 41 0x000002118e34ae10 code [0x000002118e34b160, 0x000002118e34cc90]
Event: 0.134 Thread 0x00000211a1b74910   42       3       java.util.concurrent.ConcurrentHashMap$Node::<init> (20 bytes)
Event: 0.134 Thread 0x00000211a1b74910 nmethod 42 0x000002118e34d610 code [0x000002118e34d7a0, 0x000002118e34d9d0]
Event: 0.134 Thread 0x00000211a1b74910   43       3       java.util.concurrent.ConcurrentHashMap::addCount (280 bytes)
Event: 0.135 Thread 0x00000211a1b74910 nmethod 43 0x000002118e34da90 code [0x000002118e34dcc0, 0x000002118e34e638]
Event: 0.139 Thread 0x00000211a1b74910   48       1       java.lang.Enum::ordinal (5 bytes)
Event: 0.139 Thread 0x00000211a1b74910 nmethod 48 0x0000021195e02610 code [0x0000021195e02780, 0x0000021195e02848]

GC Heap History (0 events):
No events

Dll operation events (2 events):
Event: 0.019 Loaded shared library C:\Program Files\Java\jdk-20\bin\java.dll
Event: 0.048 Loaded shared library C:\Program Files\Java\jdk-20\bin\jsvml.dll

Deoptimization events (0 events):
No events

Classes loaded (0 events):
No events

Classes unloaded (0 events):
No events

Classes redefined (0 events):
No events

Internal exceptions (0 events):
No events

VM Operations (0 events):
No events

Events (9 events):
Event: 0.049 Thread 0x0000021186208430 Thread added: 0x0000021186208430
Event: 0.073 Thread 0x00000211a1b62060 Thread added: 0x00000211a1b62060
Event: 0.073 Thread 0x00000211a1b638b0 Thread added: 0x00000211a1b638b0
Event: 0.075 Thread 0x00000211a1b658a0 Thread added: 0x00000211a1b658a0
Event: 0.076 Thread 0x00000211a1b6bbe0 Thread added: 0x00000211a1b6bbe0
Event: 0.076 Thread 0x00000211a1b6e530 Thread added: 0x00000211a1b6e530
Event: 0.076 Thread 0x00000211a1b6ee70 Thread added: 0x00000211a1b6ee70
Event: 0.076 Thread 0x00000211a1b6fe40 Thread added: 0x00000211a1b6fe40
Event: 0.077 Thread 0x00000211a1b74910 Thread added: 0x00000211a1b74910


Dynamic libraries:
0x00007ff605ba0000 - 0x00007ff605bb0000 	C:\Program Files\Java\jdk-20\bin\java.exe
0x00007ffea7800000 - 0x00007ffea7a66000 	C:\WINDOWS\SYSTEM32\ntdll.dll
0x00007ffea6e20000 - 0x00007ffea6ee9000 	C:\WINDOWS\System32\KERNEL32.DLL
0x00007ffea51f0000 - 0x00007ffea55bc000 	C:\WINDOWS\System32\KERNELBASE.dll
0x00007ffea50a0000 - 0x00007ffea51eb000 	C:\WINDOWS\System32\ucrtbase.dll
0x00007ffe94c30000 - 0x00007ffe94c49000 	C:\Program Files\Java\jdk-20\bin\jli.dll
0x00007ffea7700000 - 0x00007ffea77b2000 	C:\WINDOWS\System32\ADVAPI32.dll
0x00007ffea7230000 - 0x00007ffea72d9000 	C:\WINDOWS\System32\msvcrt.dll
0x00007ffea66d0000 - 0x00007ffea6776000 	C:\WINDOWS\System32\sechost.dll
0x00007ffe9f450000 - 0x00007ffe9f46b000 	C:\Program Files\Java\jdk-20\bin\VCRUNTIME140.dll
0x00007ffea75e0000 - 0x00007ffea76f6000 	C:\WINDOWS\System32\RPCRT4.dll
0x00007ffea7410000 - 0x00007ffea75da000 	C:\WINDOWS\System32\USER32.dll
0x00007ffea5070000 - 0x00007ffea5097000 	C:\WINDOWS\System32\win32u.dll
0x00007ffe8d530000 - 0x00007ffe8d7ca000 	C:\WINDOWS\WinSxS\amd64_microsoft.windows.common-controls_6595b64144ccf1df_6.0.26100.3912_none_3e07963ce335137e\COMCTL32.dll
0x00007ffea6b10000 - 0x00007ffea6b3b000 	C:\WINDOWS\System32\GDI32.dll
0x00007ffea4db0000 - 0x00007ffea4ee2000 	C:\WINDOWS\System32\gdi32full.dll
0x00007ffea4ae0000 - 0x00007ffea4b83000 	C:\WINDOWS\System32\msvcp_win.dll
0x00007ffe9e990000 - 0x00007ffe9e99b000 	C:\WINDOWS\SYSTEM32\VERSION.dll
0x00007ffea7060000 - 0x00007ffea7090000 	C:\WINDOWS\System32\IMM32.DLL
0x00007ffe9ba40000 - 0x00007ffe9ba4c000 	C:\Program Files\Java\jdk-20\bin\vcruntime140_1.dll
0x00007ffe923f0000 - 0x00007ffe9247e000 	C:\Program Files\Java\jdk-20\bin\msvcp140.dll
0x00007ffe371f0000 - 0x00007ffe37e87000 	C:\Program Files\Java\jdk-20\bin\server\jvm.dll
0x00007ffe9e950000 - 0x00007ffe9e986000 	C:\WINDOWS\SYSTEM32\WINMM.dll
0x00007ffea1920000 - 0x00007ffea192a000 	C:\WINDOWS\SYSTEM32\WSOCK32.dll
0x00007ffea6cf0000 - 0x00007ffea6d64000 	C:\WINDOWS\System32\WS2_32.dll
0x00007ffea3750000 - 0x00007ffea376a000 	C:\WINDOWS\SYSTEM32\kernel.appcore.dll
0x00007ffe98170000 - 0x00007ffe9817a000 	C:\Program Files\Java\jdk-20\bin\jimage.dll
0x00007ffe992e0000 - 0x00007ffe99521000 	C:\WINDOWS\SYSTEM32\DBGHELP.DLL
0x00007ffea6780000 - 0x00007ffea6b04000 	C:\WINDOWS\System32\combase.dll
0x00007ffea55c0000 - 0x00007ffea56a0000 	C:\WINDOWS\System32\OLEAUT32.dll
0x00007ffe89130000 - 0x00007ffe89169000 	C:\WINDOWS\SYSTEM32\dbgcore.DLL
0x00007ffea4b90000 - 0x00007ffea4c29000 	C:\WINDOWS\System32\bcryptPrimitives.dll
0x00007ffe98050000 - 0x00007ffe98076000 	C:\Program Files\Java\jdk-20\bin\java.dll
0x00007ffe93f00000 - 0x00007ffe93fd7000 	C:\Program Files\Java\jdk-20\bin\jsvml.dll
0x00007ffea5b10000 - 0x00007ffea623d000 	C:\WINDOWS\System32\SHELL32.dll
0x00007ffea4ef0000 - 0x00007ffea5064000 	C:\WINDOWS\System32\wintypes.dll
0x00007ffea2640000 - 0x00007ffea2e96000 	C:\WINDOWS\SYSTEM32\windows.storage.dll
0x00007ffea5830000 - 0x00007ffea591f000 	C:\WINDOWS\System32\SHCORE.dll
0x00007ffea7340000 - 0x00007ffea73a9000 	C:\WINDOWS\System32\shlwapi.dll
0x00007ffea4870000 - 0x00007ffea489f000 	C:\WINDOWS\SYSTEM32\profapi.dll

dbghelp: loaded successfully - version: 4.0.5 - missing functions: none
symbol engine: initialized successfully - sym options: 0x614 - pdb path: .;C:\Program Files\Java\jdk-20\bin;C:\WINDOWS\SYSTEM32;C:\WINDOWS\WinSxS\amd64_microsoft.windows.common-controls_6595b64144ccf1df_6.0.26100.3912_none_3e07963ce335137e;C:\Program Files\Java\jdk-20\bin\server

VM Arguments:
jvm_args: -Dfile.encoding=UTF-8 --module-path=C:\Users\rg097\Documents\NetBeansProjects\bank management system\build\classes 
java_command: bank.management.system.Transaction
java_class_path (initial): D:\java\jcalendar-tz-1.3.3-4.jar;D:\mysql-connector-java-8.0.28.jar;C:\Users\rg097\Documents\NetBeansProjects\bank management system\build\classes
Launcher Type: SUN_STANDARD

[Global flags]
     intx CICompilerCount                          = 2                                         {product} {ergonomic}
     uint ConcGCThreads                            = 1                                         {product} {ergonomic}
     uint G1ConcRefinementThreads                  = 2                                         {product} {ergonomic}
   size_t G1HeapRegionSize                         = 1048576                                   {product} {ergonomic}
    uintx GCDrainStackTargetSize                   = 64                                        {product} {ergonomic}
   size_t InitialHeapSize                          = 100663296                                 {product} {ergonomic}
   size_t MarkStackSize                            = 4194304                                   {product} {ergonomic}
   size_t MaxHeapSize                              = 1581252608                                {product} {ergonomic}
   size_t MaxNewSize                               = 947912704                                 {product} {ergonomic}
   size_t MinHeapDeltaBytes                        = 1048576                                   {product} {ergonomic}
   size_t MinHeapSize                              = 8388608                                   {product} {ergonomic}
    uintx NonNMethodCodeHeapSize                   = 5826188                                {pd product} {ergonomic}
    uintx NonProfiledCodeHeapSize                  = 122916026                              {pd product} {ergonomic}
    uintx ProfiledCodeHeapSize                     = 122916026                              {pd product} {ergonomic}
    uintx ReservedCodeCacheSize                    = 251658240                              {pd product} {ergonomic}
     bool SegmentedCodeCache                       = true                                      {product} {ergonomic}
   size_t SoftMaxHeapSize                          = 1581252608                             {manageable} {ergonomic}
     bool UseCompressedClassPointers               = true                           {product lp64_product} {ergonomic}
     bool UseCompressedOops                        = true                           {product lp64_product} {ergonomic}
     bool UseG1GC                                  = true                                      {product} {ergonomic}
     bool UseLargePagesIndividualAllocation        = false                                  {pd product} {ergonomic}

Logging:
Log output configuration:
 #0: stdout all=warning uptime,level,tags foldmultilines=false
 #1: stderr all=off uptime,level,tags foldmultilines=false

Environment Variables:
PATH=C:\Program Files\Common Files\Oracle\Java\javapath;C:\WINDOWS\system32;C:\WINDOWS;C:\WINDOWS\System32\Wbem;C:\WINDOWS\System32\WindowsPowerShell\v1.0\;C:\WINDOWS\System32\OpenSSH\;C:\Program Files\dotnet\;C:\Program Files\Java\jdk-17\bin;C:\Program Files\MySQL\MySQL Shell 8.0\bin\;C:\Users\rg097\AppData\Local\Programs\Python\Launcher\;C:\Users\rg097\AppData\Local\Microsoft\WindowsApps;;C:\Users\rg097\AppData\Local\Programs\Microsoft VS Code\bin
USERNAME=rg097
OS=Windows_NT
PROCESSOR_IDENTIFIER=AMD64 Family 23 Model 24 Stepping 1, AuthenticAMD
TMP=C:\Users\rg097\AppData\Local\Temp
TEMP=C:\Users\rg097\AppData\Local\Temp




---------------  S Y S T E M  ---------------

OS:
 Windows 11 , 64 bit Build 26100 (10.0.26100.3912)
OS uptime: 2 days 3:43 hours

CPU: total 2 (initial active 2) (2 cores per cpu, 1 threads per core) family 23 model 24 stepping 1 microcode 0x810810d, cx8, cmov, fxsr, mmx, 3dnowpref, sse, sse2, sse3, ssse3, sse4a, sse4.1, sse4.2, popcnt, lzcnt, tsc, tscinvbit, avx, avx2, aes, clmul, bmi1, bmi2, adx, sha, fma, vzeroupper, clflush, clflushopt, rdtscp, f16c

Memory: 4k page, system-wide physical 6030M (558M free)
TotalPageFile size 21030M (AvailPageFile size 4M)
current process WorkingSet (physical memory assigned to process): 29M, peak: 29M
current process commit charge ("private bytes"): 162M, peak: 162M

vm_info: Java HotSpot(TM) 64-Bit Server VM (20.0.1+9-29) for windows-amd64 JRE (20.0.1+9-29), built on 2023-03-07T13:56:11Z by "mach5one" with MS VC++ 17.1 (VS2022)

END.
