#
# There is insufficient memory for the Java Runtime Environment to continue.
# Native memory allocation (malloc) failed to allocate 32744 bytes for Chunk::new
# Possible reasons:
#   The system is out of physical RAM or swap space
#   The process is running with CompressedOops enabled, and the Java Heap may be blocking the growth of the native heap
# Possible solutions:
#   Reduce memory load on the system
#   Increase physical memory or swap space
#   Check if swap backing store is full
#   Decrease Java heap size (-Xmx/-Xms)
#   Decrease number of Java threads
#   Decrease Java thread stack sizes (-Xss)
#   Set larger code cache with -XX:ReservedCodeCacheSize=
#   JVM is running with Unscaled Compressed Oops mode in which the Java heap is
#     placed in the first 4GB address space. The Java Heap base address is the
#     maximum limit for the native heap growth. Please use -XX:HeapBaseMinAddress
#     to set the Java Heap base and to place the Java Heap above 4GB virtual address.
# This output file may be truncated or incomplete.
#
#  Out of Memory Error (arena.cpp:184), pid=13060, tid=7548
#
# JRE version: Java(TM) SE Runtime Environment (20.0.1+9) (build 20.0.1+9-29)
# Java VM: Java HotSpot(TM) 64-Bit Server VM (20.0.1+9-29, mixed mode, sharing, tiered, compressed oops, compressed class ptrs, g1 gc, windows-amd64)
# No core dump will be written. Minidumps are not enabled by default on client versions of Windows
#

---------------  S U M M A R Y ------------

Command Line: -Dfile.encoding=UTF-8 --module-path=C:\Users\rg097\Documents\NetBeansProjects\bank management system\build\classes bank.management.system.Login

Host: AMD Athlon Silver 3050U with Radeon Graphics   , 2 cores, 5G,  Windows 11 , 64 bit Build 26100 (10.0.26100.3912)
Time: Wed May 14 03:09:30 2025 India Standard Time elapsed time: 3.738763 seconds (0d 0h 0m 3s)

---------------  T H R E A D  ---------------

Current thread (0x0000019b4204e180):  JavaThread "C2 CompilerThread0" daemon [_thread_in_native, id=7548, stack(0x0000005357600000,0x0000005357700000)]


Current CompileTask:
C2:   3738 1247   !   4       sun.font.TrueTypeFont::getTableBuffer (208 bytes)

Stack: [0x0000005357600000,0x0000005357700000]
Native frames: (J=compiled Java code, j=interpreted, Vv=VM code, C=native code)
V  [jvm.dll+0x6bb95a]
V  [jvm.dll+0x8485fa]
V  [jvm.dll+0x84a1f5]
V  [jvm.dll+0x84a8f3]
V  [jvm.dll+0x280b0f]
V  [jvm.dll+0xc2b11]
V  [jvm.dll+0xc2e35]
V  [jvm.dll+0x69a946]
V  [jvm.dll+0x64d3aa]
V  [jvm.dll+0x64b2b0]
V  [jvm.dll+0x24b0de]
V  [jvm.dll+0x24a651]
V  [jvm.dll+0x1ce491]
V  [jvm.dll+0x259e1b]
V  [jvm.dll+0x2584f0]
V  [jvm.dll+0x3f2895]
V  [jvm.dll+0x7f4b56]
V  [jvm.dll+0x6ba5cb]
C  [ucrtbase.dll+0x37b0]
C  [KERNEL32.DLL+0x2e8d7]
C  [ntdll.dll+0x9c5dc]


---------------  P R O C E S S  ---------------

Threads class SMR info:
_java_thread_list=0x0000019b46d4a7a0, length=17, elements={
0x0000019b42044990, 0x0000019b420461e0, 0x0000019b42049940, 0x0000019b4204c290,
0x0000019b4204cbd0, 0x0000019b4204d510, 0x0000019b4204e180, 0x0000019b420544c0,
0x0000019b46485ca0, 0x0000019b46552310, 0x0000019b46626db0, 0x0000019b4670fd90,
0x0000019b46720c90, 0x0000019b46c59030, 0x0000019b46cf8ae0, 0x0000019b26e78b90,
0x0000019b46498260
}

Java Threads: ( => current thread )
  0x0000019b42044990 JavaThread "Reference Handler" daemon [_thread_blocked, id=16540, stack(0x0000005357000000,0x0000005357100000)]
  0x0000019b420461e0 JavaThread "Finalizer" daemon [_thread_blocked, id=15604, stack(0x0000005357100000,0x0000005357200000)]
  0x0000019b42049940 JavaThread "Signal Dispatcher" daemon [_thread_blocked, id=18620, stack(0x0000005357200000,0x0000005357300000)]
  0x0000019b4204c290 JavaThread "Attach Listener" daemon [_thread_blocked, id=13476, stack(0x0000005357300000,0x0000005357400000)]
  0x0000019b4204cbd0 JavaThread "Service Thread" daemon [_thread_blocked, id=20304, stack(0x0000005357400000,0x0000005357500000)]
  0x0000019b4204d510 JavaThread "Monitor Deflation Thread" daemon [_thread_blocked, id=21324, stack(0x0000005357500000,0x0000005357600000)]
=>0x0000019b4204e180 JavaThread "C2 CompilerThread0" daemon [_thread_in_native, id=7548, stack(0x0000005357600000,0x0000005357700000)]
  0x0000019b420544c0 JavaThread "C1 CompilerThread0" daemon [_thread_in_native, id=2424, stack(0x0000005357700000,0x0000005357800000)]
  0x0000019b46485ca0 JavaThread "Common-Cleaner" daemon [_thread_blocked, id=8292, stack(0x0000005357800000,0x0000005357900000)]
  0x0000019b46552310 JavaThread "Notification Thread" daemon [_thread_blocked, id=4120, stack(0x0000005357900000,0x0000005357a00000)]
  0x0000019b46626db0 JavaThread "Java2D Disposer" daemon [_thread_blocked, id=7780, stack(0x0000005357b00000,0x0000005357c00000)]
  0x0000019b4670fd90 JavaThread "AWT-Shutdown" [_thread_blocked, id=4452, stack(0x0000005357c00000,0x0000005357d00000)]
  0x0000019b46720c90 JavaThread "AWT-Windows" daemon [_thread_in_native, id=16744, stack(0x0000005357d00000,0x0000005357e00000)]
  0x0000019b46c59030 JavaThread "Image Fetcher 0" daemon [_thread_blocked, id=4320, stack(0x0000005358300000,0x0000005358400000)]
  0x0000019b46cf8ae0 JavaThread "AWT-EventQueue-0" [_thread_in_native, id=3676, stack(0x0000005358600000,0x0000005358700000)]
  0x0000019b26e78b90 JavaThread "DestroyJavaVM" [_thread_blocked, id=16088, stack(0x0000005356900000,0x0000005356a00000)]
  0x0000019b46498260 JavaThread "D3D Screen Updater" daemon [_thread_blocked, id=18304, stack(0x0000005358800000,0x0000005358900000)]

Other Threads:
  0x0000019b42021500 VMThread "VM Thread" [stack: 0x0000005356f00000,0x0000005357000000] [id=19592]
  0x0000019b4656a500 WatcherThread "VM Periodic Task Thread" [stack: 0x0000005357a00000,0x0000005357b00000] [id=8868]
  0x0000019b26ecb250 WorkerThread "GC Thread#0" [stack: 0x0000005356a00000,0x0000005356b00000] [id=12056]
  0x0000019b46cac050 WorkerThread "GC Thread#1" [stack: 0x0000005358500000,0x0000005358600000] [id=4636]
  0x0000019b26ed7de0 ConcurrentGCThread "G1 Main Marker" [stack: 0x0000005356b00000,0x0000005356c00000] [id=1084]
  0x0000019b26ed9680 WorkerThread "G1 Conc#0" [stack: 0x0000005356c00000,0x0000005356d00000] [id=15284]
  0x0000019b26f387d0 ConcurrentGCThread "G1 Refine#0" [stack: 0x0000005356d00000,0x0000005356e00000] [id=13260]
  0x0000019b26f3a0e0 ConcurrentGCThread "G1 Service" [stack: 0x0000005356e00000,0x0000005356f00000] [id=23916]

Threads with active compile tasks:
C2 CompilerThread0     3839 1247   !   4       sun.font.TrueTypeFont::getTableBuffer (208 bytes)
C1 CompilerThread0     3839 1256   !   3       java.lang.ref.ReferenceQueue::enqueue (32 bytes)

VM state: not at safepoint (normal execution)

VM Mutex/Monitor currently owned by a thread: None

Heap address: 0x00000000a1c00000, size: 1508 MB, Compressed Oops mode: 32-bit

CDS archive(s) mapped at: [0x0000000800000000-0x0000000800c60000-0x0000000800c60000), size 12976128, SharedBaseAddress: 0x0000000800000000, ArchiveRelocationMode: 0.
Compressed class space mapped at: 0x0000000801000000-0x0000000841000000, reserved size: 1073741824
Narrow klass base: 0x0000000800000000, Narrow klass shift: 0, Narrow klass range: 0x100000000

GC Precious Log:
 CardTable entry size: 512
 Card Set container configuration: InlinePtr #cards 5 size 8 Array Of Cards #cards 12 size 40 Howl #buckets 4 coarsen threshold 1843 Howl Bitmap #cards 512 size 80 coarsen threshold 460 Card regions per heap region 1 cards per card region 2048
 CPUs: 2 total, 2 available
 Memory: 6030M
 Large Page Support: Disabled
 NUMA Support: Disabled
 Compressed Oops: Enabled (32-bit)
 Heap Region Size: 1M
 Heap Min Capacity: 8M
 Heap Initial Capacity: 96M
 Heap Max Capacity: 1508M
 Pre-touch: Disabled
 Parallel Workers: 2
 Concurrent Workers: 1
 Concurrent Refinement Workers: 2
 Periodic GC: Disabled

Heap:
 garbage-first heap   total 98304K, used 4668K [0x00000000a1c00000, 0x0000000100000000)
  region size 1024K, 2 young (2048K), 1 survivors (1024K)
 Metaspace       used 8238K, committed 8448K, reserved 1114112K
  class space    used 910K, committed 1024K, reserved 1048576K

Heap Regions: E=young(eden), S=young(survivor), O=old, HS=humongous(starts), HC=humongous(continues), CS=collection set, F=free, OA=open archive, CA=closed archive, TAMS=top-at-mark-start, PB=parsable bottom
|   0|0x00000000a1c00000, 0x00000000a1d00000, 0x00000000a1d00000|100%| O|  |TAMS 0x00000000a1c00000| PB 0x00000000a1c00000| Untracked 
|   1|0x00000000a1d00000, 0x00000000a1e00000, 0x00000000a1e00000|100%| O|  |TAMS 0x00000000a1d00000| PB 0x00000000a1d00000| Untracked 
|   2|0x00000000a1e00000, 0x00000000a1f00000, 0x00000000a1f00000|100%| O|  |TAMS 0x00000000a1e00000| PB 0x00000000a1e00000| Untracked 
|   3|0x00000000a1f00000, 0x00000000a1fda000, 0x00000000a2000000| 85%| O|  |TAMS 0x00000000a1f00000| PB 0x00000000a1f00000| Untracked 
|   4|0x00000000a2000000, 0x00000000a2000000, 0x00000000a2100000|  0%| F|  |TAMS 0x00000000a2000000| PB 0x00000000a2000000| Untracked 
|   5|0x00000000a2100000, 0x00000000a2100000, 0x00000000a2200000|  0%| F|  |TAMS 0x00000000a2100000| PB 0x00000000a2100000| Untracked 
|   6|0x00000000a2200000, 0x00000000a2200000, 0x00000000a2300000|  0%| F|  |TAMS 0x00000000a2200000| PB 0x00000000a2200000| Untracked 
|   7|0x00000000a2300000, 0x00000000a2300000, 0x00000000a2400000|  0%| F|  |TAMS 0x00000000a2300000| PB 0x00000000a2300000| Untracked 
|   8|0x00000000a2400000, 0x00000000a2400000, 0x00000000a2500000|  0%| F|  |TAMS 0x00000000a2400000| PB 0x00000000a2400000| Untracked 
|   9|0x00000000a2500000, 0x00000000a2500000, 0x00000000a2600000|  0%| F|  |TAMS 0x00000000a2500000| PB 0x00000000a2500000| Untracked 
|  10|0x00000000a2600000, 0x00000000a2600000, 0x00000000a2700000|  0%| F|  |TAMS 0x00000000a2600000| PB 0x00000000a2600000| Untracked 
|  11|0x00000000a2700000, 0x00000000a2700000, 0x00000000a2800000|  0%| F|  |TAMS 0x00000000a2700000| PB 0x00000000a2700000| Untracked 
|  12|0x00000000a2800000, 0x00000000a2800000, 0x00000000a2900000|  0%| F|  |TAMS 0x00000000a2800000| PB 0x00000000a2800000| Untracked 
|  13|0x00000000a2900000, 0x00000000a2900000, 0x00000000a2a00000|  0%| F|  |TAMS 0x00000000a2900000| PB 0x00000000a2900000| Untracked 
|  14|0x00000000a2a00000, 0x00000000a2a00000, 0x00000000a2b00000|  0%| F|  |TAMS 0x00000000a2a00000| PB 0x00000000a2a00000| Untracked 
|  15|0x00000000a2b00000, 0x00000000a2b00000, 0x00000000a2c00000|  0%| F|  |TAMS 0x00000000a2b00000| PB 0x00000000a2b00000| Untracked 
|  16|0x00000000a2c00000, 0x00000000a2c00000, 0x00000000a2d00000|  0%| F|  |TAMS 0x00000000a2c00000| PB 0x00000000a2c00000| Untracked 
|  17|0x00000000a2d00000, 0x00000000a2d00000, 0x00000000a2e00000|  0%| F|  |TAMS 0x00000000a2d00000| PB 0x00000000a2d00000| Untracked 
|  18|0x00000000a2e00000, 0x00000000a2e00000, 0x00000000a2f00000|  0%| F|  |TAMS 0x00000000a2e00000| PB 0x00000000a2e00000| Untracked 
|  19|0x00000000a2f00000, 0x00000000a2f00000, 0x00000000a3000000|  0%| F|  |TAMS 0x00000000a2f00000| PB 0x00000000a2f00000| Untracked 
|  20|0x00000000a3000000, 0x00000000a3000000, 0x00000000a3100000|  0%| F|  |TAMS 0x00000000a3000000| PB 0x00000000a3000000| Untracked 
|  21|0x00000000a3100000, 0x00000000a3100000, 0x00000000a3200000|  0%| F|  |TAMS 0x00000000a3100000| PB 0x00000000a3100000| Untracked 
|  22|0x00000000a3200000, 0x00000000a3200000, 0x00000000a3300000|  0%| F|  |TAMS 0x00000000a3200000| PB 0x00000000a3200000| Untracked 
|  23|0x00000000a3300000, 0x00000000a3300000, 0x00000000a3400000|  0%| F|  |TAMS 0x00000000a3300000| PB 0x00000000a3300000| Untracked 
|  24|0x00000000a3400000, 0x00000000a3400000, 0x00000000a3500000|  0%| F|  |TAMS 0x00000000a3400000| PB 0x00000000a3400000| Untracked 
|  25|0x00000000a3500000, 0x00000000a3500000, 0x00000000a3600000|  0%| F|  |TAMS 0x00000000a3500000| PB 0x00000000a3500000| Untracked 
|  26|0x00000000a3600000, 0x00000000a3600000, 0x00000000a3700000|  0%| F|  |TAMS 0x00000000a3600000| PB 0x00000000a3600000| Untracked 
|  27|0x00000000a3700000, 0x00000000a3700000, 0x00000000a3800000|  0%| F|  |TAMS 0x00000000a3700000| PB 0x00000000a3700000| Untracked 
|  28|0x00000000a3800000, 0x00000000a3800000, 0x00000000a3900000|  0%| F|  |TAMS 0x00000000a3800000| PB 0x00000000a3800000| Untracked 
|  29|0x00000000a3900000, 0x00000000a3900000, 0x00000000a3a00000|  0%| F|  |TAMS 0x00000000a3900000| PB 0x00000000a3900000| Untracked 
|  30|0x00000000a3a00000, 0x00000000a3a00000, 0x00000000a3b00000|  0%| F|  |TAMS 0x00000000a3a00000| PB 0x00000000a3a00000| Untracked 
|  31|0x00000000a3b00000, 0x00000000a3b00000, 0x00000000a3c00000|  0%| F|  |TAMS 0x00000000a3b00000| PB 0x00000000a3b00000| Untracked 
|  32|0x00000000a3c00000, 0x00000000a3c00000, 0x00000000a3d00000|  0%| F|  |TAMS 0x00000000a3c00000| PB 0x00000000a3c00000| Untracked 
|  33|0x00000000a3d00000, 0x00000000a3d00000, 0x00000000a3e00000|  0%| F|  |TAMS 0x00000000a3d00000| PB 0x00000000a3d00000| Untracked 
|  34|0x00000000a3e00000, 0x00000000a3e00000, 0x00000000a3f00000|  0%| F|  |TAMS 0x00000000a3e00000| PB 0x00000000a3e00000| Untracked 
|  35|0x00000000a3f00000, 0x00000000a3f00000, 0x00000000a4000000|  0%| F|  |TAMS 0x00000000a3f00000| PB 0x00000000a3f00000| Untracked 
|  36|0x00000000a4000000, 0x00000000a4000000, 0x00000000a4100000|  0%| F|  |TAMS 0x00000000a4000000| PB 0x00000000a4000000| Untracked 
|  37|0x00000000a4100000, 0x00000000a4100000, 0x00000000a4200000|  0%| F|  |TAMS 0x00000000a4100000| PB 0x00000000a4100000| Untracked 
|  38|0x00000000a4200000, 0x00000000a4200000, 0x00000000a4300000|  0%| F|  |TAMS 0x00000000a4200000| PB 0x00000000a4200000| Untracked 
|  39|0x00000000a4300000, 0x00000000a4300000, 0x00000000a4400000|  0%| F|  |TAMS 0x00000000a4300000| PB 0x00000000a4300000| Untracked 
|  40|0x00000000a4400000, 0x00000000a4400000, 0x00000000a4500000|  0%| F|  |TAMS 0x00000000a4400000| PB 0x00000000a4400000| Untracked 
|  41|0x00000000a4500000, 0x00000000a4500000, 0x00000000a4600000|  0%| F|  |TAMS 0x00000000a4500000| PB 0x00000000a4500000| Untracked 
|  42|0x00000000a4600000, 0x00000000a4600000, 0x00000000a4700000|  0%| F|  |TAMS 0x00000000a4600000| PB 0x00000000a4600000| Untracked 
|  43|0x00000000a4700000, 0x00000000a4700000, 0x00000000a4800000|  0%| F|  |TAMS 0x00000000a4700000| PB 0x00000000a4700000| Untracked 
|  44|0x00000000a4800000, 0x00000000a4800000, 0x00000000a4900000|  0%| F|  |TAMS 0x00000000a4800000| PB 0x00000000a4800000| Untracked 
|  45|0x00000000a4900000, 0x00000000a4900000, 0x00000000a4a00000|  0%| F|  |TAMS 0x00000000a4900000| PB 0x00000000a4900000| Untracked 
|  46|0x00000000a4a00000, 0x00000000a4a00000, 0x00000000a4b00000|  0%| F|  |TAMS 0x00000000a4a00000| PB 0x00000000a4a00000| Untracked 
|  47|0x00000000a4b00000, 0x00000000a4b00000, 0x00000000a4c00000|  0%| F|  |TAMS 0x00000000a4b00000| PB 0x00000000a4b00000| Untracked 
|  48|0x00000000a4c00000, 0x00000000a4c00000, 0x00000000a4d00000|  0%| F|  |TAMS 0x00000000a4c00000| PB 0x00000000a4c00000| Untracked 
|  49|0x00000000a4d00000, 0x00000000a4d00000, 0x00000000a4e00000|  0%| F|  |TAMS 0x00000000a4d00000| PB 0x00000000a4d00000| Untracked 
|  50|0x00000000a4e00000, 0x00000000a4e00000, 0x00000000a4f00000|  0%| F|  |TAMS 0x00000000a4e00000| PB 0x00000000a4e00000| Untracked 
|  51|0x00000000a4f00000, 0x00000000a4f00000, 0x00000000a5000000|  0%| F|  |TAMS 0x00000000a4f00000| PB 0x00000000a4f00000| Untracked 
|  52|0x00000000a5000000, 0x00000000a5000000, 0x00000000a5100000|  0%| F|  |TAMS 0x00000000a5000000| PB 0x00000000a5000000| Untracked 
|  53|0x00000000a5100000, 0x00000000a5100000, 0x00000000a5200000|  0%| F|  |TAMS 0x00000000a5100000| PB 0x00000000a5100000| Untracked 
|  54|0x00000000a5200000, 0x00000000a5200000, 0x00000000a5300000|  0%| F|  |TAMS 0x00000000a5200000| PB 0x00000000a5200000| Untracked 
|  55|0x00000000a5300000, 0x00000000a5300000, 0x00000000a5400000|  0%| F|  |TAMS 0x00000000a5300000| PB 0x00000000a5300000| Untracked 
|  56|0x00000000a5400000, 0x00000000a5400000, 0x00000000a5500000|  0%| F|  |TAMS 0x00000000a5400000| PB 0x00000000a5400000| Untracked 
|  57|0x00000000a5500000, 0x00000000a5500000, 0x00000000a5600000|  0%| F|  |TAMS 0x00000000a5500000| PB 0x00000000a5500000| Untracked 
|  58|0x00000000a5600000, 0x00000000a5600000, 0x00000000a5700000|  0%| F|  |TAMS 0x00000000a5600000| PB 0x00000000a5600000| Untracked 
|  59|0x00000000a5700000, 0x00000000a5700000, 0x00000000a5800000|  0%| F|  |TAMS 0x00000000a5700000| PB 0x00000000a5700000| Untracked 
|  60|0x00000000a5800000, 0x00000000a5800000, 0x00000000a5900000|  0%| F|  |TAMS 0x00000000a5800000| PB 0x00000000a5800000| Untracked 
|  61|0x00000000a5900000, 0x00000000a5900000, 0x00000000a5a00000|  0%| F|  |TAMS 0x00000000a5900000| PB 0x00000000a5900000| Untracked 
|  62|0x00000000a5a00000, 0x00000000a5a00000, 0x00000000a5b00000|  0%| F|  |TAMS 0x00000000a5a00000| PB 0x00000000a5a00000| Untracked 
|  63|0x00000000a5b00000, 0x00000000a5b00000, 0x00000000a5c00000|  0%| F|  |TAMS 0x00000000a5b00000| PB 0x00000000a5b00000| Untracked 
|  64|0x00000000a5c00000, 0x00000000a5c00000, 0x00000000a5d00000|  0%| F|  |TAMS 0x00000000a5c00000| PB 0x00000000a5c00000| Untracked 
|  65|0x00000000a5d00000, 0x00000000a5d00000, 0x00000000a5e00000|  0%| F|  |TAMS 0x00000000a5d00000| PB 0x00000000a5d00000| Untracked 
|  66|0x00000000a5e00000, 0x00000000a5e00000, 0x00000000a5f00000|  0%| F|  |TAMS 0x00000000a5e00000| PB 0x00000000a5e00000| Untracked 
|  67|0x00000000a5f00000, 0x00000000a5f00000, 0x00000000a6000000|  0%| F|  |TAMS 0x00000000a5f00000| PB 0x00000000a5f00000| Untracked 
|  68|0x00000000a6000000, 0x00000000a6000000, 0x00000000a6100000|  0%| F|  |TAMS 0x00000000a6000000| PB 0x00000000a6000000| Untracked 
|  69|0x00000000a6100000, 0x00000000a6100000, 0x00000000a6200000|  0%| F|  |TAMS 0x00000000a6100000| PB 0x00000000a6100000| Untracked 
|  70|0x00000000a6200000, 0x00000000a6200000, 0x00000000a6300000|  0%| F|  |TAMS 0x00000000a6200000| PB 0x00000000a6200000| Untracked 
|  71|0x00000000a6300000, 0x00000000a6300000, 0x00000000a6400000|  0%| F|  |TAMS 0x00000000a6300000| PB 0x00000000a6300000| Untracked 
|  72|0x00000000a6400000, 0x00000000a6400000, 0x00000000a6500000|  0%| F|  |TAMS 0x00000000a6400000| PB 0x00000000a6400000| Untracked 
|  73|0x00000000a6500000, 0x00000000a6500000, 0x00000000a6600000|  0%| F|  |TAMS 0x00000000a6500000| PB 0x00000000a6500000| Untracked 
|  74|0x00000000a6600000, 0x00000000a6600000, 0x00000000a6700000|  0%| F|  |TAMS 0x00000000a6600000| PB 0x00000000a6600000| Untracked 
|  75|0x00000000a6700000, 0x00000000a6700000, 0x00000000a6800000|  0%| F|  |TAMS 0x00000000a6700000| PB 0x00000000a6700000| Untracked 
|  76|0x00000000a6800000, 0x00000000a6800000, 0x00000000a6900000|  0%| F|  |TAMS 0x00000000a6800000| PB 0x00000000a6800000| Untracked 
|  77|0x00000000a6900000, 0x00000000a6900000, 0x00000000a6a00000|  0%| F|  |TAMS 0x00000000a6900000| PB 0x00000000a6900000| Untracked 
|  78|0x00000000a6a00000, 0x00000000a6a00000, 0x00000000a6b00000|  0%| F|  |TAMS 0x00000000a6a00000| PB 0x00000000a6a00000| Untracked 
|  79|0x00000000a6b00000, 0x00000000a6b00000, 0x00000000a6c00000|  0%| F|  |TAMS 0x00000000a6b00000| PB 0x00000000a6b00000| Untracked 
|  80|0x00000000a6c00000, 0x00000000a6c00000, 0x00000000a6d00000|  0%| F|  |TAMS 0x00000000a6c00000| PB 0x00000000a6c00000| Untracked 
|  81|0x00000000a6d00000, 0x00000000a6d00000, 0x00000000a6e00000|  0%| F|  |TAMS 0x00000000a6d00000| PB 0x00000000a6d00000| Untracked 
|  82|0x00000000a6e00000, 0x00000000a6e00000, 0x00000000a6f00000|  0%| F|  |TAMS 0x00000000a6e00000| PB 0x00000000a6e00000| Untracked 
|  83|0x00000000a6f00000, 0x00000000a6f00000, 0x00000000a7000000|  0%| F|  |TAMS 0x00000000a6f00000| PB 0x00000000a6f00000| Untracked 
|  84|0x00000000a7000000, 0x00000000a7000000, 0x00000000a7100000|  0%| F|  |TAMS 0x00000000a7000000| PB 0x00000000a7000000| Untracked 
|  85|0x00000000a7100000, 0x00000000a7100000, 0x00000000a7200000|  0%| F|  |TAMS 0x00000000a7100000| PB 0x00000000a7100000| Untracked 
|  86|0x00000000a7200000, 0x00000000a7200000, 0x00000000a7300000|  0%| F|  |TAMS 0x00000000a7200000| PB 0x00000000a7200000| Untracked 
|  87|0x00000000a7300000, 0x00000000a73b5088, 0x00000000a7400000| 70%| S|CS|TAMS 0x00000000a7300000| PB 0x00000000a7300000| Complete 
|  88|0x00000000a7400000, 0x00000000a7400000, 0x00000000a7500000|  0%| F|  |TAMS 0x00000000a7400000| PB 0x00000000a7400000| Untracked 
|  89|0x00000000a7500000, 0x00000000a7500000, 0x00000000a7600000|  0%| F|  |TAMS 0x00000000a7500000| PB 0x00000000a7500000| Untracked 
|  90|0x00000000a7600000, 0x00000000a7600000, 0x00000000a7700000|  0%| F|  |TAMS 0x00000000a7600000| PB 0x00000000a7600000| Untracked 
|  91|0x00000000a7700000, 0x00000000a7700000, 0x00000000a7800000|  0%| F|  |TAMS 0x00000000a7700000| PB 0x00000000a7700000| Untracked 
|  92|0x00000000a7800000, 0x00000000a7800000, 0x00000000a7900000|  0%| F|  |TAMS 0x00000000a7800000| PB 0x00000000a7800000| Untracked 
|  93|0x00000000a7900000, 0x00000000a7900000, 0x00000000a7a00000|  0%| F|  |TAMS 0x00000000a7900000| PB 0x00000000a7900000| Untracked 
|  94|0x00000000a7a00000, 0x00000000a7a00000, 0x00000000a7b00000|  0%| F|  |TAMS 0x00000000a7a00000| PB 0x00000000a7a00000| Untracked 
|  95|0x00000000a7b00000, 0x00000000a7b81620, 0x00000000a7c00000| 50%| E|  |TAMS 0x00000000a7b00000| PB 0x00000000a7b00000| Complete 

Card table byte_map: [0x0000019b3df30000,0x0000019b3e230000] _byte_map_base: 0x0000019b3da22000

Marking Bits: (CMBitMap*) 0x0000019b26ecb880
 Bits: [0x0000019b3e530000, 0x0000019b3fcc0000)

Polling page: 0x0000019b24c40000

Metaspace:

Usage:
  Non-class:      7.16 MB used.
      Class:    910.73 KB used.
       Both:      8.05 MB used.

Virtual space:
  Non-class space:       64.00 MB reserved,       7.25 MB ( 11%) committed,  1 nodes.
      Class space:        1.00 GB reserved,       1.00 MB ( <1%) committed,  1 nodes.
             Both:        1.06 GB reserved,       8.25 MB ( <1%) committed. 

Chunk freelists:
   Non-Class:  487.00 KB
       Class:  3.04 MB
        Both:  3.52 MB

MaxMetaspaceSize: unlimited
CompressedClassSpaceSize: 1.00 GB
Initial GC threshold: 21.00 MB
Current GC threshold: 21.00 MB
CDS: on
MetaspaceReclaimPolicy: balanced
 - commit_granule_bytes: 65536.
 - commit_granule_words: 8192.
 - virtual_space_node_default_size: 8388608.
 - enlarge_chunks_in_place: 1.
 - new_chunks_are_fully_committed: 0.
 - uncommit_free_chunks: 1.
 - use_allocation_guard: 0.


Internal statistics:

num_allocs_failed_limit: 0.
num_arena_births: 152.
num_arena_deaths: 0.
num_vsnodes_births: 2.
num_vsnodes_deaths: 0.
num_space_committed: 132.
num_space_uncommitted: 0.
num_chunks_returned_to_freelist: 0.
num_chunks_taken_from_freelist: 191.
num_chunk_merges: 0.
num_chunk_splits: 111.
num_chunks_enlarged: 42.
num_inconsistent_stats: 0.

CodeHeap 'non-profiled nmethods': size=120064Kb used=332Kb max_used=332Kb free=119731Kb
 bounds [0x0000019b369f0000, 0x0000019b36c60000, 0x0000019b3df30000]
CodeHeap 'profiled nmethods': size=120000Kb used=2133Kb max_used=2133Kb free=117866Kb
 bounds [0x0000019b2ef30000, 0x0000019b2f1a0000, 0x0000019b36460000]
CodeHeap 'non-nmethods': size=5696Kb used=1627Kb max_used=1644Kb free=4068Kb
 bounds [0x0000019b36460000, 0x0000019b366d0000, 0x0000019b369f0000]
 total_blobs=1886 nmethods=1252 adapters=545
 compilation: enabled
              stopped_count=0, restarted_count=0
 full_count=0

Compilation events (20 events):
Event: 3.492 Thread 0x0000019b4204e180 nmethod 1241 0x0000019b36a42710 code [0x0000019b36a428a0, 0x0000019b36a42a18]
Event: 3.498 Thread 0x0000019b420544c0 1242   !   3       sun.nio.cs.UnicodeDecoder::decodeLoop (304 bytes)
Event: 3.499 Thread 0x0000019b4204e180 1243       4       java.nio.Buffer::hasRemaining (17 bytes)
Event: 3.499 Thread 0x0000019b4204e180 nmethod 1243 0x0000019b36a42c10 code [0x0000019b36a42d80, 0x0000019b36a42e20]
Event: 3.500 Thread 0x0000019b4204e180 1245       4       sun.nio.cs.UnicodeDecoder::decode (24 bytes)
Event: 3.500 Thread 0x0000019b420544c0 nmethod 1242 0x0000019b2f13e090 code [0x0000019b2f13e400, 0x0000019b2f13fe08]
Event: 3.500 Thread 0x0000019b420544c0 1244       3       java.util.HashMap::prepareArray (38 bytes)
Event: 3.500 Thread 0x0000019b4204e180 nmethod 1245 0x0000019b36a42f10 code [0x0000019b36a43080, 0x0000019b36a43130]
Event: 3.501 Thread 0x0000019b420544c0 nmethod 1244 0x0000019b2f140610 code [0x0000019b2f140800, 0x0000019b2f140e08]
Event: 3.501 Thread 0x0000019b420544c0 1246       3       java.util.HashSet::toArray (16 bytes)
Event: 3.501 Thread 0x0000019b420544c0 nmethod 1246 0x0000019b2f141010 code [0x0000019b2f1411c0, 0x0000019b2f1413d0]
Event: 3.502 Thread 0x0000019b4204e180 1247   !   4       sun.font.TrueTypeFont::getTableBuffer (208 bytes)
Event: 3.508 Thread 0x0000019b420544c0 1248       3       java.lang.StringUTF16::newBytesFor (61 bytes)
Event: 3.508 Thread 0x0000019b420544c0 nmethod 1248 0x0000019b2f141490 code [0x0000019b2f1416e0, 0x0000019b2f141ee8]
Event: 3.617 Thread 0x0000019b420544c0 1251   !   3       sun.font.TrueTypeFont::getAllFullNames (30 bytes)
Event: 3.618 Thread 0x0000019b420544c0 nmethod 1251 0x0000019b2f142210 code [0x0000019b2f142420, 0x0000019b2f142cf8]
Event: 3.619 Thread 0x0000019b420544c0 1252   !   3       sun.font.TrueTypeFont::getAllFamilyNames (30 bytes)
Event: 3.621 Thread 0x0000019b420544c0 nmethod 1252 0x0000019b2f142f90 code [0x0000019b2f1431a0, 0x0000019b2f143a78]
Event: 3.623 Thread 0x0000019b420544c0 1253  s    3       sun.font.FontFamily::addLocaleNames (45 bytes)
Event: 3.624 Thread 0x0000019b420544c0 nmethod 1253 0x0000019b2f143d10 code [0x0000019b2f143f20, 0x0000019b2f1447b0]

GC Heap History (6 events):
Event: 1.626 GC heap before
{Heap before GC invocations=0 (full 0):
 garbage-first heap   total 98304K, used 6144K [0x00000000a1c00000, 0x0000000100000000)
  region size 1024K, 6 young (6144K), 0 survivors (0K)
 Metaspace       used 4656K, committed 4864K, reserved 1114112K
  class space    used 492K, committed 640K, reserved 1048576K
}
Event: 1.661 GC heap after
{Heap after GC invocations=1 (full 0):
 garbage-first heap   total 98304K, used 2432K [0x00000000a1c00000, 0x0000000100000000)
  region size 1024K, 1 young (1024K), 1 survivors (1024K)
 Metaspace       used 4656K, committed 4864K, reserved 1114112K
  class space    used 492K, committed 640K, reserved 1048576K
}
Event: 2.808 GC heap before
{Heap before GC invocations=1 (full 0):
 garbage-first heap   total 98304K, used 6528K [0x00000000a1c00000, 0x0000000100000000)
  region size 1024K, 5 young (5120K), 1 survivors (1024K)
 Metaspace       used 8106K, committed 8320K, reserved 1114112K
  class space    used 910K, committed 1024K, reserved 1048576K
}
Event: 2.816 GC heap after
{Heap after GC invocations=2 (full 0):
 garbage-first heap   total 98304K, used 4085K [0x00000000a1c00000, 0x0000000100000000)
  region size 1024K, 1 young (1024K), 1 survivors (1024K)
 Metaspace       used 8106K, committed 8320K, reserved 1114112K
  class space    used 910K, committed 1024K, reserved 1048576K
}
Event: 3.690 GC heap before
{Heap before GC invocations=2 (full 0):
 garbage-first heap   total 98304K, used 11253K [0x00000000a1c00000, 0x0000000100000000)
  region size 1024K, 8 young (8192K), 1 survivors (1024K)
 Metaspace       used 8236K, committed 8448K, reserved 1114112K
  class space    used 910K, committed 1024K, reserved 1048576K
}
Event: 3.703 GC heap after
{Heap after GC invocations=3 (full 0):
 garbage-first heap   total 98304K, used 4668K [0x00000000a1c00000, 0x0000000100000000)
  region size 1024K, 1 young (1024K), 1 survivors (1024K)
 Metaspace       used 8236K, committed 8448K, reserved 1114112K
  class space    used 910K, committed 1024K, reserved 1048576K
}

Dll operation events (10 events):
Event: 0.045 Loaded shared library C:\Program Files\Java\jdk-20\bin\java.dll
Event: 0.107 Loaded shared library C:\Program Files\Java\jdk-20\bin\jsvml.dll
Event: 0.407 Loaded shared library C:\Program Files\Java\jdk-20\bin\net.dll
Event: 0.412 Loaded shared library C:\Program Files\Java\jdk-20\bin\nio.dll
Event: 0.467 Loaded shared library C:\Program Files\Java\jdk-20\bin\zip.dll
Event: 0.504 Loaded shared library C:\Program Files\Java\jdk-20\bin\jimage.dll
Event: 0.571 Loaded shared library C:\Program Files\Java\jdk-20\bin\awt.dll
Event: 1.689 Loaded shared library C:\Program Files\Java\jdk-20\bin\javajpeg.dll
Event: 1.991 Loaded shared library C:\Program Files\Java\jdk-20\bin\freetype.dll
Event: 1.993 Loaded shared library C:\Program Files\Java\jdk-20\bin\fontmanager.dll

Deoptimization events (20 events):
Event: 1.924 Thread 0x0000019b46720c90 Uncommon trap: trap_request=0xffffff45 fr.pc=0x0000019b36a1af44 relative=0x0000000000000144
Event: 1.924 Thread 0x0000019b46720c90 Uncommon trap: reason=unstable_if action=reinterpret pc=0x0000019b36a1af44 method=java.util.concurrent.locks.ReentrantLock$NonfairSync.initialTryLock()Z @ 10 c2
Event: 1.924 Thread 0x0000019b46720c90 DEOPT PACKING pc=0x0000019b36a1af44 sp=0x0000005357dfd950
Event: 1.924 Thread 0x0000019b46720c90 DEOPT UNPACKING pc=0x0000019b364c9d22 sp=0x0000005357dfd8f8 mode 2
Event: 1.925 Thread 0x0000019b46720c90 Uncommon trap: trap_request=0xffffff45 fr.pc=0x0000019b36a1b24c relative=0x00000000000000cc
Event: 1.925 Thread 0x0000019b46720c90 Uncommon trap: reason=unstable_if action=reinterpret pc=0x0000019b36a1b24c method=java.util.concurrent.locks.ReentrantLock$Sync.tryRelease(I)Z @ 26 c2
Event: 1.925 Thread 0x0000019b46720c90 DEOPT PACKING pc=0x0000019b36a1b24c sp=0x0000005357dfd950
Event: 1.926 Thread 0x0000019b46720c90 DEOPT UNPACKING pc=0x0000019b364c9d22 sp=0x0000005357dfd8f0 mode 2
Event: 2.011 Thread 0x0000019b26e78b90 Uncommon trap: trap_request=0xffffff45 fr.pc=0x0000019b36a1d254 relative=0x00000000000001d4
Event: 2.011 Thread 0x0000019b26e78b90 Uncommon trap: reason=unstable_if action=reinterpret pc=0x0000019b36a1d254 method=java.lang.StringUTF16.compress([CI[BII)I @ 20 c2
Event: 2.011 Thread 0x0000019b26e78b90 DEOPT PACKING pc=0x0000019b36a1d254 sp=0x00000053569fdf80
Event: 2.011 Thread 0x0000019b26e78b90 DEOPT UNPACKING pc=0x0000019b364c9d22 sp=0x00000053569fdef0 mode 2
Event: 3.427 Thread 0x0000019b46cf8ae0 Uncommon trap: trap_request=0xffffff45 fr.pc=0x0000019b369fbbc0 relative=0x00000000000001c0
Event: 3.427 Thread 0x0000019b46cf8ae0 Uncommon trap: reason=unstable_if action=reinterpret pc=0x0000019b369fbbc0 method=java.lang.String.isLatin1()Z @ 10 c2
Event: 3.427 Thread 0x0000019b46cf8ae0 DEOPT PACKING pc=0x0000019b369fbbc0 sp=0x00000053586fd590
Event: 3.427 Thread 0x0000019b46cf8ae0 DEOPT UNPACKING pc=0x0000019b364c9d22 sp=0x00000053586fd4c0 mode 2
Event: 3.498 Thread 0x0000019b46cf8ae0 Uncommon trap: trap_request=0xffffff45 fr.pc=0x0000019b36a41764 relative=0x00000000000003c4
Event: 3.498 Thread 0x0000019b46cf8ae0 Uncommon trap: reason=unstable_if action=reinterpret pc=0x0000019b36a41764 method=java.lang.Character.isSurrogate(C)Z @ 3 c2
Event: 3.498 Thread 0x0000019b46cf8ae0 DEOPT PACKING pc=0x0000019b36a41764 sp=0x00000053586fd280
Event: 3.498 Thread 0x0000019b46cf8ae0 DEOPT UNPACKING pc=0x0000019b364c9d22 sp=0x00000053586fd198 mode 2

Classes loaded (20 events):
Event: 2.291 Loading class sun/font/SunFontManager$FamilyDescription
Event: 2.291 Loading class sun/font/SunFontManager$FamilyDescription done
Event: 2.328 Loading class java/security/PrivilegedActionException
Event: 2.328 Loading class java/security/PrivilegedActionException done
Event: 2.328 Loading class java/awt/FontFormatException
Event: 2.328 Loading class java/awt/FontFormatException done
Event: 2.341 Loading class sun/font/SunFontManager$3
Event: 2.341 Loading class sun/font/SunFontManager$3 done
Event: 2.390 Loading class jdk/internal/foreign/MemorySessionImpl
Event: 2.390 Loading class java/lang/foreign/SegmentScope
Event: 2.391 Loading class java/lang/foreign/SegmentScope done
Event: 2.391 Loading class java/lang/foreign/SegmentAllocator
Event: 2.391 Loading class java/lang/foreign/SegmentAllocator done
Event: 2.391 Loading class jdk/internal/foreign/MemorySessionImpl done
Event: 2.433 Loading class sun/font/SunFontManager$8
Event: 2.433 Loading class sun/font/SunFontManager$8 done
Event: 2.436 Loading class sun/font/SunFontManager$9
Event: 2.437 Loading class sun/font/SunFontManager$9 done
Event: 3.431 Loading class java/lang/foreign/MemorySegment
Event: 3.431 Loading class java/lang/foreign/MemorySegment done

Classes unloaded (0 events):
No events

Classes redefined (0 events):
No events

Internal exceptions (20 events):
Event: 2.329 Thread 0x0000019b46cf8ae0 Exception <a 'java/io/FileNotFoundException'{0x00000000a79dcd88}> (0x00000000a79dcd88) 
thrown [s\open\src\hotspot\share\prims\jni.cpp, line 519]
Event: 2.331 Thread 0x0000019b46cf8ae0 Exception <a 'java/io/FileNotFoundException'{0x00000000a79dea18}> (0x00000000a79dea18) 
thrown [s\open\src\hotspot\share\prims\jni.cpp, line 519]
Event: 2.332 Thread 0x0000019b46cf8ae0 Exception <a 'java/io/FileNotFoundException'{0x00000000a79e0410}> (0x00000000a79e0410) 
thrown [s\open\src\hotspot\share\prims\jni.cpp, line 519]
Event: 2.332 Thread 0x0000019b46cf8ae0 Exception <a 'java/io/FileNotFoundException'{0x00000000a79e6220}> (0x00000000a79e6220) 
thrown [s\open\src\hotspot\share\prims\jni.cpp, line 519]
Event: 2.332 Thread 0x0000019b46cf8ae0 Exception <a 'java/io/FileNotFoundException'{0x00000000a79e7c68}> (0x00000000a79e7c68) 
thrown [s\open\src\hotspot\share\prims\jni.cpp, line 519]
Event: 2.332 Thread 0x0000019b46cf8ae0 Exception <a 'java/io/FileNotFoundException'{0x00000000a79e9690}> (0x00000000a79e9690) 
thrown [s\open\src\hotspot\share\prims\jni.cpp, line 519]
Event: 2.338 Thread 0x0000019b46cf8ae0 Exception <a 'java/io/FileNotFoundException'{0x00000000a79ecea8}> (0x00000000a79ecea8) 
thrown [s\open\src\hotspot\share\prims\jni.cpp, line 519]
Event: 2.339 Thread 0x0000019b46cf8ae0 Exception <a 'java/io/FileNotFoundException'{0x00000000a79eeb28}> (0x00000000a79eeb28) 
thrown [s\open\src\hotspot\share\prims\jni.cpp, line 519]
Event: 2.339 Thread 0x0000019b46cf8ae0 Exception <a 'java/io/FileNotFoundException'{0x00000000a79f04f0}> (0x00000000a79f04f0) 
thrown [s\open\src\hotspot\share\prims\jni.cpp, line 519]
Event: 2.348 Thread 0x0000019b46cf8ae0 Exception <a 'java/io/FileNotFoundException'{0x00000000a7807e70}> (0x00000000a7807e70) 
thrown [s\open\src\hotspot\share\prims\jni.cpp, line 519]
Event: 2.348 Thread 0x0000019b46cf8ae0 Exception <a 'java/io/FileNotFoundException'{0x00000000a7809b90}> (0x00000000a7809b90) 
thrown [s\open\src\hotspot\share\prims\jni.cpp, line 519]
Event: 2.348 Thread 0x0000019b46cf8ae0 Exception <a 'java/io/FileNotFoundException'{0x00000000a780b588}> (0x00000000a780b588) 
thrown [s\open\src\hotspot\share\prims\jni.cpp, line 519]
Event: 2.348 Thread 0x0000019b46cf8ae0 Exception <a 'java/io/FileNotFoundException'{0x00000000a780cf78}> (0x00000000a780cf78) 
thrown [s\open\src\hotspot\share\prims\jni.cpp, line 519]
Event: 2.348 Thread 0x0000019b46cf8ae0 Exception <a 'java/io/FileNotFoundException'{0x00000000a780eb90}> (0x00000000a780eb90) 
thrown [s\open\src\hotspot\share\prims\jni.cpp, line 519]
Event: 2.349 Thread 0x0000019b46cf8ae0 Exception <a 'java/io/FileNotFoundException'{0x00000000a7810558}> (0x00000000a7810558) 
thrown [s\open\src\hotspot\share\prims\jni.cpp, line 519]
Event: 2.350 Thread 0x0000019b46cf8ae0 Exception <a 'java/io/FileNotFoundException'{0x00000000a78122a8}> (0x00000000a78122a8) 
thrown [s\open\src\hotspot\share\prims\jni.cpp, line 519]
Event: 2.353 Thread 0x0000019b46cf8ae0 Exception <a 'java/io/FileNotFoundException'{0x00000000a7815b50}> (0x00000000a7815b50) 
thrown [s\open\src\hotspot\share\prims\jni.cpp, line 519]
Event: 2.359 Thread 0x0000019b46cf8ae0 Exception <a 'java/io/FileNotFoundException'{0x00000000a78190d0}> (0x00000000a78190d0) 
thrown [s\open\src\hotspot\share\prims\jni.cpp, line 519]
Event: 2.359 Thread 0x0000019b46cf8ae0 Exception <a 'java/io/FileNotFoundException'{0x00000000a781ad98}> (0x00000000a781ad98) 
thrown [s\open\src\hotspot\share\prims\jni.cpp, line 519]
Event: 2.359 Thread 0x0000019b46cf8ae0 Exception <a 'java/io/FileNotFoundException'{0x00000000a781c760}> (0x00000000a781c760) 
thrown [s\open\src\hotspot\share\prims\jni.cpp, line 519]

VM Operations (16 events):
Event: 0.423 Executing VM operation: HandshakeAllThreads
Event: 0.423 Executing VM operation: HandshakeAllThreads done
Event: 0.637 Executing VM operation: HandshakeAllThreads
Event: 0.637 Executing VM operation: HandshakeAllThreads done
Event: 1.616 Executing VM operation: HandshakeAllThreads
Event: 1.616 Executing VM operation: HandshakeAllThreads done
Event: 1.616 Executing VM operation: Cleanup
Event: 1.616 Executing VM operation: Cleanup done
Event: 1.626 Executing VM operation: G1CollectForAllocation
Event: 1.661 Executing VM operation: G1CollectForAllocation done
Event: 1.825 Executing VM operation: HandshakeAllThreads
Event: 1.825 Executing VM operation: HandshakeAllThreads done
Event: 2.808 Executing VM operation: G1CollectForAllocation
Event: 2.816 Executing VM operation: G1CollectForAllocation done
Event: 3.688 Executing VM operation: G1CollectForAllocation
Event: 3.703 Executing VM operation: G1CollectForAllocation done

Events (19 events):
Event: 0.107 Thread 0x0000019b26e78b90 Thread added: 0x0000019b26e78b90
Event: 0.159 Thread 0x0000019b42044990 Thread added: 0x0000019b42044990
Event: 0.159 Thread 0x0000019b420461e0 Thread added: 0x0000019b420461e0
Event: 0.160 Thread 0x0000019b42049940 Thread added: 0x0000019b42049940
Event: 0.160 Thread 0x0000019b4204c290 Thread added: 0x0000019b4204c290
Event: 0.160 Thread 0x0000019b4204cbd0 Thread added: 0x0000019b4204cbd0
Event: 0.160 Thread 0x0000019b4204d510 Thread added: 0x0000019b4204d510
Event: 0.160 Thread 0x0000019b4204e180 Thread added: 0x0000019b4204e180
Event: 0.173 Thread 0x0000019b420544c0 Thread added: 0x0000019b420544c0
Event: 0.369 Thread 0x0000019b46485ca0 Thread added: 0x0000019b46485ca0
Event: 0.460 Thread 0x0000019b46552310 Thread added: 0x0000019b46552310
Event: 0.711 Thread 0x0000019b46626db0 Thread added: 0x0000019b46626db0
Event: 0.713 Thread 0x0000019b4670fd90 Thread added: 0x0000019b4670fd90
Event: 0.721 Thread 0x0000019b46720c90 Thread added: 0x0000019b46720c90
Event: 1.406 Thread 0x0000019b46c59030 Thread added: 0x0000019b46c59030
Event: 1.925 Thread 0x0000019b46cf8ae0 Thread added: 0x0000019b46cf8ae0
Event: 2.195 Thread 0x0000019b26e78b90 Thread exited: 0x0000019b26e78b90
Event: 2.195 Thread 0x0000019b26e78b90 Thread added: 0x0000019b26e78b90
Event: 2.212 Thread 0x0000019b46498260 Thread added: 0x0000019b46498260


Dynamic libraries:
0x00007ff692f50000 - 0x00007ff692f60000 	C:\Program Files\Java\jdk-20\bin\java.exe
0x00007ffec01c0000 - 0x00007ffec0426000 	C:\WINDOWS\SYSTEM32\ntdll.dll
0x00007ffebe8c0000 - 0x00007ffebe989000 	C:\WINDOWS\System32\KERNEL32.DLL
0x00007ffebdb10000 - 0x00007ffebdedc000 	C:\WINDOWS\System32\KERNELBASE.dll
0x00007ffebd7c0000 - 0x00007ffebd90b000 	C:\WINDOWS\System32\ucrtbase.dll
0x00007ffe9d810000 - 0x00007ffe9d82b000 	C:\Program Files\Java\jdk-20\bin\VCRUNTIME140.dll
0x00007ffeba460000 - 0x00007ffeba479000 	C:\Program Files\Java\jdk-20\bin\jli.dll
0x00007ffebe0d0000 - 0x00007ffebe182000 	C:\WINDOWS\System32\ADVAPI32.dll
0x00007ffebf840000 - 0x00007ffebf8e9000 	C:\WINDOWS\System32\msvcrt.dll
0x00007ffebec10000 - 0x00007ffebecb6000 	C:\WINDOWS\System32\sechost.dll
0x00007ffebdf80000 - 0x00007ffebe096000 	C:\WINDOWS\System32\RPCRT4.dll
0x00007ffeae590000 - 0x00007ffeae82a000 	C:\WINDOWS\WinSxS\amd64_microsoft.windows.common-controls_6595b64144ccf1df_6.0.26100.3912_none_3e07963ce335137e\COMCTL32.dll
0x00007ffebf790000 - 0x00007ffebf7bb000 	C:\WINDOWS\System32\GDI32.dll
0x00007ffebd350000 - 0x00007ffebd377000 	C:\WINDOWS\System32\win32u.dll
0x00007ffebd910000 - 0x00007ffebda42000 	C:\WINDOWS\System32\gdi32full.dll
0x00007ffebd380000 - 0x00007ffebd423000 	C:\WINDOWS\System32\msvcp_win.dll
0x00007ffebecc0000 - 0x00007ffebee8a000 	C:\WINDOWS\System32\USER32.dll
0x00007ffeb7850000 - 0x00007ffeb785b000 	C:\WINDOWS\SYSTEM32\VERSION.dll
0x00007ffebf750000 - 0x00007ffebf780000 	C:\WINDOWS\System32\IMM32.DLL
0x00007ffeaee40000 - 0x00007ffeaee4c000 	C:\Program Files\Java\jdk-20\bin\vcruntime140_1.dll
0x00007ffe82ea0000 - 0x00007ffe82f2e000 	C:\Program Files\Java\jdk-20\bin\msvcp140.dll
0x00007ffe5ac50000 - 0x00007ffe5b8e7000 	C:\Program Files\Java\jdk-20\bin\server\jvm.dll
0x00007ffeb8210000 - 0x00007ffeb821a000 	C:\WINDOWS\SYSTEM32\WSOCK32.dll
0x00007ffebf7c0000 - 0x00007ffebf834000 	C:\WINDOWS\System32\WS2_32.dll
0x00007ffeb7810000 - 0x00007ffeb7846000 	C:\WINDOWS\SYSTEM32\WINMM.dll
0x00007ffebc110000 - 0x00007ffebc12a000 	C:\WINDOWS\SYSTEM32\kernel.appcore.dll
0x00007ffeae830000 - 0x00007ffeae83a000 	C:\Program Files\Java\jdk-20\bin\jimage.dll
0x00007ffeb23d0000 - 0x00007ffeb2611000 	C:\WINDOWS\SYSTEM32\DBGHELP.DLL
0x00007ffebe530000 - 0x00007ffebe8b4000 	C:\WINDOWS\System32\combase.dll
0x00007ffebf4d0000 - 0x00007ffebf5b0000 	C:\WINDOWS\System32\OLEAUT32.dll
0x00007ffea12d0000 - 0x00007ffea1309000 	C:\WINDOWS\SYSTEM32\dbgcore.DLL
0x00007ffebdee0000 - 0x00007ffebdf79000 	C:\WINDOWS\System32\bcryptPrimitives.dll
0x00007ffe9c5c0000 - 0x00007ffe9c5e6000 	C:\Program Files\Java\jdk-20\bin\java.dll
0x00007ffe810f0000 - 0x00007ffe811c7000 	C:\Program Files\Java\jdk-20\bin\jsvml.dll
0x00007ffebf8f0000 - 0x00007ffec001d000 	C:\WINDOWS\System32\SHELL32.dll
0x00007ffebd640000 - 0x00007ffebd7b4000 	C:\WINDOWS\System32\wintypes.dll
0x00007ffebb000000 - 0x00007ffebb856000 	C:\WINDOWS\SYSTEM32\windows.storage.dll
0x00007ffebe190000 - 0x00007ffebe27f000 	C:\WINDOWS\System32\SHCORE.dll
0x00007ffebee90000 - 0x00007ffebeef9000 	C:\WINDOWS\System32\shlwapi.dll
0x00007ffebd260000 - 0x00007ffebd28f000 	C:\WINDOWS\SYSTEM32\profapi.dll
0x00007ffe8ea80000 - 0x00007ffe8ea93000 	C:\Program Files\Java\jdk-20\bin\net.dll
0x00007ffeb3b70000 - 0x00007ffeb3c8e000 	C:\WINDOWS\SYSTEM32\WINHTTP.dll
0x00007ffebc680000 - 0x00007ffebc6ea000 	C:\WINDOWS\system32\mswsock.dll
0x00007ffe8e120000 - 0x00007ffe8e136000 	C:\Program Files\Java\jdk-20\bin\nio.dll
0x00007ffe8cfa0000 - 0x00007ffe8cfb8000 	C:\Program Files\Java\jdk-20\bin\zip.dll
0x00007ffe6bad0000 - 0x00007ffe6bc61000 	C:\Program Files\Java\jdk-20\bin\awt.dll
0x00007ffeba560000 - 0x00007ffeba5fe000 	C:\WINDOWS\SYSTEM32\apphelp.dll
0x00007ffebab70000 - 0x00007ffebaba6000 	C:\WINDOWS\system32\DWMAPI.DLL
0x00007ffeba640000 - 0x00007ffeba6ef000 	C:\WINDOWS\system32\uxtheme.dll
0x00007ffe8fec0000 - 0x00007ffe8ffcc000 	C:\WINDOWS\system32\opengl32.dll
0x00007ffe6cfa0000 - 0x00007ffe6cfcd000 	C:\WINDOWS\SYSTEM32\GLU32.dll
0x00007ffeba740000 - 0x00007ffeba787000 	C:\WINDOWS\SYSTEM32\dxcore.dll
0x00007ffebf5c0000 - 0x00007ffebf71f000 	C:\WINDOWS\System32\MSCTF.dll
0x00007ffebe380000 - 0x00007ffebe51f000 	C:\WINDOWS\System32\ole32.dll
0x00007ffe564c0000 - 0x00007ffe56675000 	C:\WINDOWS\system32\d3d9.dll
0x00007ffeb7860000 - 0x00007ffeb7a1b000 	C:\WINDOWS\System32\DriverStore\FileRepository\u0402605.inf_amd64_436c7d82eab5c303\B399655\aticfx64.dll
0x00007ffea89f0000 - 0x00007ffea8a24000 	C:\WINDOWS\System32\DriverStore\FileRepository\u0402605.inf_amd64_436c7d82eab5c303\B399655\atiu9p64.dll
0x00007ffe681c0000 - 0x00007ffe68f07000 	C:\WINDOWS\System32\DriverStore\FileRepository\u0402605.inf_amd64_436c7d82eab5c303\B399655\atiumd64.dll
0x0000000061490000 - 0x00000000623a3000 	C:\WINDOWS\System32\DriverStore\FileRepository\u0402605.inf_amd64_436c7d82eab5c303\B399655\atiumd6a.dll
0x00007ffebef10000 - 0x00007ffebf396000 	C:\WINDOWS\System32\SETUPAPI.dll
0x00007ffebd190000 - 0x00007ffebd1ee000 	C:\WINDOWS\SYSTEM32\POWRPROF.dll
0x00007ffebd170000 - 0x00007ffebd184000 	C:\WINDOWS\SYSTEM32\UMPDC.dll
0x00007ffeb56d0000 - 0x00007ffeb5705000 	C:\WINDOWS\SYSTEM32\amdihk64.dll
0x00007ffeba9a0000 - 0x00007ffebaa00000 	C:\WINDOWS\SYSTEM32\directxdatabasehelper.dll
0x00007ffeb03e0000 - 0x00007ffeb040e000 	C:\Program Files\Java\jdk-20\bin\javajpeg.dll
0x00007ffe80dd0000 - 0x00007ffe80e56000 	C:\Program Files\Java\jdk-20\bin\freetype.dll
0x00007ffe808e0000 - 0x00007ffe809a6000 	C:\Program Files\Java\jdk-20\bin\fontmanager.dll
0x00007ffebf3a0000 - 0x00007ffebf448000 	C:\WINDOWS\System32\clbcatq.dll
0x00007ffeb8bc0000 - 0x00007ffeb8dfa000 	C:\WINDOWS\SYSTEM32\WindowsCodecs.dll
0x00007ffeabd10000 - 0x00007ffeabd6a000 	C:\WINDOWS\system32\dataexchange.dll
0x00007ffeb5310000 - 0x00007ffeb554c000 	C:\WINDOWS\system32\twinapi.appcore.dll
0x00007ffeaf1b0000 - 0x00007ffeaf2fd000 	C:\WINDOWS\SYSTEM32\textinputframework.dll

dbghelp: loaded successfully - version: 4.0.5 - missing functions: none
symbol engine: initialized successfully - sym options: 0x614 - pdb path: .;C:\Program Files\Java\jdk-20\bin;C:\WINDOWS\SYSTEM32;C:\WINDOWS\WinSxS\amd64_microsoft.windows.common-controls_6595b64144ccf1df_6.0.26100.3912_none_3e07963ce335137e;C:\Program Files\Java\jdk-20\bin\server;C:\WINDOWS\System32\DriverStore\FileRepository\u0402605.inf_amd64_436c7d82eab5c303\B399655

VM Arguments:
jvm_args: -Dfile.encoding=UTF-8 --module-path=C:\Users\rg097\Documents\NetBeansProjects\bank management system\build\classes 
java_command: bank.management.system.Login
java_class_path (initial): D:\java\jcalendar-tz-1.3.3-4.jar;D:\mysql-connector-java-8.0.28.jar;C:\Users\rg097\Documents\NetBeansProjects\bank management system\build\classes
Launcher Type: SUN_STANDARD

[Global flags]
     intx CICompilerCount                          = 2                                         {product} {ergonomic}
     uint ConcGCThreads                            = 1                                         {product} {ergonomic}
     uint G1ConcRefinementThreads                  = 2                                         {product} {ergonomic}
   size_t G1HeapRegionSize                         = 1048576                                   {product} {ergonomic}
    uintx GCDrainStackTargetSize                   = 64                                        {product} {ergonomic}
   size_t InitialHeapSize                          = 100663296                                 {product} {ergonomic}
   size_t MarkStackSize                            = 4194304                                   {product} {ergonomic}
   size_t MaxHeapSize                              = 1581252608                                {product} {ergonomic}
   size_t MaxNewSize                               = 947912704                                 {product} {ergonomic}
   size_t MinHeapDeltaBytes                        = 1048576                                   {product} {ergonomic}
   size_t MinHeapSize                              = 8388608                                   {product} {ergonomic}
    uintx NonNMethodCodeHeapSize                   = 5826188                                {pd product} {ergonomic}
    uintx NonProfiledCodeHeapSize                  = 122916026                              {pd product} {ergonomic}
    uintx ProfiledCodeHeapSize                     = 122916026                              {pd product} {ergonomic}
    uintx ReservedCodeCacheSize                    = 251658240                              {pd product} {ergonomic}
     bool SegmentedCodeCache                       = true                                      {product} {ergonomic}
   size_t SoftMaxHeapSize                          = 1581252608                             {manageable} {ergonomic}
     bool UseCompressedClassPointers               = true                           {product lp64_product} {ergonomic}
     bool UseCompressedOops                        = true                           {product lp64_product} {ergonomic}
     bool UseG1GC                                  = true                                      {product} {ergonomic}
     bool UseLargePagesIndividualAllocation        = false                                  {pd product} {ergonomic}

Logging:
Log output configuration:
 #0: stdout all=warning uptime,level,tags foldmultilines=false
 #1: stderr all=off uptime,level,tags foldmultilines=false

Environment Variables:
PATH=C:\Program Files\Common Files\Oracle\Java\javapath;C:\WINDOWS\system32;C:\WINDOWS;C:\WINDOWS\System32\Wbem;C:\WINDOWS\System32\WindowsPowerShell\v1.0\;C:\WINDOWS\System32\OpenSSH\;C:\Program Files\dotnet\;C:\Program Files\Java\jdk-17\bin;C:\Program Files\MySQL\MySQL Shell 8.0\bin\;C:\Users\rg097\AppData\Local\Programs\Python\Launcher\;C:\Users\rg097\AppData\Local\Microsoft\WindowsApps;;C:\Users\rg097\AppData\Local\Programs\Microsoft VS Code\bin
USERNAME=rg097
OS=Windows_NT
PROCESSOR_IDENTIFIER=AMD64 Family 23 Model 24 Stepping 1, AuthenticAMD
TMP=C:\Users\rg097\AppData\Local\Temp
TEMP=C:\Users\rg097\AppData\Local\Temp




---------------  S Y S T E M  ---------------

OS:
 Windows 11 , 64 bit Build 26100 (10.0.26100.3912)
OS uptime: 4 days 9:36 hours

CPU: total 2 (initial active 2) (2 cores per cpu, 1 threads per core) family 23 model 24 stepping 1 microcode 0x810810d, cx8, cmov, fxsr, mmx, 3dnowpref, sse, sse2, sse3, ssse3, sse4a, sse4.1, sse4.2, popcnt, lzcnt, tsc, tscinvbit, avx, avx2, aes, clmul, bmi1, bmi2, adx, sha, fma, vzeroupper, clflush, clflushopt, rdtscp, f16c

Memory: 4k page, system-wide physical 6030M (749M free)
TotalPageFile size 21030M (AvailPageFile size 0M)
current process WorkingSet (physical memory assigned to process): 87M, peak: 87M
current process commit charge ("private bytes"): 204M, peak: 204M

vm_info: Java HotSpot(TM) 64-Bit Server VM (20.0.1+9-29) for windows-amd64 JRE (20.0.1+9-29), built on 2023-03-07T13:56:11Z by "mach5one" with MS VC++ 17.1 (VS2022)

END.
